Record started (SWARM MUTATION): 2021-02-20 13:01:00.551045
Original fitness from cfg file (reference value): 147.61839898198153

Settings:
['MDEXEC', 'charmm']
['MDINP', 'Molecules/oac_clap/oac.inp']
['MDOUT', 'Molecules/oac_clap/tempfiles/opt.log']
['QMOUT', 'Molecules/oac_clap/oac.log']
['PARAM_FILENAME', 'Molecules/oac_clap/tempfiles/parameters.str']
['POPULATION_FILENAME', 'Molecules/oac_clap/tempfiles/lastPopulation.txt']
['LOG_FILENAME', 'Molecules/oac_clap/tempfiles/convergence.log']
['LOGGING', '1']
['RUNS', '10000']
['POPULATION_SIZE', '200']
['NEW_GENERATION_SIZE', '20']
['CREATE_INITIAL_POPULATION', '1']
['RECOMPUTE_FITNESS', '0']
['FIRST_FREQ_BIAS', '0']
['MUTATION_B_PROBABILITY', '0.1']
['STEP_SIZE_MULTIPLICATOR', '0.1']
['DIRECTION_DROP', '0.5']
['MINIMUM_IMPROVEMENT', '0.999999']
['PARAMETER', 'oacb1', 'bond', '0', '3000', '340']
['PARAMETER', 'oacb2', 'bond', '0', '3000', '655.5162']
['PARAMETER', 'oacb3', 'angle', '0', '1000', '316.83']
['PARAMETER', 'oaca1', 'angle', '0', '1000', '33.0']
['PARAMETER', 'oaca2', 'angle', '0', '1000', '79.9417']
['PARAMETER', 'oaca3', 'angle', '0', '1000', '70.0']
['PARAMETER', 'oaca4', 'angle', '0', '1000', '35.7']
['PARAMETER', 'oacd1', 'dihedral', '-20', '20', '0.0']

Time,Generation,Fitness
66.91643595695496,1,147.61839898198153
94.3610725402832,2,147.61839898198153
109.51261377334595,3,147.61839898198153
129.1394383907318,4,147.61839898198153
184.1905357837677,5,147.61839898198153
439.7938623428345,6,147.61839898198153
455.3839988708496,7,147.61839898198153
471.96505641937256,8,147.61839898198153
499.92277336120605,9,147.61839898198153
513.9183733463287,10,147.61839898198153
528.0989730358124,11,147.61839898198153
545.3841650485992,12,147.61839898198153
563.6159439086914,13,147.61839898198153
579.3904507160187,14,147.61839898198153
595.3437759876251,15,147.61839898198153
614.493085861206,16,147.61839898198153
631.2895810604095,17,147.61839898198153
658.6396749019623,18,147.61839898198153
675.2275016307831,19,147.61839898198153
693.383572101593,20,147.61839898198153
707.1621015071869,21,147.61839898198153
723.040342092514,22,147.61839898198153
748.3895711898804,23,147.61839898198153
768.5298912525177,24,147.61839898198153
795.8990943431854,25,147.61839898198153
825.7707591056824,26,147.61839898198153
847.1943783760071,27,147.61839898198153
863.9478223323822,28,147.61839898198153
898.5082492828369,29,147.61839898198153
916.1870183944702,30,147.61839898198153
967.3633105754852,31,147.61839898198153
984.4787817001343,32,147.61839898198153
1005.3655171394348,33,147.61839898198153
1021.2380628585815,34,147.61839898198153
1034.4214534759521,35,147.61839898198153
1052.9875209331512,36,147.61839898198153
1072.7591273784637,37,147.61839898198153
1092.055135011673,38,147.61839898198153
1112.7848496437073,39,147.61839898198153
1144.4577474594116,40,147.61839898198153
1191.5103507041931,41,147.61839898198153
1209.0708792209625,42,147.61839898198153
1240.263123512268,43,147.61839898198153
1259.8445782661438,44,147.61839898198153
1275.2716436386108,45,147.61839898198153
1294.271743297577,46,147.61839898198153
1313.60657954216,47,147.61839898198153
1331.594115972519,48,147.61839898198153
1345.9872705936432,49,147.61839898198153
1364.6197381019592,50,147.61839898198153
1382.7857875823975,51,147.61839898198153
1407.1393458843231,52,147.61839898198153
1443.4495227336884,53,147.61486464821604
1461.8156292438507,54,147.61486464821604
1492.8111865520477,55,147.61486464821604
1516.344741344452,56,147.61486464821604
1531.7789180278778,57,147.61486464821604
1551.8654255867004,58,147.61486464821604
1566.5693066120148,59,147.61486464821604
1585.3300426006317,60,147.61486464821604
1677.6431903839111,61,147.61486464821604
1704.4236586093903,62,147.61486464821604
1730.2560322284698,63,147.61486464821604
1748.0183382034302,64,147.61486464821604
1765.0119597911835,65,147.61486464821604
1838.4463520050049,66,147.61486464821604
1858.6404831409454,67,147.61486464821604
1878.3935277462006,68,147.61486464821604
1899.9442434310913,69,147.61486464821604
1913.5437116622925,70,147.61486464821604
1938.6162157058716,71,147.61486464821604
1955.0972077846527,72,147.61486464821604
1972.761873960495,73,147.61486464821604
2005.3780419826508,74,147.61486464821604
2031.623110294342,75,147.61486464821604
2053.12158036232,76,147.61486464821604
2078.4322345256805,77,144.56959322613136
2101.300316810608,78,144.56959322613136
2126.7782847881317,79,144.56959322613136
2152.668180704117,80,116.56044747120744
2190.862764120102,81,116.56044747120744
2260.299006462097,82,116.56044747120744
2345.4529900550842,83,116.56044747120744
2379.9993031024933,84,116.56044747120744
2399.7653527259827,85,116.56044747120744
2433.061265230179,86,116.56044747120744
2456.9467601776123,87,116.56044747120744
2482.331844806671,88,116.56044747120744
2514.4200530052185,89,116.56044747120744
2539.966397047043,90,116.56044747120744
2546.2631225585938,91,108.75439039511596
2574.2193570137024,92,108.75439039511596
2598.038573741913,93,90.91509655232932
2831.626917362213,94,90.91509655232932
2859.819722890854,95,90.91509655232932
2879.131377696991,96,90.91509655232932
2897.137050151825,97,90.91509655232932
2938.6169209480286,98,90.91509655232932
2975.2884573936462,99,90.91509655232932
3023.318174600601,100,89.67668847068667
3057.67058134079,101,89.67668847068667
3075.888015985489,102,89.67668847068667
3114.020742416382,103,89.67668847068667
3138.027178287506,104,89.67668847068667
3186.2637932300568,105,87.9112003786071
3210.91086435318,106,87.9112003786071
3243.678739309311,107,87.9112003786071
3277.750088453293,108,87.9112003786071
3284.0435152053833,109,84.50351194969303
3412.148477077484,110,84.50351194969303
3449.6127524375916,111,84.50351194969303
3482.8872032165527,112,84.50351194969303
3505.3278872966766,113,84.50351194969303
3511.8038280010223,114,83.09176316711498
3567.8227705955505,115,83.09176316711498
3574.098288536072,116,82.10416404793023
3592.250373363495,117,82.10416404793023
3650.0542228221893,118,82.10416404793023
3688.122575044632,119,60.54250992613291
3737.0684502124786,120,60.54250992613291
3785.514015674591,121,60.54250992613291
3822.749037504196,122,60.54250992613291
3866.723558664322,123,60.54250992613291
3909.121605873108,124,60.54250992613291
3947.6382541656494,125,60.54250992613291
3997.1851613521576,126,60.54250992613291
4041.0498971939087,127,60.54250992613291
4111.438416719437,128,60.54250992613291
4165.6092665195465,129,60.54250992613291
4171.948560714722,130,60.171508043917854
4220.538075685501,131,60.171508043917854
4236.609200954437,132,60.171508043917854
4296.228959560394,133,60.171508043917854
4361.459089756012,134,60.171508043917854
4434.974333047867,135,60.171508043917854
4495.225367069244,136,60.171508043917854
4522.984202384949,137,60.171508043917854
4551.191720724106,138,60.171508043917854
4585.710999727249,139,60.171508043917854
4647.065564155579,140,60.171508043917854
4653.50032043457,141,57.159646379575655
4690.278284072876,142,56.93658518759001
4769.334604740143,143,56.93658518759001
4848.565183639526,144,56.93658518759001
4889.378167629242,145,56.93658518759001
4895.77192735672,146,56.21074512878576
5038.494273424149,147,56.21074512878576
5101.902180194855,148,56.21074512878576
5161.670415639877,149,52.61619780051341
5207.191477060318,150,52.61619780051341
5283.883689880371,151,52.61619780051341
5324.061498641968,152,52.61619780051341
5382.499920129776,153,52.61619780051341
5486.031184196472,154,52.61619780051341
5531.450384140015,155,52.61619780051341
5616.481507778168,156,52.61619780051341
5622.793597698212,157,51.98367428836106
5702.244167566299,158,51.98367428836106
5752.438184261322,159,51.98367428836106
5833.780506372452,160,51.98367428836106
5914.491072177887,161,51.98367428836106
5982.245096921921,162,51.98367428836106
6064.698326826096,163,51.98367428836106
6148.558553218842,164,51.98367428836106
6185.109495639801,165,51.98367428836106
6191.093032836914,166,51.862444730279144
6197.387109041214,167,51.58167252561816
6282.048063516617,168,50.81110576973019
6319.054798841476,169,50.81110576973019
6325.599157810211,170,50.43503386145916
6408.455552339554,171,50.43503386145916
6489.8509747982025,172,50.43503386145916
6572.02605509758,173,50.43503386145916
6656.54342341423,174,50.43503386145916
6735.365826845169,175,50.43503386145916
6815.124135017395,176,50.43503386145916
6821.5064244270325,177,49.82323490479348
6902.230504751205,178,49.82323490479348
6943.155806303024,179,49.82323490479348
7020.522863864899,180,49.82323490479348
7097.361077785492,181,49.82323490479348
7179.493730306625,182,49.82323490479348
7253.928626298904,183,49.82323490479348
7320.106675624847,184,49.82323490479348
7397.114973068237,185,49.82323490479348
7473.890602588654,186,49.82323490479348
7551.752366065979,187,49.82323490479348
7630.205806255341,188,49.82323490479348
7707.330749750137,189,49.82323490479348
7783.933019399643,190,49.82323490479348
7861.590583562851,191,49.82323490479348
7935.493252277374,192,49.82323490479348
8017.547564029694,193,49.683570753592385
8096.7957239151,194,49.63931124025792
8173.136758089066,195,49.63931124025792
8179.4011561870575,196,49.55656539827732
8254.263615608215,197,49.55656539827732
8330.042875766754,198,49.55656539827732
8403.28214097023,199,49.55656539827732
8479.092687606812,200,49.55656539827732
8523.435042381287,201,49.55656539827732
8597.759124994278,202,49.55656539827732
8675.521602153778,203,49.55656539827732
8751.534314393997,204,49.55656539827732
8825.023181438446,205,49.55656539827732
8883.746965169907,206,49.55656539827732
8963.61656999588,207,49.55656539827732
9046.345758199692,208,49.55656539827732
9120.23702120781,209,49.55656539827732
9196.356740236282,210,49.55656539827732
9271.460168123245,211,49.55656539827732
9346.273314476013,212,49.55656539827732
9419.644539356232,213,49.55656539827732
9493.56308889389,214,49.55656539827732
9499.783137321472,215,49.52604299978007
9574.768293619156,216,49.52604299978007
9649.556957483292,217,49.52604299978007
9725.67974281311,218,49.51345339227015
9732.207769155502,219,49.435586410007524
9805.746871948242,220,49.435586410007524
9878.032271623611,221,49.435586410007524
9951.969800710678,222,49.435586410007524
10024.18145942688,223,49.435586410007524
10098.065503835678,224,49.435586410007524
10174.617421150208,225,49.435586410007524
10226.789281845093,226,49.435586410007524
10302.387243747711,227,49.435586410007524
10377.116461277008,228,49.435586410007524
10383.731979131699,229,49.38988788538745
10456.23919725418,230,49.38988788538745
10527.850632190704,231,49.38988788538745
10603.981864213943,232,49.26209130337414
10676.932165145874,233,49.26209130337414
10753.399016857147,234,49.26209130337414
10830.769107580185,235,49.26209130337414
10906.262518167496,236,49.26209130337414
10987.632280349731,237,49.26209130337414
11061.26257109642,238,49.26209130337414
11137.018206596375,239,49.26209130337414
11216.541322231293,240,49.26209130337414
11289.385943889618,241,49.26209130337414
11363.871963262558,242,49.26209130337414
11439.632394075394,243,49.26209130337414
11514.068190336227,244,49.26209130337414
11586.887947320938,245,49.26209130337414
11662.139910459518,246,49.26209130337414
11737.384830236435,247,49.26209130337414
11814.453278064728,248,49.26209130337414
11887.815820932388,249,49.26209130337414
11962.38601732254,250,49.26209130337414
12034.072710752487,251,49.26209130337414
12112.4782705307,252,49.232717594435634
12185.559295415878,253,49.232717594435634
12259.885437965393,254,49.232717594435634
12336.182762622833,255,49.232717594435634
12409.393078565598,256,49.232717594435634
12482.685873270035,257,49.232717594435634
12555.776163578033,258,49.232717594435634
12628.567219018936,259,49.232717594435634
12702.775626659393,260,49.232717594435634
12775.627943515778,261,49.232717594435634
12850.792089700699,262,49.232717594435634
12925.435797214508,263,49.232717594435634
13000.563043355942,264,49.232717594435634
13006.31517124176,265,49.19978986023405
13083.627254247665,266,49.19978986023405
13156.865614891052,267,49.19978986023405
13229.146681308746,268,49.19978986023405
13302.385555028915,269,49.19978986023405
13375.433121204376,270,49.19978986023405
13381.722954750061,271,49.18607586112088
13453.513485431671,272,49.18607586112088
13527.57783126831,273,49.18607586112088
13602.367086648941,274,49.18607586112088
13674.945380449295,275,49.18607586112088
13728.141789674759,276,49.18607586112088
13802.028838396072,277,49.18607586112088
13873.651561021805,278,49.18607586112088
13946.909855604172,279,49.18607586112088
14020.709827661514,280,49.18607586112088
14027.08264708519,281,49.176901357821805
14102.143849372864,282,49.176901357821805
14108.92323064804,283,49.13823796839054
14182.186411380768,284,49.13823796839054
14255.913432836533,285,49.13823796839054
14327.645966529846,286,49.13823796839054
14400.993623018265,287,49.13823796839054
14474.974123239517,288,49.13823796839054
14481.252680778503,289,49.12717531996764
14553.746103048325,290,49.12717531996764
14623.639840364456,291,49.12717531996764
14691.700863599777,292,49.12717531996764
14759.359671354294,293,49.12717531996764
14828.722743272781,294,49.12717531996764
14896.99358701706,295,49.12717531996764
14965.248979568481,296,49.12717531996764
15036.590204000473,297,49.12717531996764
15108.853635549545,298,49.12717531996764
15177.658059835434,299,49.12717531996764
15245.068821907043,300,49.12717531996764
15312.172247171402,301,49.12717531996764
15378.813862085342,302,49.12717531996764
15447.282931566238,303,49.12717531996764
15518.631401538849,304,49.12717531996764
15592.476998567581,305,49.12717531996764
15666.036612272263,306,49.12717531996764
15672.410806894302,307,49.12671324788083
15746.184626817703,308,49.12671324788083
15819.215794563293,309,49.12671324788083
15898.713146209717,310,49.12671324788083
15977.419669628143,311,49.12671324788083
16053.154504060745,312,49.12671324788083
16130.580422639847,313,49.12671324788083
16137.06164598465,314,49.12055824294133
16211.065397262573,315,49.12055824294133
16278.869014263153,316,49.12055824294133
16348.91696715355,317,49.12055824294133
16416.525608062744,318,49.12055824294133
16422.8864300251,319,49.113558884002764
16492.98492884636,320,49.113558884002764
16498.806478738785,321,49.11075936482491
16569.36534690857,322,49.11075936482491
16639.379766464233,323,49.11075936482491
16714.07600235939,324,49.11075936482491
16784.420998334885,325,49.11075936482491
16855.115469932556,326,49.11075936482491
16926.754519701004,327,49.11075936482491
16995.436031103134,328,49.11075936482491
17065.215525388718,329,49.11075936482491
17135.2184612751,330,49.11075936482491
17204.290853261948,331,49.11075936482491
17274.890201568604,332,49.11075936482491
17346.713549613953,333,49.11075936482491
17415.670426130295,334,49.11075936482491
17486.473576784134,335,49.11075936482491
17555.28759407997,336,49.11075936482491
17625.880393981934,337,49.108993700513516
17695.58633184433,338,49.108993700513516
17764.857723236084,339,49.108993700513516
17836.13899064064,340,49.108993700513516
17906.527975797653,341,49.108993700513516
17979.717965126038,342,49.108993700513516
18051.461985349655,343,49.108993700513516
18121.261069059372,344,49.108993700513516
18127.443501234055,345,49.10605180091134
18199.32863020897,346,49.10605180091134
18205.291460752487,347,49.099787072398755
18275.451816558838,348,49.099787072398755
18345.502478837967,349,49.099787072398755
18418.25761961937,350,49.099787072398755
18486.78715801239,351,49.099787072398755
18492.673210144043,352,49.091187823076055
18566.529900550842,353,49.091187823076055
18641.132704019547,354,49.091187823076055
18716.913068771362,355,49.091187823076055
18788.7785320282,356,49.091187823076055
18862.21752500534,357,49.091187823076055
18935.714681386948,358,49.091187823076055
19009.400646924973,359,49.091187823076055
19084.489733695984,360,49.091187823076055
19157.04509615898,361,49.091187823076055
19224.685105085373,362,49.091187823076055
19298.939425945282,363,49.091187823076055
19371.561244010925,364,49.091187823076055
19445.685434103012,365,49.091187823076055
19517.78016448021,366,49.091187823076055
19586.09504055977,367,49.091187823076055
19660.505941152573,368,49.091187823076055
19728.80161523819,369,49.0900976534453
19800.224090099335,370,49.0900976534453
19873.518804073334,371,49.0900976534453
19945.54938197136,372,49.0900976534453
20019.474174261093,373,49.0900976534453
20025.22924566269,374,49.084161517175815
20097.803627490997,375,49.084161517175815
20170.496178150177,376,49.084161517175815
20245.22071647644,377,49.084161517175815
20315.61544442177,378,49.084161517175815
20387.955030679703,379,49.084161517175815
20462.318103551865,380,49.084161517175815
20536.897596359253,381,49.084161517175815
20611.638324022293,382,49.084161517175815
20686.064135074615,383,49.084161517175815
20761.00258040428,384,49.084161517175815
20834.761518001556,385,49.084161517175815
20908.587710142136,386,49.084161517175815
20982.017859697342,387,49.084161517175815
21056.862864017487,388,49.084161517175815
21130.22621655464,389,49.084161517175815
21206.470117092133,390,49.084161517175815
21281.101130723953,391,49.084161517175815
21356.90241599083,392,49.084161517175815
21431.126573085785,393,49.084161517175815
21505.414582252502,394,49.084161517175815
21579.130641222,395,49.084161517175815
21653.17343521118,396,49.084161517175815
21727.762639522552,397,49.084161517175815
21802.25802707672,398,49.084161517175815
21875.618972301483,399,49.084161517175815
21949.895797014236,400,49.084161517175815
22023.88359928131,401,49.084161517175815
22098.42215704918,402,49.084161517175815
22171.6032435894,403,49.084161517175815
22243.82180261612,404,49.084161517175815
22316.101752758026,405,49.084161517175815
22389.50623846054,406,49.084161517175815
22462.558905363083,407,49.084161517175815
22535.327085733414,408,49.084161517175815
22541.584777355194,409,49.07749757649006
22614.499058246613,410,49.07749757649006
22687.964915513992,411,49.07749757649006
22760.63549208641,412,49.07749757649006
22836.44870352745,413,49.07749757649006
22909.03765821457,414,49.07749757649006
22982.991047620773,415,49.07749757649006
23055.6748213768,416,49.07749757649006
23128.214026212692,417,49.07749757649006
23200.632657766342,418,49.07749757649006
23273.30997800827,419,49.07749757649006
23346.296541690826,420,49.07749757649006
23419.178559064865,421,49.07749757649006
23493.387699127197,422,49.07749757649006
23567.67597770691,423,49.07749757649006
23640.977075099945,424,49.07749757649006
23714.364408493042,425,49.07749757649006
23787.712299585342,426,49.07749757649006
23866.49339389801,427,49.07749757649006
23939.221415281296,428,49.07749757649006
24013.034659147263,429,49.07749757649006
24086.01448917389,430,49.07749757649006
24160.04898238182,431,49.07749757649006
24232.41153883934,432,49.07749757649006
24306.7541308403,433,49.07749757649006
24380.1985206604,434,49.07749757649006
24454.465442180634,435,49.07749757649006
24529.06250476837,436,49.07749757649006
24602.825057268143,437,49.07749757649006
24677.137538433075,438,49.07749757649006
24752.08175086975,439,49.07749757649006
24826.480662822723,440,49.07749757649006
24901.81571984291,441,49.07749757649006
24976.28023505211,442,49.07749757649006
25051.13310265541,443,49.07749757649006
25124.29193997383,444,49.07749757649006
25200.301513671875,445,49.07749757649006
25274.388869524002,446,49.07749757649006
25350.001866579056,447,49.07749757649006
25425.140737771988,448,49.07749757649006
25499.2926633358,449,49.07749757649006
25574.26711845398,450,49.07749757649006
25648.604992866516,451,49.07749757649006
25722.080816030502,452,49.07749757649006
25796.402047395706,453,49.07749757649006
25869.07417678833,454,49.07749757649006
25944.34081506729,455,49.07749757649006
26017.955780506134,456,49.07749757649006
26091.873471975327,457,49.07749757649006
26165.393583536148,458,49.07749757649006
26238.700139045715,459,49.07749757649006
26312.98463702202,460,49.07749757649006
26386.087912797928,461,49.07749757649006
26459.60882806778,462,49.07749757649006
26533.13724422455,463,49.07749757649006
26606.53461289406,464,49.07749757649006
26680.40766263008,465,49.07749757649006
26753.476436138153,466,49.07749757649006
26827.09780240059,467,49.07749757649006
26900.61829996109,468,49.07749757649006
26973.86053586006,469,49.07749757649006
27046.979736566544,470,49.07749757649006
27119.919560670853,471,49.07749757649006
27193.443927049637,472,49.07749757649006
27266.98209118843,473,49.07749757649006
27340.639002799988,474,49.07749757649006
27414.50498843193,475,49.07749757649006
27489.377465963364,476,49.07749757649006
27564.651235818863,477,49.07749757649006
27638.919295072556,478,49.07749757649006
27714.341725826263,479,49.07749757649006
27788.24209833145,480,49.07749757649006
27862.92197751999,481,49.07749757649006
27936.42308473587,482,49.07749757649006
28009.2805454731,483,49.07749757649006
28082.339931726456,484,49.07749757649006
28155.38959479332,485,49.07749757649006
28228.329701662064,486,49.07749757649006
28302.501704454422,487,49.07749757649006
28376.228352069855,488,49.07749757649006
28451.02560734749,489,49.07749757649006
28523.906237363815,490,49.07749757649006
28597.24701666832,491,49.07749757649006
28670.216279745102,492,49.07749757649006
28743.537775039673,493,49.07749757649006
28816.17780303955,494,49.07749757649006
28889.346470594406,495,49.07749757649006
28961.93460416794,496,49.07749757649006
29034.847643613815,497,49.07749757649006
29108.969470262527,498,49.07749757649006
29182.301328659058,499,49.07749757649006
29256.60937666893,500,49.07749757649006
29329.368825674057,501,49.07749757649006
29402.047198534012,502,49.07749757649006
29475.85702586174,503,49.07749757649006
29548.55351614952,504,49.07749757649006
29620.81210374832,505,49.07749757649006
29693.98529815674,506,49.07749757649006
29767.255865097046,507,49.07749757649006
29840.705668449402,508,49.07749757649006
29913.04053759575,509,49.07749757649006
29987.417644023895,510,49.07749757649006
30061.460983276367,511,49.07749757649006
30134.659125089645,512,49.07749757649006
30207.61456465721,513,49.07749757649006
30279.863386392593,514,49.07749757649006
30353.89158654213,515,49.07749757649006
30427.39076733589,516,49.07749757649006
30501.669367074966,517,49.07749757649006
30577.525605916977,518,49.07749757649006
30652.68568587303,519,49.07749757649006
30726.983451128006,520,49.07749757649006
30800.239676713943,521,49.07749757649006
30874.271592617035,522,49.07749757649006
30948.425105810165,523,49.07749757649006
31021.920930862427,524,49.07749757649006
31094.782709360123,525,49.07749757649006
31168.346973896027,526,49.07749757649006
31243.048395633698,527,49.07749757649006
31317.658435344696,528,49.07749757649006
31391.93739938736,529,49.07749757649006
31465.258345603943,530,49.07749757649006
31539.232750415802,531,49.07749757649006
31612.333794116974,532,49.07749757649006
31686.421921014786,533,49.07749757649006
31692.851937770844,534,49.07648049002309
31767.7135887146,535,49.07648049002309
31840.89516019821,536,49.07648049002309
31913.87407064438,537,49.07648049002309
31986.88263487816,538,49.07648049002309
32060.283906698227,539,49.07648049002309
32135.024153232574,540,49.07648049002309
32208.200135707855,541,49.07648049002309
32281.426446199417,542,49.07648049002309
32355.67669916153,543,49.07648049002309
32428.656408548355,544,49.07648049002309
32503.15069961548,545,49.07648049002309
32578.033829450607,546,49.07648049002309
32651.76143360138,547,49.07648049002309
32725.012922525406,548,49.07648049002309
32799.201832294464,549,49.07648049002309
32872.71687054634,550,49.07648049002309
32947.8671066761,551,49.07648049002309
33020.90153002739,552,49.07648049002309
33094.43190097809,553,49.07648049002309
33168.903304338455,554,49.07648049002309
33242.70584464073,555,49.07648049002309
33316.468563079834,556,49.07648049002309
33388.88834762573,557,49.07648049002309
33461.700873851776,558,49.07648049002309
33535.64934372902,559,49.07648049002309
33609.5335381031,560,49.07648049002309
33683.248579502106,561,49.07648049002309
33755.92090535164,562,49.07648049002309
33828.61084699631,563,49.07648049002309
33902.02527093887,564,49.07648049002309
33976.524715185165,565,49.07648049002309
34050.861845731735,566,49.07648049002309
34125.01116800308,567,49.07648049002309
34199.0154299736,568,49.07648049002309
34205.805988550186,569,49.07530932403816
34279.091504096985,570,49.07530932403816
34352.90219068527,571,49.07530932403816
34426.022906303406,572,49.07530932403816
34499.617293834686,573,49.07530932403816
34572.7252061367,574,49.07530932403816
34647.07067108154,575,49.07530932403816
34720.8573384285,576,49.07530932403816
34793.03259110451,577,49.07530932403816
34865.380868673325,578,49.07530932403816
34938.172699689865,579,49.07530932403816
35011.09879755974,580,49.07530932403816
35083.564925432205,581,49.07530932403816
35156.978917360306,582,49.07530932403816
35229.57418298721,583,49.07530932403816
35303.3982899189,584,49.07530932403816
35376.2894411087,585,49.07530932403816
35449.735405921936,586,49.07530932403816
35523.63466525078,587,49.07530932403816
35596.923280239105,588,49.07530932403816
35671.4404604435,589,49.07530932403816
35744.74726438522,590,49.07530932403816
35817.03681778908,591,49.07530932403816
35889.606749773026,592,49.07530932403816
35962.68615913391,593,49.07530932403816
36034.72750592232,594,49.07530932403816
36107.97634220123,595,49.07530932403816
36181.56872820854,596,49.07530932403816
36255.4141535759,597,49.07530932403816
36329.125529527664,598,49.07530932403816
36403.171961307526,599,49.07530932403816
36477.675828933716,600,49.07530932403816
36551.39106154442,601,49.07530932403816
36624.98478245735,602,49.07530932403816
36697.77676439285,603,49.07530932403816
36771.36827707291,604,49.07530932403816
36843.52128982544,605,49.07530932403816
36915.03645348549,606,49.07530932403816
36988.19328689575,607,49.07530932403816
37059.7444794178,608,49.07530932403816
37133.143525362015,609,49.07530932403816
37205.60883283615,610,49.07530932403816
37278.79061150551,611,49.07530932403816
37353.344940423965,612,49.07530932403816
37426.67743182182,613,49.07530932403816
37499.580238342285,614,49.07530932403816
37573.07274436951,615,49.07530932403816
37646.4623003006,616,49.07530932403816
37719.74698185921,617,49.07530932403816
37793.106868982315,618,49.07530932403816
37867.638921022415,619,49.07530932403816
37940.39633846283,620,49.07530932403816
38014.44298505783,621,49.07530932403816
38088.48701953888,622,49.07530932403816
38161.95643854141,623,49.07530932403816
38234.76726961136,624,49.07530932403816
38308.26820087433,625,49.07530932403816
38381.06296634674,626,49.07530932403816
38453.93835377693,627,49.07530932403816
38526.343346595764,628,49.07530932403816
Record started (SWARM MUTATION): 2021-02-21 07:33:30.181476
Original fitness from cfg file (reference value): 147.61839898198153

Settings:
['MDEXEC', 'charmm']
['MDINP', 'Molecules/oac_clap/oac.inp']
['MDOUT', 'Molecules/oac_clap/tempfiles/opt.log']
['QMOUT', 'Molecules/oac_clap/oac.log']
['PARAM_FILENAME', 'Molecules/oac_clap/tempfiles/parameters.str']
['POPULATION_FILENAME', 'Molecules/oac_clap/tempfiles/lastPopulation.txt']
['LOG_FILENAME', 'Molecules/oac_clap/tempfiles/convergence.log']
['LOGGING', '1']
['RUNS', '10000']
['POPULATION_SIZE', '200']
['NEW_GENERATION_SIZE', '20']
['CREATE_INITIAL_POPULATION', '1']
['RECOMPUTE_FITNESS', '0']
['FIRST_FREQ_BIAS', '0']
['MUTATION_B_PROBABILITY', '0.1']
['STEP_SIZE_MULTIPLICATOR', '0.1']
['DIRECTION_DROP', '0.5']
['MINIMUM_IMPROVEMENT', '0.999999']
['PARAMETER', 'oacb1', 'bond', '0', '3000', '340']
['PARAMETER', 'oacb2', 'bond', '0', '3000', '655.5162']
['PARAMETER', 'oacb3', 'angle', '0', '1000', '316.83']
['PARAMETER', 'oaca1', 'angle', '0', '1000', '33.0']
['PARAMETER', 'oaca2', 'angle', '0', '1000', '79.9417']
['PARAMETER', 'oaca3', 'angle', '0', '1000', '70.0']
['PARAMETER', 'oaca4', 'angle', '0', '1000', '35.7']
['PARAMETER', 'oacd1', 'dihedral', '-20', '20', '0.0']

Time,Generation,Fitness
60.60172438621521,1,49.07530932403816
129.86306476593018,2,49.07530932403816
198.85867595672607,3,49.07530932403816
267.5657436847687,4,49.07530932403816
335.09696221351624,5,49.07530932403816
404.0946078300476,6,49.07530932403816
471.7891135215759,7,49.07530932403816
539.809298992157,8,49.07530932403816
612.6258351802826,9,49.07530932403816
685.980575799942,10,49.07530932403816
757.8995282649994,11,49.07530932403816
829.878142118454,12,49.07530932403816
902.2882752418518,13,49.07530932403816
975.1269037723541,14,49.07530932403816
1048.8292617797852,15,49.07530932403816
1120.4802634716034,16,49.07530932403816
1193.0718350410461,17,49.07530932403816
1265.1515934467316,18,49.07530932403816
1337.6948626041412,19,49.07530932403816
1411.3604176044464,20,49.07530932403816
1482.9725966453552,21,49.07530932403816
1555.6618041992188,22,49.07530932403816
1627.9834473133087,23,49.07530932403816
Record started (SWARM MUTATION): 2021-02-21 08:01:16.906742
Original fitness from cfg file (reference value): 147.61839898198153

Settings:
['MDEXEC', 'charmm']
['MDINP', 'Molecules/oac_clap/oac.inp']
['MDOUT', 'Molecules/oac_clap/tempfiles/opt.log']
['QMOUT', 'Molecules/oac_clap/oac.log']
['PARAM_FILENAME', 'Molecules/oac_clap/tempfiles/parameters.str']
['POPULATION_FILENAME', 'Molecules/oac_clap/tempfiles/lastPopulation.txt']
['LOG_FILENAME', 'Molecules/oac_clap/tempfiles/convergence.log']
['LOGGING', '1']
['RUNS', '10000']
['POPULATION_SIZE', '200']
['NEW_GENERATION_SIZE', '20']
['CREATE_INITIAL_POPULATION', '1']
['RECOMPUTE_FITNESS', '0']
['FIRST_FREQ_BIAS', '0']
['MUTATION_B_PROBABILITY', '0.1']
['STEP_SIZE_MULTIPLICATOR', '0.1']
['DIRECTION_DROP', '0.5']
['MINIMUM_IMPROVEMENT', '0.999999']
['PARAMETER', 'oacb1', 'bond', '0', '3000', '340']
['PARAMETER', 'oacb2', 'bond', '0', '3000', '655.5162']
['PARAMETER', 'oacb3', 'angle', '0', '1000', '316.83']
['PARAMETER', 'oaca1', 'angle', '0', '1000', '33.0']
['PARAMETER', 'oaca2', 'angle', '0', '1000', '79.9417']
['PARAMETER', 'oaca3', 'angle', '0', '1000', '70.0']
['PARAMETER', 'oaca4', 'angle', '0', '1000', '35.7']
['PARAMETER', 'oacd1', 'dihedral', '-20', '20', '0.0']

Time,Generation,Fitness
