Record started: 2022-03-18 16:30:08.683027 (Original fitness from cfg file: 221.66672373961686)
['MDEXEC', 'charmm']
['MDINP', 'Molecules/bf4/bf4.inp']
['MDOUT', '/dev/shm/bf4opt.log']
['QMOUT', '/site/raid4/andras/sandbox/students/jonathan/bf4_normalmodes.out']
['PARAM_FILENAME', 'FF_GenOpt_results/bf4/parameters.str']
['POPULATION_FILENAME', 'FF_GenOpt_results/bf4/lastPopulation_bf4.txt']
['LOG_FILENAME', 'FF_GenOpt_results/bf4/convergence_bf4.log']
['GENERATIONS', '10000']
['POPULATION_SIZE', '200']
['MUTATIONS_PER_GENERATION', '50']
['STEP_SIZE', '0.05']
['CROSSOVER_BLX', '0.7']
['CROSSOVER_SBX', '0.25']
['CROSSOVER_UNIFORM', '0.05']
['MINIMUM_IMPROVEMENT', '0.0001']
['MINIMUM_DIVERSITY', '0.0001']
['PARAMETER', 'bf4b1', 'bond', '0', '1000', '386.333']
['PARAMETER', 'bf4a1', 'angle', '0', '200', '80.000']

Gen	BestF	MeanF	TEvals	GEvals	REvals	t	t/eval	Delta	Improv	Divers
1	113.73	253.72	314	313	1	24.68	0.08	7.30	0.02	5117.10
2	109.59	196.00	428	426	2	33.19	0.08	4.14	0.01	2161.85
3	107.98	162.83	536	533	3	41.03	0.08	1.62	0.00	604.58
4	107.98	143.57	807	647	160	61.10	0.08	0.00	0.00	1176.70
5	107.12	129.57	923	762	161	69.84	0.08	0.86	0.00	2151.30
6	107.12	126.28	1162	875	287	87.60	0.08	0.00	0.00	1360.05
7	106.59	123.36	1276	988	288	96.05	0.08	0.52	0.00	589.56
8	106.59	122.29	1509	1105	404	112.97	0.07	0.00	0.00	895.91
9	106.59	121.43	1725	1219	506	128.73	0.07	0.00	0.00	620.47
10	106.59	120.49	1939	1325	614	144.35	0.07	0.00	0.00	557.37
11	106.59	119.74	2154	1434	720	160.30	0.07	0.00	0.00	338.05
12	106.59	118.85	2374	1549	825	176.62	0.07	0.00	0.00	599.31
13	106.59	118.32	2589	1660	929	192.40	0.07	0.00	0.00	364.47
14	106.59	117.77	2806	1775	1031	208.69	0.07	0.00	0.00	1032.24
15	106.59	117.12	3026	1892	1134	225.20	0.07	0.00	0.00	648.86
16	106.59	116.31	3250	2010	1240	242.00	0.07	0.00	0.00	796.72
17	106.11	115.29	3361	2120	1241	250.22	0.07	0.48	0.00	966.01
18	106.11	114.97	3570	2226	1344	265.54	0.07	0.00	0.00	553.10
19	106.11	114.34	3797	2342	1455	282.47	0.07	0.00	0.00	142.76
20	106.11	113.49	4016	2459	1557	299.07	0.07	0.00	0.00	69.18
21	106.11	113.04	4239	2572	1667	315.43	0.07	0.00	0.00	78.76
22	106.01	112.58	4345	2677	1668	323.00	0.07	0.10	0.00	114.91
23	106.01	112.38	4561	2790	1771	338.05	0.07	0.00	0.00	83.18
24	106.01	112.22	4772	2898	1874	352.70	0.07	0.00	0.00	66.18
25	106.01	111.91	4988	3010	1978	368.20	0.07	0.00	0.00	60.22
26	106.01	111.35	5203	3121	2082	383.99	0.07	0.00	0.00	82.90
27	106.01	110.68	5414	3229	2185	399.54	0.07	0.00	0.00	55.75
28	106.01	110.28	5628	3342	2286	415.46	0.07	0.00	0.00	68.34
29	106.01	109.64	5843	3456	2387	431.21	0.07	0.00	0.00	67.12
30	106.01	108.89	6059	3569	2490	447.11	0.07	0.00	0.00	55.38
31	106.01	108.20	6287	3682	2605	463.93	0.07	0.00	0.00	45.56
32	106.01	107.91	6507	3800	2707	480.64	0.07	0.00	0.00	62.46
33	106.01	107.79	6726	3909	2817	497.06	0.07	0.00	0.00	51.68
34	106.01	107.72	6941	4020	2921	512.95	0.07	0.00	0.00	52.84
35	106.01	107.69	7157	4129	3028	528.91	0.07	0.00	0.00	86.22
36	106.01	107.65	7373	4244	3129	544.68	0.07	0.00	0.00	59.35
37	106.01	107.63	7580	4350	3230	560.09	0.07	0.00	0.00	91.23
38	105.96	107.59	7693	4462	3231	568.35	0.07	0.06	0.00	92.35
39	105.96	107.58	7905	4570	3335	584.14	0.07	0.00	0.00	114.55
40	105.96	107.57	8116	4678	3438	599.78	0.07	0.00	0.00	142.27
41	105.96	107.54	8329	4789	3540	615.86	0.07	0.00	0.00	102.86
42	105.96	107.52	8544	4903	3641	631.75	0.07	0.00	0.00	72.05
43	105.96	107.51	8754	5012	3742	647.29	0.07	0.00	0.00	86.44
44	105.96	107.50	8967	5124	3843	662.86	0.07	0.00	0.00	145.28
45	105.96	107.49	9181	5237	3944	678.57	0.07	0.00	0.00	105.17
46	105.96	107.46	9397	5352	4045	694.01	0.07	0.00	0.00	116.07
47	105.96	107.45	9616	5468	4148	709.95	0.07	0.00	0.00	106.61
48	105.96	107.43	9830	5578	4252	726.03	0.07	0.00	0.00	67.82
49	105.95	107.38	9940	5687	4253	734.26	0.07	0.00	0.00	150.63
50	105.95	107.36	10151	5796	4355	749.39	0.07	0.00	0.00	155.86
51	105.95	107.33	10366	5910	4456	764.92	0.07	0.00	0.00	162.22
52	105.95	107.29	10581	6024	4557	780.74	0.07	0.00	0.00	199.63
53	105.95	107.25	10792	6133	4659	795.98	0.07	0.00	0.00	93.63
54	105.95	107.18	11011	6251	4760	812.21	0.07	0.00	0.00	171.36
55	105.95	107.14	11230	6368	4862	828.04	0.07	0.00	0.00	38.05
56	105.95	107.11	11445	6480	4965	844.08	0.07	0.00	0.00	69.01
57	105.95	107.07	11660	6593	5067	859.93	0.07	0.00	0.00	79.49
58	105.94	107.00	11774	6706	5068	868.30	0.07	0.01	0.00	10.36
59	105.94	106.93	11987	6816	5171	884.17	0.07	0.00	0.00	2.52
60	105.94	106.85	12204	6930	5274	900.18	0.07	0.00	0.00	2.79
61	105.94	106.75	12413	7038	5375	915.57	0.07	0.00	0.00	3.33
62	105.94	106.66	12634	7148	5486	931.88	0.07	0.00	0.00	1.44
63	105.94	106.46	12850	7261	5589	947.59	0.07	0.00	0.00	1.21
64	105.94	106.26	13073	7375	5698	964.20	0.07	0.00	0.00	0.29
65	105.94	106.12	13286	7487	5799	980.42	0.07	0.00	0.00	0.46
66	105.92	106.05	13403	7603	5800	989.25	0.07	0.03	0.00	0.30
67	105.92	106.01	13622	7720	5902	1005.94	0.07	0.00	0.00	0.03
68	105.92	105.99	13832	7828	6004	1021.49	0.07	0.00	0.00	0.86
69	105.92	105.98	14045	7940	6105	1037.83	0.07	0.00	0.00	1.03
70	105.92	105.97	14261	8055	6206	1054.74	0.07	0.00	0.00	0.31
71	105.92	105.96	14479	8172	6307	1070.76	0.07	0.00	0.00	0.32
72	105.92	105.96	14688	8280	6408	1086.27	0.07	0.00	0.00	0.03
73	105.92	105.95	14897	8387	6510	1101.77	0.07	0.00	0.00	0.77
74	105.92	105.95	15109	8497	6612	1117.15	0.07	0.00	0.00	1.29
75	105.92	105.95	15318	8605	6713	1132.23	0.07	0.00	0.00	0.62
76	105.92	105.95	15530	8716	6814	1147.86	0.07	0.00	0.00	1.59
77	105.92	105.94	15743	8828	6915	1163.45	0.07	0.00	0.00	0.10
78	105.92	105.94	15964	8947	7017	1179.80	0.07	0.00	0.00	1.59
79	105.92	105.94	16180	9062	7118	1196.43	0.07	0.00	0.00	1.14
80	105.92	105.94	16392	9173	7219	1212.20	0.07	0.00	0.00	0.96
81	105.92	105.94	16506	9286	7220	1220.80	0.07	0.00	0.00	1.42
82	105.92	105.94	16722	9401	7321	1236.76	0.07	0.00	0.00	0.77
83	105.92	105.94	16940	9519	7421	1252.79	0.07	0.00	0.00	0.05
84	105.92	105.94	17057	9635	7422	1261.49	0.07	0.00	0.00	0.03
85	105.92	105.93	17174	9751	7423	1270.10	0.07	0.00	0.00	0.01
86	105.92	105.93	17288	9864	7424	1278.74	0.07	0.00	0.00	0.02
87	105.92	105.93	17501	9976	7525	1293.96	0.07	0.00	0.00	0.01
88	105.92	105.92	17614	10088	7526	1302.03	0.07	0.00	0.00	0.02
89	105.92	105.92	17728	10201	7527	1310.09	0.07	0.00	0.00	0.01
90	105.92	105.92	17841	10313	7528	1318.32	0.07	0.00	0.00	0.01
91	105.92	105.92	17963	10434	7529	1327.29	0.07	0.00	0.00	0.02
92	105.91	105.92	18077	10547	7530	1335.76	0.07	0.00	0.00	0.00
93	105.91	105.92	18189	10658	7531	1344.15	0.07	0.00	0.00	0.01
94	105.91	105.92	18403	10770	7633	1359.92	0.07	0.00	0.00	0.02
95	105.90	105.92	18514	10880	7634	1367.94	0.07	0.02	0.00	0.07
96	105.90	105.92	18730	10995	7735	1384.12	0.07	0.00	0.00	0.06
97	105.90	105.92	18949	11113	7836	1400.35	0.07	0.00	0.00	0.05
98	105.90	105.92	19163	11226	7937	1416.65	0.07	0.00	0.00	0.01
99	105.90	105.91	19377	11338	8039	1432.74	0.07	0.00	0.00	0.06
100	105.90	105.91	19494	11454	8040	1441.52	0.07	0.00	0.00	0.05
101	105.90	105.91	19705	11564	8141	1457.72	0.07	0.00	0.00	0.12
102	105.90	105.91	19916	11674	8242	1473.57	0.07	0.00	0.00	0.06
103	105.90	105.91	20136	11793	8343	1490.23	0.07	0.00	0.00	0.12
Record started: 2022-04-05 16:07:31.237233 (Original fitness from cfg file: 9999999.0)
['EXTERN', 'False']
['MDEXEC', 'python3']
['PSF', 'Molecules/bf4/bf4.psf']
['CRD', 'Molecules/bf4/bf4_new.cor']
['PARAMS', 'Molecules/bf4/toppar.str']
['VARFILE', 'Molecules/bf4/var.prm']
['MDINP', 'Molecules/bf4/freq.py']
['MDOUT', '/dev/shm/bf4opt.log']
['QMOUT', '/site/raid4/andras/sandbox/students/jonathan/bf4_normalmodes.out']
['PARAM_FILENAME', 'FF_GenOpt_results/bf4/parameters.str']
['POPULATION_FILENAME', 'FF_GenOpt_results/bf4/lastPopulation_bf4.txt']
['LOG_FILENAME', 'FF_GenOpt_results/bf4/convergence_bf4.log']
['GENERATIONS', '10000']
['POPULATION_SIZE', '200']
['MUTATIONS_PER_GENERATION', '50']
['STEP_SIZE', '0.05']
['CROSSOVER_BLX', '0.7']
['CROSSOVER_SBX', '0.25']
['CROSSOVER_UNIFORM', '0.05']
['MINIMUM_IMPROVEMENT', '0.0001']
['MINIMUM_DIVERSITY', '0.0001']
['PARAMETER', 'bf4b1', 'bond', '0', '1000', '386.333']
['PARAMETER', 'bf4a1', 'angle', '0', '200', '80.000']

Gen	BestF	MeanF	TEvals	GEvals	REvals	t	t/eval	Delta	Improv	Divers
1	9999999.00	9999999.00	319	118	201	2.89	0.01	0.00	0.00	0.05
Record started: 2022-04-05 16:09:25.543211 (Original fitness from cfg file: 9999999.0)
['EXTERN', 'False']
['MDEXEC', 'python3']
['PSF', 'Molecules/bf4/bf4.psf']
['CRD', 'Molecules/bf4/bf4_new.cor']
['PARAMS', 'Molecules/bf4/toppar.str']
['VARFILE', 'Molecules/bf4/var.prm']
['MDINP', 'Molecules/bf4/freq.py']
['MDOUT', '/dev/shm/bf4opt.log']
['QMOUT', '/site/raid4/andras/sandbox/students/jonathan/bf4_normalmodes.out']
['PARAM_FILENAME', 'FF_GenOpt_results/bf4/parameters.str']
['POPULATION_FILENAME', 'FF_GenOpt_results/bf4/lastPopulation_bf4.txt']
['LOG_FILENAME', 'FF_GenOpt_results/bf4/convergence_bf4.log']
['GENERATIONS', '10000']
['POPULATION_SIZE', '200']
['MUTATIONS_PER_GENERATION', '50']
['STEP_SIZE', '0.05']
['CROSSOVER_BLX', '0.7']
['CROSSOVER_SBX', '0.25']
['CROSSOVER_UNIFORM', '0.05']
['MINIMUM_IMPROVEMENT', '0.0001']
['MINIMUM_DIVERSITY', '0.0001']
['PARAMETER', 'bf4b1', 'bond', '0', '1000', '386.333']
['PARAMETER', 'bf4a1', 'angle', '0', '200', '80.000']

Gen	BestF	MeanF	TEvals	GEvals	REvals	t	t/eval	Delta	Improv	Divers
1	9999999.00	9999999.00	315	114	201	2.79	0.01	0.00	0.00	0.08
Record started: 2022-04-05 16:10:02.245757 (Original fitness from cfg file: 9999999.0)
['EXTERN', 'False']
['MDEXEC', 'python3']
['PSF', 'Molecules/bf4/bf4.psf']
['CRD', 'Molecules/bf4/bf4_new.cor']
['PARAMS', 'Molecules/bf4/toppar.str']
['VARFILE', 'Molecules/bf4/var.prm']
['MDINP', 'Molecules/bf4/freq.py']
['MDOUT', '/dev/shm/bf4opt.log']
['QMOUT', '/site/raid4/andras/sandbox/students/jonathan/bf4_normalmodes.out']
['PARAM_FILENAME', 'FF_GenOpt_results/bf4/parameters.str']
['POPULATION_FILENAME', 'FF_GenOpt_results/bf4/lastPopulation_bf4.txt']
['LOG_FILENAME', 'FF_GenOpt_results/bf4/convergence_bf4.log']
['GENERATIONS', '10000']
['POPULATION_SIZE', '200']
['MUTATIONS_PER_GENERATION', '50']
['STEP_SIZE', '0.05']
['CROSSOVER_BLX', '0.7']
['CROSSOVER_SBX', '0.25']
['CROSSOVER_UNIFORM', '0.05']
['MINIMUM_IMPROVEMENT', '0.0001']
['MINIMUM_DIVERSITY', '0.0001']
['PARAMETER', 'bf4b1', 'bond', '0', '1000', '386.333']
['PARAMETER', 'bf4a1', 'angle', '0', '200', '80.000']

Gen	BestF	MeanF	TEvals	GEvals	REvals	t	t/eval	Delta	Improv	Divers
1	9999999.00	9999999.00	313	112	201	2.95	0.01	0.00	0.00	0.07
Record started: 2022-04-05 16:11:34.200719 (Original fitness from cfg file: 9999999.0)
['EXTERN', 'False']
['MDEXEC', 'python3']
['PSF', 'Molecules/bf4/bf4.psf']
['CRD', 'Molecules/bf4/bf4_new.cor']
['PARAMS', 'Molecules/bf4/toppar.str']
['VARFILE', 'Molecules/bf4/var.prm']
['MDINP', 'Molecules/bf4/freq.py']
['MDOUT', '/dev/shm/bf4opt.log']
['QMOUT', '/site/raid4/andras/sandbox/students/jonathan/bf4_normalmodes.out']
['PARAM_FILENAME', 'FF_GenOpt_results/bf4/parameters.str']
['POPULATION_FILENAME', 'FF_GenOpt_results/bf4/lastPopulation_bf4.txt']
['LOG_FILENAME', 'FF_GenOpt_results/bf4/convergence_bf4.log']
['GENERATIONS', '10000']
['POPULATION_SIZE', '200']
['MUTATIONS_PER_GENERATION', '50']
['STEP_SIZE', '0.05']
['CROSSOVER_BLX', '0.7']
['CROSSOVER_SBX', '0.25']
['CROSSOVER_UNIFORM', '0.05']
['MINIMUM_IMPROVEMENT', '0.0001']
['MINIMUM_DIVERSITY', '0.0001']
['PARAMETER', 'bf4b1', 'bond', '0', '1000', '386.333']
['PARAMETER', 'bf4a1', 'angle', '0', '200', '80.000']

Gen	BestF	MeanF	TEvals	GEvals	REvals	t	t/eval	Delta	Improv	Divers
1	9999999.00	9999999.00	315	114	201	3.73	0.01	0.00	0.00	0.07
Record started: 2022-04-05 16:12:45.703105 (Original fitness from cfg file: 9999999.0)
['EXTERN', 'False']
['MDEXEC', 'python3']
['PSF', 'Molecules/bf4/bf4.psf']
['CRD', 'Molecules/bf4/bf4_new.cor']
['PARAMS', 'Molecules/bf4/toppar.str']
['VARFILE', 'Molecules/bf4/var.prm']
['MDINP', 'Molecules/bf4/freq.py']
['MDOUT', '/dev/shm/bf4opt.log']
['QMOUT', '/site/raid4/andras/sandbox/students/jonathan/bf4_normalmodes.out']
['PARAM_FILENAME', 'FF_GenOpt_results/bf4/parameters.str']
['POPULATION_FILENAME', 'FF_GenOpt_results/bf4/lastPopulation_bf4.txt']
['LOG_FILENAME', 'FF_GenOpt_results/bf4/convergence_bf4.log']
['GENERATIONS', '10000']
['POPULATION_SIZE', '200']
['MUTATIONS_PER_GENERATION', '50']
['STEP_SIZE', '0.05']
['CROSSOVER_BLX', '0.7']
['CROSSOVER_SBX', '0.25']
['CROSSOVER_UNIFORM', '0.05']
['MINIMUM_IMPROVEMENT', '0.0001']
['MINIMUM_DIVERSITY', '0.0001']
['PARAMETER', 'bf4b1', 'bond', '0', '1000', '386.333']
['PARAMETER', 'bf4a1', 'angle', '0', '200', '80.000']

Gen	BestF	MeanF	TEvals	GEvals	REvals	t	t/eval	Delta	Improv	Divers
1	9999999.00	9999999.00	319	118	201	3.75	0.01	0.00	0.00	0.07
Record started: 2022-04-05 16:21:40.956253 (Original fitness from cfg file: 9999999.0)
['EXTERN', 'False']
['MDEXEC', 'python3']
['PSF', 'Molecules/bf4/bf4.psf']
['CRD', 'Molecules/bf4/bf4_new.cor']
['PARAMS', 'Molecules/bf4/toppar.str']
['VARFILE', 'Molecules/bf4/var.prm']
['MDINP', 'Molecules/bf4/freq.py']
['MDOUT', '/dev/shm/bf4opt.log']
['QMOUT', '/site/raid4/andras/sandbox/students/jonathan/bf4_normalmodes.out']
['PARAM_FILENAME', 'FF_GenOpt_results/bf4/parameters.str']
['POPULATION_FILENAME', 'FF_GenOpt_results/bf4/lastPopulation_bf4.txt']
['LOG_FILENAME', 'FF_GenOpt_results/bf4/convergence_bf4.log']
['GENERATIONS', '10000']
['POPULATION_SIZE', '200']
['MUTATIONS_PER_GENERATION', '50']
['STEP_SIZE', '0.05']
['CROSSOVER_BLX', '0.7']
['CROSSOVER_SBX', '0.25']
['CROSSOVER_UNIFORM', '0.05']
['MINIMUM_IMPROVEMENT', '0.0001']
['MINIMUM_DIVERSITY', '0.0001']
['PARAMETER', 'bf4b1', 'bond', '0', '1000', '386.333']
['PARAMETER', 'bf4a1', 'angle', '0', '200', '80.000']

Gen	BestF	MeanF	TEvals	GEvals	REvals	t	t/eval	Delta	Improv	Divers
1	9999999.00	9999999.00	316	115	201	3.60	0.01	0.00	0.00	0.07
Record started: 2022-04-05 16:22:11.562307 (Original fitness from cfg file: 9999999.0)
['EXTERN', 'False']
['MDEXEC', 'python3']
['PSF', 'Molecules/bf4/bf4.psf']
['CRD', 'Molecules/bf4/bf4_new.cor']
['PARAMS', 'Molecules/bf4/toppar.str']
['VARFILE', 'Molecules/bf4/var.prm']
['MDINP', 'Molecules/bf4/freq.py']
['MDOUT', '/dev/shm/bf4opt.log']
['QMOUT', '/site/raid4/andras/sandbox/students/jonathan/bf4_normalmodes.out']
['PARAM_FILENAME', 'FF_GenOpt_results/bf4/parameters.str']
['POPULATION_FILENAME', 'FF_GenOpt_results/bf4/lastPopulation_bf4.txt']
['LOG_FILENAME', 'FF_GenOpt_results/bf4/convergence_bf4.log']
['GENERATIONS', '10000']
['POPULATION_SIZE', '200']
['MUTATIONS_PER_GENERATION', '50']
['STEP_SIZE', '0.05']
['CROSSOVER_BLX', '0.7']
['CROSSOVER_SBX', '0.25']
['CROSSOVER_UNIFORM', '0.05']
['MINIMUM_IMPROVEMENT', '0.0001']
['MINIMUM_DIVERSITY', '0.0001']
['PARAMETER', 'bf4b1', 'bond', '0', '1000', '386.333']
['PARAMETER', 'bf4a1', 'angle', '0', '200', '80.000']

Gen	BestF	MeanF	TEvals	GEvals	REvals	t	t/eval	Delta	Improv	Divers
1	9999999.00	9999999.00	317	116	201	3.24	0.01	0.00	0.00	0.03
Record started: 2022-04-05 16:22:56.723370 (Original fitness from cfg file: 9999999.0)
['EXTERN', 'False']
['MDEXEC', 'python3']
['PSF', 'Molecules/bf4/bf4.psf']
['CRD', 'Molecules/bf4/bf4_new.cor']
['PARAMS', 'Molecules/bf4/toppar.str']
['VARFILE', 'Molecules/bf4/var.prm']
['MDINP', 'Molecules/bf4/freq.py']
['MDOUT', '/dev/shm/bf4opt.log']
['QMOUT', '/site/raid4/andras/sandbox/students/jonathan/bf4_normalmodes.out']
['PARAM_FILENAME', 'FF_GenOpt_results/bf4/parameters.str']
['POPULATION_FILENAME', 'FF_GenOpt_results/bf4/lastPopulation_bf4.txt']
['LOG_FILENAME', 'FF_GenOpt_results/bf4/convergence_bf4.log']
['GENERATIONS', '10000']
['POPULATION_SIZE', '200']
['MUTATIONS_PER_GENERATION', '50']
['STEP_SIZE', '0.05']
['CROSSOVER_BLX', '0.7']
['CROSSOVER_SBX', '0.25']
['CROSSOVER_UNIFORM', '0.05']
['MINIMUM_IMPROVEMENT', '0.0001']
['MINIMUM_DIVERSITY', '0.0001']
['PARAMETER', 'bf4b1', 'bond', '0', '1000', '386.333']
['PARAMETER', 'bf4a1', 'angle', '0', '200', '80.000']

Gen	BestF	MeanF	TEvals	GEvals	REvals	t	t/eval	Delta	Improv	Divers
1	9999999.00	9999999.00	313	112	201	4.09	0.01	0.00	0.00	0.09
Record started: 2022-04-05 16:24:19.391195 (Original fitness from cfg file: 9999999.0)
['EXTERN', 'False']
['MDEXEC', 'python3']
['PSF', 'Molecules/bf4/bf4.psf']
['CRD', 'Molecules/bf4/bf4_new.cor']
['PARAMS', 'Molecules/bf4/toppar.str']
['VARFILE', 'Molecules/bf4/var.prm']
['MDINP', 'Molecules/bf4/freq.py']
['MDOUT', '/dev/shm/bf4opt.log']
['QMOUT', '/site/raid4/andras/sandbox/students/jonathan/bf4_normalmodes.out']
['PARAM_FILENAME', 'FF_GenOpt_results/bf4/parameters.str']
['POPULATION_FILENAME', 'FF_GenOpt_results/bf4/lastPopulation_bf4.txt']
['LOG_FILENAME', 'FF_GenOpt_results/bf4/convergence_bf4.log']
['GENERATIONS', '10000']
['POPULATION_SIZE', '200']
['MUTATIONS_PER_GENERATION', '50']
['STEP_SIZE', '0.05']
['CROSSOVER_BLX', '0.7']
['CROSSOVER_SBX', '0.25']
['CROSSOVER_UNIFORM', '0.05']
['MINIMUM_IMPROVEMENT', '0.0001']
['MINIMUM_DIVERSITY', '0.0001']
['PARAMETER', 'bf4b1', 'bond', '0', '1000', '386.333']
['PARAMETER', 'bf4a1', 'angle', '0', '200', '80.000']

Gen	BestF	MeanF	TEvals	GEvals	REvals	t	t/eval	Delta	Improv	Divers
1	9999999.00	9999999.00	311	110	201	2.93	0.01	0.00	0.00	0.02
Record started: 2022-04-05 16:25:05.037557 (Original fitness from cfg file: 9999999.0)
['EXTERN', 'False']
['MDEXEC', 'python3']
['PSF', 'Molecules/bf4/bf4.psf']
['CRD', 'Molecules/bf4/bf4_new.cor']
['PARAMS', 'Molecules/bf4/toppar.str']
['VARFILE', 'Molecules/bf4/var.prm']
['MDINP', 'Molecules/bf4/freq.py']
['MDOUT', '/dev/shm/bf4opt.log']
['QMOUT', '/site/raid4/andras/sandbox/students/jonathan/bf4_normalmodes.out']
['PARAM_FILENAME', 'FF_GenOpt_results/bf4/parameters.str']
['POPULATION_FILENAME', 'FF_GenOpt_results/bf4/lastPopulation_bf4.txt']
['LOG_FILENAME', 'FF_GenOpt_results/bf4/convergence_bf4.log']
['GENERATIONS', '10000']
['POPULATION_SIZE', '200']
['MUTATIONS_PER_GENERATION', '50']
['STEP_SIZE', '0.05']
['CROSSOVER_BLX', '0.7']
['CROSSOVER_SBX', '0.25']
['CROSSOVER_UNIFORM', '0.05']
['MINIMUM_IMPROVEMENT', '0.0001']
['MINIMUM_DIVERSITY', '0.0001']
['PARAMETER', 'bf4b1', 'bond', '0', '1000', '386.333']
['PARAMETER', 'bf4a1', 'angle', '0', '200', '80.000']

Gen	BestF	MeanF	TEvals	GEvals	REvals	t	t/eval	Delta	Improv	Divers
1	9999999.00	9999999.00	312	111	201	3.18	0.01	0.00	0.00	0.03
Record started: 2022-04-06 15:40:00.483386 (Original fitness from cfg file: 9999999.0)
['EXTERN', 'False']
['MDEXEC', 'python3']
['PSF', 'Molecules/bf4/bf4.psf']
['CRD', 'Molecules/bf4/bf4_new.cor']
['PARAMS', 'Molecules/bf4/toppar.str']
['VARFILE', 'Molecules/bf4/var.prm']
['MDINP', 'Molecules/bf4/freq.py']
['MDOUT', '/dev/shm/bf4opt.log']
['QMOUT', '/site/raid4/andras/sandbox/students/jonathan/bf4_normalmodes.out']
['PARAM_FILENAME', 'FF_GenOpt_results/bf4/parameters.str']
['POPULATION_FILENAME', 'FF_GenOpt_results/bf4/lastPopulation_bf4.txt']
['LOG_FILENAME', 'FF_GenOpt_results/bf4/convergence_bf4.log']
['GENERATIONS', '10000']
['POPULATION_SIZE', '200']
['MUTATIONS_PER_GENERATION', '50']
['STEP_SIZE', '0.05']
['CROSSOVER_BLX', '0.7']
['CROSSOVER_SBX', '0.25']
['CROSSOVER_UNIFORM', '0.05']
['MINIMUM_IMPROVEMENT', '0.0001']
['MINIMUM_DIVERSITY', '0.0001']
['PARAMETER', 'bf4b1', 'bond', '0', '1000', '386.333']
['PARAMETER', 'bf4a1', 'angle', '0', '200', '80.000']

Gen	BestF	MeanF	TEvals	GEvals	REvals	t	t/eval	Delta	Improv	Divers
1	9999999.00	9999999.00	313	112	201	2.75	0.01	0.00	0.00	0.13
Record started: 2022-04-07 15:26:39.161851 (Original fitness from cfg file: 9999999.0)
['EXTERN', 'False']
['MDEXEC', 'python3']
['PSF', 'Molecules/bf4/bf4.psf']
['CRD', 'Molecules/bf4/bf4_new.cor']
['PARAMS', 'Molecules/bf4/toppar.str']
['VARFILE', 'Molecules/bf4/var.prm']
['MDINP', 'Molecules/bf4/freq.py']
['MDOUT', '/dev/shm/bf4opt.log']
['QMOUT', '/site/raid4/andras/sandbox/students/jonathan/bf4_normalmodes.out']
['PARAM_FILENAME', 'FF_GenOpt_results/bf4/parameters.str']
['POPULATION_FILENAME', 'FF_GenOpt_results/bf4/lastPopulation_bf4.txt']
['LOG_FILENAME', 'FF_GenOpt_results/bf4/convergence_bf4.log']
['GENERATIONS', '10000']
['POPULATION_SIZE', '200']
['MUTATIONS_PER_GENERATION', '50']
['STEP_SIZE', '0.05']
['CROSSOVER_BLX', '0.7']
['CROSSOVER_SBX', '0.25']
['CROSSOVER_UNIFORM', '0.05']
['MINIMUM_IMPROVEMENT', '0.0001']
['MINIMUM_DIVERSITY', '0.0001']
['PARAMETER', 'bf4b1', 'bond', '0', '1000', '386.333']
['PARAMETER', 'bf4a1', 'angle', '0', '200', '80.000']

Gen	BestF	MeanF	TEvals	GEvals	REvals	t	t/eval	Delta	Improv	Divers
1	9999999.00	9999999.00	314	113	201	2.83	0.01	0.00	0.00	0.07
Record started: 2022-04-07 15:27:35.648281 (Original fitness from cfg file: 9999999.0)
['EXTERN', 'False']
['MDEXEC', 'python3']
['PSF', 'Molecules/bf4/bf4.psf']
['CRD', 'Molecules/bf4/bf4_new.cor']
['PARAMS', 'Molecules/bf4/toppar.str']
['VARFILE', 'Molecules/bf4/var.prm']
['MDINP', 'Molecules/bf4/freq.py']
['MDOUT', '/dev/shm/bf4opt.log']
['QMOUT', '/site/raid4/andras/sandbox/students/jonathan/bf4_normalmodes.out']
['PARAM_FILENAME', 'FF_GenOpt_results/bf4/parameters.str']
['POPULATION_FILENAME', 'FF_GenOpt_results/bf4/lastPopulation_bf4.txt']
['LOG_FILENAME', 'FF_GenOpt_results/bf4/convergence_bf4.log']
['GENERATIONS', '10000']
['POPULATION_SIZE', '200']
['MUTATIONS_PER_GENERATION', '50']
['STEP_SIZE', '0.05']
['CROSSOVER_BLX', '0.7']
['CROSSOVER_SBX', '0.25']
['CROSSOVER_UNIFORM', '0.05']
['MINIMUM_IMPROVEMENT', '0.0001']
['MINIMUM_DIVERSITY', '0.0001']
['PARAMETER', 'bf4b1', 'bond', '0', '1000', '386.333']
['PARAMETER', 'bf4a1', 'angle', '0', '200', '80.000']

Gen	BestF	MeanF	TEvals	GEvals	REvals	t	t/eval	Delta	Improv	Divers
1	9999999.00	9999999.00	311	110	201	3.08	0.01	0.00	0.00	0.05
Record started: 2022-04-07 15:28:12.689636 (Original fitness from cfg file: 9999999.0)
['EXTERN', 'False']
['MDEXEC', 'python3']
['PSF', 'Molecules/bf4/bf4.psf']
['CRD', 'Molecules/bf4/bf4_new.cor']
['PARAMS', 'Molecules/bf4/toppar.str']
['VARFILE', 'Molecules/bf4/var.prm']
['MDINP', 'Molecules/bf4/freq.py']
['MDOUT', '/dev/shm/bf4opt.log']
['QMOUT', '/site/raid4/andras/sandbox/students/jonathan/bf4_normalmodes.out']
['PARAM_FILENAME', 'FF_GenOpt_results/bf4/parameters.str']
['POPULATION_FILENAME', 'FF_GenOpt_results/bf4/lastPopulation_bf4.txt']
['LOG_FILENAME', 'FF_GenOpt_results/bf4/convergence_bf4.log']
['GENERATIONS', '10000']
['POPULATION_SIZE', '200']
['MUTATIONS_PER_GENERATION', '50']
['STEP_SIZE', '0.05']
['CROSSOVER_BLX', '0.7']
['CROSSOVER_SBX', '0.25']
['CROSSOVER_UNIFORM', '0.05']
['MINIMUM_IMPROVEMENT', '0.0001']
['MINIMUM_DIVERSITY', '0.0001']
['PARAMETER', 'bf4b1', 'bond', '0', '1000', '386.333']
['PARAMETER', 'bf4a1', 'angle', '0', '200', '80.000']

Gen	BestF	MeanF	TEvals	GEvals	REvals	t	t/eval	Delta	Improv	Divers
1	9999999.00	9999999.00	314	113	201	3.50	0.01	0.00	0.00	0.01
Record started: 2022-04-07 15:29:40.223526 (Original fitness from cfg file: 9999999.0)
['EXTERN', 'False']
['MDEXEC', 'python3']
['PSF', 'Molecules/bf4/bf4.psf']
['CRD', 'Molecules/bf4/bf4_new.cor']
['PARAMS', 'Molecules/bf4/toppar.str']
['VARFILE', 'Molecules/bf4/var.prm']
['MDINP', 'Molecules/bf4/freq.py']
['MDOUT', '/dev/shm/bf4opt.log']
['QMOUT', '/site/raid4/andras/sandbox/students/jonathan/bf4_normalmodes.out']
['PARAM_FILENAME', 'FF_GenOpt_results/bf4/parameters.str']
['POPULATION_FILENAME', 'FF_GenOpt_results/bf4/lastPopulation_bf4.txt']
['LOG_FILENAME', 'FF_GenOpt_results/bf4/convergence_bf4.log']
['GENERATIONS', '10000']
['POPULATION_SIZE', '200']
['MUTATIONS_PER_GENERATION', '50']
['STEP_SIZE', '0.05']
['CROSSOVER_BLX', '0.7']
['CROSSOVER_SBX', '0.25']
['CROSSOVER_UNIFORM', '0.05']
['MINIMUM_IMPROVEMENT', '0.0001']
['MINIMUM_DIVERSITY', '0.0001']
['PARAMETER', 'bf4b1', 'bond', '0', '1000', '386.333']
['PARAMETER', 'bf4a1', 'angle', '0', '200', '80.000']

Gen	BestF	MeanF	TEvals	GEvals	REvals	t	t/eval	Delta	Improv	Divers
1	9999999.00	9999999.00	312	111	201	3.93	0.01	0.00	0.00	0.07
Record started: 2022-04-07 15:34:05.357360 (Original fitness from cfg file: 9999999.0)
['EXTERN', 'False']
['MDEXEC', 'python3']
['PSF', 'Molecules/bf4/bf4.psf']
['CRD', 'Molecules/bf4/bf4_new.cor']
['PARAMS', 'Molecules/bf4/toppar.str']
['VARFILE', 'Molecules/bf4/var.prm']
['MDINP', 'Molecules/bf4/freq.py']
['MDOUT', '/dev/shm/bf4opt.log']
['QMOUT', '/site/raid4/andras/sandbox/students/jonathan/bf4_normalmodes.out']
['PARAM_FILENAME', 'FF_GenOpt_results/bf4/parameters.str']
['POPULATION_FILENAME', 'FF_GenOpt_results/bf4/lastPopulation_bf4.txt']
['LOG_FILENAME', 'FF_GenOpt_results/bf4/convergence_bf4.log']
['GENERATIONS', '10000']
['POPULATION_SIZE', '200']
['MUTATIONS_PER_GENERATION', '50']
['STEP_SIZE', '0.05']
['CROSSOVER_BLX', '0.7']
['CROSSOVER_SBX', '0.25']
['CROSSOVER_UNIFORM', '0.05']
['MINIMUM_IMPROVEMENT', '0.0001']
['MINIMUM_DIVERSITY', '0.0001']
['PARAMETER', 'bf4b1', 'bond', '0', '1000', '386.333']
['PARAMETER', 'bf4a1', 'angle', '0', '200', '80.000']

Gen	BestF	MeanF	TEvals	GEvals	REvals	t	t/eval	Delta	Improv	Divers
Record started: 2022-04-07 16:45:39.157462 (Original fitness from cfg file: 471.72302245389255)
['EXTERN', 'False']
['MDEXEC', 'python3']
['PSF', 'Molecules/bf4/bf4.psf']
['CRD', 'Molecules/bf4/bf4_new.cor']
['PARAMS', 'Molecules/bf4/toppar.str']
['VARFILE', 'Molecules/bf4/var.prm']
['MDINP', 'Molecules/bf4/freq.py']
['MDOUT', '/dev/shm/bf4opt.log']
['QMOUT', '/site/raid4/andras/sandbox/students/jonathan/bf4_normalmodes.out']
['PARAM_FILENAME', 'FF_GenOpt_results/bf4/parameters.str']
['POPULATION_FILENAME', 'FF_GenOpt_results/bf4/lastPopulation_bf4.txt']
['LOG_FILENAME', 'FF_GenOpt_results/bf4/convergence_bf4.log']
['GENERATIONS', '10000']
['POPULATION_SIZE', '200']
['MUTATIONS_PER_GENERATION', '50']
['STEP_SIZE', '0.05']
['CROSSOVER_BLX', '0.7']
['CROSSOVER_SBX', '0.25']
['CROSSOVER_UNIFORM', '0.05']
['MINIMUM_IMPROVEMENT', '0.0001']
['MINIMUM_DIVERSITY', '0.0001']
['PARAMETER', 'bf4b1', 'bond', '0', '1000', '386.333']
['PARAMETER', 'bf4a1', 'angle', '0', '200', '80.000']

Gen	BestF	MeanF	TEvals	GEvals	REvals	t	t/eval	Delta	Improv	Divers
1	254.56	416.43	312	111	201	13.82	0.04	7.32	0.02	4233.62
