Record started (SWARM MUTATION): 2021-02-16 16:04:52.673442
Original fitness from cfg file (reference value): 73.63889730339794

Settings:
['MDEXEC', 'charmm']
['MDINP', 'Molecules/hoac/hoac.inp']
['MDOUT', 'Molecules/hoac/tempfiles/opt.log']
['QMOUT', 'Molecules/hoac/hoac.log']
['PARAM_FILENAME', 'Molecules/hoac/tempfiles/parameters.str']
['POPULATION_FILENAME', 'Molecules/hoac/tempfiles/lastPopulation.txt']
['LOG_FILENAME', 'Molecules/hoac/tempfiles/convergence.log']
['LOGGING', '1']
['RUNS', '10000']
['POPULATION_SIZE', '30']
['NEW_GENERATION_SIZE', '10']
['CREATE_INITIAL_POPULATION', '1']
['RECOMPUTE_FITNESS', '0']
['FIRST_FREQ_BIAS', '0']
['MUTATION_B_PROBABILITY', '0.1']
['STEP_SIZE_MULTIPLICATOR', '0.001']
['DIRECTION_DROP', '0.5']
['MINIMUM_IMPROVEMENT', '0.99999']
['PARAMETER', 'hoacb1', 'bond', '0', '1000', '322.00']
['PARAMETER', 'hoacb2', 'bond', '0', '1000', '133.00']
['PARAMETER', 'hoacb3', 'bond', '0', '1000', '730.00']
['PARAMETER', 'hoacb4', 'bond', '0', '1000', '480.40']
['PARAMETER', 'hoacb5', 'bond', '0', '1000', '205.50']
['PARAMETER', 'hoaca1', 'angle', '0', '200', '35.5']
['PARAMETER', 'hoaca2', 'angle', '0', '200', '58.90']
['PARAMETER', 'hoaca3', 'angle', '0', '200', '33.00']
['PARAMETER', 'hoaca4', 'angle', '0', '200', '70.00']
['PARAMETER', 'hoaca5', 'angle', '0', '200', '48.50']
['PARAMETER', 'hoaca6', 'angle', '0', '200', '98.80']
['PARAMETER', 'hoacd1', 'dihedral', '0', '30', '3.760']
['PARAMETER', 'hoacd2', 'dihedral', '0', '30', '1.110']
['PARAMETER', 'hoacd3', 'dihedral', '0', '30', '0.000']
['PARAMETER', 'hoacd4', 'dihedral', '0', '30', '0.000']
['PARAMETER', 'hoaci1', 'torsion', '0', '300', '85.000']

Time,Generation,Fitness
11.557771921157837,1,688.6683026431625
77.66846179962158,2,688.6683026431625
97.62477159500122,3,688.6683026431625
198.6317756175995,4,688.6683026431625
268.81495547294617,5,688.6683026431625
464.12095880508423,6,424.0293141827365
1672.194037437439,7,424.0293141827365
1686.8608508110046,8,424.0293141827365
1699.8449466228485,9,424.0293141827365
2111.38689661026,10,424.0293141827365
2328.7050631046295,11,424.0293141827365
2381.3837611675262,12,399.5853650627173
2664.7885570526123,13,399.5853650627173
2798.5266478061676,14,399.5853650627173
2801.830066919327,15,369.9620939722432
2810.33536529541,16,369.9620939722432
2826.2567586898804,17,369.9620939722432
3003.0898001194,18,369.9620939722432
3059.423301935196,19,369.9620939722432
3074.3727593421936,20,369.9620939722432
3077.477451324463,21,348.99190384692895
3162.4216046333313,22,325.8041464532907
3206.46798992157,23,325.8041464532907
3222.376098394394,24,325.8041464532907
3438.938878297806,25,325.8041464532907
3467.85382437706,26,325.8041464532907
3484.1207048892975,27,325.8041464532907
3487.2645814418793,28,323.76225341828956
3534.2013652324677,29,323.76225341828956
3543.4740097522736,30,323.76225341828956
3546.961494207382,31,306.9566275366497
3557.5593209266663,32,306.9566275366497
3578.089520931244,33,284.1774555490371
3602.7615869045258,34,276.7506820313021
3639.1229903697968,35,276.7506820313021
3654.67791891098,36,276.7506820313021
3674.924792766571,37,276.7506820313021
3690.9077563285828,38,276.7506820313021
3693.6814091205597,39,267.5630235439968
3738.2629404067993,40,267.5630235439968
3883.314197063446,41,267.5630235439968
3947.2662777900696,42,267.5630235439968
3950.571687221527,43,266.84346456472974
3975.3410227298737,44,252.2487767871815
4048.919029712677,45,248.942762742956
4055.524339914322,46,248.942762742956
4241.509030818939,47,248.942762742956
4330.627864360809,48,248.942762742956
4406.001083135605,49,229.3464627906041
4409.0239498615265,50,219.55265871357764
4423.927494287491,51,219.55265871357764
4427.338849544525,52,216.7239592919691
4453.193759202957,53,216.7239592919691
4473.034708023071,54,216.7239592919691
4482.5435655117035,55,216.7239592919691
4507.220284461975,56,216.48199768747867
4510.134560585022,57,215.47686614144104
4536.817407608032,58,210.84665339495768
4607.09449338913,59,207.80716979378533
4618.776525974274,60,207.80716979378533
4662.762385368347,61,207.80716979378533
4672.017496109009,62,207.80716979378533
4679.6731107234955,63,207.80716979378533
4686.995762586594,64,207.80716979378533
4690.167013883591,65,204.37058642516877
4693.5719792842865,66,203.69160386781766
4736.787338972092,67,186.13180298510073
4840.004781484604,68,186.13180298510073
4865.344668865204,69,186.13180298510073
5010.901233673096,70,186.13180298510073
5026.710458755493,71,186.13180298510073
5140.884612321854,72,186.13180298510073
5149.494795322418,73,186.13180298510073
5266.682389497757,74,174.42643877038861
5276.165712118149,75,174.42643877038861
5288.008960485458,76,174.42643877038861
5397.828869104385,77,174.42643877038861
5470.692665100098,78,169.78940357244187
5494.200369596481,79,169.78940357244187
5507.727337598801,80,169.78940357244187
5515.182732820511,81,169.78940357244187
5518.577893972397,82,167.4367856922379
5521.780294418335,83,163.9495069170715
5524.836895704269,84,159.65359555550845
5535.074841737747,85,159.65359555550845
5547.817775011063,86,159.65359555550845
5578.5768847465515,87,159.65359555550845
5595.814669132233,88,159.65359555550845
5615.3884909152985,89,159.65359555550845
5647.500948429108,90,159.65359555550845
5658.135621070862,91,159.65359555550845
5678.46631526947,92,156.84533431119425
5795.8824207782745,93,156.84533431119425
5809.570335626602,94,155.16714696096156
5819.474436283112,95,155.16714696096156
5822.746011734009,96,155.1182400228454
5841.340837717056,97,155.1182400228454
5885.102506875992,98,154.15369601396546
5892.919553041458,99,154.15369601396546
5896.191836595535,100,153.48213883547868
5943.192582130432,101,153.10417200359032
5949.7766144275665,102,153.10417200359032
5959.731866598129,103,153.03347480254982
5967.993143796921,104,151.46924857652485
6025.060809850693,105,151.46924857652485
6127.174217700958,106,146.71034791562775
6143.837207794189,107,146.71034791562775
6153.700863838196,108,146.71034791562775
6161.001311779022,109,146.71034791562775
6190.695143938065,110,146.71034791562775
6200.406651973724,111,145.77901929112534
6252.845191717148,112,145.77901929112534
6266.961989164352,113,145.77901929112534
6283.171529054642,114,145.77901929112534
6326.668253183365,115,145.77901929112534
6334.3138172626495,116,145.77901929112534
6359.300633430481,117,145.77901929112534
6369.923902750015,118,145.77901929112534
6382.720088720322,119,145.77901929112534
6386.0036063194275,120,145.1590922382804
6394.354336738586,121,145.1590922382804
6397.753665924072,122,144.83638016632847
6400.880341529846,123,144.60453825419265
6403.985764741898,124,143.35364538469307
6414.41220831871,125,143.35364538469307
6422.1295692920685,126,143.35364538469307
6447.866496086121,127,141.68451876767654
6455.998438119888,128,141.68451876767654
6468.10985159874,129,141.68451876767654
6498.191652297974,130,140.27093632746613
6509.16005396843,131,140.27093632746613
6616.67796087265,132,140.03775555985462
6635.579590797424,133,138.29591531967455
6704.641029596329,134,138.29591531967455
6707.64173412323,135,134.2565406936196
6719.347838640213,136,132.69628976969574
6731.119443178177,137,132.69628976969574
6739.835950374603,138,132.69628976969574
6752.0051012039185,139,132.69628976969574
6777.617370128632,140,132.69628976969574
6798.04224729538,141,132.69628976969574
6839.796410083771,142,132.69628976969574
6842.59375,143,132.65569793536972
6892.574186563492,144,131.6555331966562
6936.951563358307,145,131.6555331966562
6949.46338224411,146,131.6555331966562
6974.458307504654,147,131.6555331966562
6982.361880540848,148,131.6555331966562
6985.646144628525,149,128.47332236533293
7015.102055072784,150,128.47332236533293
7024.077399492264,151,128.47332236533293
7032.955887556076,152,128.47332236533293
7048.35035777092,153,128.47332236533293
7051.900348901749,154,128.27044821817077
7059.603325128555,155,128.27044821817077
7067.3133199214935,156,128.27044821817077
7070.34045290947,157,127.65924917193155
7084.14394235611,158,127.65924917193155
7087.18815612793,159,127.56416573276168
7096.3107380867,160,126.54909065562659
7099.556166172028,161,126.52244780051153
7110.646248579025,162,126.52244780051153
7124.7340478897095,163,126.52244780051153
7128.045614719391,164,126.16558485920297
7144.482462406158,165,123.95490149237283
7156.099253416061,166,123.95490149237283
7164.241675615311,167,123.95490149237283
7237.132498264313,168,123.95490149237283
7443.463706970215,169,103.53865950994944
7454.073659896851,170,103.53865950994944
7970.203286409378,171,103.53865950994944
8027.261724472046,172,103.53865950994944
8036.117099761963,173,103.2815308795355
8043.166576623917,174,103.2815308795355
8051.623328447342,175,103.2815308795355
8069.9313106536865,176,103.2815308795355
8102.037878513336,177,103.2815308795355
8105.3864686489105,178,99.17423754075723
8128.890109777451,179,99.17423754075723
8140.732556343079,180,99.17423754075723
8151.80633854866,181,99.17423754075723
8188.820718288422,182,99.17423754075723
8191.878289461136,183,91.04798174541233
8262.677917480469,184,91.04798174541233
8279.801456689835,185,91.04798174541233
8283.096444368362,186,90.36691453632461
8295.461072683334,187,90.36691453632461
8326.470442295074,188,88.11099151299909
8335.721988677979,189,88.11099151299909
8350.309201955795,190,88.11099151299909
8357.74584364891,191,88.11099151299909
8365.996689796448,192,88.11099151299909
8375.166236639023,193,88.11099151299909
8400.498333215714,194,84.46815434640821
8420.639949798584,195,84.46815434640821
8945.405359506607,196,84.38486271979137
8956.499898910522,197,84.38486271979137
8973.498218297958,198,84.38486271979137
8988.536400318146,199,84.38486271979137
9006.988269329071,200,84.38486271979137
9019.836208820343,201,84.38486271979137
9034.575023412704,202,80.42903166465945
9059.225385427475,203,79.37764235145781
9071.585330963135,204,79.37764235145781
9112.217359304428,205,79.37764235145781
9123.131622314453,206,79.37764235145781
9126.703517198563,207,78.29288416063814
9138.503009557724,208,78.29288416063814
9242.678612470627,209,78.29288416063814
9253.773396015167,210,78.29288416063814
9266.153887033463,211,78.29288416063814
9285.164459466934,212,75.938955246283
9298.33031630516,213,75.938955246283
9307.265878915787,214,75.938955246283
9319.756025791168,215,75.938955246283
9394.722013950348,216,75.938955246283
9407.416001319885,217,75.938955246283
9428.239385843277,218,75.938955246283
9431.608469486237,219,75.49385561197526
9442.247075080872,220,75.49385561197526
9457.21211385727,221,73.36246375016283
9460.822366476059,222,72.75033311139315
9470.533195018768,223,72.75033311139315
9481.865187168121,224,72.75033311139315
9491.496077299118,225,72.75033311139315
9527.402891397476,226,72.75033311139315
9530.947095155716,227,72.28750189342608
9542.625630617142,228,72.28750189342608
9583.821142435074,229,70.89329883856743
9599.534229040146,230,70.89329883856743
9721.163727760315,231,70.89329883856743
9748.140318870544,232,70.89329883856743
9756.683170080185,233,70.89329883856743
9760.096363067627,234,70.67522115471759
9787.339735269547,235,70.67522115471759
9790.484677553177,236,70.30081592978779
9809.181921243668,237,67.40786752539081
9829.03056049347,238,67.40786752539081
9841.152660131454,239,67.40786752539081
9853.209530591965,240,67.40786752539081
9864.977220535278,241,67.40786752539081
9877.636994838715,242,67.40786752539081
9911.738945484161,243,67.40786752539081
9920.35200881958,244,67.16720485598155
9923.289757966995,245,67.00303682877798
9931.244448900223,246,67.00303682877798
9939.586018323898,247,65.95147282392237
9960.64313673973,248,64.29955707390661
10144.509089231491,249,64.29600105764936
10155.275595903397,250,64.29600105764936
10158.608058452606,251,63.43309964374807
10185.672377586365,252,63.43309964374807
10193.521821975708,253,63.43309964374807
10208.426626205444,254,63.43309964374807
10221.488882303238,255,63.43309964374807
10300.69957113266,256,63.43309964374807
10303.929417133331,257,63.2275375903909
10314.002990484238,258,63.2275375903909
10321.834225416183,259,63.2275375903909
10334.107435703278,260,63.2275375903909
10337.077698469162,261,62.75864679324013
10352.70292019844,262,62.75864679324013
10360.892211437225,263,62.75864679324013
10364.549584388733,264,62.56938516515474
10381.70136976242,265,62.56938516515474
10384.710691452026,266,62.26253658734814
10392.648717880249,267,62.26253658734814
10404.621027231216,268,61.9918529407617
10415.257132291794,269,61.9918529407617
10418.66012430191,270,61.78452326488173
10428.729447603226,271,61.78452326488173
10440.00120639801,272,60.55406330598262
10447.055175304413,273,60.55406330598262
10455.678088188171,274,60.55406330598262
10464.346263170242,275,60.55406330598262
10472.668534040451,276,60.55406330598262
10480.497819900513,277,60.55406330598262
10500.45952630043,278,60.55406330598262
10516.535189151764,279,60.55406330598262
10533.107919931412,280,60.55406330598262
10547.092289209366,281,60.55406330598262
10571.644909143448,282,38.71255977353409
10582.087388277054,283,38.71255977353409
10591.62360572815,284,38.71255977353409
10631.711061954498,285,38.71255977353409
10640.717834711075,286,38.71255977353409
10648.943702220917,287,38.71255977353409
10659.340926408768,288,38.66534435891713
10672.699546813965,289,38.66534435891713
10687.099113702774,290,38.66534435891713
10697.339181900024,291,38.66534435891713
10711.69613313675,292,38.66534435891713
10719.433092594147,293,38.66534435891713
10727.154275894165,294,38.66534435891713
10740.636678218842,295,38.66534435891713
10749.747915029526,296,38.66534435891713
10753.411682128906,297,38.08677693545876
10763.953310489655,298,38.011599096155955
10773.450501918793,299,38.011599096155955
10783.293674945831,300,37.74689378652592
10793.413660049438,301,37.74689378652592
10801.667289733887,302,37.74689378652592
10804.969101905823,303,37.62187252811741
10826.929400205612,304,37.62187252811741
10838.72775220871,305,37.62187252811741
10841.949095249176,306,37.47902094203879
10861.019045352936,307,37.327957891767106
10872.249060869217,308,37.327957891767106
10883.25561952591,309,37.327957891767106
10896.426800251007,310,37.14352621857927
10903.957394123077,311,37.14352621857927
10907.188936710358,312,37.10617177737761
10919.12054514885,313,36.46995942632849
10927.474030256271,314,36.46995942632849
11026.602432012558,315,36.264753250703734
11051.110638856888,316,36.264753250703734
11096.985864400864,317,36.264753250703734
11099.893514633179,318,35.555467554543995
11108.123857975006,319,35.555467554543995
11121.701437950134,320,34.16190450547934
11143.459075212479,321,34.16190450547934
11150.635234832764,322,34.16190450547934
11203.865404605865,323,34.16190450547934
11217.64084148407,324,34.16190450547934
11244.854036569595,325,34.16190450547934
11254.43869805336,326,34.16190450547934
11264.110399961472,327,33.998973457083544
11279.576937437057,328,33.998973457083544
11289.226436138153,329,33.998973457083544
11292.471695661545,330,33.90670516539367
11300.73231101036,331,33.83321965943344
11304.2821393013,332,33.311798028429884
11322.347088336945,333,33.30053885688102
11325.63323378563,334,33.072290320283315
11332.600217103958,335,33.072290320283315
11341.757773399353,336,32.99369200725901
11357.253957271576,337,32.59918070881019
11360.663705348969,338,32.463433812312786
11363.754508256912,339,32.44796062085064
11371.909110307693,340,32.44365213036599
11380.987520456314,341,32.44365213036599
11390.046379327774,342,32.40152601127805
11401.711929798126,343,32.40152601127805
11428.268197536469,344,32.40152601127805
11431.745305538177,345,32.312522160603486
11435.2944521904,346,32.12288089810287
11607.06847333908,347,31.460990393306144
11618.651716947556,348,31.460990393306144
11629.142472028732,349,31.460990393306144
11639.68562078476,350,31.460990393306144
11654.746284484863,351,31.460990393306144
11663.75441288948,352,31.460990393306144
11667.19795370102,353,31.417767738241075
11737.913916110992,354,31.417767738241075
11759.109968423843,355,31.417767738241075
11770.998614788055,356,31.417767738241075
11783.140810012817,357,31.417767738241075
11786.520545005798,358,31.412197606678287
11796.990059614182,359,31.37077151418381
11810.754674911499,360,31.37077151418381
11822.577980995178,361,31.37077151418381
11836.81856417656,362,31.37077151418381
11840.282195806503,363,31.365595325622
11854.246598482132,364,31.339681268940822
11857.770790815353,365,31.311913644825424
11870.71190404892,366,31.287281852275214
11881.569127082825,367,31.287281852275214
11893.11447930336,368,31.248560408604618
11922.206798315048,369,31.210132238976062
11931.755279064178,370,31.15798057603332
11954.76813340187,371,31.15798057603332
12001.58684706688,372,31.15798057603332
12010.934151172638,373,31.011486700706705
12018.056302070618,374,31.011486700706705
12055.722200870514,375,30.985176606569258
12063.599967956543,376,30.95161174242367
12073.820891618729,377,30.95161174242367
12077.229709625244,378,30.934125331985776
12086.91284251213,379,30.934125331985776
12094.486106157303,380,30.934125331985776
12125.029556751251,381,30.501284425875713
12134.96336555481,382,30.501284425875713
12144.205431461334,383,30.501284425875713
12156.52106308937,384,30.501284425875713
12169.695836305618,385,30.501284425875713
12178.984622716904,386,30.501284425875713
12198.49567747116,387,30.40193341942313
12218.5662484169,388,30.40193341942313
12231.095569133759,389,30.40193341942313
12245.513751983643,390,30.401345062812446
12254.42573928833,391,30.401193059164072
12257.689420938492,392,30.18522721450659
12269.991667032242,393,30.18522721450659
12280.392141819,394,30.18522721450659
12295.265404224396,395,30.18522721450659
12304.082136631012,396,30.18522721450659
12332.268963336945,397,30.18522721450659
12345.66870522499,398,30.178861557706675
12354.682851076126,399,30.178861557706675
12373.064164161682,400,30.145114319351933
12386.175175905228,401,30.111238184727696
12389.67393708229,402,30.080267253531805
12401.51014304161,403,30.080267253531805
12412.210555791855,404,30.080267253531805
12422.747995376587,405,30.02304144001715
12430.957570075989,406,30.02304144001715
12445.038115024567,407,29.987603061942867
12477.962636470795,408,29.987603061942867
12496.262254476547,409,29.979407010879005
12508.42634344101,410,29.961918662145827
12518.353203296661,411,29.961918662145827
12530.191517591476,412,29.9255426795745
12532.776093482971,413,29.918068728708274
12540.55954527855,414,29.918068728708274
12552.276692390442,415,29.902327536659847
12564.655440092087,416,29.902327536659847
12578.481040000916,417,29.82895040679418
12590.647631406784,418,29.82895040679418
12602.64596915245,419,29.82895040679418
12606.055742740631,420,29.745097241800426
12626.703823566437,421,29.73414236876316
12639.991325616837,422,29.67570138626236
12657.269279241562,423,29.462637602540156
12666.992364168167,424,29.462637602540156
12677.931109666824,425,29.462637602540156
12681.273361206055,426,29.437312665141658
12690.564167261124,427,29.437312665141658
12699.632009983063,428,29.437312665141658
12749.966924190521,429,29.283623059687223
12765.850038051605,430,29.26511126930676
12781.236414670944,431,29.26511126930676
12791.120439052582,432,29.26511126930676
12817.366746902466,433,29.26511126930676
12828.529656648636,434,29.209651292558988
12839.330491781235,435,29.188146653148802
12856.149122714996,436,29.174537506593033
12859.183063268661,437,29.159496172559013
12868.200143575668,438,29.159496172559013
12883.453088760376,439,29.10954665289861
12900.44594168663,440,29.10954665289861
12903.649208307266,441,29.07394678777046
12906.937950849533,442,29.073562140668294
12918.20096874237,443,29.06276142781896
12920.762738704681,444,29.029318815853802
12938.36148762703,445,28.970329940291727
12947.37051486969,446,28.970329940291727
12950.751629114151,447,28.96338828714825
12966.14244222641,448,28.96338828714825
12978.490563869476,449,28.88487568976763
12991.419727802277,450,28.88487568976763
12994.89751958847,451,28.86619381481349
13010.00292301178,452,28.788371174583556
13022.5433011055,453,28.788371174583556
13033.09161567688,454,28.788371174583556
13047.991441726685,455,28.788371174583556
13051.369176626205,456,28.765753890136345
13061.876955986023,457,28.765753890136345
13076.687447071075,458,28.754915807758394
13080.027315378189,459,28.71770217224342
13095.02108001709,460,28.706172590195838
13112.70158624649,461,28.667433932974355
13135.785693645477,462,28.667433932974355
13138.89841389656,463,28.60321656302147
13151.056100845337,464,28.60321656302147
13154.07425403595,465,28.591667264894298
13165.737139701843,466,28.570620980819573
13181.339430570602,467,28.570620980819573
13194.71899485588,468,28.570620980819573
13214.315825462341,469,28.570620980819573
13217.978815555573,470,28.570506316370167
13230.242858171463,471,28.530171454657857
13239.670458078384,472,28.51446383045703
13254.781182527542,473,28.387511550944982
13262.457369327545,474,28.387511550944982
13265.79046869278,475,28.290892039478077
13292.320396184921,476,28.290892039478077
13306.24402475357,477,28.290892039478077
13323.56212568283,478,28.290892039478077
13339.86763215065,479,28.290892039478077
13353.49326992035,480,28.290892039478077
13361.625918388367,481,28.290892039478077
13381.391788482666,482,28.290892039478077
13393.98309135437,483,28.290892039478077
13401.842443704605,484,28.290892039478077
13411.904737472534,485,28.290892039478077
13424.176502227783,486,28.290892039478077
13427.247368097305,487,28.290396194481087
13430.590995788574,488,28.190312052832645
13454.000552415848,489,28.190312052832645
13464.776923418045,490,28.15906926048641
13486.838891744614,491,28.15906926048641
13508.678340911865,492,28.15906926048641
13525.982659578323,493,28.103717200966084
13534.775609731674,494,28.103717200966084
13567.303706169128,495,28.103717200966084
13594.47190117836,496,28.10292321390735
13606.062733888626,497,28.10292321390735
13628.206082344055,498,28.097959839544973
13641.671235084534,499,28.097959839544973
13661.472676753998,500,28.0616603021308
13679.283673524857,501,28.0616603021308
13691.777797698975,502,28.0613983660084
13700.200173854828,503,28.059464069835446
13719.59541940689,504,28.012441327531484
13734.452973365784,505,27.946029219916564
13747.610371351242,506,27.946029219916564
13766.41975736618,507,27.946029219916564
13783.28758430481,508,27.946029219916564
13809.548869609833,509,27.940615392471813
13828.374413967133,510,27.940615392471813
13846.816639661789,511,27.940615392471813
13864.112773418427,512,27.940615392471813
13872.912070989609,513,27.922839595780292
13883.595992326736,514,27.8853707892173
13905.246253490448,515,27.8853707892173
13922.2768638134,516,27.8853707892173
13939.141497850418,517,27.852944472711872
13968.641497135162,518,27.85076969300583
13992.485122203827,519,27.85076969300583
14011.057250738144,520,27.85076969300583
14024.474633932114,521,27.85076969300583
14048.677290916443,522,27.837736624431702
14068.504723072052,523,27.834815388731265
14089.648245811462,524,27.798646922540375
14103.034260988235,525,27.798646922540375
14120.186870098114,526,27.774039604942477
14131.507763624191,527,27.774039604942477
14161.475853443146,528,27.774039604942477
14188.388296604156,529,27.758785268007976
14255.105525493622,530,27.5854138136316
14280.911771297455,531,27.5854138136316
14329.66918182373,532,26.859748703766872
14350.387505292892,533,26.859748703766872
14383.5981631279,534,26.670263736958045
14409.046174287796,535,26.670263736958045
14420.495501279831,536,26.670263736958045
14432.921644687653,537,26.670263736958045
14443.763665676117,538,26.670263736958045
14453.472760438919,539,26.670263736958045
14465.633997917175,540,26.670263736958045
14485.380207538605,541,26.670263736958045
14501.244562387466,542,26.601455822337684
14504.646071195602,543,26.576425491517377
14520.149768352509,544,26.576425491517377
14531.97779583931,545,26.561250039964637
14535.035671710968,546,26.550105844298223
14538.367702007294,547,26.536948655356618
14541.67545056343,548,26.49255826833564
14560.629469633102,549,26.49255826833564
14576.49330496788,550,26.49255826833564
14597.517594575882,551,26.4533778423478
14614.792140722275,552,26.4533778423478
14625.514449596405,553,26.4533778423478
14640.0976729393,554,26.4533778423478
14643.161262989044,555,26.450071604465045
14646.678639173508,556,26.45002982679566
14670.856976270676,557,26.429865190551897
14685.154193878174,558,26.412532898184647
14703.485183477402,559,26.396795335656844
14710.60850930214,560,26.396795335656844
14730.116074800491,561,26.381500212027646
14733.249008655548,562,26.3679105633264
14749.757236003876,563,26.358769607738072
14782.123331785202,564,26.358769607738072
14814.315983057022,565,26.34605772402514
14824.119518518448,566,26.34453436654841
14842.376272678375,567,26.340139303370137
14854.17382144928,568,26.281146208168007
14857.366035699844,569,26.275392084245944
14871.101668596268,570,26.275392084245944
14883.02518081665,571,26.275392084245944
14905.280447483063,572,26.275392084245944
14925.579229354858,573,26.275392084245944
14939.664216279984,574,26.275392084245944
14957.997173547745,575,26.26427922338461
14960.907185316086,576,26.200835961806845
14977.971475362778,577,26.200835961806845
14997.826211214066,578,26.200835961806845
15018.004625558853,579,26.200835961806845
15028.570134878159,580,26.200835961806845
15042.38686966896,581,26.200835961806845
15060.893451213837,582,26.17465318486917
15083.33462357521,583,26.17465318486917
15086.82896900177,584,26.133826935089402
15095.768439769745,585,26.133826935089402
15107.245071649551,586,26.0973546352393
15127.051893949509,587,26.0973546352393
15144.28271818161,588,26.064950860452562
15167.142363786697,589,26.064950860452562
15184.258000612259,590,26.064950860452562
15199.701771497726,591,26.04460703388846
15231.208071947098,592,25.996266004235604
15253.906065225601,593,25.996266004235604
15272.158431053162,594,25.996266004235604
15288.011746644974,595,25.996266004235604
15321.604054927826,596,25.996266004235604
15334.517369031906,597,25.996266004235604
15382.670607328415,598,25.996266004235604
15421.534804344177,599,25.958900499956112
15436.090836763382,600,25.952900674909795
15455.997869253159,601,25.952900674909795
15481.914662361145,602,25.931684535793263
15518.016384124756,603,25.931684535793263
15527.147261619568,604,25.931684535793263
15541.111859798431,605,25.896510847027574
15544.450552463531,606,25.85576003038036
15558.43190741539,607,25.80880637732804
15569.945200681686,608,25.77005391440355
15584.86733007431,609,25.77005391440355
15601.008977651596,610,25.77005391440355
15615.623126268387,611,25.77005391440355
15630.022101163864,612,25.77005391440355
15643.646342515945,613,25.748160666922967
15655.085309267044,614,25.748160666922967
15677.147970676422,615,25.748160666922967
15690.280124664307,616,25.721997133884155
15693.3149061203,617,25.703022081286697
15707.975827217102,618,25.703022081286697
15721.266710042953,619,25.698208204631626
15743.306115150452,620,25.67945016062389
15759.256219387054,621,25.67945016062389
15762.23258638382,622,25.667099760048163
15771.89723110199,623,25.545616986522088
15794.001907587051,624,25.545616986522088
15824.8265914917,625,25.545616986522088
15842.9633603096,626,25.545616986522088
15860.115488529205,627,25.545616986522088
15871.163452148438,628,25.545616986522088
15892.273313760757,629,25.545616986522088
15918.130708694458,630,25.545616986522088
15940.594032287598,631,25.545616986522088
15963.20459651947,632,25.545616986522088
15999.173215866089,633,25.545616986522088
16010.319464683533,634,25.545616986522088
16032.981021165848,635,25.53197644447824
16049.26757144928,636,25.53197644447824
16074.570629358292,637,25.523073582741436
16089.859421491623,638,25.523073582741436
16121.24814248085,639,25.523073582741436
16133.339165687561,640,25.523073582741436
16136.611738920212,641,25.519595587552974
16153.187589406967,642,25.519595587552974
16173.592764616013,643,25.519595587552974
16176.32188630104,644,25.516080207714467
16192.44795203209,645,25.514230277752656
16195.943566322327,646,25.51384913180961
16227.922222614288,647,25.51384913180961
16239.739524841309,648,25.51384913180961
16266.129400730133,649,25.49966516293433
16288.109432697296,650,25.49966516293433
16314.306159257889,651,25.49966516293433
16344.950480222702,652,25.48061012106685
16374.244154453278,653,25.48061012106685
16385.635717868805,654,25.48061012106685
16426.021333694458,655,25.47149477669806
16459.696445703506,656,25.45957690897161
16487.168582201004,657,25.430203250434552
16509.186067581177,658,25.42208833419735
16528.048299074173,659,25.42208833419735
16557.087934732437,660,25.41989718002122
16588.568236351013,661,25.417085822719038
16604.874625444412,662,25.38058632377325
16619.13947749138,663,25.38058632377325
16637.973865032196,664,25.38058632377325
16651.593895196915,665,25.38058632377325
16665.14651608467,666,25.37146996964602
16679.6441283226,667,25.36212842771711
16692.242157697678,668,25.313656284570797
16702.81105184555,669,25.313656284570797
16732.722079753876,670,25.313656284570797
16751.664928913116,671,25.31138336925082
16769.050461769104,672,25.31138336925082
16772.38085913658,673,25.30479283422982
16791.985039711,674,25.30479283422982
16810.340755701065,675,25.30479283422982
16813.147901058197,676,25.300801589931943
16848.467590093613,677,25.297396826005922
16886.082070350647,678,25.286562191624352
16908.93983244896,679,25.28609928552269
16912.29534125328,680,25.281332446032163
16928.38786959648,681,25.281332446032163
16931.28418111801,682,25.280360333357077
16942.719245910645,683,25.268627948295055
16946.202605724335,684,25.267390823433065
16975.08495283127,685,25.264803189574092
17006.462829351425,686,25.253993241504617
17009.577264547348,687,25.24495776419053
17049.460844516754,688,25.23371348664916
17067.243635177612,689,25.23371348664916
17087.128083705902,690,25.23371348664916
17120.549488067627,691,25.214792064403827
17145.988210439682,692,25.174976537990634
17162.772215366364,693,25.174976537990634
17184.493431568146,694,25.174976537990634
17192.45545744896,695,25.174976537990634
17216.669160604477,696,25.174976537990634
17240.93542575836,697,25.174976537990634
17266.632418632507,698,25.174976537990634
17306.96542239189,699,25.174976537990634
17340.077889442444,700,25.174976537990634
17385.787110328674,701,25.174976537990634
17424.574460744858,702,25.174976537990634
17457.93465089798,703,25.17095582034887
17496.985879421234,704,25.17095582034887
17539.295936346054,705,25.17095582034887
17573.230988025665,706,25.08816520728405
17613.383479833603,707,25.08816520728405
17623.81408047676,708,25.08816520728405
17662.394144773483,709,25.08816520728405
17702.45636153221,710,25.086096667908038
17737.62621307373,711,25.086096667908038
17761.12765455246,712,25.086096667908038
17776.377738952637,713,25.086096667908038
17806.39867568016,714,25.085894824687948
17850.297343969345,715,25.085894824687948
17875.6313457489,716,25.085894824687948
17878.91451692581,717,25.067746084127442
17905.439270734787,718,25.066111121646852
17924.457815647125,719,25.066111121646852
17933.110283613205,720,25.066111121646852
17964.44331049919,721,25.062058505945593
17983.780878305435,722,25.062058505945593
17996.13404726982,723,25.062058505945593
18006.54440665245,724,25.061569583949396
18009.890743732452,725,25.06025435973706
18021.39298605919,726,25.05022270972988
18029.50077176094,727,24.98110889987719
18038.243695259094,728,24.882333117094266
18072.255747795105,729,24.864316025163983
18108.336936235428,730,24.864316025163983
18144.146435260773,731,24.864316025163983
18159.853956222534,732,24.864316025163983
18177.306334018707,733,24.86357404036106
18189.498391866684,734,24.86357404036106
18236.409846544266,735,24.86357404036106
18249.68454527855,736,24.851861875892666
18282.865660429,737,24.851861875892666
18291.141626119614,738,24.851861875892666
18309.924785137177,739,24.834481992752515
18336.712074041367,740,24.834481992752515
18339.983392953873,741,24.82411521529258
18357.86726498604,742,24.82411521529258
18361.027221679688,743,24.805492200665217
18402.917516231537,744,24.80024068209735
18435.239723205566,745,24.80024068209735
18475.00705742836,746,24.80024068209735
18505.69369339943,747,24.80024068209735
18547.55885362625,748,24.80024068209735
18563.28633236885,749,24.80024068209735
18605.061138629913,750,24.80024068209735
18643.2299785614,751,24.80024068209735
18685.55912923813,752,24.798284846155696
18711.346621990204,753,24.795346763567757
18755.190815210342,754,24.790696391523337
18793.64501142502,755,24.790696391523337
18833.6941511631,756,24.790696391523337
18874.456340312958,757,24.790696391523337
18909.661495685577,758,24.786964517549784
18953.229237556458,759,24.786964517549784
18956.219851970673,760,24.783586764001573
18959.68074274063,761,24.78295712957103
18969.12316250801,762,24.76865397343027
18997.86664199829,763,24.76865397343027
19033.915246486664,764,24.76865397343027
19077.005835294724,765,24.760166507073713
19120.037043571472,766,24.760166507073713
19158.718403577805,767,24.75824074927599
19198.975826501846,768,24.75824074927599
19231.25532436371,769,24.74504550059397
19249.90047287941,770,24.744293552544658
19267.951678991318,771,24.744293552544658
19307.575644254684,772,24.744293552544658
19335.109880924225,773,24.742922065370276
19363.191569328308,774,24.742922065370276
19392.578122377396,775,24.74061159978505
19395.505511283875,776,24.739885900402108
19439.384378910065,777,24.739885900402108
19461.140217781067,778,24.73660150412159
19501.853414297104,779,24.73660150412159
19545.213499307632,780,24.73660150412159
19585.404450178146,781,24.73660150412159
19623.492894411087,782,24.73660150412159
19652.481024742126,783,24.733971899761215
19692.196069955826,784,24.727759434136757
19717.099267959595,785,24.70216046098683
19758.22197341919,786,24.70216046098683
19796.800437927246,787,24.70216046098683
19836.146513462067,788,24.70216046098683
19880.00415945053,789,24.70216046098683
19896.191059589386,790,24.697531716303903
19908.19005870819,791,24.697531716303903
19920.423085689545,792,24.696570489464357
19946.62480187416,793,24.692920548153797
19965.482010126114,794,24.692920548153797
20007.3649661541,795,24.692920548153797
20010.60607099533,796,24.69207846650997
20013.914255142212,797,24.687659031781102
20040.34162712097,798,24.687659031781102
20085.249179840088,799,24.687659031781102
20117.28441095352,800,24.687659031781102
20160.441730976105,801,24.687659031781102
20163.88561439514,802,24.68445454799319
20167.21865797043,803,24.68108165836148
20208.697623968124,804,24.68092662740677
20234.72744011879,805,24.68092662740677
20237.95618224144,806,24.677635542718335
20278.955030441284,807,24.677635542718335
20319.645975589752,808,24.677635542718335
20353.286224365234,809,24.677635542718335
20393.845724582672,810,24.677635542718335
20407.63712286949,811,24.677635542718335
20446.75381088257,812,24.677533725391175
20486.390711069107,813,24.676142418753095
20526.797350406647,814,24.67213844783418
20566.868945121765,815,24.67213844783418
20605.470338344574,816,24.67213844783418
20642.871018648148,817,24.67213844783418
20680.037082195282,818,24.67213844783418
20721.760409593582,819,24.67213844783418
20762.442894935608,820,24.663607796433094
20800.755346775055,821,24.663607796433094
20844.095321416855,822,24.663607796433094
20885.264209270477,823,24.663607796433094
20925.3091609478,824,24.663607796433094
20968.064511537552,825,24.663607796433094
21007.90147805214,826,24.663607796433094
21033.524496793747,827,24.663607796433094
21065.37586927414,828,24.661176283497447
21106.124011039734,829,24.661176283497447
21147.87908554077,830,24.661176283497447
21185.22806596756,831,24.648819598028574
21226.55899834633,832,24.648819598028574
21230.141713142395,833,24.648558842631434
21270.141137361526,834,24.648558842631434
21291.237693071365,835,24.646981167542773
21333.016166448593,836,24.646981167542773
21374.925520420074,837,24.646981167542773
21414.059639930725,838,24.646981167542773
21453.389488697052,839,24.646981167542773
21492.110677480698,840,24.646981167542773
21531.30682349205,841,24.646981167542773
21570.890184402466,842,24.646981167542773
21615.99906206131,843,24.646981167542773
21658.760050296783,844,24.625870960281965
21698.521776914597,845,24.625870960281965
21740.91729068756,846,24.625870960281965
21779.249393701553,847,24.625870960281965
21819.43792295456,848,24.625870960281965
21860.487010478973,849,24.625870960281965
21900.53964471817,850,24.625870960281965
21939.878711938858,851,24.625870960281965
21983.368141651154,852,24.625870960281965
22020.63024377823,853,24.624188277777343
22064.48109459877,854,24.61394081997641
22093.40458893776,855,24.61394081997641
22119.762954473495,856,24.61394081997641
22145.395352840424,857,24.61394081997641
22186.54914188385,858,24.61394081997641
22189.62913775444,859,24.60886426188237
22233.230919361115,860,24.605497146383755
22273.693462848663,861,24.58275186624972
22304.970848321915,862,24.58275186624972
22346.323447942734,863,24.58275186624972
22389.744283676147,864,24.58275186624972
22430.596149683,865,24.580483541383543
22471.542471170425,866,24.580483541383543
22516.467519283295,867,24.580483541383543
22558.123321056366,868,24.580483541383543
22575.387427330017,869,24.580483541383543
22614.23113179207,870,24.57401858291929
22658.121446609497,871,24.57401858291929
22700.20059466362,872,24.57401858291929
22741.111365556717,873,24.57401858291929
22785.361926794052,874,24.57401858291929
22788.76965904236,875,24.572618113308234
22832.546131134033,876,24.56685772406212
22873.66174674034,877,24.56685772406212
22916.821358919144,878,24.557331641716008
22960.438688755035,879,24.557331641716008
22963.287771224976,880,24.55624761876825
22966.651815891266,881,24.549501839144778
23005.55886745453,882,24.549501839144778
23048.842411756516,883,24.549501839144778
23075.690012454987,884,24.549501839144778
23079.004324913025,885,24.544964965457382
23123.555374860764,886,24.544964965457382
23169.94666004181,887,24.54221448481168
23205.553714990616,888,24.54221448481168
23226.348608255386,889,24.537972266611355
23262.087617874146,890,24.53320135395646
23283.47403883934,891,24.53320135395646
23295.986420869827,892,24.53320135395646
23333.430300951004,893,24.53320135395646
23380.0246655941,894,24.530426355479058
23418.197021961212,895,24.52686815773553
23447.153187036514,896,24.52686815773553
23484.100327968597,897,24.52686815773553
23524.203444719315,898,24.52686815773553
23567.42077946663,899,24.523555804621946
23612.3314037323,900,24.523555804621946
23656.366335630417,901,24.512581167797812
23695.313855409622,902,24.51008717750204
23739.232694864273,903,24.50946507415977
23742.835980415344,904,24.506773975156516
23781.3651573658,905,24.506773975156516
23784.967448472977,906,24.50461334549203
23788.094440698624,907,24.502227652087637
23830.893731355667,908,24.498209671879145
23872.37236738205,909,24.49420754931421
23912.338970661163,910,24.49420754931421
23951.447415590286,911,24.49420754931421
23992.61880517006,912,24.49420754931421
24035.691395282745,913,24.49420754931421
24073.975444316864,914,24.49365847946834
24115.280024766922,915,24.49365847946834
24156.209054231644,916,24.49365847946834
24195.141483783722,917,24.49365847946834
24238.971526384354,918,24.492779129558638
24282.559933900833,919,24.492779129558638
24323.278811454773,920,24.492779129558638
24363.124220609665,921,24.489039975710334
24402.127461910248,922,24.489039975710334
24432.63121533394,923,24.489039975710334
24472.717307567596,924,24.489039975710334
24475.829213142395,925,24.487851583712736
24515.892871141434,926,24.487851583712736
24557.71878004074,927,24.487851583712736
24595.885283470154,928,24.487851583712736
24635.49985599518,929,24.487576043344582
24674.423944473267,930,24.487576043344582
24712.029638290405,931,24.487576043344582
24750.21618938446,932,24.487576043344582
24788.327690839767,933,24.48709336272277
24828.867303609848,934,24.48709336272277
24867.127517223358,935,24.48709336272277
24905.20488333702,936,24.48709336272277
24944.16303873062,937,24.48709336272277
24983.37146115303,938,24.48709336272277
24986.31708931923,939,24.48413246291596
25027.92589879036,940,24.48413246291596
25068.012190580368,941,24.48413246291596
25109.871833324432,942,24.483619892935554
25149.741753578186,943,24.483619892935554
25192.34833216667,944,24.483619892935554
25229.85613131523,945,24.483619892935554
25267.474603176117,946,24.483619892935554
25306.134041309357,947,24.483619892935554
25347.792192459106,948,24.483619892935554
25387.49479699135,949,24.483619892935554
25425.05331325531,950,24.483619892935554
25463.73321914673,951,24.48360156026318
25504.11107969284,952,24.48340284231047
25545.35949420929,953,24.48340284231047
25582.11808180809,954,24.48340284231047
25621.386015176773,955,24.48340284231047
25659.30130147934,956,24.481248868619957
25697.04711508751,957,24.481248868619957
25735.3188021183,958,24.481248868619957
25775.419947862625,959,24.47865278179873
25813.288390398026,960,24.47865278179873
25851.10283756256,961,24.47865278179873
25887.17413377762,962,24.47865278179873
25926.112129688263,963,24.47865278179873
25964.581530809402,964,24.47865278179873
26003.489864826202,965,24.47865278179873
26043.855996847153,966,24.47865278179873
26082.944969892502,967,24.47865278179873
26121.594186782837,968,24.47865278179873
26159.970901489258,969,24.47865278179873
26196.916917800903,970,24.47865278179873
26234.022160053253,971,24.47865278179873
26271.393369674683,972,24.47865278179873
26297.044894456863,973,24.47865278179873
26334.26065683365,974,24.47865278179873
26372.229403972626,975,24.47865278179873
26409.0848236084,976,24.47865278179873
26447.688819885254,977,24.47865278179873
26451.085631132126,978,24.47755897501895
26454.37477326393,979,24.47516225144952
26494.617471456528,980,24.47516225144952
26532.490872383118,981,24.47516225144952
26574.14706993103,982,24.47516225144952
26612.852926254272,983,24.47516225144952
26649.58793735504,984,24.47516225144952
26687.458624124527,985,24.47516225144952
26725.032512664795,986,24.47516225144952
26762.955768585205,987,24.47516225144952
26766.088367938995,988,24.474262990663597
26808.69530415535,989,24.473229632097098
26849.66676712036,990,24.473229632097098
26889.47500872612,991,24.473229632097098
26926.72857260704,992,24.473229632097098
26964.275400877,993,24.473229632097098
27003.07090997696,994,24.473229632097098
27043.252161979675,995,24.47307643602792
27083.78515934944,996,24.47179368339723
27121.33017873764,997,24.47179368339723
27160.90566968918,998,24.462017716915664
27199.947376966476,999,24.462017716915664
27243.431092262268,1000,24.456431356186517
27253.110233068466,1001,24.456431356186517
27295.01098060608,1002,24.456431356186517
27334.842978715897,1003,24.456431356186517
27369.55856347084,1004,24.456431356186517
27413.22001671791,1005,24.456431356186517
27453.503134012222,1006,24.456431356186517
27497.061891317368,1007,24.456431356186517
27500.284068107605,1008,24.456342108381815
27503.53884625435,1009,24.454486111811562
27545.888607740402,1010,24.452189473124168
27585.2223675251,1011,24.452189473124168
27625.896431684494,1012,24.452189473124168
27667.36389541626,1013,24.452189473124168
27704.794244527817,1014,24.452189473124168
27743.214526176453,1015,24.452189473124168
27781.836386203766,1016,24.452189473124168
27820.555328845978,1017,24.452189473124168
27859.924622774124,1018,24.452189473124168
27900.218806743622,1019,24.452189473124168
27922.24192214012,1020,24.44792977201041
27959.638431310654,1021,24.44792977201041
27998.278763771057,1022,24.44792977201041
28039.862172842026,1023,24.44792977201041
28080.040422677994,1024,24.44792977201041
28120.724048614502,1025,24.44792977201041
28159.707858085632,1026,24.44792977201041
28198.800300359726,1027,24.44792977201041
28237.429173707962,1028,24.44792977201041
28275.48630619049,1029,24.44792977201041
28314.135644197464,1030,24.44792977201041
28353.502811908722,1031,24.44792977201041
28392.74040412903,1032,24.44792977201041
28430.96276164055,1033,24.44792977201041
28471.927499055862,1034,24.439355506027784
28510.504064798355,1035,24.439355506027784
28538.22776222229,1036,24.4324779655822
28578.55453658104,1037,24.4324779655822
28620.9384829998,1038,24.4305928825868
28660.50332260132,1039,24.42965063050256
28703.144622564316,1040,24.423448238427273
28744.07147169113,1041,24.42023164878378
28782.926250219345,1042,24.42023164878378
28810.357974290848,1043,24.42023164878378
28852.041323184967,1044,24.41659217281167
28896.021690368652,1045,24.41659217281167
28936.603904485703,1046,24.410097858233915
28978.238039016724,1047,24.410097858233915
29018.69047307968,1048,24.400466155496296
29060.649030685425,1049,24.400466155496296
29070.785508155823,1050,24.400466155496296
29109.394545793533,1051,24.400466155496296
29151.218678712845,1052,24.400466155496296
29188.358505487442,1053,24.400466155496296
29230.72789478302,1054,24.400466155496296
29272.430319547653,1055,24.400466155496296
29314.260696411133,1056,24.39792703877314
29353.588647842407,1057,24.39792703877314
29395.277535915375,1058,24.39792703877314
29431.501904010773,1059,24.39792703877314
29455.44280552864,1060,24.39792703877314
29495.4738008976,1061,24.39792703877314
29520.637441396713,1062,24.39792703877314
29560.37734389305,1063,24.39792703877314
29598.0883705616,1064,24.39792703877314
29638.819735765457,1065,24.396616651564326
29676.24964427948,1066,24.396616651564326
29714.0788397789,1067,24.396616651564326
29753.220035791397,1068,24.396616651564326
29791.342584371567,1069,24.390240078975328
29830.004625082016,1070,24.390240078975328
29875.771362781525,1071,24.390240078975328
29915.52030968666,1072,24.390240078975328
29939.291256189346,1073,24.388440003883844
29979.80702829361,1074,24.388440003883844
30019.89088177681,1075,24.37426964578599
30059.816878795624,1076,24.37426964578599
30100.62021613121,1077,24.372669523762024
30144.161370038986,1078,24.372669523762024
30147.28768968582,1079,24.371358944207397
30166.976264715195,1080,24.371358944207397
30209.019973516464,1081,24.371358944207397
30212.067437171936,1082,24.37023447381004
30256.31581926346,1083,24.37023447381004
30280.214894533157,1084,24.363856187753793
30288.49914598465,1085,24.360003664973643
30311.25235104561,1086,24.346508157172273
30352.089773654938,1087,24.346508157172273
30394.946177244186,1088,24.346508157172273
30438.656404733658,1089,24.342616857946545
30481.48775100708,1090,24.342616857946545
30522.953026771545,1091,24.341647993809037
30564.16788291931,1092,24.341647993809037
30567.561280965805,1093,24.334670058121052
30611.782705545425,1094,24.334670058121052
30654.055915355682,1095,24.334670058121052
30657.542261838913,1096,24.32942922923829
30674.08633828163,1097,24.32942922923829
30714.19479084015,1098,24.324779411077255
30753.229484796524,1099,24.323751334608772
30769.548668384552,1100,24.323751334608772
30810.5037817955,1101,24.323751334608772
30850.94678068161,1102,24.323751334608772
30890.296112775803,1103,24.323751334608772
30929.68740749359,1104,24.323751334608772
30959.49877500534,1105,24.32243140821377
30998.34865307808,1106,24.32243140821377
31037.817571640015,1107,24.32243140821377
31064.761871099472,1108,24.319235469671217
31105.563559293747,1109,24.319235469671217
31142.743356466293,1110,24.319235469671217
31184.31699538231,1111,24.31520158272285
31208.325511217117,1112,24.31214800558895
31247.320977449417,1113,24.31214800558895
31285.110050439835,1114,24.31214800558895
31311.35793209076,1115,24.31214800558895
31352.61790037155,1116,24.31214800558895
31389.774042129517,1117,24.31214800558895
31426.079377412796,1118,24.31214800558895
31467.82067346573,1119,24.31214800558895
31510.666934251785,1120,24.31214800558895
31547.7466506958,1121,24.31214800558895
31571.871152162552,1122,24.30752134954653
31613.674228429794,1123,24.30752134954653
31652.51980280876,1124,24.306092112506644
31690.173314332962,1125,24.306092112506644
31727.123872995377,1126,24.306092112506644
31774.665200471878,1127,24.306092112506644
31814.00662112236,1128,24.306092112506644
31854.817639112473,1129,24.30363909934396
31895.322100877762,1130,24.30363909934396
31933.024106264114,1131,24.30363909934396
31973.20449399948,1132,24.30363909934396
32014.485845565796,1133,24.30363909934396
32017.930849313736,1134,24.30309958753629
32056.637480020523,1135,24.30309958753629
32093.47106027603,1136,24.30309958753629
32134.371227025986,1137,24.29930500340523
32177.162413597107,1138,24.29930500340523
32216.140846967697,1139,24.299227748173404
32255.95040488243,1140,24.299227748173404
32295.86457490921,1141,24.299227748173404
32333.966422319412,1142,24.299227748173404
32370.31586790085,1143,24.299227748173404
32406.060829877853,1144,24.299227748173404
32445.8472571373,1145,24.299227748173404
32485.625702619553,1146,24.299227748173404
32524.183173418045,1147,24.299227748173404
32527.105047941208,1148,24.298123238968245
32565.71857237816,1149,24.29793144583643
32608.127366781235,1150,24.29793144583643
32645.78947854042,1151,24.29793144583643
32649.053056955338,1152,24.297725798387127
32686.40312385559,1153,24.297725798387127
32726.23924589157,1154,24.297725798387127
32766.894978046417,1155,24.295580568048145
32805.84155011177,1156,24.295580568048145
32845.69996333122,1157,24.295580568048145
32886.75878858566,1158,24.295580568048145
32925.47641634941,1159,24.295580568048145
32965.485392808914,1160,24.295580568048145
33003.36323142052,1161,24.295580568048145
33006.672080755234,1162,24.294808763448177
33021.986919641495,1163,24.294657525551578
33059.937733888626,1164,24.29463455813568
33099.861441612244,1165,24.294321275955795
33103.27171945572,1166,24.29273462826588
33140.07722234726,1167,24.291994972621083
33178.95412802696,1168,24.291994972621083
33217.599319934845,1169,24.291994972621083
33255.52682828903,1170,24.291994972621083
33295.5714199543,1171,24.291994972621083
33333.71742916107,1172,24.291994972621083
33373.79788565636,1173,24.291994972621083
33411.63570475578,1174,24.291994972621083
33447.66369223595,1175,24.291994972621083
33488.32615399361,1176,24.291888837808024
33525.525951862335,1177,24.291888837808024
33561.43733501434,1178,24.291888837808024
33598.85706329346,1179,24.291888837808024
33637.9272313118,1180,24.291209372796537
33677.0587246418,1181,24.29041150030316
33714.38450336456,1182,24.29041150030316
33754.764258384705,1183,24.29041150030316
33792.2755150795,1184,24.29041150030316
33830.55211019516,1185,24.29041150030316
33870.72755050659,1186,24.29041150030316
33910.64763903618,1187,24.289976351517574
33949.24491381645,1188,24.289976351517574
33986.94309091568,1189,24.289976351517574
34023.76325893402,1190,24.289976351517574
34062.550662994385,1191,24.289976351517574
34100.53925704956,1192,24.289976351517574
34136.40251159668,1193,24.289976351517574
34174.95835375786,1194,24.289976351517574
34212.77321410179,1195,24.289976351517574
34249.97246623039,1196,24.289976351517574
34287.9715051651,1197,24.289466098213826
34326.19938874245,1198,24.289466098213826
34363.54953074455,1199,24.289466098213826
34400.441122055054,1200,24.289466098213826
34436.46041059494,1201,24.289466098213826
34473.64944887161,1202,24.289466098213826
34476.97951745987,1203,24.289297844543647
34514.44851398468,1204,24.289297844543647
34551.42881035805,1205,24.289297844543647
34589.506197690964,1206,24.289297844543647
34627.07870554924,1207,24.289297844543647
34665.62094426155,1208,24.289297844543647
34702.776242733,1209,24.289297844543647
34739.45333647728,1210,24.289297844543647
34778.70066332817,1211,24.289297844543647
34815.75763106346,1212,24.289297844543647
34854.07811951637,1213,24.289297844543647
34892.46500468254,1214,24.289297844543647
34930.287912368774,1215,24.289297844543647
34968.45444893837,1216,24.289297844543647
35005.58753657341,1217,24.289297844543647
35044.386212825775,1218,24.289297844543647
35079.94364142418,1219,24.289297844543647
35116.86146593094,1220,24.289297844543647
35153.47087049484,1221,24.289297844543647
35191.69971227646,1222,24.289297844543647
35229.072950839996,1223,24.289297844543647
35266.26718997955,1224,24.289297844543647
35304.00429558754,1225,24.289297844543647
35341.92933011055,1226,24.289297844543647
35379.53928875923,1227,24.289297844543647
35417.427991867065,1228,24.289297844543647
35454.60421919823,1229,24.289297844543647
35491.33177495003,1230,24.289297844543647
35494.709354162216,1231,24.289175333689926
35498.1765358448,1232,24.289129849267656
35535.8156645298,1233,24.289129849267656
35573.38106966019,1234,24.289129849267656
35610.62441444397,1235,24.289129849267656
35648.68744850159,1236,24.289129849267656
35688.205600738525,1237,24.289129849267656
35726.21533751488,1238,24.289129849267656
35762.68170642853,1239,24.289129849267656
35800.03033518791,1240,24.289129849267656
35803.33283042908,1241,24.28884359779349
35841.32495355606,1242,24.28884359779349
35879.0421333313,1243,24.28884359779349
35916.08496761322,1244,24.28884359779349
35954.319707632065,1245,24.28884359779349
35991.40195989609,1246,24.28884359779349
36028.78828573227,1247,24.28884359779349
36067.54423379898,1248,24.288754164422013
36104.26588129997,1249,24.288754164422013
36107.912390470505,1250,24.288721273369365
36145.256626844406,1251,24.288721273369365
36182.85455441475,1252,24.288721273369365
36221.47058725357,1253,24.288721273369365
36259.511370420456,1254,24.288605982216747
36297.40686559677,1255,24.288605982216747
36334.306710481644,1256,24.288577794481373
36371.50298285484,1257,24.288577794481373
36409.63646221161,1258,24.288577794481373
36446.07333064079,1259,24.288577794481373
36483.48844909668,1260,24.288577794481373
36520.84576821327,1261,24.288577794481373
36558.220334768295,1262,24.288577794481373
36595.55668616295,1263,24.288577794481373
36633.04437661171,1264,24.288577794481373
36670.756167173386,1265,24.288577794481373
36709.058583498,1266,24.288577794481373
36747.56441235542,1267,24.288577794481373
36785.63736248016,1268,24.288577794481373
36823.801391124725,1269,24.288577794481373
36860.812277793884,1270,24.288577794481373
36898.1028482914,1271,24.288577794481373
36934.69347071648,1272,24.288577794481373
36972.936749219894,1273,24.288577794481373
37010.85405540466,1274,24.288577794481373
37050.29689645767,1275,24.287971050535848
37088.436401844025,1276,24.287971050535848
37125.763152599335,1277,24.287971050535848
37163.29302597046,1278,24.287971050535848
37200.35164165497,1279,24.287971050535848
37237.85113477707,1280,24.287971050535848
37275.89595532417,1281,24.287971050535848
37313.44059896469,1282,24.287971050535848
37352.113986968994,1283,24.287965300414115
37389.41815304756,1284,24.287965300414115
37426.79748868942,1285,24.287965300414115
37463.25299835205,1286,24.287965300414115
37500.877571344376,1287,24.287965300414115
37536.99283480644,1288,24.287965300414115
37574.887967824936,1289,24.287965300414115
37612.04352474213,1290,24.287965300414115
37615.371639966965,1291,24.287886086323567
37652.63346576691,1292,24.287886086323567
37690.24715566635,1293,24.287886086323567
37728.0494260788,1294,24.287886086323567
37731.53601002693,1295,24.287748366711703
37734.28083872795,1296,24.28771700384045
37771.556004047394,1297,24.28771700384045
37808.65053462982,1298,24.28771700384045
37845.75636744499,1299,24.28771700384045
37883.42258119583,1300,24.28771700384045
37921.32749772072,1301,24.28771700384045
37924.63488030434,1302,24.28770037403244
37960.71655082703,1303,24.28770037403244
37997.86009001732,1304,24.28770037403244
38035.4609413147,1305,24.28770037403244
38072.97603011131,1306,24.28770037403244
38076.38256955147,1307,24.2876824542526
38111.94725775719,1308,24.2876824542526
38148.7207736969,1309,24.2876824542526
38186.9684574604,1310,24.2876824542526
38223.326248407364,1311,24.2876824542526
38260.690546512604,1312,24.2876824542526
38298.453561306,1313,24.2876824542526
38301.91326069832,1314,24.28765197994744
38338.723938941956,1315,24.28765197994744
38376.07237172127,1316,24.28765197994744
38413.16953110695,1317,24.28765197994744
38450.15358042717,1318,24.28765197994744
38488.72171640396,1319,24.28765197994744
38526.22479391098,1320,24.28765197994744
38562.98619532585,1321,24.287397982313294
38600.57525062561,1322,24.287397982313294
38638.39088869095,1323,24.287397982313294
38673.35233139992,1324,24.287397982313294
38710.06455731392,1325,24.287397982313294
38747.46630549431,1326,24.287397982313294
38785.417617321014,1327,24.287397982313294
38823.535972356796,1328,24.287397982313294
38860.687762498856,1329,24.287397982313294
38897.94025158882,1330,24.287397982313294
38934.691807985306,1331,24.28725583749816
38971.729466199875,1332,24.28725583749816
39009.09331512451,1333,24.28725583749816
39046.09060692787,1334,24.28725583749816
39083.562965631485,1335,24.28725583749816
39120.975877046585,1336,24.28725583749816
39157.368532180786,1337,24.28725583749816
39192.60288095474,1338,24.28725583749816
39226.65292596817,1339,24.28725583749816
39263.32694983482,1340,24.28725583749816
39300.888892412186,1341,24.28725583749816
39339.265414237976,1342,24.28725583749816
39375.86183667183,1343,24.28725583749816
39413.66511321068,1344,24.28725583749816
39450.38120651245,1345,24.28725583749816
39486.46469306946,1346,24.28725583749816
39523.90954065323,1347,24.28725583749816
39560.284744501114,1348,24.28725583749816
39597.553453207016,1349,24.28725583749816
39633.16648221016,1350,24.28725583749816
39671.199555397034,1351,24.28725583749816
39708.79745340347,1352,24.28725583749816
39746.438984155655,1353,24.28725583749816
39783.10316705704,1354,24.28725583749816
39820.196464538574,1355,24.28725583749816
39857.57931852341,1356,24.28718525415436
39894.73925828934,1357,24.28718525415436
39932.53452372551,1358,24.28718525415436
39970.4225127697,1359,24.286672609433417
40007.745187044144,1360,24.286672609433417
40045.51159071922,1361,24.286672609433417
40083.80233669281,1362,24.286672609433417
40120.89721393585,1363,24.286672609433417
40124.38894319534,1364,24.286552819164825
40162.66641783714,1365,24.286552819164825
40200.84561395645,1366,24.286552819164825
40238.097586631775,1367,24.286552819164825
40275.608177900314,1368,24.286552819164825
40312.933433532715,1369,24.286552819164825
40349.57064676285,1370,24.286552819164825
40387.92755794525,1371,24.286552819164825
40426.39421200752,1372,24.286552819164825
40461.14832806587,1373,24.286552819164825
40495.74362063408,1374,24.286552819164825
40534.69875526428,1375,24.286552819164825
40572.22168302536,1376,24.286552819164825
40609.55233883858,1377,24.286552819164825
40647.496710300446,1378,24.286552819164825
40686.08004903793,1379,24.286552819164825
40722.80235528946,1380,24.286552819164825
40760.872693777084,1381,24.286552819164825
40798.30939412117,1382,24.286552819164825
40835.53263783455,1383,24.286552819164825
40871.99311494827,1384,24.286552819164825
40907.972586393356,1385,24.286552819164825
40946.40899705887,1386,24.286413248703045
40983.49327135086,1387,24.286413248703045
41021.27914381027,1388,24.286413248703045
41058.987169504166,1389,24.286413248703045
41099.08316063881,1390,24.286367743778897
41135.61083292961,1391,24.286367743778897
41173.04280757904,1392,24.286367743778897
41210.71931433678,1393,24.286367743778897
41248.501014232635,1394,24.286367743778897
41286.13161468506,1395,24.286367743778897
41324.39428830147,1396,24.286367743778897
41327.94278740883,1397,24.28632328667263
41330.96973323822,1398,24.28628709736098
41368.338827610016,1399,24.28628709736098
41405.989127874374,1400,24.28628709736098
41408.716838121414,1401,24.286144946885468
41446.18036651611,1402,24.286144946885468
41482.40456914902,1403,24.286144946885468
41519.728754520416,1404,24.286144946885468
41557.13959646225,1405,24.286144946885468
41559.87614655495,1406,24.286136240508483
41597.461396217346,1407,24.286136240508483
41633.26580405235,1408,24.286136240508483
41670.96234035492,1409,24.286136240508483
41707.98379993439,1410,24.286136240508483
41745.656775951385,1411,24.286136240508483
41748.90643572807,1412,24.28612958721783
41787.221331596375,1413,24.28612958721783
41823.18644309044,1414,24.28612958721783
41826.71413707733,1415,24.286124932379135
41830.138628959656,1416,24.286101486530786
41868.06950879097,1417,24.286101486530786
41871.17987155914,1418,24.286087107378673
41908.842821359634,1419,24.286087107378673
41945.72343945503,1420,24.286087107378673
41983.56340146065,1421,24.286087107378673
42020.68124604225,1422,24.286087107378673
42058.2944214344,1423,24.286087107378673
42096.2068605423,1424,24.286087107378673
42134.376558065414,1425,24.286087107378673
42171.5717754364,1426,24.286087107378673
42209.35007596016,1427,24.286087107378673
42246.8139629364,1428,24.286087107378673
42284.50941681862,1429,24.286087107378673
42322.46461224556,1430,24.286087107378673
42360.63541817665,1431,24.286087107378673
42398.86727023125,1432,24.286087107378673
42434.83133769035,1433,24.286087107378673
42472.95813179016,1434,24.286087107378673
42510.34736084938,1435,24.286087107378673
42547.09491300583,1436,24.286087107378673
42550.31540846825,1437,24.286086930047645
42587.26897954941,1438,24.286086930047645
42623.548352241516,1439,24.286086930047645
42659.77139258385,1440,24.286086930047645
42697.64457988739,1441,24.286086930047645
42734.256069898605,1442,24.286086930047645
42771.85399508476,1443,24.286086930047645
42810.31788921356,1444,24.286086930047645
42847.60371351242,1445,24.286086930047645
42850.35831737518,1446,24.286086451389913
42853.0964410305,1447,24.286084283273624
42890.787648916245,1448,24.286084283273624
42928.10250067711,1449,24.286084283273624
42966.26839184761,1450,24.286084283273624
43002.03275513649,1451,24.286084283273624
43038.867524147034,1452,24.286084283273624
43075.896226644516,1453,24.286084283273624
43113.48016357422,1454,24.286084283273624
43151.425642728806,1455,24.286084283273624
43187.106817007065,1456,24.286084283273624
43224.450852394104,1457,24.286084283273624
43227.7668504715,1458,24.28608402348757
43264.88970923424,1459,24.28608402348757
43268.402863025665,1460,24.286083796639204
43272.021355867386,1461,24.28608375832372
43275.39823079109,1462,24.286083234033566
43312.35535168648,1463,24.286083234033566
43349.277285814285,1464,24.286083234033566
43352.86579179764,1465,24.286082971550368
43390.371658563614,1466,24.286082971550368
43427.44516372681,1467,24.286082971550368
43464.71962976456,1468,24.286082971550368
43500.35550355911,1469,24.286082971550368
43537.60227918625,1470,24.286082971550368
43574.99612379074,1471,24.286082971550368
43610.44960188866,1472,24.286082971550368
43648.68905258179,1473,24.286082971550368
43686.45517396927,1474,24.286082971550368
43724.18597817421,1475,24.286082971550368
43760.849578619,1476,24.286082971550368
43798.19215750694,1477,24.286082971550368
43835.57519054413,1478,24.286082971550368
43874.102751255035,1479,24.286082971550368
43910.82018280029,1480,24.286082971550368
43948.6318295002,1481,24.286082971550368
43985.902507543564,1482,24.286082971550368
43989.534110069275,1483,24.286082887600724
44026.34567952156,1484,24.286082887600724
44063.829624414444,1485,24.286082887600724
44101.02524662018,1486,24.286082887600724
44139.15385770798,1487,24.286082887600724
44177.56770849228,1488,24.286082887600724
44217.17984747887,1489,24.285629063634897
44255.3905441761,1490,24.285629063634897
44292.142100811005,1491,24.285629063634897
44328.1948723793,1492,24.285629063634897
44365.74907660484,1493,24.285629063634897
44402.9531891346,1494,24.285629063634897
44405.87877178192,1495,24.285628950199698
44442.55413722992,1496,24.285628950199698
44480.01837539673,1497,24.285628950199698
44517.338953733444,1498,24.285628950199698
44554.83864784241,1499,24.285628950199698
44592.71318149567,1500,24.285628950199698
44630.27664256096,1501,24.285628950199698
44667.76119852066,1502,24.285628950199698
44705.23075628281,1503,24.285628950199698
44741.97651934624,1504,24.285628950199698
44779.59003543854,1505,24.285628950199698
44815.61046266556,1506,24.285628950199698
44851.91703033447,1507,24.285628950199698
44889.26878166199,1508,24.285628950199698
44926.3892288208,1509,24.285628950199698
44963.89052581787,1510,24.285628950199698
45001.71029472351,1511,24.285628950199698
45039.96734166145,1512,24.285628950199698
45077.170558452606,1513,24.285628950199698
45115.5838432312,1514,24.285628950199698
45150.78633260727,1515,24.285628950199698
45188.09325361252,1516,24.285628950199698
45225.19622159004,1517,24.285628950199698
45262.14424419403,1518,24.285628950199698
45299.21149754524,1519,24.285628950199698
45336.2946472168,1520,24.285628950199698
45374.05943131447,1521,24.285628950199698
45411.28825831413,1522,24.285628950199698
45448.57446599007,1523,24.285628950199698
45486.350111961365,1524,24.285628950199698
45523.804921627045,1525,24.285628950199698
45561.202137470245,1526,24.285628950199698
45597.589468717575,1527,24.285628950199698
45600.96445584297,1528,24.285628906936758
45638.09551405907,1529,24.285628906936758
45674.56730437279,1530,24.285628906936758
45711.35900306702,1531,24.285628906936758
45748.87189888954,1532,24.285628906936758
45786.50519990921,1533,24.285628906936758
45823.11270952225,1534,24.285628906936758
45859.67465591431,1535,24.285628906936758
45896.18528223038,1536,24.285628906936758
45899.68510246277,1537,24.28562886669191
45936.42479777336,1538,24.28562886669191
45973.847756147385,1539,24.28562886669191
46011.88170337677,1540,24.28562886669191
46049.435965299606,1541,24.28562886669191
46086.74720644951,1542,24.28562886669191
46124.1702811718,1543,24.28562886669191
46127.70621609688,1544,24.2856288571547
46165.102140426636,1545,24.2856288571547
46168.40141272545,1546,24.285628811041477
46205.76630330086,1547,24.285628811041477
46242.440786123276,1548,24.285628811041477
46279.53617858887,1549,24.285628513041406
46317.396095991135,1550,24.285628513041406
46354.73720240593,1551,24.285605874282336
46391.65037083626,1552,24.285605874282336
46428.89435195923,1553,24.285605874282336
46466.57765316963,1554,24.285605874282336
46504.02327823639,1555,24.285605874282336
46541.98588466644,1556,24.285605874282336
46578.32280874252,1557,24.285605874282336
46616.05521607399,1558,24.285605874282336
46654.185683488846,1559,24.285605874282336
46691.50810146332,1560,24.285605874282336
46728.69188737869,1561,24.285605874282336
46766.11753940582,1562,24.285605874282336
46803.303641080856,1563,24.285605874282336
46841.425540447235,1564,24.285605874282336
46877.85977911949,1565,24.285605874282336
46915.15038228035,1566,24.285605874282336
46952.29383158684,1567,24.285605874282336
46990.060195446014,1568,24.285605874282336
47028.50375580788,1569,24.285605874282336
47065.286615371704,1570,24.285605874282336
47102.374405384064,1571,24.285605874282336
47140.104006528854,1572,24.285605874282336
47178.23304748535,1573,24.285605874282336
47215.59932279587,1574,24.285605874282336
47252.640411138535,1575,24.285605874282336
47289.31046915054,1576,24.285605874282336
47325.790796756744,1577,24.285605874282336
47359.6726899147,1578,24.285605874282336
47397.784066438675,1579,24.28559787866143
47433.658220767975,1580,24.28559787866143
47471.40988731384,1581,24.28559787866143
47508.33246541023,1582,24.28559787866143
47544.4189119339,1583,24.28559787866143
47547.7895822525,1584,24.285593533172634
47551.01420164108,1585,24.285581282212195
47587.224261045456,1586,24.285581282212195
47621.538864851,1587,24.285581282212195
47624.3910908699,1588,24.285573967820937
47627.92046737671,1589,24.285567141865755
47665.478699445724,1590,24.285567141865755
47703.25833749771,1591,24.285567141865755
47739.32651638985,1592,24.285567141865755
47776.87896299362,1593,24.285567141865755
47814.00356698036,1594,24.285567141865755
47851.44026875496,1595,24.285567141865755
47889.63939356804,1596,24.285525827972563
47928.246403455734,1597,24.285525827972563
47965.83845305443,1598,24.285525827972563
48003.51165342331,1599,24.285525827972563
48041.27436232567,1600,24.285525827972563
48078.6536359787,1601,24.285525827972563
48115.69629192352,1602,24.285525827972563
48152.32086658478,1603,24.285525827972563
48189.2737057209,1604,24.285525827972563
48226.67401313782,1605,24.285525827972563
48263.91589450836,1606,24.285525827972563
48299.35731601715,1607,24.285525827972563
48336.546006679535,1608,24.285525827972563
48372.880883932114,1609,24.285525827972563
48409.98996806145,1610,24.285525827972563
48447.86197805405,1611,24.285525827972563
48485.3549079895,1612,24.285525827972563
48523.348380327225,1613,24.285525827972563
48560.95474433899,1614,24.285525827972563
48598.565113544464,1615,24.285525827972563
48636.544293403625,1616,24.285525827972563
48674.59690260887,1617,24.285525827972563
48712.34200334549,1618,24.285525827972563
48748.16642475128,1619,24.285525827972563
48784.44784331322,1620,24.285525827972563
48821.42988395691,1621,24.285525827972563
48858.686398267746,1622,24.285525827972563
48894.82569050789,1623,24.285525827972563
48932.166795015335,1624,24.285525827972563
48969.33316755295,1625,24.285525827972563
48972.712547540665,1626,24.28552334919385
49010.003126859665,1627,24.28552334919385
49047.92472720146,1628,24.28552334919385
49084.66664671898,1629,24.28552334919385
49122.015852212906,1630,24.28552334919385
49158.05464887619,1631,24.28552334919385
49195.4886302948,1632,24.28552334919385
49232.66511178017,1633,24.28552334919385
49269.85089302063,1634,24.28552334919385
49307.56330013275,1635,24.28552334919385
49341.89720129967,1636,24.28552334919385
49378.657042980194,1637,24.28552334919385
49417.209048748016,1638,24.285453875841704
49454.420429468155,1639,24.285453875841704
49492.43846654892,1640,24.285453875841704
49530.17886590958,1641,24.285453875841704
49568.060088157654,1642,24.285453875841704
49605.29072833061,1643,24.285453875841704
49643.16337490082,1644,24.285453875841704
49683.458617925644,1645,24.28318950238316
49721.980508327484,1646,24.28218865642059
49759.83583879471,1647,24.28218865642059
49798.01483988762,1648,24.28218865642059
49835.54784822464,1649,24.28218865642059
49873.739458322525,1650,24.28218865642059
49909.47931408882,1651,24.28218865642059
49946.29470896721,1652,24.28218865642059
49983.6683382988,1653,24.28218865642059
50020.47649717331,1654,24.28218865642059
50059.83377790451,1655,24.28129404307244
50097.04820251465,1656,24.28129404307244
50135.41037321091,1657,24.28129404307244
50174.23250460625,1658,24.28129404307244
50210.05375480652,1659,24.28129404307244
50248.120287656784,1660,24.281108227836516
50289.97064614296,1661,24.281108227836516
50331.27691745758,1662,24.280866478505732
50334.635014772415,1663,24.279490865003353
50338.00181436539,1664,24.276723602044804
50374.8872821331,1665,24.276723602044804
50413.38522648811,1666,24.276723602044804
50450.13918709755,1667,24.276723602044804
50486.40757608414,1668,24.276723602044804
50527.888889074326,1669,24.276723602044804
50569.22901582718,1670,24.276723602044804
50606.70577764511,1671,24.276723602044804
50644.88131713867,1672,24.276723602044804
50685.37279033661,1673,24.276723602044804
50724.308858156204,1674,24.276723602044804
50763.46170806885,1675,24.276723602044804
50801.2176322937,1676,24.276723602044804
50839.25689816475,1677,24.276723602044804
50878.48953104019,1678,24.276723602044804
50915.19107532501,1679,24.276723602044804
50955.28826856613,1680,24.273772301593073
50993.27042555809,1681,24.273772301593073
51032.71877527237,1682,24.273772301593073
51069.98531317711,1683,24.273772301593073
51082.91409659386,1684,24.273772301593073
51121.01200342178,1685,24.273772301593073
51159.161882162094,1686,24.273772301593073
51197.18144965172,1687,24.273772301593073
51236.08871769905,1688,24.273772301593073
51276.45288205147,1689,24.273772301593073
51315.29075169563,1690,24.273772301593073
51352.92942428589,1691,24.273772301593073
51390.49577832222,1692,24.273772301593073
51428.12310433388,1693,24.273772301593073
51464.2374625206,1694,24.273772301593073
51502.40627384186,1695,24.273772301593073
51540.46561360359,1696,24.273772301593073
51578.12920808792,1697,24.273772301593073
51617.736208200455,1698,24.27254524857608
51658.2913441658,1699,24.27254524857608
51698.329105615616,1700,24.27254524857608
51736.899423360825,1701,24.27254524857608
51775.051965236664,1702,24.27254524857608
51815.77257275581,1703,24.27254524857608
51855.575860738754,1704,24.27232289914923
51893.86995267868,1705,24.27232289914923
51932.97477555275,1706,24.271688821722805
51969.99819564819,1707,24.271688821722805
52007.33038878441,1708,24.271688821722805
52044.97070813179,1709,24.271688821722805
52082.55180644989,1710,24.271688821722805
52121.4370906353,1711,24.271688821722805
52159.3635737896,1712,24.271688821722805
52197.57654833794,1713,24.271688821722805
52235.610877752304,1714,24.271688821722805
52274.27086567879,1715,24.271688821722805
52311.5153670311,1716,24.271501141561163
52349.82540202141,1717,24.271501141561163
52389.46380162239,1718,24.271501141561163
52430.12894511223,1719,24.271232018031256
52468.46258068085,1720,24.271232018031256
52506.662511348724,1721,24.271232018031256
52544.17836213112,1722,24.271232018031256
52583.23285675049,1723,24.271232018031256
52619.24574923515,1724,24.271232018031256
52656.84866523743,1725,24.271232018031256
52694.49959087372,1726,24.271232018031256
52731.47421813011,1727,24.271232018031256
52771.50400042534,1728,24.270491797317472
52809.46376013756,1729,24.270491797317472
52847.30804514885,1730,24.270491797317472
52883.760437488556,1731,24.270491797317472
52921.68257832527,1732,24.270491797317472
52960.59265804291,1733,24.270403551937513
52996.20106077194,1734,24.270403551937513
53034.02229452133,1735,24.270403551937513
53071.405086278915,1736,24.270403551937513
53109.9414100647,1737,24.270403551937513
53147.836260318756,1738,24.270403551937513
53185.01070070267,1739,24.270403551937513
53222.873475790024,1740,24.270403551937513
53259.13396382332,1741,24.270403551937513
53297.502866983414,1742,24.270403551937513
53300.53726601601,1743,24.270387253145564
53338.915195941925,1744,24.270387253145564
53377.66000199318,1745,24.270387253145564
53414.85598063469,1746,24.270387253145564
53452.339688539505,1747,24.26938229681768
53489.69064903259,1748,24.26938229681768
53527.686426877975,1749,24.26938229681768
53564.90762114525,1750,24.26938229681768
53601.7195584774,1751,24.26938229681768
53639.38282394409,1752,24.26938229681768
53677.38011932373,1753,24.26938229681768
53713.502556562424,1754,24.26938229681768
53716.82116532326,1755,24.269351160991093
53754.11012125015,1756,24.269351160991093
53793.35097074509,1757,24.269351160991093
53830.29728627205,1758,24.269351160991093
53868.52257966995,1759,24.269351160991093
53906.453632593155,1760,24.269351160991093
53944.432314157486,1761,24.26926959278585
53983.349819898605,1762,24.26926959278585
54020.91474890709,1763,24.26926959278585
54058.55641531944,1764,24.26926959278585
54096.27051448822,1765,24.26926959278585
54133.586235284805,1766,24.26926959278585
54171.59277677536,1767,24.26926959278585
54209.194152116776,1768,24.26926959278585
54248.30113244057,1769,24.26926959278585
54286.06664776802,1770,24.26926959278585
54323.85489010811,1771,24.26926959278585
54361.758031368256,1772,24.26926959278585
54399.84442806244,1773,24.26926959278585
54437.17116212845,1774,24.26926959278585
54474.24445152283,1775,24.26926959278585
54512.10777616501,1776,24.26926959278585
54549.50755047798,1777,24.26926959278585
54587.33269357681,1778,24.26915527637405
54625.06640911102,1779,24.26915527637405
54664.524712085724,1780,24.269127380455004
54702.41746759415,1781,24.269127380455004
54740.79454040527,1782,24.269127380455004
54779.02680325508,1783,24.269127380455004
54815.47319817543,1784,24.269127380455004
54853.783232450485,1785,24.269127380455004
54890.15304327011,1786,24.269127380455004
54929.581644535065,1787,24.269127380455004
54966.43091273308,1788,24.269127380455004
55002.85281634331,1789,24.269127380455004
55040.90602064133,1790,24.269127380455004
55079.98661613464,1791,24.269127380455004
55083.31137275696,1792,24.26894665497193
55120.49489736557,1793,24.26894665497193
55158.11172604561,1794,24.26894665497193
55195.28326511383,1795,24.26894665497193
55232.6231443882,1796,24.26894665497193
55270.38476276398,1797,24.26894665497193
55307.89018416405,1798,24.26894665497193
55345.11580467224,1799,24.26894665497193
55382.26630234718,1800,24.26894665497193
55421.15910625458,1801,24.26894665497193
55458.00336480141,1802,24.26894665497193
55495.24799108505,1803,24.26894665497193
55533.14504647255,1804,24.26894665497193
55569.692250967026,1805,24.26894665497193
55607.77546310425,1806,24.26894665497193
55643.8124024868,1807,24.26894665497193
55679.67071771622,1808,24.26894665497193
55717.20547270775,1809,24.26894665497193
55753.664578676224,1810,24.26894665497193
55791.47165060043,1811,24.26894665497193
55829.30540204048,1812,24.26894665497193
55866.49961709976,1813,24.26894665497193
55903.97257184982,1814,24.26894665497193
55938.9661052227,1815,24.26894665497193
55976.54252243042,1816,24.26894665497193
56012.95856523514,1817,24.26894665497193
56016.24390363693,1818,24.268926766508724
56054.32893824577,1819,24.268926766508724
56091.841866493225,1820,24.268926766508724
56129.806673526764,1821,24.268926766508724
56166.890198946,1822,24.268926766508724
56205.04828953743,1823,24.268926766508724
56242.20187711716,1824,24.268926766508724
56279.39993906021,1825,24.268926766508724
56317.50368475914,1826,24.268926766508724
56353.968531131744,1827,24.268926766508724
56357.46445918083,1828,24.268921042602127
56396.29580807686,1829,24.268921042602127
56399.698093652725,1830,24.268908808352055
56437.67123866081,1831,24.268908808352055
56477.245230674744,1832,24.268908808352055
56514.98969531059,1833,24.268908808352055
56552.25584578514,1834,24.268908808352055
56589.81073784828,1835,24.268908808352055
56627.6688580513,1836,24.268908808352055
56665.79978513718,1837,24.268908808352055
56703.11361193657,1838,24.268908808352055
56740.53881287575,1839,24.268908808352055
56777.70913720131,1840,24.268908808352055
56780.89327669144,1841,24.268908575729835
56784.070779800415,1842,24.268906888611472
56787.376554489136,1843,24.26890549584965
56824.978574991226,1844,24.26890549584965
56862.17955827713,1845,24.26890549584965
56899.11910176277,1846,24.26890549584965
56937.39377999306,1847,24.26890549584965
56975.40852689743,1848,24.26890549584965
57013.107883930206,1849,24.268315910483956
57049.3189740181,1850,24.268315910483956
57086.53361082077,1851,24.268315910483956
57124.912525177,1852,24.268315910483956
57162.78354406357,1853,24.268315910483956
57200.285012960434,1854,24.268315910483956
57237.54230952263,1855,24.268315910483956
57274.85264325142,1856,24.268315910483956
57312.149127960205,1857,24.268315910483956
57349.893711566925,1858,24.268315910483956
57386.95688581467,1859,24.268315910483956
57424.067281246185,1860,24.268315910483956
57461.6604886055,1861,24.268315910483956
57498.41646575928,1862,24.268315910483956
57536.254098176956,1863,24.268315910483956
57574.8921122551,1864,24.268315910483956
57613.47292304039,1865,24.268315910483956
57649.83547973633,1866,24.268315910483956
57688.60599064827,1867,24.268315910483956
57726.3666100502,1868,24.268315910483956
57764.35836601257,1869,24.268315910483956
57801.43372297287,1870,24.268315910483956
57839.7933216095,1871,24.268315910483956
57876.468563079834,1872,24.268315910483956
57912.26299285889,1873,24.268315910483956
57956.81328654289,1874,24.268256938265264
57960.47031545639,1875,24.268221779857925
57963.68110918999,1876,24.26763151006698
58000.83380365372,1877,24.26763151006698
58038.81813097,1878,24.26763151006698
58075.73324608803,1879,24.26763151006698
58112.461691856384,1880,24.26763151006698
58149.52504277229,1881,24.26763151006698
58186.53543591499,1882,24.26763151006698
58222.72234892845,1883,24.26763151006698
58259.02062487602,1884,24.26763151006698
58298.04661679268,1885,24.26763151006698
58335.622767686844,1886,24.26763151006698
58372.6525053978,1887,24.26763151006698
58410.63400840759,1888,24.26763151006698
58448.48470020294,1889,24.26763151006698
58482.53248119354,1890,24.26763151006698
58518.12492632866,1891,24.26763151006698
58554.61558294296,1892,24.26763151006698
58590.4170050621,1893,24.26763151006698
58624.57304191589,1894,24.26763151006698
58658.329403162,1895,24.26763151006698
58693.091629981995,1896,24.26763151006698
58727.747712135315,1897,24.26763151006698
58761.89230751991,1898,24.26763151006698
58798.306678295135,1899,24.26763151006698
58833.49163532257,1900,24.26763151006698
58871.63232135773,1901,24.26763151006698
58910.182685136795,1902,24.26763151006698
58947.550134420395,1903,24.26763151006698
58985.06126189232,1904,24.26763151006698
59022.42754459381,1905,24.26763151006698
59059.22101831436,1906,24.26763151006698
59096.833295583725,1907,24.26763151006698
59133.78138589859,1908,24.26763151006698
59173.20507001877,1909,24.26763151006698
59210.90623641014,1910,24.26763151006698
59248.13102030754,1911,24.26763151006698
59285.69105267525,1912,24.26763151006698
59320.26097655296,1913,24.26763151006698
59358.19558119774,1914,24.26763151006698
59395.99823021889,1915,24.26763151006698
59430.945266246796,1916,24.26763151006698
59464.42892932892,1917,24.26763151006698
59499.91856098175,1918,24.26763151006698
59534.34486746788,1919,24.26763151006698
59567.58045864105,1920,24.26763151006698
59601.38045716286,1921,24.26763151006698
59636.521523952484,1922,24.26763151006698
59671.570636987686,1923,24.26763151006698
59705.04879403114,1924,24.26763151006698
59742.067061424255,1925,24.26763151006698
59779.49585843086,1926,24.26763151006698
59818.39212536812,1927,24.26692877014863
59856.24883747101,1928,24.26692877014863
59892.14629864693,1929,24.26692877014863
59929.93361568451,1930,24.26692877014863
59966.75436735153,1931,24.26692877014863
60004.45690321922,1932,24.26692877014863
60041.936866521835,1933,24.26692877014863
60077.281757593155,1934,24.26692877014863
60111.64892053604,1935,24.26692877014863
60146.58880901337,1936,24.26653774259407
60180.408005952835,1937,24.26653774259407
60216.04313206673,1938,24.26653774259407
60251.84454917908,1939,24.26653774259407
60286.45213007927,1940,24.26653774259407
60321.23807668686,1941,24.26653774259407
60356.21860384941,1942,24.26653774259407
60390.56584239006,1943,24.26653774259407
60427.05554151535,1944,24.26653774259407
60461.08217167854,1945,24.26653774259407
60499.55419898033,1946,24.26653774259407
60538.57226729393,1947,24.26653774259407
60576.18819022179,1948,24.26653774259407
60614.432126522064,1949,24.26653774259407
60651.66121292114,1950,24.26653774259407
60688.096534729004,1951,24.26653774259407
60726.04475545883,1952,24.26653774259407
60763.60869932175,1953,24.26653774259407
60801.69346117973,1954,24.26653774259407
60839.46857857704,1955,24.26653774259407
60878.270765304565,1956,24.26653774259407
60915.509353876114,1957,24.26653774259407
60952.13551616669,1958,24.26653774259407
60989.886311769485,1959,24.26653774259407
61027.594176054,1960,24.26653774259407
61064.93191623688,1961,24.26653774259407
61102.41420316696,1962,24.26653774259407
61141.70187616348,1963,24.26653774259407
61179.14369273186,1964,24.26653774259407
61216.9665043354,1965,24.26653774259407
61220.3794965744,1966,24.26638210094728
61223.151938676834,1967,24.266302991302247
61261.28028059006,1968,24.264503285887535
61297.597831487656,1969,24.264503285887535
61336.30926942825,1970,24.259625111249687
61339.59585785866,1971,24.258507414231214
61377.527864694595,1972,24.258507414231214
61415.32215619087,1973,24.258507414231214
61452.523297548294,1974,24.258507414231214
61490.70981311798,1975,24.258507414231214
61530.765769958496,1976,24.258507414231214
61566.762877464294,1977,24.258507414231214
61606.79077911377,1978,24.257397368643534
61650.00607299805,1979,24.257397368643534
61690.884586811066,1980,24.256175022938137
61732.10439610481,1981,24.256175022938137
61773.52051472664,1982,24.256175022938137
61811.179186820984,1983,24.256175022938137
61850.15179467201,1984,24.256175022938137
61886.27742290497,1985,24.256175022938137
61924.14811992645,1986,24.256175022938137
61960.496423244476,1987,24.25385916418044
61999.698130607605,1988,24.25385916418044
62036.62031817436,1989,24.25385916418044
62072.543895959854,1990,24.25385916418044
62107.50884795189,1991,24.253511577665833
62145.367471933365,1992,24.25195037602404
62182.854758024216,1993,24.25195037602404
62186.07920742035,1994,24.25122510583127
62222.907386779785,1995,24.25122510583127
62259.40495252609,1996,24.25122510583127
62296.65232253075,1997,24.25122510583127
62333.26148748398,1998,24.25122510583127
62370.52268958092,1999,24.25122510583127
62407.54369044304,2000,24.251083257160538
62447.82964658737,2001,24.250903045685867
62484.27599930763,2002,24.250071042597177
62520.64589190483,2003,24.250071042597177
62558.09585356712,2004,24.250071042597177
62560.96603345871,2005,24.249614382074316
62595.54247927666,2006,24.249614382074316
62630.66451859474,2007,24.249614382074316
62670.951529979706,2008,24.249614382074316
62706.69868540764,2009,24.249614382074316
62744.413288354874,2010,24.249614382074316
62780.528918504715,2011,24.249614382074316
62817.21415543556,2012,24.249614382074316
62853.7723505497,2013,24.249614382074316
62888.0964448452,2014,24.249614382074316
62924.05007481575,2015,24.249614382074316
62959.726872205734,2016,24.249614382074316
62962.5015308857,2017,24.24954497186539
62965.28564143181,2018,24.249511907057595
63002.91867804527,2019,24.249511907057595
63039.62385511398,2020,24.249511907057595
63042.88796496391,2021,24.24932487615547
63080.06530022621,2022,24.24932487615547
63117.54416513443,2023,24.24932487615547
63153.464400053024,2024,24.24932487615547
63188.810342788696,2025,24.24932487615547
63224.03238248825,2026,24.24932487615547
63260.38592839241,2027,24.24932487615547
63295.856228113174,2028,24.24932487615547
63299.1255030632,2029,24.249249304835512
63335.11472320557,2030,24.249249304835512
63370.83944773674,2031,24.249249304835512
63406.955211639404,2032,24.249249304835512
63444.18729567528,2033,24.249249304835512
63478.11736702919,2034,24.249249304835512
63514.1761572361,2035,24.249249304835512
63517.620505571365,2036,24.249145144113182
63553.895319223404,2037,24.249145144113182
63589.639025211334,2038,24.249145144113182
63622.68982028961,2039,24.249145144113182
63659.18996810913,2040,24.249145144113182
63692.24963140488,2041,24.249145144113182
63728.446546554565,2042,24.249145144113182
63764.89708280563,2043,24.249145144113182
63801.54833126068,2044,24.249145144113182
63836.00720620155,2045,24.249145144113182
63871.503237724304,2046,24.249093662819412
63907.21298313141,2047,24.249093662819412
63942.71172118187,2048,24.249093662819412
63978.855951070786,2049,24.249093662819412
64014.401235580444,2050,24.249093662819412
64017.63081908226,2051,24.249084991615778
64055.25105857849,2052,24.24873589277212
64089.15882706642,2053,24.24873589277212
64124.465804338455,2054,24.24873589277212
64160.02942466736,2055,24.24873589277212
64195.76303124428,2056,24.24873589277212
64231.68034648895,2057,24.24873589277212
64268.31780719757,2058,24.24873589277212
64304.86996769905,2059,24.24873589277212
64340.4610209465,2060,24.24873589277212
64375.9144513607,2061,24.24873589277212
64412.32430481911,2062,24.24873589277212
64448.48801589012,2063,24.24873589277212
64485.008125305176,2064,24.24873589277212
64521.26955938339,2065,24.24873589277212
64556.68877696991,2066,24.24873589277212
64592.830780506134,2067,24.24871862483552
64628.744087696075,2068,24.24871862483552
64664.934128284454,2069,24.24871862483552
64667.76614236832,2070,24.248586890766
64701.4590921402,2071,24.248586890766
64737.12412571907,2072,24.248586890766
64772.85464930534,2073,24.248586890766
64809.17026233673,2074,24.248586890766
64843.895290374756,2075,24.248586890766
64879.13065600395,2076,24.248586890766
64882.42223906517,2077,24.24846294575735
64917.819551706314,2078,24.24846294575735
64954.10176539421,2079,24.24846294575735
64988.85981154442,2080,24.24846294575735
65024.512086868286,2081,24.24846294575735
65060.00465846062,2082,24.24846294575735
65062.95845746994,2083,24.248443992825766
65066.27934765816,2084,24.248433027596207
65100.406687021255,2085,24.248433027596207
65103.609721422195,2086,24.24843106145804
65138.22638750076,2087,24.24843106145804
65141.521233320236,2088,24.248372677361505
65176.22245502472,2089,24.248372677361505
65213.152218580246,2090,24.248372677361505
65248.260922431946,2091,24.248372677361505
65284.870426893234,2092,24.248372677361505
65319.72600531578,2093,24.248372677361505
65355.360307216644,2094,24.248372677361505
65391.4487490654,2095,24.248372677361505
65426.8473906517,2096,24.248372677361505
65461.68521666527,2097,24.248372677361505
65497.79405379295,2098,24.248372677361505
65500.81437134743,2099,24.248368206740764
65537.30854558945,2100,24.248368206740764
65540.07886838913,2101,24.24835532229262
65574.79219293594,2102,24.24835532229262
65577.66785049438,2103,24.248354095000725
65614.3957798481,2104,24.248354095000725
65617.59243822098,2105,24.248348302570072
65653.9487862587,2106,24.248348302570072
65690.34268450737,2107,24.248348302570072
65727.37568259239,2108,24.248348302570072
65763.24286222458,2109,24.248348302570072
65798.39710378647,2110,24.248348302570072
65801.67093062401,2111,24.248345596844242
65837.32295870781,2112,24.24830698297736
65873.36158585548,2113,24.24830698297736
65908.76148629189,2114,24.24830698297736
65944.17303109169,2115,24.24830698297736
65979.75259160995,2116,24.24830698297736
66014.1425755024,2117,24.24830698297736
66050.20172023773,2118,24.24830698297736
66053.46290278435,2119,24.24826237098577
66089.71955895424,2120,24.24826237098577
66124.37481665611,2121,24.24826237098577
66161.9064514637,2122,24.24826237098577
66196.07269191742,2123,24.24826237098577
66232.17719006538,2124,24.24826237098577
66267.40626549721,2125,24.24826237098577
66303.70466828346,2126,24.24826237098577
66340.47781205177,2127,24.24826237098577
66377.23996520042,2128,24.24826237098577
66412.85212469101,2129,24.24826237098577
66448.95455431938,2130,24.24826237098577
66483.66268277168,2131,24.24826237098577
66517.22747778893,2132,24.24826237098577
66550.67575287819,2133,24.24826237098577
66553.7993915081,2134,24.24821183628408
66585.6751241684,2135,24.24821183628408
66619.01039361954,2136,24.24821183628408
66651.23348760605,2137,24.24821183628408
66684.96264624596,2138,24.24821183628408
66719.10633802414,2139,24.24821183628408
66722.07450437546,2140,24.248191515476034
66755.58054041862,2141,24.248191515476034
66788.79899382591,2142,24.248191515476034
66822.50212216377,2143,24.248191515476034
66825.3307504654,2144,24.248186020608056
66859.05990433693,2145,24.248186020608056
66861.5930480957,2146,24.248171068671834
66893.81016540527,2147,24.248171068671834
66928.32245397568,2148,24.248171068671834
66961.97875833511,2149,24.248171068671834
66998.53921818733,2150,24.248171068671834
67034.99349355698,2151,24.248171068671834
67072.09031200409,2152,24.248171068671834
67108.1072382927,2153,24.248171068671834
67144.11309576035,2154,24.248171068671834
67180.32595920563,2155,24.248171068671834
67215.90878367424,2156,24.248171068671834
67250.12689208984,2157,24.248171068671834
67286.76051449776,2158,24.248171068671834
67322.81982374191,2159,24.248171068671834
67325.73659491539,2160,24.248170929635926
67328.93921923637,2161,24.24816181257503
67365.72635674477,2162,24.24816181257503
67401.40239143372,2163,24.24816181257503
67438.32240819931,2164,24.24816181257503
67472.97943925858,2165,24.24816181257503
67510.3578081131,2166,24.24816181257503
67545.52986812592,2167,24.24816181257503
67581.35060214996,2168,24.24816181257503
67584.53136277199,2169,24.248159725129632
67621.17822861671,2170,24.248159725129632
67657.3830230236,2171,24.248159725129632
67690.78949189186,2172,24.248159725129632
67726.94979071617,2173,24.248159725129632
67729.81400966644,2174,24.248157433210963
67766.31863689423,2175,24.248157433210963
67802.13036179543,2176,24.248157433210963
67837.88272929192,2177,24.248157433210963
67873.48910951614,2178,24.248157433210963
67909.28285980225,2179,24.248157433210963
67945.00326371193,2180,24.248157433210963
67980.50737833977,2181,24.248157433210963
68015.62985515594,2182,24.248157433210963
