1
                 Chemistry at HARvard Macromolecular Mechanics
           (CHARMM) - Developmental Version 43a1     August 15, 2017            
       Copyright(c) 1984-2014  President and Fellows of Harvard College
                              All Rights Reserved
  Current operating system: Linux-4.9.0-16-amd64(x86_64)@chi.mdy.univie.ac.at   
                 Created on  7/24/21 at 22:01:02 by user: aleksandar  

            Maximum number of ATOMS:    360720, and RESidues:      120240
 RDTITL> * CHARMM NORMAL MODE
 RDTITL> *
  
 CHARMM>    !stream bonds.str
 CHARMM>    !stream angles.str
 CHARMM>    !stream dihedrals.str
 CHARMM>     
  
 CHARMM>    !stream new.par
 CHARMM>     
  
 CHARMM>    ioformat extended
 MISCOM> Expanded I/O format is used.
  
 CHARMM>    bomblev -1
  
 CHARMM>     
  
 CHARMM>    !stream params.str
 CHARMM>    stream "/home/aleksandar/Project/Molecules/oac/tempfiles/parameters.str"
 VOPEN> Attempting to open::/home/aleksandar/Project/Molecules/oac/tempfiles/parameters.str::
 OPNLGU> Unit 99 opened for READONLY access to /home/aleksandar/Project/Molecules/oac/tempfiles/parameters.str

                    INPUT STREAM SWITCHING TO UNIT    99
 RDTITL> SET OACB1 19.87599492227354
 RDTITL> No title read.

      ***** LEVEL  1 WARNING FROM <RDTITL> *****
      ***** Title expected.
      ******************************************
      BOMLEV ( -1) IS NOT REACHED. WRNLEV IS  5

 Parameter: IN1 <- "" <empty>
  
 CHARMM>    set oacb1 19.87599492227354
 Parameter: OACB1 <- "19.87599492227354"
  
 CHARMM>    set oacb2 534.4358202491337
 Parameter: OACB2 <- "534.4358202491337"
  
 CHARMM>    set oacb3 479.68831189664746
 Parameter: OACB3 <- "479.68831189664746"
  
 CHARMM>    set oaca1 106.09087279859541
 Parameter: OACA1 <- "106.09087279859541"
  
 CHARMM>    set oaca2 3.2622006127921432
 Parameter: OACA2 <- "3.2622006127921432"
  
 CHARMM>    set oaca3 167.38224457521696
 Parameter: OACA3 <- "167.38224457521696"
  
 CHARMM>    set oaca4 85.82026051065019
 Parameter: OACA4 <- "85.82026051065019"
  
 CHARMM>    set oacd1 16.523629769553676
 Parameter: OACD1 <- "16.523629769553676"
  
 CHARMM>    set oaci1 200.0
 Parameter: OACI1 <- "200.0"
  
 VCLOSE: Closing unit   99 with status "KEEP"

                    RETURNING TO INPUT STREAM     5
  
 CHARMM>     
  
 CHARMM>    !Reference files:
 CHARMM>    !   /site/raid1/florian/str/together/pol_fm.rtf
 CHARMM>    !   /site/raid1/florian/str/together/pol_fm.prm
 CHARMM>     
  
 CHARMM>     
  
 CHARMM>    !open  unit 10 read form name "/site/raid1/florian/str/together/pol_fm.rtf"
 CHARMM>    open  unit 10 read form name "/home/aleksandar/Project/Molecules/pol_fm.rtf"
 VOPEN> Attempting to open::/home/aleksandar/Project/Molecules/pol_fm.rtf::
 OPNLGU> Unit 10 opened for READONLY access to /home/aleksandar/Project/Molecules/pol_fm.rtf
  
 CHARMM>    read  unit 10 rtf card
 MAINIO> Residue topology file being read from unit  10.
 TITLE> * TOPOLOGY FILE FOR IM1H, OAC, IM1, HOAC
 TITLE> * BASED ON DGENFF WITH FM OPTIMIZED
 TITLE> * SEPT 2020
 TITLE> *

 DRUDES PARTICLES WILL BE GENERATED AUTOMATICALLY FOR ALL ATOMS WITH NON-ZERO ALPHA
 Thole-type dipole screening, Slater-Delta shape {S(u) = 1 - (1+u/2)*exp(-u)}, default radius =  1.300000
  
 CHARMM>    close unit 10
 VCLOSE: Closing unit   10 with status "KEEP"
  
 CHARMM>     
  
 CHARMM>    !open  unit 10 read form name "/site/raid1/florian/afmm/fm/oac/pol_fm_oac.prm"
 CHARMM>    !open  unit 10 read form name "/site/raid1/florian/str/together/pol_fm.prm"
 CHARMM>    open  unit 10 read form name "/home/aleksandar/Project/Molecules/pol_fm.prm"
 VOPEN> Attempting to open::/home/aleksandar/Project/Molecules/pol_fm.prm::
 OPNLGU> Unit 10 opened for READONLY access to /home/aleksandar/Project/Molecules/pol_fm.prm
  
 CHARMM>    read  unit 10 para card

          PARAMETER FILE BEING READ FROM UNIT 10
 TITLE> * PARAMETER FILE FOR IM1H, OAC, IM1, HOAC
 TITLE> * BASED ON DGENFF WITH FM OPTIMIZED FOR IM1H AND IM1
 TITLE> * OAC, HOAC ORIG DGENFF
 TITLE> * SEPT 2020
 TITLE> *

 PARRDR> WARNING: ATOMS IN BOND DRUD     X        1000.00000   0.00000 DONT EXIST
  * WARNING * <PARSUB> Command ignored. Token not found: >IM1HB1<

      ***** LEVEL  0 WARNING FROM <PARSE1> *****
      ***** Error in parameter substitution.
      ******************************************
      BOMLEV ( -1) IS NOT REACHED. WRNLEV IS  5

  * WARNING * <PARSUB> Command ignored. Token not found: >IM1HB2<

      ***** LEVEL  0 WARNING FROM <PARSE1> *****
      ***** Error in parameter substitution.
      ******************************************
      BOMLEV ( -1) IS NOT REACHED. WRNLEV IS  5

  * WARNING * <PARSUB> Command ignored. Token not found: >IM1HB3<

      ***** LEVEL  0 WARNING FROM <PARSE1> *****
      ***** Error in parameter substitution.
      ******************************************
      BOMLEV ( -1) IS NOT REACHED. WRNLEV IS  5

  * WARNING * <PARSUB> Command ignored. Token not found: >IM1HB4<

      ***** LEVEL  0 WARNING FROM <PARSE1> *****
      ***** Error in parameter substitution.
      ******************************************
      BOMLEV ( -1) IS NOT REACHED. WRNLEV IS  5

  * WARNING * <PARSUB> Command ignored. Token not found: >IM1HB5<

      ***** LEVEL  0 WARNING FROM <PARSE1> *****
      ***** Error in parameter substitution.
      ******************************************
      BOMLEV ( -1) IS NOT REACHED. WRNLEV IS  5

  * WARNING * <PARSUB> Command ignored. Token not found: >IM1HB6<

      ***** LEVEL  0 WARNING FROM <PARSE1> *****
      ***** Error in parameter substitution.
      ******************************************
      BOMLEV ( -1) IS NOT REACHED. WRNLEV IS  5

  * WARNING * <PARSUB> Command ignored. Token not found: >IM1HB7<

      ***** LEVEL  0 WARNING FROM <PARSE1> *****
      ***** Error in parameter substitution.
      ******************************************
      BOMLEV ( -1) IS NOT REACHED. WRNLEV IS  5

  * WARNING * <PARSUB> Command ignored. Token not found: >IM1HB8<

      ***** LEVEL  0 WARNING FROM <PARSE1> *****
      ***** Error in parameter substitution.
      ******************************************
      BOMLEV ( -1) IS NOT REACHED. WRNLEV IS  5

  * WARNING * <PARSUB> Command ignored. Token not found: >IM1B1<

      ***** LEVEL  0 WARNING FROM <PARSE1> *****
      ***** Error in parameter substitution.
      ******************************************
      BOMLEV ( -1) IS NOT REACHED. WRNLEV IS  5

  * WARNING * <PARSUB> Command ignored. Token not found: >IM1B2<

      ***** LEVEL  0 WARNING FROM <PARSE1> *****
      ***** Error in parameter substitution.
      ******************************************
      BOMLEV ( -1) IS NOT REACHED. WRNLEV IS  5

  * WARNING * <PARSUB> Command ignored. Token not found: >IM1B3<

      ***** LEVEL  0 WARNING FROM <PARSE1> *****
      ***** Error in parameter substitution.
      ******************************************
      BOMLEV ( -1) IS NOT REACHED. WRNLEV IS  5

  * WARNING * <PARSUB> Command ignored. Token not found: >IM1B4<

      ***** LEVEL  0 WARNING FROM <PARSE1> *****
      ***** Error in parameter substitution.
      ******************************************
      BOMLEV ( -1) IS NOT REACHED. WRNLEV IS  5

  * WARNING * <PARSUB> Command ignored. Token not found: >IM1B5<

      ***** LEVEL  0 WARNING FROM <PARSE1> *****
      ***** Error in parameter substitution.
      ******************************************
      BOMLEV ( -1) IS NOT REACHED. WRNLEV IS  5

  * WARNING * <PARSUB> Command ignored. Token not found: >IM1B6<

      ***** LEVEL  0 WARNING FROM <PARSE1> *****
      ***** Error in parameter substitution.
      ******************************************
      BOMLEV ( -1) IS NOT REACHED. WRNLEV IS  5

  * WARNING * <PARSUB> Command ignored. Token not found: >IM1B7<

      ***** LEVEL  0 WARNING FROM <PARSE1> *****
      ***** Error in parameter substitution.
      ******************************************
      BOMLEV ( -1) IS NOT REACHED. WRNLEV IS  5

  * WARNING * <PARSUB> Command ignored. Token not found: >IM1B8<

      ***** LEVEL  0 WARNING FROM <PARSE1> *****
      ***** Error in parameter substitution.
      ******************************************
      BOMLEV ( -1) IS NOT REACHED. WRNLEV IS  5

  * WARNING * <PARSUB> Command ignored. Token not found: >IM1B9<

      ***** LEVEL  0 WARNING FROM <PARSE1> *****
      ***** Error in parameter substitution.
      ******************************************
      BOMLEV ( -1) IS NOT REACHED. WRNLEV IS  5

  * WARNING * <PARSUB> Command ignored. Token not found: >HOACB1<

      ***** LEVEL  0 WARNING FROM <PARSE1> *****
      ***** Error in parameter substitution.
      ******************************************
      BOMLEV ( -1) IS NOT REACHED. WRNLEV IS  5

  * WARNING * <PARSUB> Command ignored. Token not found: >HOACB2<

      ***** LEVEL  0 WARNING FROM <PARSE1> *****
      ***** Error in parameter substitution.
      ******************************************
      BOMLEV ( -1) IS NOT REACHED. WRNLEV IS  5

  * WARNING * <PARSUB> Command ignored. Token not found: >HOACB3<

      ***** LEVEL  0 WARNING FROM <PARSE1> *****
      ***** Error in parameter substitution.
      ******************************************
      BOMLEV ( -1) IS NOT REACHED. WRNLEV IS  5

  * WARNING * <PARSUB> Command ignored. Token not found: >HOACB4<

      ***** LEVEL  0 WARNING FROM <PARSE1> *****
      ***** Error in parameter substitution.
      ******************************************
      BOMLEV ( -1) IS NOT REACHED. WRNLEV IS  5

  * WARNING * <PARSUB> Command ignored. Token not found: >HOACB5<

      ***** LEVEL  0 WARNING FROM <PARSE1> *****
      ***** Error in parameter substitution.
      ******************************************
      BOMLEV ( -1) IS NOT REACHED. WRNLEV IS  5

  * WARNING * <PARSUB> Command ignored. Token not found: >IM1HA1<

      ***** LEVEL  0 WARNING FROM <PARSE1> *****
      ***** Error in parameter substitution.
      ******************************************
      BOMLEV ( -1) IS NOT REACHED. WRNLEV IS  5

  * WARNING * <PARSUB> Command ignored. Token not found: >IM1HA2<

      ***** LEVEL  0 WARNING FROM <PARSE1> *****
      ***** Error in parameter substitution.
      ******************************************
      BOMLEV ( -1) IS NOT REACHED. WRNLEV IS  5

  * WARNING * <PARSUB> Command ignored. Token not found: >IM1HA3<

      ***** LEVEL  0 WARNING FROM <PARSE1> *****
      ***** Error in parameter substitution.
      ******************************************
      BOMLEV ( -1) IS NOT REACHED. WRNLEV IS  5

  * WARNING * <PARSUB> Command ignored. Token not found: >IM1HA4<

      ***** LEVEL  0 WARNING FROM <PARSE1> *****
      ***** Error in parameter substitution.
      ******************************************
      BOMLEV ( -1) IS NOT REACHED. WRNLEV IS  5

  * WARNING * <PARSUB> Command ignored. Token not found: >IM1HA5<

      ***** LEVEL  0 WARNING FROM <PARSE1> *****
      ***** Error in parameter substitution.
      ******************************************
      BOMLEV ( -1) IS NOT REACHED. WRNLEV IS  5

  * WARNING * <PARSUB> Command ignored. Token not found: >IM1HA6<

      ***** LEVEL  0 WARNING FROM <PARSE1> *****
      ***** Error in parameter substitution.
      ******************************************
      BOMLEV ( -1) IS NOT REACHED. WRNLEV IS  5

  * WARNING * <PARSUB> Command ignored. Token not found: >IM1HA7<

      ***** LEVEL  0 WARNING FROM <PARSE1> *****
      ***** Error in parameter substitution.
      ******************************************
      BOMLEV ( -1) IS NOT REACHED. WRNLEV IS  5

  * WARNING * <PARSUB> Command ignored. Token not found: >IM1HA8<

      ***** LEVEL  0 WARNING FROM <PARSE1> *****
      ***** Error in parameter substitution.
      ******************************************
      BOMLEV ( -1) IS NOT REACHED. WRNLEV IS  5

  * WARNING * <PARSUB> Command ignored. Token not found: >IM1HA9<

      ***** LEVEL  0 WARNING FROM <PARSE1> *****
      ***** Error in parameter substitution.
      ******************************************
      BOMLEV ( -1) IS NOT REACHED. WRNLEV IS  5

  * WARNING * <PARSUB> Command ignored. Token not found: >IM1HA10<

      ***** LEVEL  0 WARNING FROM <PARSE1> *****
      ***** Error in parameter substitution.
      ******************************************
      BOMLEV ( -1) IS NOT REACHED. WRNLEV IS  5

  * WARNING * <PARSUB> Command ignored. Token not found: >IM1HA11<

      ***** LEVEL  0 WARNING FROM <PARSE1> *****
      ***** Error in parameter substitution.
      ******************************************
      BOMLEV ( -1) IS NOT REACHED. WRNLEV IS  5

  * WARNING * <PARSUB> Command ignored. Token not found: >IM1HA12<

      ***** LEVEL  0 WARNING FROM <PARSE1> *****
      ***** Error in parameter substitution.
      ******************************************
      BOMLEV ( -1) IS NOT REACHED. WRNLEV IS  5

  * WARNING * <PARSUB> Command ignored. Token not found: >IM1A1<

      ***** LEVEL  0 WARNING FROM <PARSE1> *****
      ***** Error in parameter substitution.
      ******************************************
      BOMLEV ( -1) IS NOT REACHED. WRNLEV IS  5

  * WARNING * <PARSUB> Command ignored. Token not found: >IM1A2<

      ***** LEVEL  0 WARNING FROM <PARSE1> *****
      ***** Error in parameter substitution.
      ******************************************
      BOMLEV ( -1) IS NOT REACHED. WRNLEV IS  5

  * WARNING * <PARSUB> Command ignored. Token not found: >IM1A3<

      ***** LEVEL  0 WARNING FROM <PARSE1> *****
      ***** Error in parameter substitution.
      ******************************************
      BOMLEV ( -1) IS NOT REACHED. WRNLEV IS  5

  * WARNING * <PARSUB> Command ignored. Token not found: >IM1A4<

      ***** LEVEL  0 WARNING FROM <PARSE1> *****
      ***** Error in parameter substitution.
      ******************************************
      BOMLEV ( -1) IS NOT REACHED. WRNLEV IS  5

  * WARNING * <PARSUB> Command ignored. Token not found: >IM1A5<

      ***** LEVEL  0 WARNING FROM <PARSE1> *****
      ***** Error in parameter substitution.
      ******************************************
      BOMLEV ( -1) IS NOT REACHED. WRNLEV IS  5

  * WARNING * <PARSUB> Command ignored. Token not found: >IM1A6<

      ***** LEVEL  0 WARNING FROM <PARSE1> *****
      ***** Error in parameter substitution.
      ******************************************
      BOMLEV ( -1) IS NOT REACHED. WRNLEV IS  5

  * WARNING * <PARSUB> Command ignored. Token not found: >IM1A7<

      ***** LEVEL  0 WARNING FROM <PARSE1> *****
      ***** Error in parameter substitution.
      ******************************************
      BOMLEV ( -1) IS NOT REACHED. WRNLEV IS  5

  * WARNING * <PARSUB> Command ignored. Token not found: >IM1A8<

      ***** LEVEL  0 WARNING FROM <PARSE1> *****
      ***** Error in parameter substitution.
      ******************************************
      BOMLEV ( -1) IS NOT REACHED. WRNLEV IS  5

  * WARNING * <PARSUB> Command ignored. Token not found: >IM1A9<

      ***** LEVEL  0 WARNING FROM <PARSE1> *****
      ***** Error in parameter substitution.
      ******************************************
      BOMLEV ( -1) IS NOT REACHED. WRNLEV IS  5

  * WARNING * <PARSUB> Command ignored. Token not found: >IM1A10<

      ***** LEVEL  0 WARNING FROM <PARSE1> *****
      ***** Error in parameter substitution.
      ******************************************
      BOMLEV ( -1) IS NOT REACHED. WRNLEV IS  5

  * WARNING * <PARSUB> Command ignored. Token not found: >IM1A11<

      ***** LEVEL  0 WARNING FROM <PARSE1> *****
      ***** Error in parameter substitution.
      ******************************************
      BOMLEV ( -1) IS NOT REACHED. WRNLEV IS  5

  * WARNING * <PARSUB> Command ignored. Token not found: >IM1A12<

      ***** LEVEL  0 WARNING FROM <PARSE1> *****
      ***** Error in parameter substitution.
      ******************************************
      BOMLEV ( -1) IS NOT REACHED. WRNLEV IS  5

  * WARNING * <PARSUB> Command ignored. Token not found: >IM1A13<

      ***** LEVEL  0 WARNING FROM <PARSE1> *****
      ***** Error in parameter substitution.
      ******************************************
      BOMLEV ( -1) IS NOT REACHED. WRNLEV IS  5

  * WARNING * <PARSUB> Command ignored. Token not found: >IM1A14<

      ***** LEVEL  0 WARNING FROM <PARSE1> *****
      ***** Error in parameter substitution.
      ******************************************
      BOMLEV ( -1) IS NOT REACHED. WRNLEV IS  5

  * WARNING * <PARSUB> Command ignored. Token not found: >HOACA1<

      ***** LEVEL  0 WARNING FROM <PARSE1> *****
      ***** Error in parameter substitution.
      ******************************************
      BOMLEV ( -1) IS NOT REACHED. WRNLEV IS  5

  * WARNING * <PARSUB> Command ignored. Token not found: >HOACA2<

      ***** LEVEL  0 WARNING FROM <PARSE1> *****
      ***** Error in parameter substitution.
      ******************************************
      BOMLEV ( -1) IS NOT REACHED. WRNLEV IS  5

  * WARNING * <PARSUB> Command ignored. Token not found: >HOACA3<

      ***** LEVEL  0 WARNING FROM <PARSE1> *****
      ***** Error in parameter substitution.
      ******************************************
      BOMLEV ( -1) IS NOT REACHED. WRNLEV IS  5

  * WARNING * <PARSUB> Command ignored. Token not found: >HOACA4<

      ***** LEVEL  0 WARNING FROM <PARSE1> *****
      ***** Error in parameter substitution.
      ******************************************
      BOMLEV ( -1) IS NOT REACHED. WRNLEV IS  5

  * WARNING * <PARSUB> Command ignored. Token not found: >HOACA5<

      ***** LEVEL  0 WARNING FROM <PARSE1> *****
      ***** Error in parameter substitution.
      ******************************************
      BOMLEV ( -1) IS NOT REACHED. WRNLEV IS  5

  * WARNING * <PARSUB> Command ignored. Token not found: >HOACA6<

      ***** LEVEL  0 WARNING FROM <PARSE1> *****
      ***** Error in parameter substitution.
      ******************************************
      BOMLEV ( -1) IS NOT REACHED. WRNLEV IS  5

  * WARNING * <PARSUB> Command ignored. Token not found: >IM1HD1<

      ***** LEVEL  0 WARNING FROM <PARSE1> *****
      ***** Error in parameter substitution.
      ******************************************
      BOMLEV ( -1) IS NOT REACHED. WRNLEV IS  5

  * WARNING * <PARSUB> Command ignored. Token not found: >IM1HD2<

      ***** LEVEL  0 WARNING FROM <PARSE1> *****
      ***** Error in parameter substitution.
      ******************************************
      BOMLEV ( -1) IS NOT REACHED. WRNLEV IS  5

  * WARNING * <PARSUB> Command ignored. Token not found: >IM1HD3<

      ***** LEVEL  0 WARNING FROM <PARSE1> *****
      ***** Error in parameter substitution.
      ******************************************
      BOMLEV ( -1) IS NOT REACHED. WRNLEV IS  5

  * WARNING * <PARSUB> Command ignored. Token not found: >IM1HD4<

      ***** LEVEL  0 WARNING FROM <PARSE1> *****
      ***** Error in parameter substitution.
      ******************************************
      BOMLEV ( -1) IS NOT REACHED. WRNLEV IS  5

  * WARNING * <PARSUB> Command ignored. Token not found: >IM1HD5<

      ***** LEVEL  0 WARNING FROM <PARSE1> *****
      ***** Error in parameter substitution.
      ******************************************
      BOMLEV ( -1) IS NOT REACHED. WRNLEV IS  5

  * WARNING * <PARSUB> Command ignored. Token not found: >IM1HD6<

      ***** LEVEL  0 WARNING FROM <PARSE1> *****
      ***** Error in parameter substitution.
      ******************************************
      BOMLEV ( -1) IS NOT REACHED. WRNLEV IS  5

  * WARNING * <PARSUB> Command ignored. Token not found: >IM1HD7<

      ***** LEVEL  0 WARNING FROM <PARSE1> *****
      ***** Error in parameter substitution.
      ******************************************
      BOMLEV ( -1) IS NOT REACHED. WRNLEV IS  5

  * WARNING * <PARSUB> Command ignored. Token not found: >IM1HD8<

      ***** LEVEL  0 WARNING FROM <PARSE1> *****
      ***** Error in parameter substitution.
      ******************************************
      BOMLEV ( -1) IS NOT REACHED. WRNLEV IS  5

  * WARNING * <PARSUB> Command ignored. Token not found: >IM1HD9<

      ***** LEVEL  0 WARNING FROM <PARSE1> *****
      ***** Error in parameter substitution.
      ******************************************
      BOMLEV ( -1) IS NOT REACHED. WRNLEV IS  5

  * WARNING * <PARSUB> Command ignored. Token not found: >IM1HD10<

      ***** LEVEL  0 WARNING FROM <PARSE1> *****
      ***** Error in parameter substitution.
      ******************************************
      BOMLEV ( -1) IS NOT REACHED. WRNLEV IS  5

  * WARNING * <PARSUB> Command ignored. Token not found: >IM1HD11<

      ***** LEVEL  0 WARNING FROM <PARSE1> *****
      ***** Error in parameter substitution.
      ******************************************
      BOMLEV ( -1) IS NOT REACHED. WRNLEV IS  5

  * WARNING * <PARSUB> Command ignored. Token not found: >IM1HD12<

      ***** LEVEL  0 WARNING FROM <PARSE1> *****
      ***** Error in parameter substitution.
      ******************************************
      BOMLEV ( -1) IS NOT REACHED. WRNLEV IS  5

  * WARNING * <PARSUB> Command ignored. Token not found: >IM1HD13<

      ***** LEVEL  0 WARNING FROM <PARSE1> *****
      ***** Error in parameter substitution.
      ******************************************
      BOMLEV ( -1) IS NOT REACHED. WRNLEV IS  5

  * WARNING * <PARSUB> Command ignored. Token not found: >IM1HD14<

      ***** LEVEL  0 WARNING FROM <PARSE1> *****
      ***** Error in parameter substitution.
      ******************************************
      BOMLEV ( -1) IS NOT REACHED. WRNLEV IS  5

  * WARNING * <PARSUB> Command ignored. Token not found: >IM1HD15<

      ***** LEVEL  0 WARNING FROM <PARSE1> *****
      ***** Error in parameter substitution.
      ******************************************
      BOMLEV ( -1) IS NOT REACHED. WRNLEV IS  5

  * WARNING * <PARSUB> Command ignored. Token not found: >IM1HD16<

      ***** LEVEL  0 WARNING FROM <PARSE1> *****
      ***** Error in parameter substitution.
      ******************************************
      BOMLEV ( -1) IS NOT REACHED. WRNLEV IS  5

  * WARNING * <PARSUB> Command ignored. Token not found: >IM1HD17<

      ***** LEVEL  0 WARNING FROM <PARSE1> *****
      ***** Error in parameter substitution.
      ******************************************
      BOMLEV ( -1) IS NOT REACHED. WRNLEV IS  5

  * WARNING * <PARSUB> Command ignored. Token not found: >IM1D1<

      ***** LEVEL  0 WARNING FROM <PARSE1> *****
      ***** Error in parameter substitution.
      ******************************************
      BOMLEV ( -1) IS NOT REACHED. WRNLEV IS  5

  * WARNING * <PARSUB> Command ignored. Token not found: >IM1D2<

      ***** LEVEL  0 WARNING FROM <PARSE1> *****
      ***** Error in parameter substitution.
      ******************************************
      BOMLEV ( -1) IS NOT REACHED. WRNLEV IS  5

  * WARNING * <PARSUB> Command ignored. Token not found: >IM1D3<

      ***** LEVEL  0 WARNING FROM <PARSE1> *****
      ***** Error in parameter substitution.
      ******************************************
      BOMLEV ( -1) IS NOT REACHED. WRNLEV IS  5

  * WARNING * <PARSUB> Command ignored. Token not found: >IM1D4<

      ***** LEVEL  0 WARNING FROM <PARSE1> *****
      ***** Error in parameter substitution.
      ******************************************
      BOMLEV ( -1) IS NOT REACHED. WRNLEV IS  5

  * WARNING * <PARSUB> Command ignored. Token not found: >IM1D5<

      ***** LEVEL  0 WARNING FROM <PARSE1> *****
      ***** Error in parameter substitution.
      ******************************************
      BOMLEV ( -1) IS NOT REACHED. WRNLEV IS  5

  * WARNING * <PARSUB> Command ignored. Token not found: >IM1D6<

      ***** LEVEL  0 WARNING FROM <PARSE1> *****
      ***** Error in parameter substitution.
      ******************************************
      BOMLEV ( -1) IS NOT REACHED. WRNLEV IS  5

  * WARNING * <PARSUB> Command ignored. Token not found: >IM1D7<

      ***** LEVEL  0 WARNING FROM <PARSE1> *****
      ***** Error in parameter substitution.
      ******************************************
      BOMLEV ( -1) IS NOT REACHED. WRNLEV IS  5

  * WARNING * <PARSUB> Command ignored. Token not found: >IM1D8<

      ***** LEVEL  0 WARNING FROM <PARSE1> *****
      ***** Error in parameter substitution.
      ******************************************
      BOMLEV ( -1) IS NOT REACHED. WRNLEV IS  5

  * WARNING * <PARSUB> Command ignored. Token not found: >IM1D9<

      ***** LEVEL  0 WARNING FROM <PARSE1> *****
      ***** Error in parameter substitution.
      ******************************************
      BOMLEV ( -1) IS NOT REACHED. WRNLEV IS  5

  * WARNING * <PARSUB> Command ignored. Token not found: >IM1D10<

      ***** LEVEL  0 WARNING FROM <PARSE1> *****
      ***** Error in parameter substitution.
      ******************************************
      BOMLEV ( -1) IS NOT REACHED. WRNLEV IS  5

  * WARNING * <PARSUB> Command ignored. Token not found: >IM1D11<

      ***** LEVEL  0 WARNING FROM <PARSE1> *****
      ***** Error in parameter substitution.
      ******************************************
      BOMLEV ( -1) IS NOT REACHED. WRNLEV IS  5

  * WARNING * <PARSUB> Command ignored. Token not found: >IM1D12<

      ***** LEVEL  0 WARNING FROM <PARSE1> *****
      ***** Error in parameter substitution.
      ******************************************
      BOMLEV ( -1) IS NOT REACHED. WRNLEV IS  5

  * WARNING * <PARSUB> Command ignored. Token not found: >IM1D13<

      ***** LEVEL  0 WARNING FROM <PARSE1> *****
      ***** Error in parameter substitution.
      ******************************************
      BOMLEV ( -1) IS NOT REACHED. WRNLEV IS  5

  * WARNING * <PARSUB> Command ignored. Token not found: >IM1D14<

      ***** LEVEL  0 WARNING FROM <PARSE1> *****
      ***** Error in parameter substitution.
      ******************************************
      BOMLEV ( -1) IS NOT REACHED. WRNLEV IS  5

  * WARNING * <PARSUB> Command ignored. Token not found: >IM1D15<

      ***** LEVEL  0 WARNING FROM <PARSE1> *****
      ***** Error in parameter substitution.
      ******************************************
      BOMLEV ( -1) IS NOT REACHED. WRNLEV IS  5

  * WARNING * <PARSUB> Command ignored. Token not found: >IM1D16<

      ***** LEVEL  0 WARNING FROM <PARSE1> *****
      ***** Error in parameter substitution.
      ******************************************
      BOMLEV ( -1) IS NOT REACHED. WRNLEV IS  5

  * WARNING * <PARSUB> Command ignored. Token not found: >IM1D17<

      ***** LEVEL  0 WARNING FROM <PARSE1> *****
      ***** Error in parameter substitution.
      ******************************************
      BOMLEV ( -1) IS NOT REACHED. WRNLEV IS  5

  * WARNING * <PARSUB> Command ignored. Token not found: >IM1D18<

      ***** LEVEL  0 WARNING FROM <PARSE1> *****
      ***** Error in parameter substitution.
      ******************************************
      BOMLEV ( -1) IS NOT REACHED. WRNLEV IS  5

  * WARNING * <PARSUB> Command ignored. Token not found: >HOACD1<

      ***** LEVEL  0 WARNING FROM <PARSE1> *****
      ***** Error in parameter substitution.
      ******************************************
      BOMLEV ( -1) IS NOT REACHED. WRNLEV IS  5

  * WARNING * <PARSUB> Command ignored. Token not found: >HOACD2<

      ***** LEVEL  0 WARNING FROM <PARSE1> *****
      ***** Error in parameter substitution.
      ******************************************
      BOMLEV ( -1) IS NOT REACHED. WRNLEV IS  5

  * WARNING * <PARSUB> Command ignored. Token not found: >HOACD3<

      ***** LEVEL  0 WARNING FROM <PARSE1> *****
      ***** Error in parameter substitution.
      ******************************************
      BOMLEV ( -1) IS NOT REACHED. WRNLEV IS  5

  * WARNING * <PARSUB> Command ignored. Token not found: >HOACD4<

      ***** LEVEL  0 WARNING FROM <PARSE1> *****
      ***** Error in parameter substitution.
      ******************************************
      BOMLEV ( -1) IS NOT REACHED. WRNLEV IS  5

  * WARNING * <PARSUB> Command ignored. Token not found: >HOACI1<

      ***** LEVEL  0 WARNING FROM <PARSE1> *****
      ***** Error in parameter substitution.
      ******************************************
      BOMLEV ( -1) IS NOT REACHED. WRNLEV IS  5

  * WARNING * <PARSUB> Command ignored. Token not found: >IM1I1<

      ***** LEVEL  0 WARNING FROM <PARSE1> *****
      ***** Error in parameter substitution.
      ******************************************
      BOMLEV ( -1) IS NOT REACHED. WRNLEV IS  5

  * WARNING * <PARSUB> Command ignored. Token not found: >IM1I2<

      ***** LEVEL  0 WARNING FROM <PARSE1> *****
      ***** Error in parameter substitution.
      ******************************************
      BOMLEV ( -1) IS NOT REACHED. WRNLEV IS  5

  * WARNING * <PARSUB> Command ignored. Token not found: >IM1I3<

      ***** LEVEL  0 WARNING FROM <PARSE1> *****
      ***** Error in parameter substitution.
      ******************************************
      BOMLEV ( -1) IS NOT REACHED. WRNLEV IS  5

  * WARNING * <PARSUB> Command ignored. Token not found: >IM1I4<

      ***** LEVEL  0 WARNING FROM <PARSE1> *****
      ***** Error in parameter substitution.
      ******************************************
      BOMLEV ( -1) IS NOT REACHED. WRNLEV IS  5

  * WARNING * <PARSUB> Command ignored. Token not found: >IM1HI1<

      ***** LEVEL  0 WARNING FROM <PARSE1> *****
      ***** Error in parameter substitution.
      ******************************************
      BOMLEV ( -1) IS NOT REACHED. WRNLEV IS  5

  * WARNING * <PARSUB> Command ignored. Token not found: >IM1HI2<

      ***** LEVEL  0 WARNING FROM <PARSE1> *****
      ***** Error in parameter substitution.
      ******************************************
      BOMLEV ( -1) IS NOT REACHED. WRNLEV IS  5

  * WARNING * <PARSUB> Command ignored. Token not found: >IM1HI3<

      ***** LEVEL  0 WARNING FROM <PARSE1> *****
      ***** Error in parameter substitution.
      ******************************************
      BOMLEV ( -1) IS NOT REACHED. WRNLEV IS  5

  * WARNING * <PARSUB> Command ignored. Token not found: >IM1HI4<

      ***** LEVEL  0 WARNING FROM <PARSE1> *****
      ***** Error in parameter substitution.
      ******************************************
      BOMLEV ( -1) IS NOT REACHED. WRNLEV IS  5

 PARMIO> NONBOND, HBOND lists and IMAGE atoms cleared.
  
 CHARMM>    close unit 10
 VCLOSE: Closing unit   10 with status "KEEP"
  
 CHARMM>     
  
 CHARMM>    read sequence OAC 1
  
 CHARMM>    generate OAC setup warn drude dmass 0.4
 Drude polarizability will be setup for SEGID: OAC     mass of Drudes particles =    0.4000
 NO PATCHING WILL BE DONE ON THE FIRST RESIDUE
 NO PATCHING WILL BE DONE ON THE LAST  RESIDUE

 MKDRUDE generate list and setup for drude polarizability

 All okay for      4 added Drude particles 

 GENPSF> Segment   1 has been generated. Its identifier is OAC.
 PSFSUM> PSF modified: NONBOND lists and IMAGE atoms cleared.
 PSFSUM> Summary of the structure file counters :
         Number of segments      =        1   Number of residues   =        1
         Number of atoms         =       15   Number of groups     =        1
         Number of bonds         =       14   Number of angles     =        9
         Number of dihedrals     =        6   Number of impropers  =        1
         Number of cross-terms   =        0
         Number of HB acceptors  =        0   Number of HB donors  =        0
         Number of NB exclusions =        0   Total charge =   -1.00000
         Number of Drudes        =        4
         Number of true-bonds    =       14   Number of zero-bonds =        0
         Number of aniso. terms  =        2   Number of lone-pairs =        4
  
 CHARMM>     
  
 CHARMM>    !=======================================================================
 CHARMM>    ! Optimize new coordinates
 CHARMM>    !=======================================================================
 CHARMM>    read coor card name "/home/aleksandar/Project/Molecules/oac/oac.cor"
 VOPEN> Attempting to open::/home/aleksandar/Project/Molecules/oac/oac.cor::
          SPATIAL COORDINATES BEING READ FROM UNIT 90
 TITLE> * COORDS FROM STANDARDORIENTATION FROM OAC.LOG FILE
 TITLE> 7
 ** WARNING ** After reading, there are no coordinates for selected atom:     2     1 OAC  DC1 
 ** WARNING ** After reading, there are no coordinates for selected atom:     7     1 OAC  DC2 
 ** WARNING ** After reading, there are no coordinates for selected atom:     9     1 OAC  DO1 
 ** WARNING ** After reading, there are no coordinates for selected atom:    11     1 OAC  DO2 
 ** WARNING ** After reading, there are no coordinates for selected atom:    12     1 OAC  LPO1
 ** WARNING ** After reading, there are no coordinates for selected atom:    13     1 OAC  LPO1
 ** WARNING ** After reading, there are no coordinates for selected atom:    14     1 OAC  LPO2
 ** WARNING ** After reading, there are no coordinates for selected atom:    15     1 OAC  LPO2

 ** A total of     8 selected atoms have no coordinates
 *** LEVEL  2 WARNING *** BOMLEV IS   -1
 VCLOSE: Closing unit   90 with status "KEEP"
  
 CHARMM>     
  
 CHARMM>    coor sdrude
  
 CHARMM>    coor shake
 SELECTED COORDINATES CONSTRAINED IN THE MAIN SET.

  
 CHARMM>     
  
 CHARMM>     
  
 CHARMM>    energy

 NONBOND OPTION FLAGS: 
     ELEC     VDW      ATOMs    CDIElec  SWITch   VATOm    VSWItch 
     BYGRoup  NOEXtnd  NOEWald 
 CUTNB  = 16.000 CTEXNB =999.000 CTONNB = 10.000 CTOFNB = 12.000
 CGONNB =  0.000 CGOFNB = 10.000
 WMIN   =  1.500 WRNMXD =  0.500 E14FAC =  1.000 EPS    =  1.000
 NBXMOD =      5
 There are        0 atom  pairs and        0 atom  exclusions.
 There are        0 group pairs and        0 group exclusions.
 <MAKINB> with mode   5 found     81 exclusions and     24 interactions(1-4)
 <MAKGRP> found      0 group exclusions.
 Generating nonbond list with Exclusion mode = 5
 == PRIMARY == SPACE FOR      451 ATOM PAIRS AND        0 GROUP PAIRS

 General atom nonbond list generation found:
       24 ATOM PAIRS WERE FOUND FOR ATOM LIST
        0 GROUP PAIRS REQUIRED ATOM SEARCHES

ENER ENR:  Eval#     ENERgy      Delta-E         GRMS
ENER INTERN:          BONDs       ANGLes       UREY-b    DIHEdrals    IMPRopers
ENER EXTERN:        VDWaals         ELEC       HBONds          ASP         USER
 ----------       ---------    ---------    ---------    ---------    ---------
ENER>        0    108.27140      0.00000     22.57280
ENER INTERN>        0.97718      7.58842      1.63219     99.14178      0.00000
ENER EXTERN>        0.98117     -2.04933      0.00000      0.00000      0.00000
 ----------       ---------    ---------    ---------    ---------    ---------
  
 CHARMM>    nbonds elec atom fswitch vdw vatom vshift cdie eps 1.0 wmin 1.5  -
 CHARMM>           CUTNB 14.0 CTONNB 8.0 CTOFNB 12.0

 NONBOND OPTION FLAGS: 
     ELEC     VDW      ATOMs    CDIElec  FSWItch  VATOm    VSHIft  
     BYGRoup  NOEXtnd  NOEWald 
 CUTNB  = 14.000 CTEXNB =999.000 CTONNB =  8.000 CTOFNB = 12.000
 CGONNB =  0.000 CGOFNB = 10.000
 WMIN   =  1.500 WRNMXD =  0.500 E14FAC =  1.000 EPS    =  1.000
 NBXMOD =      5
 There are       24 atom  pairs and      105 atom  exclusions.
 There are        0 group pairs and        0 group exclusions.
 Generating nonbond list with Exclusion mode = 5
 == PRIMARY == SPACE FOR      451 ATOM PAIRS AND        0 GROUP PAIRS

 General atom nonbond list generation found:
       24 ATOM PAIRS WERE FOUND FOR ATOM LIST
        0 GROUP PAIRS REQUIRED ATOM SEARCHES

  
 CHARMM>     
  
 CHARMM>    mini sd   nstep  5000 nprint 50 !tolene 0.0001

 NONBOND OPTION FLAGS: 
     ELEC     VDW      ATOMs    CDIElec  FSWItch  VATOm    VSHIft  
     BYGRoup  NOEXtnd  NOEWald 
 CUTNB  = 14.000 CTEXNB =999.000 CTONNB =  8.000 CTOFNB = 12.000
 CGONNB =  0.000 CGOFNB = 10.000
 WMIN   =  1.500 WRNMXD =  0.500 E14FAC =  1.000 EPS    =  1.000
 NBXMOD =      5
 There are       24 atom  pairs and      105 atom  exclusions.
 There are        0 group pairs and        0 group exclusions.
 Generating nonbond list with Exclusion mode = 5
 == PRIMARY == SPACE FOR      451 ATOM PAIRS AND        0 GROUP PAIRS

 General atom nonbond list generation found:
       24 ATOM PAIRS WERE FOUND FOR ATOM LIST
        0 GROUP PAIRS REQUIRED ATOM SEARCHES



 STEEPD> An energy minimization has been requested.

 NSTEP  =         5000   NPRINT =           50
 STEP   =    0.0200000   TOLFUN =    0.0000000
 TOLGRD =    0.0000000   TOLSTP =    0.0000000

MINI MIN: Cycle      ENERgy      Delta-E         GRMS    Step-size
MINI INTERN:          BONDs       ANGLes       UREY-b    DIHEdrals    IMPRopers
MINI EXTERN:        VDWaals         ELEC       HBONds          ASP         USER
 ----------       ---------    ---------    ---------    ---------    ---------
MINI>        0    108.87528     -0.60388     22.57280      0.02000
MINI INTERN>        0.97718      7.58842      1.63219     99.14178      0.00000
MINI EXTERN>        0.98182     -1.44611      0.00000      0.00000      0.00000
 ----------       ---------    ---------    ---------    ---------    ---------
MINI>       50    104.11103      4.76425      0.60623      0.00015
MINI INTERN>        0.99671      1.95250      2.67275     99.14098      0.00020
MINI EXTERN>        0.77070     -1.42282      0.00000      0.00000      0.00000
 ----------       ---------    ---------    ---------    ---------    ---------
MINI>      100     80.76014     23.35089     17.35238      0.00715
MINI INTERN>        2.55977      2.82288      3.49684     63.45013      9.32955
MINI EXTERN>        0.84193     -1.74098      0.00000      0.00000      0.00000
 ----------       ---------    ---------    ---------    ---------    ---------
MINI>      150     52.85583     27.90431      0.92651      0.00031
MINI INTERN>        2.12728      3.46815      6.03792     19.89952     21.62873
MINI EXTERN>        1.11734     -1.42312      0.00000      0.00000      0.00000
 ----------       ---------    ---------    ---------    ---------    ---------
MINI>      200     52.83410      0.02173      0.08214      0.00003
MINI INTERN>        2.10967      3.55596      6.16083     19.59387     21.70370
MINI EXTERN>        1.13200     -1.42193      0.00000      0.00000      0.00000
 ----------       ---------    ---------    ---------    ---------    ---------
MINI>      250     52.83347      0.00063      0.01692      0.00001
MINI INTERN>        2.11195      3.56550      6.16726     19.57381     21.70415
MINI EXTERN>        1.13267     -1.42188      0.00000      0.00000      0.00000
 ----------       ---------    ---------    ---------    ---------    ---------
MINI>      300     52.83342      0.00005      0.00671      0.00000
MINI INTERN>        2.11184      3.56727      6.16829     19.57122     21.70389
MINI EXTERN>        1.13278     -1.42187      0.00000      0.00000      0.00000
 ----------       ---------    ---------    ---------    ---------    ---------
MINI>      350     52.83341      0.00000      0.00543      0.00000
MINI INTERN>        2.11225      3.56769      6.16818     19.57040     21.70397
MINI EXTERN>        1.13279     -1.42187      0.00000      0.00000      0.00000
 ----------       ---------    ---------    ---------    ---------    ---------
MINI>      400     52.83341      0.00000      0.00131      0.00000
MINI INTERN>        2.11206      3.56782      6.16836     19.57035     21.70389
MINI EXTERN>        1.13280     -1.42187      0.00000      0.00000      0.00000
 ----------       ---------    ---------    ---------    ---------    ---------
MINI>      450     52.83341      0.00000      0.00036      0.00000
MINI INTERN>        2.11202      3.56786      6.16840     19.57033     21.70387
MINI EXTERN>        1.13280     -1.42187      0.00000      0.00000      0.00000
 ----------       ---------    ---------    ---------    ---------    ---------
MINI>      500     52.83341      0.00000      0.00009      0.00000
MINI INTERN>        2.11201      3.56787      6.16842     19.57033     21.70386
MINI EXTERN>        1.13281     -1.42187      0.00000      0.00000      0.00000
 ----------       ---------    ---------    ---------    ---------    ---------
MINI>      550     52.83341      0.00000      0.00002      0.00000
MINI INTERN>        2.11200      3.56787      6.16842     19.57032     21.70386
MINI EXTERN>        1.13281     -1.42187      0.00000      0.00000      0.00000
 ----------       ---------    ---------    ---------    ---------    ---------
MINI>      600     52.83341      0.00000      0.00001      0.00000
MINI INTERN>        2.11200      3.56787      6.16842     19.57032     21.70386
MINI EXTERN>        1.13281     -1.42187      0.00000      0.00000      0.00000
 ----------       ---------    ---------    ---------    ---------    ---------
MINI>      650     52.83341     -0.00000      0.00001      0.00000
MINI INTERN>        2.11200      3.56787      6.16842     19.57032     21.70386
MINI EXTERN>        1.13281     -1.42187      0.00000      0.00000      0.00000
 ----------       ---------    ---------    ---------    ---------    ---------
MINI>      700     52.83341     -0.00000      0.00001      0.00000
MINI INTERN>        2.11200      3.56787      6.16842     19.57032     21.70386
MINI EXTERN>        1.13281     -1.42187      0.00000      0.00000      0.00000
 ----------       ---------    ---------    ---------    ---------    ---------
MINI>      750     52.83341     -0.00000      0.00001      0.00000
MINI INTERN>        2.11200      3.56787      6.16842     19.57032     21.70386
MINI EXTERN>        1.13281     -1.42187      0.00000      0.00000      0.00000
 ----------       ---------    ---------    ---------    ---------    ---------
MINI>      800     52.83341     -0.00000      0.00001      0.00000
MINI INTERN>        2.11200      3.56787      6.16842     19.57032     21.70386
MINI EXTERN>        1.13281     -1.42187      0.00000      0.00000      0.00000
 ----------       ---------    ---------    ---------    ---------    ---------
MINI>      850     52.83341     -0.00000      0.00001      0.00000
MINI INTERN>        2.11200      3.56787      6.16842     19.57032     21.70386
MINI EXTERN>        1.13281     -1.42187      0.00000      0.00000      0.00000
 ----------       ---------    ---------    ---------    ---------    ---------
MINI>      900     52.83341     -0.00000      0.00001      0.00000
MINI INTERN>        2.11200      3.56787      6.16842     19.57032     21.70386
MINI EXTERN>        1.13281     -1.42187      0.00000      0.00000      0.00000
 ----------       ---------    ---------    ---------    ---------    ---------
MINI>      950     52.83341     -0.00000      0.00001      0.00000
MINI INTERN>        2.11200      3.56787      6.16842     19.57032     21.70386
MINI EXTERN>        1.13281     -1.42187      0.00000      0.00000      0.00000
 ----------       ---------    ---------    ---------    ---------    ---------
MINI>     1000     52.83341     -0.00000      0.00001      0.00000
MINI INTERN>        2.11200      3.56787      6.16842     19.57032     21.70386
MINI EXTERN>        1.13281     -1.42187      0.00000      0.00000      0.00000
 ----------       ---------    ---------    ---------    ---------    ---------
MINI>     1050     52.83341     -0.00000      0.00001      0.00000
MINI INTERN>        2.11200      3.56787      6.16842     19.57032     21.70386
MINI EXTERN>        1.13281     -1.42187      0.00000      0.00000      0.00000
 ----------       ---------    ---------    ---------    ---------    ---------
MINI>     1100     52.83341     -0.00000      0.00001      0.00000
MINI INTERN>        2.11200      3.56787      6.16842     19.57032     21.70386
MINI EXTERN>        1.13281     -1.42187      0.00000      0.00000      0.00000
 ----------       ---------    ---------    ---------    ---------    ---------
MINI>     1150     52.83341     -0.00000      0.00001      0.00000
MINI INTERN>        2.11200      3.56787      6.16842     19.57032     21.70386
MINI EXTERN>        1.13281     -1.42187      0.00000      0.00000      0.00000
 ----------       ---------    ---------    ---------    ---------    ---------
MINI>     1200     52.83341     -0.00000      0.00001      0.00000
MINI INTERN>        2.11200      3.56787      6.16842     19.57032     21.70386
MINI EXTERN>        1.13281     -1.42187      0.00000      0.00000      0.00000
 ----------       ---------    ---------    ---------    ---------    ---------
MINI>     1250     52.83341     -0.00000      0.00001      0.00000
MINI INTERN>        2.11200      3.56787      6.16842     19.57032     21.70386
MINI EXTERN>        1.13281     -1.42187      0.00000      0.00000      0.00000
 ----------       ---------    ---------    ---------    ---------    ---------
MINI>     1300     52.83341     -0.00000      0.00001      0.00000
MINI INTERN>        2.11200      3.56787      6.16842     19.57032     21.70386
MINI EXTERN>        1.13281     -1.42187      0.00000      0.00000      0.00000
 ----------       ---------    ---------    ---------    ---------    ---------
MINI>     1350     52.83341     -0.00000      0.00001      0.00000
MINI INTERN>        2.11200      3.56787      6.16842     19.57032     21.70386
MINI EXTERN>        1.13281     -1.42187      0.00000      0.00000      0.00000
 ----------       ---------    ---------    ---------    ---------    ---------
MINI>     1400     52.83341     -0.00000      0.00001      0.00000
MINI INTERN>        2.11200      3.56787      6.16842     19.57032     21.70386
MINI EXTERN>        1.13281     -1.42187      0.00000      0.00000      0.00000
 ----------       ---------    ---------    ---------    ---------    ---------
MINI>     1450     52.83341     -0.00000      0.00001      0.00000
MINI INTERN>        2.11200      3.56787      6.16842     19.57032     21.70386
MINI EXTERN>        1.13281     -1.42187      0.00000      0.00000      0.00000
 ----------       ---------    ---------    ---------    ---------    ---------
MINI>     1500     52.83341     -0.00000      0.00001      0.00000
MINI INTERN>        2.11200      3.56787      6.16842     19.57032     21.70386
MINI EXTERN>        1.13281     -1.42187      0.00000      0.00000      0.00000
 ----------       ---------    ---------    ---------    ---------    ---------
MINI>     1550     52.83341     -0.00000      0.00001      0.00000
MINI INTERN>        2.11200      3.56787      6.16842     19.57032     21.70386
MINI EXTERN>        1.13281     -1.42187      0.00000      0.00000      0.00000
 ----------       ---------    ---------    ---------    ---------    ---------
MINI>     1600     52.83341     -0.00000      0.00001      0.00000
MINI INTERN>        2.11200      3.56787      6.16842     19.57032     21.70386
MINI EXTERN>        1.13281     -1.42187      0.00000      0.00000      0.00000
 ----------       ---------    ---------    ---------    ---------    ---------
MINI>     1650     52.83341     -0.00000      0.00001      0.00000
MINI INTERN>        2.11200      3.56787      6.16842     19.57032     21.70386
MINI EXTERN>        1.13281     -1.42187      0.00000      0.00000      0.00000
 ----------       ---------    ---------    ---------    ---------    ---------
MINI>     1700     52.83341     -0.00000      0.00001      0.00000
MINI INTERN>        2.11200      3.56787      6.16842     19.57032     21.70386
MINI EXTERN>        1.13281     -1.42187      0.00000      0.00000      0.00000
 ----------       ---------    ---------    ---------    ---------    ---------
MINI>     1750     52.83341     -0.00000      0.00001      0.00000
MINI INTERN>        2.11200      3.56787      6.16842     19.57032     21.70386
MINI EXTERN>        1.13281     -1.42187      0.00000      0.00000      0.00000
 ----------       ---------    ---------    ---------    ---------    ---------
MINI>     1800     52.83341     -0.00000      0.00001      0.00000
MINI INTERN>        2.11200      3.56787      6.16842     19.57032     21.70386
MINI EXTERN>        1.13281     -1.42187      0.00000      0.00000      0.00000
 ----------       ---------    ---------    ---------    ---------    ---------
MINI>     1850     52.83341     -0.00000      0.00001      0.00000
MINI INTERN>        2.11200      3.56787      6.16842     19.57032     21.70386
MINI EXTERN>        1.13281     -1.42187      0.00000      0.00000      0.00000
 ----------       ---------    ---------    ---------    ---------    ---------
MINI>     1900     52.83341     -0.00000      0.00001      0.00000
MINI INTERN>        2.11200      3.56787      6.16842     19.57032     21.70386
MINI EXTERN>        1.13281     -1.42187      0.00000      0.00000      0.00000
 ----------       ---------    ---------    ---------    ---------    ---------
MINI>     1950     52.83341     -0.00000      0.00001      0.00000
MINI INTERN>        2.11200      3.56787      6.16842     19.57032     21.70386
MINI EXTERN>        1.13281     -1.42187      0.00000      0.00000      0.00000
 ----------       ---------    ---------    ---------    ---------    ---------
MINI>     2000     52.83341     -0.00000      0.00001      0.00000
MINI INTERN>        2.11200      3.56787      6.16842     19.57032     21.70386
MINI EXTERN>        1.13281     -1.42187      0.00000      0.00000      0.00000
 ----------       ---------    ---------    ---------    ---------    ---------
MINI>     2050     52.83341     -0.00000      0.00001      0.00000
MINI INTERN>        2.11200      3.56787      6.16842     19.57032     21.70386
MINI EXTERN>        1.13281     -1.42187      0.00000      0.00000      0.00000
 ----------       ---------    ---------    ---------    ---------    ---------
MINI>     2100     52.83341     -0.00000      0.00001      0.00000
MINI INTERN>        2.11200      3.56787      6.16842     19.57032     21.70386
MINI EXTERN>        1.13281     -1.42187      0.00000      0.00000      0.00000
 ----------       ---------    ---------    ---------    ---------    ---------
MINI>     2150     52.83341     -0.00000      0.00001      0.00000
MINI INTERN>        2.11200      3.56787      6.16842     19.57032     21.70386
MINI EXTERN>        1.13281     -1.42187      0.00000      0.00000      0.00000
 ----------       ---------    ---------    ---------    ---------    ---------
MINI>     2200     52.83341     -0.00000      0.00001      0.00000
MINI INTERN>        2.11200      3.56787      6.16842     19.57032     21.70386
MINI EXTERN>        1.13281     -1.42187      0.00000      0.00000      0.00000
 ----------       ---------    ---------    ---------    ---------    ---------
MINI>     2250     52.83341     -0.00000      0.00001      0.00000
MINI INTERN>        2.11200      3.56787      6.16842     19.57032     21.70386
MINI EXTERN>        1.13281     -1.42187      0.00000      0.00000      0.00000
 ----------       ---------    ---------    ---------    ---------    ---------
MINI>     2300     52.83341     -0.00000      0.00001      0.00000
MINI INTERN>        2.11200      3.56787      6.16842     19.57032     21.70386
MINI EXTERN>        1.13281     -1.42187      0.00000      0.00000      0.00000
 ----------       ---------    ---------    ---------    ---------    ---------
MINI>     2350     52.83341     -0.00000      0.00001      0.00000
MINI INTERN>        2.11200      3.56787      6.16842     19.57032     21.70386
MINI EXTERN>        1.13281     -1.42187      0.00000      0.00000      0.00000
 ----------       ---------    ---------    ---------    ---------    ---------
MINI>     2400     52.83341     -0.00000      0.00001      0.00000
MINI INTERN>        2.11200      3.56787      6.16842     19.57032     21.70386
MINI EXTERN>        1.13281     -1.42187      0.00000      0.00000      0.00000
 ----------       ---------    ---------    ---------    ---------    ---------
MINI>     2450     52.83341     -0.00000      0.00001      0.00000
MINI INTERN>        2.11200      3.56787      6.16842     19.57032     21.70386
MINI EXTERN>        1.13281     -1.42187      0.00000      0.00000      0.00000
 ----------       ---------    ---------    ---------    ---------    ---------
MINI>     2500     52.83341     -0.00000      0.00001      0.00000
MINI INTERN>        2.11200      3.56787      6.16842     19.57032     21.70386
MINI EXTERN>        1.13281     -1.42187      0.00000      0.00000      0.00000
 ----------       ---------    ---------    ---------    ---------    ---------
MINI>     2550     52.83341     -0.00000      0.00001      0.00000
MINI INTERN>        2.11200      3.56787      6.16842     19.57032     21.70386
MINI EXTERN>        1.13281     -1.42187      0.00000      0.00000      0.00000
 ----------       ---------    ---------    ---------    ---------    ---------
MINI>     2600     52.83341     -0.00000      0.00001      0.00000
MINI INTERN>        2.11200      3.56787      6.16842     19.57032     21.70386
MINI EXTERN>        1.13281     -1.42187      0.00000      0.00000      0.00000
 ----------       ---------    ---------    ---------    ---------    ---------
MINI>     2650     52.83341     -0.00000      0.00001      0.00000
MINI INTERN>        2.11200      3.56787      6.16842     19.57032     21.70386
MINI EXTERN>        1.13281     -1.42187      0.00000      0.00000      0.00000
 ----------       ---------    ---------    ---------    ---------    ---------
MINI>     2700     52.83341     -0.00000      0.00001      0.00000
MINI INTERN>        2.11200      3.56787      6.16842     19.57032     21.70386
MINI EXTERN>        1.13281     -1.42187      0.00000      0.00000      0.00000
 ----------       ---------    ---------    ---------    ---------    ---------
MINI>     2750     52.83341     -0.00000      0.00001      0.00000
MINI INTERN>        2.11200      3.56787      6.16842     19.57032     21.70386
MINI EXTERN>        1.13281     -1.42187      0.00000      0.00000      0.00000
 ----------       ---------    ---------    ---------    ---------    ---------
MINI>     2800     52.83341     -0.00000      0.00001      0.00000
MINI INTERN>        2.11200      3.56787      6.16842     19.57032     21.70386
MINI EXTERN>        1.13281     -1.42187      0.00000      0.00000      0.00000
 ----------       ---------    ---------    ---------    ---------    ---------
MINI>     2850     52.83341     -0.00000      0.00001      0.00000
MINI INTERN>        2.11200      3.56787      6.16842     19.57032     21.70386
MINI EXTERN>        1.13281     -1.42187      0.00000      0.00000      0.00000
 ----------       ---------    ---------    ---------    ---------    ---------
MINI>     2900     52.83341     -0.00000      0.00001      0.00000
MINI INTERN>        2.11200      3.56787      6.16842     19.57032     21.70386
MINI EXTERN>        1.13281     -1.42187      0.00000      0.00000      0.00000
 ----------       ---------    ---------    ---------    ---------    ---------
MINI>     2950     52.83341     -0.00000      0.00001      0.00000
MINI INTERN>        2.11200      3.56787      6.16842     19.57032     21.70386
MINI EXTERN>        1.13281     -1.42187      0.00000      0.00000      0.00000
 ----------       ---------    ---------    ---------    ---------    ---------
MINI>     3000     52.83341     -0.00000      0.00001      0.00000
MINI INTERN>        2.11200      3.56787      6.16842     19.57032     21.70386
MINI EXTERN>        1.13281     -1.42187      0.00000      0.00000      0.00000
 ----------       ---------    ---------    ---------    ---------    ---------
MINI>     3050     52.83341     -0.00000      0.00001      0.00000
MINI INTERN>        2.11200      3.56787      6.16842     19.57032     21.70386
MINI EXTERN>        1.13281     -1.42187      0.00000      0.00000      0.00000
 ----------       ---------    ---------    ---------    ---------    ---------
MINI>     3100     52.83341     -0.00000      0.00001      0.00000
MINI INTERN>        2.11200      3.56787      6.16842     19.57032     21.70386
MINI EXTERN>        1.13281     -1.42187      0.00000      0.00000      0.00000
 ----------       ---------    ---------    ---------    ---------    ---------
MINI>     3150     52.83341     -0.00000      0.00001      0.00000
MINI INTERN>        2.11200      3.56787      6.16842     19.57032     21.70386
MINI EXTERN>        1.13281     -1.42187      0.00000      0.00000      0.00000
 ----------       ---------    ---------    ---------    ---------    ---------
MINI>     3200     52.83341     -0.00000      0.00001      0.00000
MINI INTERN>        2.11200      3.56787      6.16842     19.57032     21.70386
MINI EXTERN>        1.13281     -1.42187      0.00000      0.00000      0.00000
 ----------       ---------    ---------    ---------    ---------    ---------
MINI>     3250     52.83341     -0.00000      0.00001      0.00000
MINI INTERN>        2.11200      3.56787      6.16842     19.57032     21.70386
MINI EXTERN>        1.13281     -1.42187      0.00000      0.00000      0.00000
 ----------       ---------    ---------    ---------    ---------    ---------
MINI>     3300     52.83341     -0.00000      0.00001      0.00000
MINI INTERN>        2.11200      3.56787      6.16842     19.57032     21.70386
MINI EXTERN>        1.13281     -1.42187      0.00000      0.00000      0.00000
 ----------       ---------    ---------    ---------    ---------    ---------
MINI>     3350     52.83341     -0.00000      0.00001      0.00000
MINI INTERN>        2.11200      3.56787      6.16842     19.57032     21.70386
MINI EXTERN>        1.13281     -1.42187      0.00000      0.00000      0.00000
 ----------       ---------    ---------    ---------    ---------    ---------
MINI>     3400     52.83341     -0.00000      0.00001      0.00000
MINI INTERN>        2.11200      3.56787      6.16842     19.57032     21.70386
MINI EXTERN>        1.13281     -1.42187      0.00000      0.00000      0.00000
 ----------       ---------    ---------    ---------    ---------    ---------
MINI>     3450     52.83341     -0.00000      0.00001      0.00000
MINI INTERN>        2.11200      3.56787      6.16842     19.57032     21.70386
MINI EXTERN>        1.13281     -1.42187      0.00000      0.00000      0.00000
 ----------       ---------    ---------    ---------    ---------    ---------
MINI>     3500     52.83341     -0.00000      0.00001      0.00000
MINI INTERN>        2.11200      3.56787      6.16842     19.57032     21.70386
MINI EXTERN>        1.13281     -1.42187      0.00000      0.00000      0.00000
 ----------       ---------    ---------    ---------    ---------    ---------
MINI>     3550     52.83341     -0.00000      0.00001      0.00000
MINI INTERN>        2.11200      3.56787      6.16842     19.57032     21.70386
MINI EXTERN>        1.13281     -1.42187      0.00000      0.00000      0.00000
 ----------       ---------    ---------    ---------    ---------    ---------
MINI>     3600     52.83341     -0.00000      0.00001      0.00000
MINI INTERN>        2.11200      3.56787      6.16842     19.57032     21.70386
MINI EXTERN>        1.13281     -1.42187      0.00000      0.00000      0.00000
 ----------       ---------    ---------    ---------    ---------    ---------
MINI>     3650     52.83341     -0.00000      0.00001      0.00000
MINI INTERN>        2.11200      3.56787      6.16842     19.57032     21.70386
MINI EXTERN>        1.13281     -1.42187      0.00000      0.00000      0.00000
 ----------       ---------    ---------    ---------    ---------    ---------
MINI>     3700     52.83341     -0.00000      0.00001      0.00000
MINI INTERN>        2.11200      3.56787      6.16842     19.57032     21.70386
MINI EXTERN>        1.13281     -1.42187      0.00000      0.00000      0.00000
 ----------       ---------    ---------    ---------    ---------    ---------
MINI>     3750     52.83341     -0.00000      0.00001      0.00000
MINI INTERN>        2.11200      3.56787      6.16842     19.57032     21.70386
MINI EXTERN>        1.13281     -1.42187      0.00000      0.00000      0.00000
 ----------       ---------    ---------    ---------    ---------    ---------
MINI>     3800     52.83341     -0.00000      0.00001      0.00000
MINI INTERN>        2.11200      3.56787      6.16842     19.57032     21.70386
MINI EXTERN>        1.13281     -1.42187      0.00000      0.00000      0.00000
 ----------       ---------    ---------    ---------    ---------    ---------
MINI>     3850     52.83341     -0.00000      0.00001      0.00000
MINI INTERN>        2.11200      3.56787      6.16842     19.57032     21.70386
MINI EXTERN>        1.13281     -1.42187      0.00000      0.00000      0.00000
 ----------       ---------    ---------    ---------    ---------    ---------
MINI>     3900     52.83341     -0.00000      0.00001      0.00000
MINI INTERN>        2.11200      3.56787      6.16842     19.57032     21.70386
MINI EXTERN>        1.13281     -1.42187      0.00000      0.00000      0.00000
 ----------       ---------    ---------    ---------    ---------    ---------
MINI>     3950     52.83341     -0.00000      0.00001      0.00000
MINI INTERN>        2.11200      3.56787      6.16842     19.57032     21.70386
MINI EXTERN>        1.13281     -1.42187      0.00000      0.00000      0.00000
 ----------       ---------    ---------    ---------    ---------    ---------
MINI>     4000     52.83341     -0.00000      0.00001      0.00000
MINI INTERN>        2.11200      3.56787      6.16842     19.57032     21.70386
MINI EXTERN>        1.13281     -1.42187      0.00000      0.00000      0.00000
 ----------       ---------    ---------    ---------    ---------    ---------
MINI>     4050     52.83341     -0.00000      0.00001      0.00000
MINI INTERN>        2.11200      3.56787      6.16842     19.57032     21.70386
MINI EXTERN>        1.13281     -1.42187      0.00000      0.00000      0.00000
 ----------       ---------    ---------    ---------    ---------    ---------
MINI>     4100     52.83341     -0.00000      0.00001      0.00000
MINI INTERN>        2.11200      3.56787      6.16842     19.57032     21.70386
MINI EXTERN>        1.13281     -1.42187      0.00000      0.00000      0.00000
 ----------       ---------    ---------    ---------    ---------    ---------
MINI>     4150     52.83341     -0.00000      0.00001      0.00000
MINI INTERN>        2.11200      3.56787      6.16842     19.57032     21.70386
MINI EXTERN>        1.13281     -1.42187      0.00000      0.00000      0.00000
 ----------       ---------    ---------    ---------    ---------    ---------
MINI>     4200     52.83341     -0.00000      0.00001      0.00000
MINI INTERN>        2.11200      3.56787      6.16842     19.57032     21.70386
MINI EXTERN>        1.13281     -1.42187      0.00000      0.00000      0.00000
 ----------       ---------    ---------    ---------    ---------    ---------
MINI>     4250     52.83341     -0.00000      0.00001      0.00000
MINI INTERN>        2.11200      3.56787      6.16842     19.57032     21.70386
MINI EXTERN>        1.13281     -1.42187      0.00000      0.00000      0.00000
 ----------       ---------    ---------    ---------    ---------    ---------
MINI>     4300     52.83341     -0.00000      0.00001      0.00000
MINI INTERN>        2.11200      3.56787      6.16842     19.57032     21.70386
MINI EXTERN>        1.13281     -1.42187      0.00000      0.00000      0.00000
 ----------       ---------    ---------    ---------    ---------    ---------
MINI>     4350     52.83341     -0.00000      0.00001      0.00000
MINI INTERN>        2.11200      3.56787      6.16842     19.57032     21.70386
MINI EXTERN>        1.13281     -1.42187      0.00000      0.00000      0.00000
 ----------       ---------    ---------    ---------    ---------    ---------
MINI>     4400     52.83341     -0.00000      0.00001      0.00000
MINI INTERN>        2.11200      3.56787      6.16842     19.57032     21.70386
MINI EXTERN>        1.13281     -1.42187      0.00000      0.00000      0.00000
 ----------       ---------    ---------    ---------    ---------    ---------
MINI>     4450     52.83341     -0.00000      0.00001      0.00000
MINI INTERN>        2.11200      3.56787      6.16842     19.57032     21.70386
MINI EXTERN>        1.13281     -1.42187      0.00000      0.00000      0.00000
 ----------       ---------    ---------    ---------    ---------    ---------
MINI>     4500     52.83341     -0.00000      0.00001      0.00000
MINI INTERN>        2.11200      3.56787      6.16842     19.57032     21.70386
MINI EXTERN>        1.13281     -1.42187      0.00000      0.00000      0.00000
 ----------       ---------    ---------    ---------    ---------    ---------
MINI>     4550     52.83341     -0.00000      0.00001      0.00000
MINI INTERN>        2.11200      3.56787      6.16842     19.57032     21.70386
MINI EXTERN>        1.13281     -1.42187      0.00000      0.00000      0.00000
 ----------       ---------    ---------    ---------    ---------    ---------
MINI>     4600     52.83341     -0.00000      0.00001      0.00000
MINI INTERN>        2.11200      3.56787      6.16842     19.57032     21.70386
MINI EXTERN>        1.13281     -1.42187      0.00000      0.00000      0.00000
 ----------       ---------    ---------    ---------    ---------    ---------
MINI>     4650     52.83341     -0.00000      0.00001      0.00000
MINI INTERN>        2.11200      3.56787      6.16842     19.57032     21.70386
MINI EXTERN>        1.13281     -1.42187      0.00000      0.00000      0.00000
 ----------       ---------    ---------    ---------    ---------    ---------
MINI>     4700     52.83341     -0.00000      0.00001      0.00000
MINI INTERN>        2.11200      3.56787      6.16842     19.57032     21.70386
MINI EXTERN>        1.13281     -1.42187      0.00000      0.00000      0.00000
 ----------       ---------    ---------    ---------    ---------    ---------
MINI>     4750     52.83341     -0.00000      0.00001      0.00000
MINI INTERN>        2.11200      3.56787      6.16842     19.57032     21.70386
MINI EXTERN>        1.13281     -1.42187      0.00000      0.00000      0.00000
 ----------       ---------    ---------    ---------    ---------    ---------
MINI>     4800     52.83341     -0.00000      0.00001      0.00000
MINI INTERN>        2.11200      3.56787      6.16842     19.57032     21.70386
MINI EXTERN>        1.13281     -1.42187      0.00000      0.00000      0.00000
 ----------       ---------    ---------    ---------    ---------    ---------
MINI>     4850     52.83341     -0.00000      0.00001      0.00000
MINI INTERN>        2.11200      3.56787      6.16842     19.57032     21.70386
MINI EXTERN>        1.13281     -1.42187      0.00000      0.00000      0.00000
 ----------       ---------    ---------    ---------    ---------    ---------
MINI>     4900     52.83341     -0.00000      0.00001      0.00000
MINI INTERN>        2.11200      3.56787      6.16842     19.57032     21.70386
MINI EXTERN>        1.13281     -1.42187      0.00000      0.00000      0.00000
 ----------       ---------    ---------    ---------    ---------    ---------
MINI>     4950     52.83341     -0.00000      0.00001      0.00000
MINI INTERN>        2.11200      3.56787      6.16842     19.57032     21.70386
MINI EXTERN>        1.13281     -1.42187      0.00000      0.00000      0.00000
 ----------       ---------    ---------    ---------    ---------    ---------
MINI>     5000     52.83341     -0.00000      0.00001      0.00000
MINI INTERN>        2.11200      3.56787      6.16842     19.57032     21.70386
MINI EXTERN>        1.13281     -1.42187      0.00000      0.00000      0.00000
 ----------       ---------    ---------    ---------    ---------    ---------

 STEEPD> Minimization exiting with number of steps limit (      5000) exceeded.

STPD MIN: Cycle      ENERgy      Delta-E         GRMS    Step-size
STPD INTERN:          BONDs       ANGLes       UREY-b    DIHEdrals    IMPRopers
STPD EXTERN:        VDWaals         ELEC       HBONds          ASP         USER
 ----------       ---------    ---------    ---------    ---------    ---------
STPD>     5000     52.83341     -0.00000      0.00001      0.00000
STPD INTERN>        2.11200      3.56787      6.16842     19.57032     21.70386
STPD EXTERN>        1.13281     -1.42187      0.00000      0.00000      0.00000
 ----------       ---------    ---------    ---------    ---------    ---------
  
 CHARMM>    mini abnr nstep 10000 nprint 50 !tolene 0.0001

 NONBOND OPTION FLAGS: 
     ELEC     VDW      ATOMs    CDIElec  FSWItch  VATOm    VSHIft  
     BYGRoup  NOEXtnd  NOEWald 
 CUTNB  = 14.000 CTEXNB =999.000 CTONNB =  8.000 CTOFNB = 12.000
 CGONNB =  0.000 CGOFNB = 10.000
 WMIN   =  1.500 WRNMXD =  0.500 E14FAC =  1.000 EPS    =  1.000
 NBXMOD =      5
 There are       24 atom  pairs and      105 atom  exclusions.
 There are        0 group pairs and        0 group exclusions.
 Generating nonbond list with Exclusion mode = 5
 == PRIMARY == SPACE FOR      451 ATOM PAIRS AND        0 GROUP PAIRS

 General atom nonbond list generation found:
       24 ATOM PAIRS WERE FOUND FOR ATOM LIST
        0 GROUP PAIRS REQUIRED ATOM SEARCHES



 ABNER> An energy minimization has been requested.

 EIGRNG =    0.0005000   MINDIM =            5
 NPRINT =           50   NSTEP  =        10000
 PSTRCT =    0.0000000   SDSTP  =    0.0200000
 STPLIM =    1.0000000   STRICT =    0.1000000
 TOLFUN =    0.0000000   TOLGRD =    0.0000000
 TOLITR =          100   TOLSTP =    0.0000000
 FMEM   =    0.0000000
MINI MIN: Cycle      ENERgy      Delta-E         GRMS    Step-size
MINI INTERN:          BONDs       ANGLes       UREY-b    DIHEdrals    IMPRopers
MINI EXTERN:        VDWaals         ELEC       HBONds          ASP         USER
 ----------       ---------    ---------    ---------    ---------    ---------
MINI>        0     52.83341      0.00000      0.00001      0.00000
MINI INTERN>        2.11200      3.56787      6.16842     19.57032     21.70386
MINI EXTERN>        1.13281     -1.42187      0.00000      0.00000      0.00000
 ----------       ---------    ---------    ---------    ---------    ---------
MINI>       50     52.83343     -0.00001      0.06865      0.00007
MINI INTERN>        2.11272      3.56793      6.16839     19.57352     21.69993
MINI EXTERN>        1.13279     -1.42186      0.00000      0.00000      0.00000
 ----------       ---------    ---------    ---------    ---------    ---------
MINI>      100     52.83341      0.00001      0.00031      0.00000
MINI INTERN>        2.11199      3.56787      6.16843     19.57033     21.70385
MINI EXTERN>        1.13280     -1.42187      0.00000      0.00000      0.00000
 ----------       ---------    ---------    ---------    ---------    ---------
MINI>      150     52.83341      0.00000      0.00000      0.00000
MINI INTERN>        2.11200      3.56787      6.16842     19.57032     21.70386
MINI EXTERN>        1.13281     -1.42187      0.00000      0.00000      0.00000
 ----------       ---------    ---------    ---------    ---------    ---------
MINI>      200     52.83341     -0.00000      0.00000      0.00000
MINI INTERN>        2.11200      3.56787      6.16842     19.57032     21.70386
MINI EXTERN>        1.13281     -1.42187      0.00000      0.00000      0.00000
 ----------       ---------    ---------    ---------    ---------    ---------
MINI>      250     52.83341      0.00000      0.00000      0.00000
MINI INTERN>        2.11200      3.56787      6.16842     19.57032     21.70386
MINI EXTERN>        1.13281     -1.42187      0.00000      0.00000      0.00000
 ----------       ---------    ---------    ---------    ---------    ---------
MINI>      300     52.83341      0.00000      0.00000      0.00000
MINI INTERN>        2.11200      3.56787      6.16842     19.57032     21.70386
MINI EXTERN>        1.13281     -1.42187      0.00000      0.00000      0.00000
 ----------       ---------    ---------    ---------    ---------    ---------

 ABNER> Minimization exiting with function tolerance ( 0.0000000) satisfied.

ABNR MIN: Cycle      ENERgy      Delta-E         GRMS    Step-size
ABNR INTERN:          BONDs       ANGLes       UREY-b    DIHEdrals    IMPRopers
ABNR EXTERN:        VDWaals         ELEC       HBONds          ASP         USER
 ----------       ---------    ---------    ---------    ---------    ---------
ABNR>      303     52.83341     -0.00000      0.00000      0.00000
ABNR INTERN>        2.11200      3.56787      6.16842     19.57032     21.70386
ABNR EXTERN>        1.13281     -1.42187      0.00000      0.00000      0.00000
 ----------       ---------    ---------    ---------    ---------    ---------
  
 CHARMM>     
  
 CHARMM>    ioformat extended
 MISCOM> Expanded I/O format is used.
  
 CHARMM>    !write coor card name "oac_opt.crd"
 CHARMM>    !write coor pdb name "oac.pdb"
 CHARMM>    !write psf  card name "oac.psf"
 CHARMM>     
  
 CHARMM>    !=======================================================================
 CHARMM>    ! Normal mode analysis
 CHARMM>    !=======================================================================
 CHARMM>    !define DUMMY sele type LP* .or. type D* end
 CHARMM>     
  
 CHARMM>    drude reset
 DRUDE> Drude particles ready to be deleted

        Call: DELETE ATOMS SELECT TYPE D* END

 PSFSUM> PSF modified: NONBOND lists and IMAGE atoms cleared.
 PSFSUM> Summary of the structure file counters :
         Number of segments      =        1   Number of residues   =        1
         Number of atoms         =       15   Number of groups     =        1
         Number of bonds         =       14   Number of angles     =        9
         Number of dihedrals     =        6   Number of impropers  =        1
         Number of cross-terms   =        0
         Number of HB acceptors  =        0   Number of HB donors  =        0
         Number of NB exclusions =        0   Total charge =   -1.00000
  
 CHARMM>    delete atom sele type D* end
 SELRPN>      4 atoms have been selected out of     15

 Message from MAPIC: Atom numbers are changed.
 DELTIC:         4 bonds deleted
 PSFSUM> PSF modified: NONBOND lists and IMAGE atoms cleared.
 PSFSUM> Summary of the structure file counters :
         Number of segments      =        1   Number of residues   =        1
         Number of atoms         =       11   Number of groups     =        1
         Number of bonds         =       10   Number of angles     =        9
         Number of dihedrals     =        6   Number of impropers  =        1
         Number of cross-terms   =        0
         Number of HB acceptors  =        0   Number of HB donors  =        0
         Number of NB exclusions =        0   Total charge =   -1.00000
  
 CHARMM>     
  
 CHARMM>    scalar charge add -0.766 sele atom * * O1 end ! add LPO11 and LPO12 charge to O1
 SELRPN>      1 atoms have been selected out of     11

 Warning from SCALAR: The sum of charges (   -1.766000) is not an integer

  
 CHARMM>    scalar charge add -0.766 sele atom * * O2 end ! add LPO21 and LPO22 charge to O2
 SELRPN>      1 atoms have been selected out of     11

 Warning from SCALAR: The sum of charges (   -2.532000) is not an integer

  
 CHARMM>     
  
 CHARMM>    delete atom sele type LP* end ! delete Lonepairs
 SELRPN>      4 atoms have been selected out of     11

 Message from MAPIC: Atom numbers are changed.
 LONEPRD:    4 lonepair atoms deleted
 DELTIC:         4 bonds deleted
 PSFSUM> PSF modified: NONBOND lists and IMAGE atoms cleared.
 PSFSUM> Summary of the structure file counters :
         Number of segments      =        1   Number of residues   =        1
         Number of atoms         =        7   Number of groups     =        1
         Number of bonds         =        6   Number of angles     =        9
         Number of dihedrals     =        6   Number of impropers  =        1
         Number of cross-terms   =        0
         Number of HB acceptors  =        0   Number of HB donors  =        0
         Number of NB exclusions =        0   Total charge =   -1.00000
  
 CHARMM>     
  
 CHARMM>    vibran nmod

 NONBOND OPTION FLAGS: 
     ELEC     VDW      ATOMs    CDIElec  FSWItch  VATOm    VSHIft  
     BYGRoup  NOEXtnd  NOEWald 
 CUTNB  = 14.000 CTEXNB =999.000 CTONNB =  8.000 CTOFNB = 12.000
 CGONNB =  0.000 CGOFNB = 10.000
 WMIN   =  1.500 WRNMXD =  0.500 E14FAC =  1.000 EPS    =  1.000
 NBXMOD =      5
 There are        0 atom  pairs and        0 atom  exclusions.
 There are        0 group pairs and        0 group exclusions.
 <MAKINB> with mode   5 found     15 exclusions and      6 interactions(1-4)
 <MAKGRP> found      0 group exclusions.
 Generating nonbond list with Exclusion mode = 5
 == PRIMARY == SPACE FOR      451 ATOM PAIRS AND        0 GROUP PAIRS

 General atom nonbond list generation found:
        6 ATOM PAIRS WERE FOUND FOR ATOM LIST
        0 GROUP PAIRS REQUIRED ATOM SEARCHES

 VIBRAN: Space allocated for    21 vectors of length    21
  
 VIBRAN>    diag  finite step 0.001 !dscf ganz cool, liefert quasi gleiches ergebnis wie ohne aber dauert 1s statt 0.03s...
 SECOND DERIVATIVE CALCULATED BY FINITE DIFFERENCES
 NUMBER OF ENERGY EVALUATIONS:       43
 TOTAL NUMBER OF CYCLES:             21
VIBR ENR:  Eval#     ENERgy      Delta-E         GRMS
VIBR INTERN:          BONDs       ANGLes       UREY-b    DIHEdrals    IMPRopers
VIBR EXTERN:        VDWaals         ELEC       HBONds          ASP         USER
 ----------       ---------    ---------    ---------    ---------    ---------
VIBR>        1     52.77840      0.05501      0.01424
VIBR INTERN>        2.11156      3.56787      6.16842     19.57032     21.70386
VIBR EXTERN>        1.13281     -1.47643      0.00000      0.00000      0.00000
 ----------       ---------    ---------    ---------    ---------    ---------

               DIAGONALIZATION COMPLETED

               FREQUENCIES

   1   -0.025626   2   -0.016732   3   -0.003409   4    3.264633   5    3.774708
   6    4.024809   7  665.705058   8  713.459238   9  868.165418  10  905.699064
  11  946.491562  12 1042.820405  13 1295.099858  14 1415.662267  15 1605.637468
  16 1657.288279  17 1793.519680  18 1924.377737  19 2237.619287  20 2865.492308
  21 2879.905730
  
 VIBRAN>    mass
  
 VIBRAN>    !print norm mode 13 thru 33 temp 300.0 vect sele .not. DUMMY end
 VIBRAN>    print norm mode 1 thru 21 vect !sele .not. DUMMY end !achtung wegen lkonepairs und mode auswahl

               NORMAL MODES

     1     -0.03     2     -0.02     3     -0.00     4      3.26     5      3.77
     6      4.02     7    665.71     8    713.46     9    868.17    10    905.70
    11    946.49    12   1042.82    13   1295.10    14   1415.66    15   1605.64
    16   1657.29    17   1793.52    18   1924.38    19   2237.62    20   2865.49
    21   2879.91

  VIBRATION MODE   1  FREQUENCY=   -0.025626  TRANS ROT %=  100.000000
  EIGENVALUE=   -0.000000  ENERGY DERIVATIVE=   -0.000000
  TYPE  'FACT'    1.0000   MASS   NORM  STEP=    1.000000

   EIGENVECTOR:
              1    1 OAC      C1         0.02329  -0.09495  -0.08442
              2    1 OAC      H1         0.02390  -0.09512  -0.08345
              3    1 OAC      H2         0.02335  -0.09540  -0.08488
              4    1 OAC      H3         0.02271  -0.09396  -0.08433
              5    1 OAC      C2         0.02318  -0.09544  -0.08524
              6    1 OAC      O1         0.02364  -0.09577  -0.08475
              7    1 OAC      O2         0.02302  -0.09609  -0.08638

  VIBRATION MODE   2  FREQUENCY=   -0.016732  TRANS ROT %=  100.000000
  EIGENVALUE=   -0.000000  ENERGY DERIVATIVE=    0.000000
  TYPE  'FACT'    1.0000   MASS   NORM  STEP=    1.000000

   EIGENVECTOR:
              1    1 OAC      C1        -0.01994  -0.08787   0.09287
              2    1 OAC      H1        -0.01985  -0.08787   0.09295
              3    1 OAC      H2        -0.02048  -0.08795   0.09255
              4    1 OAC      H3        -0.01954  -0.08754   0.09261
              5    1 OAC      C2        -0.01987  -0.08822   0.09356
              6    1 OAC      O1        -0.01963  -0.08841   0.09412
              7    1 OAC      O2        -0.02037  -0.08848   0.09361

  VIBRATION MODE   3  FREQUENCY=   -0.003409  TRANS ROT %=  100.000000
  EIGENVALUE=   -0.000000  ENERGY DERIVATIVE=   -0.000000
  TYPE  'FACT'    1.0000   MASS   NORM  STEP=    1.000000

   EIGENVECTOR:
              1    1 OAC      C1        -0.12647  -0.00378  -0.03049
              2    1 OAC      H1        -0.12656  -0.00383  -0.03041
              3    1 OAC      H2        -0.12644  -0.00387  -0.03056
              4    1 OAC      H3        -0.12643  -0.00374  -0.03052
              5    1 OAC      C2        -0.12647  -0.00365  -0.03045
              6    1 OAC      O1        -0.12655  -0.00361  -0.03035
              7    1 OAC      O2        -0.12640  -0.00365  -0.03052

  VIBRATION MODE   4  FREQUENCY=    3.264633  TRANS ROT %=  100.000000
  EIGENVALUE=    0.000904  ENERGY DERIVATIVE=   -0.000000
  TYPE  'FACT'    1.0000   MASS   NORM  STEP=    1.000000

   EIGENVECTOR:
              1    1 OAC      C1        -0.00260  -0.13690   0.00306
              2    1 OAC      H1        -0.09323  -0.13751  -0.07029
              3    1 OAC      H2         0.07102  -0.11278   0.06170
              4    1 OAC      H3         0.01161  -0.25272   0.01915
              5    1 OAC      C2         0.00091  -0.01037   0.00088
              6    1 OAC      O1        -0.09567   0.05781  -0.08000
              7    1 OAC      O2         0.09798   0.08143   0.07582

  VIBRATION MODE   5  FREQUENCY=    3.774708  TRANS ROT %=  100.000000
  EIGENVALUE=    0.001208  ENERGY DERIVATIVE=   -0.000000
  TYPE  'FACT'    1.0000   MASS   NORM  STEP=    1.000000

   EIGENVECTOR:
              1    1 OAC      C1        -0.00340  -0.02626   0.16281
              2    1 OAC      H1         0.01707  -0.06341   0.28120
              3    1 OAC      H2         0.09159  -0.09490   0.13303
              4    1 OAC      H3        -0.10611   0.04743   0.19793
              5    1 OAC      C2        -0.02103   0.01779  -0.00654
              6    1 OAC      O1        -0.03700   0.02803   0.00574
              7    1 OAC      O2         0.05470  -0.01386  -0.15912

  VIBRATION MODE   6  FREQUENCY=    4.024809  TRANS ROT %=  100.000000
  EIGENVALUE=    0.001374  ENERGY DERIVATIVE=   -0.000000
  TYPE  'FACT'    1.0000   MASS   NORM  STEP=    1.000000

   EIGENVECTOR:
              1    1 OAC      C1        -0.00063   0.07243   0.11236
              2    1 OAC      H1         0.07988   0.12801   0.02722
              3    1 OAC      H2         0.01723   0.16902   0.22250
              4    1 OAC      H3        -0.08747  -0.00942   0.17065
              5    1 OAC      C2        -0.01630  -0.02406  -0.00224
              6    1 OAC      O1         0.04131  -0.05590  -0.17281
              7    1 OAC      O2        -0.02970   0.00087   0.06426

  VIBRATION MODE   7  FREQUENCY=  665.705058  TRANS ROT %=    0.000000
  EIGENVALUE=   37.580981  ENERGY DERIVATIVE=    0.001049
  TYPE  'FACT'    1.0000   MASS   NORM  STEP=    1.000000

   EIGENVECTOR:
              1    1 OAC      C1         0.06747   0.08332  -0.01520
              2    1 OAC      H1         0.12799   0.29639  -0.01947
              3    1 OAC      H2        -0.00386   0.25788  -0.07907
              4    1 OAC      H3         0.08576   0.09379  -0.02105
              5    1 OAC      C2         0.04761  -0.04956   0.02827
              6    1 OAC      O1        -0.15250   0.03359  -0.01105
              7    1 OAC      O2         0.05289  -0.09976   0.00878

  VIBRATION MODE   8  FREQUENCY=  713.459238  TRANS ROT %=    0.000000
  EIGENVALUE=   43.166091  ENERGY DERIVATIVE=   -0.005296
  TYPE  'FACT'    1.0000   MASS   NORM  STEP=    1.000000

   EIGENVECTOR:
              1    1 OAC      C1        -0.11294   0.05039  -0.01754
              2    1 OAC      H1        -0.08364   0.14159  -0.02703
              3    1 OAC      H2        -0.12269   0.23072  -0.15164
              4    1 OAC      H3        -0.11141   0.05734  -0.05433
              5    1 OAC      C2        -0.07173  -0.01547   0.01888
              6    1 OAC      O1         0.00748  -0.10632   0.02529
              7    1 OAC      O2         0.15118   0.05304  -0.01161

  VIBRATION MODE   9  FREQUENCY=  868.165418  TRANS ROT %=    0.000000
  EIGENVALUE=   63.915966  ENERGY DERIVATIVE=   -0.018789
  TYPE  'FACT'    1.0000   MASS   NORM  STEP=    1.000000

   EIGENVECTOR:
              1    1 OAC      C1        -0.03765   0.00203   0.00361
              2    1 OAC      H1         0.06208  -0.55077  -0.19364
              3    1 OAC      H2         0.06849   0.39665  -0.36103
              4    1 OAC      H3         0.15616   0.10648   0.53645
              5    1 OAC      C2         0.01403  -0.00094  -0.00056
              6    1 OAC      O1         0.00309   0.01985  -0.00452
              7    1 OAC      O2        -0.00342  -0.01767   0.00338

  VIBRATION MODE  10  FREQUENCY=  905.699064  TRANS ROT %=    0.000000
  EIGENVALUE=   69.562028  ENERGY DERIVATIVE=    0.003389
  TYPE  'FACT'    1.0000   MASS   NORM  STEP=    1.000000

   EIGENVECTOR:
              1    1 OAC      C1         0.00168  -0.02426  -0.07442
              2    1 OAC      H1        -0.06251   0.43097   0.10510
              3    1 OAC      H2        -0.03743  -0.24511   0.14105
              4    1 OAC      H3         0.24659   0.13788   0.71236
              5    1 OAC      C2        -0.00094  -0.00405  -0.03676
              6    1 OAC      O1        -0.00907  -0.02854   0.01766
              7    1 OAC      O2        -0.00072   0.02940   0.00541

  VIBRATION MODE  11  FREQUENCY=  946.491562  TRANS ROT %=    0.000000
  EIGENVALUE=   75.969258  ENERGY DERIVATIVE=   -0.000739
  TYPE  'FACT'    1.0000   MASS   NORM  STEP=    1.000000

   EIGENVECTOR:
              1    1 OAC      C1         0.00563  -0.11195   0.03538
              2    1 OAC      H1        -0.12448   0.46263   0.27400
              3    1 OAC      H2         0.18125   0.41383  -0.48686
              4    1 OAC      H3        -0.03477  -0.12205  -0.04218
              5    1 OAC      C2         0.00325  -0.00216  -0.00955
              6    1 OAC      O1         0.03559   0.02318  -0.00277
              7    1 OAC      O2        -0.04364   0.01496  -0.00056

  VIBRATION MODE  12  FREQUENCY= 1042.820405  TRANS ROT %=    0.000000
  EIGENVALUE=   92.219643  ENERGY DERIVATIVE=   -0.007072
  TYPE  'FACT'    1.0000   MASS   NORM  STEP=    1.000000

   EIGENVECTOR:
              1    1 OAC      C1         0.12437   0.00656   0.02092
              2    1 OAC      H1         0.18461  -0.12785   0.00515
              3    1 OAC      H2         0.18111   0.09316  -0.06443
              4    1 OAC      H3         0.07319   0.00738  -0.06007
              5    1 OAC      C2         0.01328   0.00982  -0.02375
              6    1 OAC      O1        -0.08126  -0.13334   0.03037
              7    1 OAC      O2        -0.04973   0.12276  -0.02073

  VIBRATION MODE  13  FREQUENCY= 1295.099858  TRANS ROT %=    0.000000
  EIGENVALUE=  142.236450  ENERGY DERIVATIVE=   -0.006481
  TYPE  'FACT'    1.0000   MASS   NORM  STEP=    1.000000

   EIGENVECTOR:
              1    1 OAC      C1         0.01458  -0.01781   0.01202
              2    1 OAC      H1        -0.06489   0.08439  -0.23230
              3    1 OAC      H2        -0.32336   0.06264   0.02772
              4    1 OAC      H3         0.46592  -0.11227  -0.05637
              5    1 OAC      C2        -0.01063  -0.07133   0.16498
              6    1 OAC      O1         0.02026   0.01436  -0.03305
              7    1 OAC      O2        -0.02813   0.05037  -0.08339

  VIBRATION MODE  14  FREQUENCY= 1415.662267  TRANS ROT %=    0.000000
  EIGENVALUE=  169.950993  ENERGY DERIVATIVE=   -0.004178
  TYPE  'FACT'    1.0000   MASS   NORM  STEP=    1.000000

   EIGENVECTOR:
              1    1 OAC      C1         0.01566   0.03755   0.01822
              2    1 OAC      H1        -0.54650  -0.08954   0.13369
              3    1 OAC      H2         0.17980  -0.20002  -0.20250
              4    1 OAC      H3         0.41272   0.01384  -0.09908
              5    1 OAC      C2        -0.01443   0.13024   0.03133
              6    1 OAC      O1        -0.01797  -0.05306  -0.04209
              7    1 OAC      O2         0.01415  -0.05553   0.01546

  VIBRATION MODE  15  FREQUENCY= 1605.637468  TRANS ROT %=    0.000000
  EIGENVALUE=  218.624778  ENERGY DERIVATIVE=   -0.003814
  TYPE  'FACT'    1.0000   MASS   NORM  STEP=    1.000000

   EIGENVECTOR:
              1    1 OAC      C1         0.01037  -0.04725   0.02654
              2    1 OAC      H1         0.38689  -0.07305   0.31864
              3    1 OAC      H2        -0.48154  -0.19272  -0.30565
              4    1 OAC      H3         0.18856   0.45674  -0.14091
              5    1 OAC      C2        -0.03458   0.02218  -0.02010
              6    1 OAC      O1        -0.00078   0.00429  -0.03589
              7    1 OAC      O2         0.01304   0.00250   0.03911

  VIBRATION MODE  16  FREQUENCY= 1657.288279  TRANS ROT %=    0.000000
  EIGENVALUE=  232.916637  ENERGY DERIVATIVE=    0.019509
  TYPE  'FACT'    1.0000   MASS   NORM  STEP=    1.000000

   EIGENVECTOR:
              1    1 OAC      C1        -0.09903   0.00683   0.03508
              2    1 OAC      H1        -0.23827  -0.01600   0.08069
              3    1 OAC      H2        -0.28140  -0.03104  -0.03096
              4    1 OAC      H3        -0.07833   0.06637  -0.03512
              5    1 OAC      C2         0.23054  -0.01341  -0.02177
              6    1 OAC      O1        -0.03342  -0.02965  -0.00416
              7    1 OAC      O2        -0.02763   0.03337  -0.00675

  VIBRATION MODE  17  FREQUENCY= 1793.519680  TRANS ROT %=    0.000000
  EIGENVALUE=  272.782614  ENERGY DERIVATIVE=   -0.001316
  TYPE  'FACT'    1.0000   MASS   NORM  STEP=    1.000000

   EIGENVECTOR:
              1    1 OAC      C1         0.00148  -0.01300   0.08461
              2    1 OAC      H1        -0.02685   0.07706  -0.23844
              3    1 OAC      H2        -0.32018   0.23829   0.19048
              4    1 OAC      H3         0.40279  -0.26341  -0.08146
              5    1 OAC      C2        -0.02299   0.03483  -0.16614
              6    1 OAC      O1         0.00183   0.00211   0.05245
              7    1 OAC      O2         0.01081  -0.02177   0.01691

  VIBRATION MODE  18  FREQUENCY= 1924.377737  TRANS ROT %=    0.000000
  EIGENVALUE=  314.040053  ENERGY DERIVATIVE=    0.000566
  TYPE  'FACT'    1.0000   MASS   NORM  STEP=    1.000000

   EIGENVECTOR:
              1    1 OAC      C1        -0.00974  -0.07404  -0.02991
              2    1 OAC      H1         0.31486   0.11617  -0.18281
              3    1 OAC      H2        -0.18441   0.12005   0.08979
              4    1 OAC      H3        -0.19906  -0.18118   0.10291
              5    1 OAC      C2         0.03485   0.19574   0.07837
              6    1 OAC      O1        -0.01330  -0.04855  -0.01687
              7    1 OAC      O2        -0.00123  -0.04628  -0.02014

  VIBRATION MODE  19  FREQUENCY= 2237.619287  TRANS ROT %=    0.000000
  EIGENVALUE=  424.596869  ENERGY DERIVATIVE=    0.011019
  TYPE  'FACT'    1.0000   MASS   NORM  STEP=    1.000000

   EIGENVECTOR:
              1    1 OAC      C1         0.14660  -0.00422  -0.01053
              2    1 OAC      H1        -0.48186  -0.09965  -0.00070
              3    1 OAC      H2        -0.50052   0.11251  -0.03671
              4    1 OAC      H3        -0.42812   0.03979   0.15934
              5    1 OAC      C2        -0.03761  -0.00160  -0.00280
              6    1 OAC      O1         0.00298   0.00234   0.00121
              7    1 OAC      O2         0.00406  -0.00129   0.00112

  VIBRATION MODE  20  FREQUENCY= 2865.492308  TRANS ROT %=    0.000000
  EIGENVALUE=  696.310410  ENERGY DERIVATIVE=   -0.003275
  TYPE  'FACT'    1.0000   MASS   NORM  STEP=    1.000000

   EIGENVECTOR:
              1    1 OAC      C1        -0.01064  -0.02833  -0.09156
              2    1 OAC      H1        -0.05491  -0.21870   0.57771
              3    1 OAC      H2        -0.02033   0.46161   0.48985
              4    1 OAC      H3         0.17402   0.04827  -0.07924
              5    1 OAC      C2         0.00072   0.00790   0.01641
              6    1 OAC      O1         0.00076  -0.00152  -0.00355
              7    1 OAC      O2         0.00047  -0.00149  -0.00230

  VIBRATION MODE  21  FREQUENCY= 2879.905730  TRANS ROT %=    0.000000
  EIGENVALUE=  703.332908  ENERGY DERIVATIVE=   -0.000142
  TYPE  'FACT'    1.0000   MASS   NORM  STEP=    1.000000

   EIGENVECTOR:
              1    1 OAC      C1         0.00038   0.09329  -0.02637
              2    1 OAC      H1         0.18604  -0.10337   0.40265
              3    1 OAC      H2        -0.19790  -0.16990  -0.24875
              4    1 OAC      H3         0.00781  -0.72114   0.14064
              5    1 OAC      C2        -0.00117  -0.01488   0.00076
              6    1 OAC      O1        -0.00104   0.00184   0.00064
              7    1 OAC      O2         0.00189   0.00195   0.00003
  
 VIBRAN>    end
  
 CHARMM>    !write para used card name "parameters.par"
 CHARMM>     
  
      $$$$$$  New timer profile Local node$$$$$
   Shake time                      0.01 Other:            0.00
      Heuristic check                 0.00 Other:            0.00
   List time                       0.00 Other:            0.00
         Electrostatic & VDW             0.00 Other:            0.00
      Nonbond force                   0.04 Other:            0.04
         Bond energy                     0.01 Other:            0.00
         Angle energy                    0.01 Other:            0.00
         Dihedral energy                 0.01 Other:            0.00
         Restraints energy               0.00 Other:            0.00
      INTRNL energy                   0.05 Other:            0.02
      Comm energy                     0.01 Other:            0.00
      Comm force                      0.00 Other:            0.00
   Energy time                     0.13 Other:            0.02
 Total time                      0.21 Other:            0.06
         $$$$$$  Average   profile $$$$$
   Shake time                      0.01 Other:            0.00
      Heuristic check                 0.00 Other:            0.00
   List time                       0.00 Other:            0.00
         Electrostatic & VDW             0.00 Other:            0.00
      Nonbond force                   0.04 Other:            0.04
         Bond energy                     0.01 Other:            0.00
         Angle energy                    0.01 Other:            0.00
         Dihedral energy                 0.01 Other:            0.00
         Restraints energy               0.00 Other:            0.00
      INTRNL energy                   0.05 Other:            0.02
      Comm energy                     0.01 Other:            0.00
      Comm force                      0.00 Other:            0.00
   Energy time                     0.13 Other:            0.02
 Total time                      0.21 Other:            0.06

                    NORMAL TERMINATION BY END OF FILE
                    MOST SEVERE WARNING WAS AT LEVEL  0

                    $$$$$ JOB ACCOUNTING INFORMATION $$$$$
                     ELAPSED TIME:     0.21  SECONDS 
                         CPU TIME:     0.21  SECONDS 
