Record started (SWARM MUTATION): 2021-02-16 18:00:11.895311
Original fitness from cfg file (reference value): 156.20238305565687

Settings:
['MDEXEC', 'charmm']
['MDINP', 'Molecules/otf_clap/otf.inp']
['MDOUT', 'Molecules/otf_clap/tempfiles/opt.log']
['QMOUT', 'Molecules/otf_clap/otf.log']
['PARAM_FILENAME', 'Molecules/otf_clap/tempfiles/parameters.str']
['POPULATION_FILENAME', 'Molecules/otf_clap/tempfiles/lastPopulation.txt']
['LOG_FILENAME', 'Molecules/otf_clap/tempfiles/convergence.log']
['LOGGING', '1']
['RUNS', '10000']
['POPULATION_SIZE', '30']
['NEW_GENERATION_SIZE', '10']
['CREATE_INITIAL_POPULATION', '1']
['RECOMPUTE_FITNESS', '0']
['FIRST_FREQ_BIAS', '0']
['MUTATION_B_PROBABILITY', '0.1']
['STEP_SIZE_MULTIPLICATOR', '0.001']
['DIRECTION_DROP', '0.5']
['MINIMUM_IMPROVEMENT', '0.999999']
['SINGLE_PARAMETER_OPT', '0']
['PARAMETER', 'otfb1', 'bond', '0', '2000', '441.6']
['PARAMETER', 'otfb2', 'bond', '0', '2000', '232.9']
['PARAMETER', 'otfb3', 'angle', '0', '2000', '636.6']
['PARAMETER', 'otfa1', 'angle', '0', '1000', '103.90']
['PARAMETER', 'otfa2', 'angle', '0', '1000', '115.72']
['PARAMETER', 'otfa3', 'angle', '0', '1000', '93.27']
['PARAMETER', 'otfa4', 'angle', '0', '1000', '82.88']
['PARAMETER', 'otfd1', 'dihedral', '-30', '30', '0.173']

Time,Generation,Fitness
10.712842464447021,1,523.7273115858444
940.4305202960968,2,520.8960835156971
943.6027035713196,3,461.23173699089193
946.7424154281616,4,438.7535898507834
964.8761036396027,5,438.7535898507834
967.5880937576294,6,417.1976137268958
999.37948179245,7,417.1976137268958
1011.5103003978729,8,417.1976137268958
1039.7768428325653,9,417.1976137268958
1121.1403024196625,10,399.94492205640216
1453.953534603119,11,369.1372221003513
1467.4150042533875,12,369.1372221003513
1609.6490578651428,13,339.3453279530781
1651.1624138355255,14,339.3453279530781
1907.8048875331879,15,339.3453279530781
1965.2115166187286,16,339.3453279530781
2002.7685732841492,17,339.3453279530781
2018.7465977668762,18,339.3453279530781
2022.2087349891663,19,322.9615489162758
2041.1814727783203,20,322.9615489162758
2044.1115095615387,21,321.93903466029957
2084.614281654358,22,321.93903466029957
2151.4393644332886,23,321.93903466029957
2801.327982187271,24,314.3667567719652
2893.145270347595,25,314.3667567719652
2896.33860707283,26,309.04491092282075
2909.804672718048,27,309.04491092282075
2922.750728368759,28,309.04491092282075
2958.5598182678223,29,309.04491092282075
2991.075271844864,30,297.0778157303061
3016.3790476322174,31,297.0778157303061
3079.8475303649902,32,297.0778157303061
3129.6841292381287,33,284.07693931265993
3225.892733812332,34,185.62978308438204
3236.3513236045837,35,185.62978308438204
3267.2911071777344,36,185.62978308438204
3281.1869356632233,37,185.16441938272612
3295.7236075401306,38,182.48351581992003
3373.8774094581604,39,182.48351581992003
3396.6024844646454,40,182.48351581992003
3579.6827244758606,41,182.48351581992003
3601.2739536762238,42,182.48351581992003
3716.0050966739655,43,182.48351581992003
3923.325533390045,44,182.48351581992003
3926.36198759079,45,175.1098764702902
3998.713007211685,46,175.1098764702902
4273.0231783390045,47,139.37095755758594
4382.033676862717,48,135.79608694829156
4396.016683340073,49,135.79608694829156
4399.425405740738,50,104.22387981181573
4402.781255722046,51,93.9742025789101
4429.923488855362,52,93.9742025789101
4632.322675704956,53,93.9742025789101
4635.361574649811,54,93.62895539478019
4657.315822124481,55,93.62895539478019
4676.23946928978,56,86.48712721311517
4683.466537952423,57,86.48712721311517
4759.865779399872,58,86.48712721311517
4763.3799929618835,59,83.47116089916497
4792.729987621307,60,83.47116089916497
4812.950914621353,61,83.47116089916497
4820.855795621872,62,83.47116089916497
4824.121596336365,63,80.7049518012971
4870.452147960663,64,72.38235865465464
4877.748405218124,65,72.38235865465464
4910.252159833908,66,72.38235865465464
4921.077992677689,67,72.38235865465464
4945.2088878154755,68,58.70581316800883
4958.051470518112,69,58.67948275343703
4967.701969385147,70,58.67948275343703
4995.774665594101,71,58.67948275343703
5069.014755010605,72,58.67948275343703
5082.898297548294,73,58.67948275343703
5090.160352706909,74,58.67948275343703
5103.765439033508,75,58.67948275343703
5115.5373549461365,76,58.580861381242975
5122.53816151619,77,58.580861381242975
5136.500862598419,78,58.580861381242975
5139.693771362305,79,58.27467646157049
5167.043600559235,80,53.094587420789985
5192.4300191402435,81,53.094587420789985
5200.754146337509,82,53.094587420789985
5212.148701906204,83,53.094587420789985
5214.84999537468,84,52.70737701254333
5233.984292984009,85,52.70737701254333
5241.517932891846,86,52.70737701254333
5249.878353595734,87,52.70737701254333
5258.854375123978,88,51.83347686928704
5268.03640460968,89,51.83347686928704
5278.267946958542,90,51.83347686928704
5289.915600299835,91,51.83347686928704
5298.738222837448,92,50.26337435649611
5307.305396318436,93,50.26337435649611
5334.554822444916,94,50.25351930702471
5359.329709768295,95,50.25351930702471
5396.970944881439,96,50.25351930702471
5409.016338825226,97,50.25351930702471
5417.951493501663,98,49.93697985196651
5428.809668064117,99,49.795443469865305
5456.534083843231,100,49.795443469865305
5473.997999668121,101,49.795443469865305
5739.13759303093,102,49.795443469865305
5760.223294258118,103,49.74085482359686
5763.562704801559,104,49.391085240739145
5767.197835445404,105,49.36169378638757
5796.646311283112,106,49.36169378638757
5800.219239234924,107,49.17875467231866
5811.376981496811,108,49.17875467231866
5814.544361829758,109,49.13792592547053
5823.034281492233,110,49.055633539203384
5830.355160236359,111,48.97114431255604
5839.355340003967,112,48.733159665612305
5848.071308374405,113,48.17730861395597
5878.822776794434,114,48.17730861395597
5899.339564323425,115,48.17730861395597
5905.970386981964,116,48.06793458722205
5917.939004659653,117,48.06793458722205
5928.795662164688,118,48.06793458722205
5958.949509382248,119,47.41627164458564
5967.504669904709,120,47.41627164458564
6291.075489521027,121,47.41627164458564
6301.184644937515,122,47.41627164458564
6314.171099424362,123,47.41627164458564
6323.035653114319,124,47.41627164458564
6332.685519456863,125,47.41627164458564
6336.171857833862,126,47.204865022316156
6345.636443138123,127,47.204865022316156
6361.837679386139,128,47.204865022316156
6376.236846208572,129,47.204865022316156
6384.239287853241,130,47.20234838610184
6391.4472143650055,131,47.20234838610184
6401.537982225418,132,47.20234838610184
6479.683096408844,133,47.20234838610184
6483.205843448639,134,47.169005610492675
6499.96147608757,135,46.66186982749307
6510.646915197372,136,46.66186982749307
6535.067472696304,137,46.66186982749307
6543.481106758118,138,46.66186982749307
6552.043733596802,139,46.66186982749307
6562.003608942032,140,46.66186982749307
6570.805410861969,141,46.38168107444774
6578.748046636581,142,46.38168107444774
6585.987468719482,143,46.38168107444774
6596.335184574127,144,46.38168107444774
6606.461078643799,145,46.38168107444774
6609.859637498856,146,46.31892329866043
6617.707003116608,147,46.31892329866043
6625.8225021362305,148,46.31892329866043
6628.83561706543,149,46.29791318250476
6632.4154596328735,150,46.267841603344586
6694.056368589401,151,45.23293806321679
6702.296719074249,152,45.23293806321679
6722.089442014694,153,45.23293806321679
6732.498466730118,154,45.23293806321679
6747.711869716644,155,45.23293806321679
6853.744076251984,156,45.23293806321679
6865.1096975803375,157,45.23293806321679
6872.8520476818085,158,45.23293806321679
6881.71018242836,159,45.23293806321679
6890.32029914856,160,45.23293806321679
6899.654972076416,161,45.23293806321679
6907.339620113373,162,45.23293806321679
6917.566592931747,163,45.23293806321679
6925.267059326172,164,45.23293806321679
6938.410782575607,165,45.2048706151008
6961.23512840271,166,45.2048706151008
6964.6900634765625,167,45.110517745004046
6972.913835287094,168,44.97678810235703
7058.650829315186,169,44.97678810235703
7068.8849585056305,170,44.97678810235703
7079.279180049896,171,44.97678810235703
7082.526194095612,172,44.89786464726312
7093.746384382248,173,44.79896746664148
7101.477031946182,174,44.79896746664148
7110.930920124054,175,44.783860153579624
7113.925345659256,176,44.73144558979727
7122.967035531998,177,44.73144558979727
7168.002378940582,178,44.62676513085941
7178.100443601608,179,44.62676513085941
7387.477025747299,180,44.62676513085941
7398.6402814388275,181,44.62676513085941
7401.533590555191,182,44.61917358525939
7412.421407461166,183,44.60171646210518
7422.279683828354,184,44.59537153858324
7425.630804300308,185,44.577206143082726
7428.967669963837,186,44.5747077941368
7432.445520877838,187,44.57307872220195
7468.307968616486,188,44.52551774573064
7471.705415010452,189,44.45606807404777
7480.588427782059,190,44.41708483026326
7492.498453378677,191,44.41708483026326
7502.141409397125,192,44.41708483026326
7511.223470687866,193,44.41708483026326
7528.023125886917,194,44.41708483026326
7536.834196805954,195,44.323595070021135
7552.715159654617,196,44.323595070021135
7568.827056646347,197,44.323595070021135
7572.049571752548,198,44.28392154034856
7575.171584367752,199,44.2716558629708
7584.18700170517,200,44.2716558629708
7604.92157125473,201,44.23001250204954
7612.746958017349,202,44.23001250204954
7623.8401827812195,203,44.18795269055862
7642.644778966904,204,44.18795269055862
7646.101044178009,205,44.18776851424402
7656.110418796539,206,44.1421169869842
7664.519153833389,207,44.1421169869842
7674.15311050415,208,44.11710798911041
7681.058148145676,209,44.035188938644815
7691.3168156147,210,44.035188938644815
7702.184646606445,211,44.035188938644815
7828.983077049255,212,44.035188938644815
7875.902235984802,213,44.035188938644815
7943.3694767951965,214,44.02184736339911
7974.931911706924,215,43.97770564654436
7983.71998667717,216,43.97770564654436
7995.2619416713715,217,43.97770564654436
8017.773497581482,218,43.97770564654436
8028.650361061096,219,43.97770564654436
8038.458513259888,220,43.97770564654436
8050.892258167267,221,43.97289040195291
8059.034093379974,222,43.96312883031311
8068.8794984817505,223,43.96027685552423
8079.837696552277,224,43.932109644815505
8089.19096827507,225,43.932109644815505
8097.218819856644,226,43.85740247074171
8106.413093805313,227,43.85740247074171
8122.841066360474,228,43.72340278256671
8131.917421102524,229,43.72340278256671
8141.998254776001,230,43.72092405261283
8145.243283510208,231,43.69365610757059
8157.477742433548,232,43.69365610757059
8169.943037033081,233,43.69365610757059
8172.81445145607,234,43.64375886314103
8181.003344774246,235,43.59856867339397
8194.380015134811,236,43.59856867339397
8203.220704317093,237,43.59856867339397
8211.288148403168,238,43.59856867339397
8219.972467660904,239,43.59856867339397
8223.488787651062,240,43.58604456135227
8236.399152755737,241,43.57591941442865
8247.57879114151,242,43.55261689309879
8258.745901584625,243,43.55261689309879
8262.10223197937,244,43.53004535689706
8273.775694131851,245,43.49085042776744
8284.71296787262,246,43.49085042776744
8350.24168252945,247,43.45901366536173
8358.680678606033,248,43.45901366536173
8369.087844371796,249,43.45901366536173
8377.252676486969,250,43.45901366536173
8380.713390350342,251,43.45857112999152
8391.595207214355,252,43.40007966905624
8399.356249332428,253,43.40007966905624
8407.223356246948,254,43.40007966905624
8419.280054092407,255,43.39294975481983
8432.21805024147,256,43.39294975481983
8443.743579864502,257,43.38207097898883
8457.011104822159,258,43.369825559065525
8479.328394889832,259,43.369825559065525
8497.50611948967,260,43.369240744215
8500.570197105408,261,43.339425906359686
8511.889647960663,262,43.339425906359686
8522.88198852539,263,43.32085331327457
8537.076777935028,264,43.30310377195694
8548.220680236816,265,43.30310377195694
8562.962516784668,266,43.29716340191281
8574.176276683807,267,43.294602076549964
8587.87706542015,268,43.294602076549964
8613.726289749146,269,43.28734584955916
8630.800970554352,270,43.28734584955916
8641.817638874054,271,43.280480708476645
8645.226685523987,272,43.28025202155287
8648.841890573502,273,43.261437110093354
8660.54133605957,274,43.261437110093354
8663.731947660446,275,43.25927985524208
8677.868034601212,276,43.25415109971887
8692.43472313881,277,43.25415109971887
8695.475740909576,278,43.22924662244102
8708.36517381668,279,43.22470727941663
8729.835460186005,280,43.22470727941663
8743.514587640762,281,43.21332341348
8779.132724523544,282,43.21332341348
8795.712133407593,283,43.200414273835136
8812.298894643784,284,43.200414273835136
8833.723125219345,285,43.20037383203884
8849.325645923615,286,43.19983360931654
8872.48317527771,287,43.19983360931654
8875.62248826027,288,43.19101146239354
8886.651087522507,289,43.19101146239354
8908.045178174973,290,43.181245746260885
8911.37361240387,291,43.18012769251833
8920.848427295685,292,43.18012769251833
8932.915311336517,293,43.18012769251833
8951.659899234772,294,43.18012769251833
8955.07343840599,295,43.17547564638432
8968.444452285767,296,43.17436157885516
8987.60807108879,297,43.173563916397995
9003.914714813232,298,43.165156875615025
9006.762058734894,299,43.16287599889358
9021.98150229454,300,43.16287599889358
9034.019502878189,301,43.128213152850584
9074.95975804329,302,43.126276673075026
9104.995518922806,303,43.126276673075026
9139.222130775452,304,43.11747234986766
9152.595137119293,305,43.11747234986766
9192.035508871078,306,43.11747234986766
9201.690773248672,307,43.11747234986766
9219.172113656998,308,43.11747234986766
9237.158327817917,309,43.10128550753322
9257.419295072556,310,43.10128550753322
9285.155254364014,311,43.10128550753322
9315.280598402023,312,43.09463810078943
9324.594304323196,313,43.08255480374302
9337.504380941391,314,43.08255480374302
9376.387928009033,315,43.08255480374302
9391.639514684677,316,43.08255480374302
9404.299147367477,317,43.08206097765995
9424.689059495926,318,43.07907556854254
9436.907903432846,319,43.07531106059383
9448.451826810837,320,43.072421511989766
9451.334710121155,321,43.06401899553301
9454.696173906326,322,43.058968437047184
9469.630999088287,323,43.05423340827223
9483.40910768509,324,43.03570865332808
9498.102286100388,325,43.03570865332808
9519.146723270416,326,43.03570865332808
9534.946174144745,327,43.03570865332808
9549.025546073914,328,43.03570865332808
9583.590552806854,329,43.03570865332808
9606.775990962982,330,43.032711687956116
9622.091975212097,331,43.032711687956116
9642.973078489304,332,43.006412246189385
9669.646585464478,333,43.006412246189385
9707.58825302124,334,43.006412246189385
9722.48953962326,335,43.006412246189385
9737.561610221863,336,43.006412246189385
9754.809792757034,337,43.006412246189385
9767.88972067833,338,43.006412246189385
9791.413597345352,339,43.006412246189385
9800.989305734634,340,43.006412246189385
9804.06236243248,341,43.004532956976384
9820.64255285263,342,43.004532956976384
9857.363137245178,343,42.997168638120236
9870.312672138214,344,42.997168638120236
9873.380631685257,345,42.99623420038386
9892.371093273163,346,42.976455029590454
9905.37453699112,347,42.976455029590454
9918.501882076263,348,42.976455029590454
9936.629937410355,349,42.976455029590454
9949.556421279907,350,42.976455029590454
9968.819747686386,351,42.976455029590454
9981.910225391388,352,42.976455029590454
9997.737649202347,353,42.97015955497141
10009.728536605835,354,42.97015955497141
10039.659575223923,355,42.96267929596565
10065.755965471268,356,42.96267929596565
10087.237677812576,357,42.96267929596565
10121.433251142502,358,42.95996731487943
10145.736185073853,359,42.95860380650919
10153.385330438614,360,42.95860380650919
10164.286316394806,361,42.95860380650919
10167.570746183395,362,42.9584317462481
10188.730041265488,363,42.957820268274055
10216.193658590317,364,42.95644012445052
10241.08284687996,365,42.950099506468064
10263.352531433105,366,42.950099506468064
10285.342639923096,367,42.948316372245664
10288.808881282806,368,42.946794754640216
10308.13870048523,369,42.946794754640216
10336.189174413681,370,42.94504431445842
10362.376986503601,371,42.94447517885537
10384.058826208115,372,42.94065191513431
10401.580741643906,373,42.94065191513431
10423.51613998413,374,42.935535586039585
10449.12955236435,375,42.935535586039585
10472.99147105217,376,42.935535586039585
10481.724379777908,377,42.934501201945
10499.471056461334,378,42.934501201945
10517.84308218956,379,42.925251378048955
10536.218294143677,380,42.925251378048955
10549.737249612808,381,42.922833689719575
10561.755335092545,382,42.92124784704162
10577.166946411133,383,42.92124784704162
10590.973773479462,384,42.92124784704162
10617.979561567307,385,42.92124784704162
10633.743905544281,386,42.92124784704162
10636.880085229874,387,42.920787582400735
10673.814528226852,388,42.91619464789822
10690.140050888062,389,42.91619464789822
10701.441621780396,390,42.91588446825977
10731.669486045837,391,42.91588446825977
10769.912031650543,392,42.91513289107419
10800.58350777626,393,42.914755227673844
10836.54517531395,394,42.91193077191359
10866.610009670258,395,42.91193077191359
10887.465631008148,396,42.91112243106855
10918.223833322525,397,42.91112243106855
10960.88499045372,398,42.91112243106855
10995.5227394104,399,42.91054294997158
11021.655914783478,400,42.9103933114225
11059.600425481796,401,42.91024374153383
11104.795340061188,402,42.90970155895771
11130.459571838379,403,42.90899107060891
11157.624858140945,404,42.906727186740675
11200.412526369095,405,42.906727186740675
11241.785470247269,406,42.906727186740675
11278.56810951233,407,42.906727186740675
11320.84421300888,408,42.90646164402605
11363.022038459778,409,42.906402324614554
11402.777569293976,410,42.90595347036425
11442.944757699966,411,42.905744117131874
11446.000582695007,412,42.905342355923196
11473.233903169632,413,42.90405973676183
11515.11326622963,414,42.90405973676183
11539.233041763306,415,42.90405973676183
11542.075403690338,416,42.90391610822319
11585.849954366684,417,42.90358831810356
11622.818501472473,418,42.901132849157
11662.554961919785,419,42.901132849157
11694.273084640503,420,42.89900044549572
11737.449900627136,421,42.89900044549572
11783.367403030396,422,42.89900044549572
11829.386241912842,423,42.89900044549572
11868.716761112213,424,42.89567857971737
11897.651666879654,425,42.89567857971737
11927.930368423462,426,42.89567857971737
11950.779506921768,427,42.89135562362458
11992.933396577835,428,42.89135562362458
12034.97735953331,429,42.89135562362458
12058.968070745468,430,42.89135562362458
12075.23422217369,431,42.8901995845617
12110.32504081726,432,42.8901995845617
12129.099541425705,433,42.88938124808232
12147.969130039215,434,42.88938124808232
12162.554538488388,435,42.88938124808232
12165.925038099289,436,42.88937866685432
12175.527561903,437,42.88937866685432
12178.754830121994,438,42.88936606906625
12201.9360601902,439,42.888566109018306
12224.05883526802,440,42.888566109018306
12256.531506061554,441,42.8874502781132
12302.623618364334,442,42.8874502781132
12323.162631750107,443,42.88718742449755
12326.4014377594,444,42.88709742549678
12329.70871424675,445,42.886175561751955
12365.75828075409,446,42.886175561751955
12369.183048009872,447,42.88599621019844
12410.15191578865,448,42.88392740508364
12449.299295186996,449,42.88392740508364
12494.443989753723,450,42.88392740508364
12538.182934045792,451,42.88392740508364
12580.182084083557,452,42.88392740508364
12619.485388994217,453,42.880192551516814
12649.973260879517,454,42.880192551516814
12686.914826869965,455,42.880192551516814
12725.429737567902,456,42.880192551516814
12766.097163438797,457,42.880192551516814
12806.506962060928,458,42.880192551516814
12849.970028877258,459,42.880192551516814
12890.182673692703,460,42.880192551516814
12926.017824172974,461,42.880192551516814
12966.511798620224,462,42.880192551516814
12993.245648860931,463,42.880192551516814
13036.222014665604,464,42.880192551516814
13068.796634674072,465,42.87903692684365
13092.898608922958,466,42.87903692684365
13135.844185352325,467,42.87903692684365
13174.86307811737,468,42.87802768994959
13215.853086471558,469,42.87802768994959
13262.106200933456,470,42.87802768994959
13301.013812541962,471,42.87802768994959
13335.043533086777,472,42.87802768994959
13379.845118761063,473,42.87802768994959
13421.882271051407,474,42.87802768994959
13424.823629617691,475,42.87800175163933
13465.512948513031,476,42.87792908057079
13505.141588449478,477,42.87675032087776
13547.673512220383,478,42.87675032087776
13588.665150880814,479,42.87675032087776
13631.259947299957,480,42.87675032087776
13672.333580255508,481,42.87675032087776
13712.784623861313,482,42.87672575887532
13716.175890684128,483,42.87672350056062
13757.267760753632,484,41.876971551177164
13777.10930800438,485,41.842377627544586
13780.364770174026,486,41.23225651001186
13802.182237148285,487,41.23225651001186
13810.743734836578,488,41.23225651001186
13863.758649587631,489,41.23225651001186
13876.350067853928,490,41.23225651001186
13887.639837265015,491,41.23225651001186
13890.757616519928,492,41.16329619064985
13900.084505796432,493,41.16329619064985
13912.503170251846,494,41.16329619064985
13922.156675100327,495,41.15346534943445
13925.62621665001,496,41.10437314507007
13928.534758090973,497,41.01280131898661
13937.726536989212,498,40.977417153852244
13951.812650203705,499,40.85184904485795
13963.24482178688,500,40.85184904485795
13976.296243429184,501,40.85184904485795
13987.101136446,502,40.45483680289976
13999.000576734543,503,40.45483680289976
14014.396231651306,504,40.45483680289976
14026.714144945145,505,40.45483680289976
14036.939475536346,506,40.45483680289976
14046.964253664017,507,40.45483680289976
14081.932485342026,508,40.45483680289976
14098.779777050018,509,40.45483680289976
14107.875802278519,510,40.38810228129217
14116.907063245773,511,40.38810228129217
14171.105768680573,512,40.38810228129217
14186.219574451447,513,40.38810228129217
14194.364962100983,514,40.38810228129217
14208.81685590744,515,40.38810228129217
14226.422439098358,516,40.38810228129217
14238.2511074543,517,40.38810228129217
14249.961109161377,518,40.38810228129217
14260.493741035461,519,40.38810228129217
14274.382835149765,520,40.347521671385465
14277.382098197937,521,40.34307972092535
14286.884984254837,522,40.34307972092535
14290.390399456024,523,40.26826171534824
14305.479684114456,524,40.26826171534824
14308.823110818863,525,40.256142397698625
14323.776817083359,526,40.256142397698625
14340.642982006073,527,40.256142397698625
14363.991140842438,528,40.256142397698625
14366.557542562485,529,40.20194638902664
14378.662912368774,530,40.20194638902664
14394.002425432205,531,40.196340934327935
14396.996787071228,532,40.181535675323396
14408.762156963348,533,40.181535675323396
14421.958594560623,534,40.181535675323396
14443.939516544342,535,40.181535675323396
14456.009207487106,536,40.13907888919485
14489.057605743408,537,40.13907888919485
14517.091443777084,538,40.12731534481925
14527.905042648315,539,40.12731534481925
14542.487451314926,540,40.12731534481925
14590.470979690552,541,40.12731534481925
14608.134086608887,542,40.09984694496741
14632.530410766602,543,40.09984694496741
14655.301835536957,544,40.09984694496741
14675.172907352448,545,40.09984694496741
14711.099717855453,546,40.079868068165524
14732.139219045639,547,40.05677958498878
14746.010433912277,548,40.05677958498878
14762.003108263016,549,40.04494254118878
14775.183718442917,550,40.04494254118878
14812.97086930275,551,40.03210852517524
14828.679059267044,552,40.02840335855708
14856.823536872864,553,40.02840335855708
14860.284166097641,554,40.01995005523576
14873.177264928818,555,40.01408405308735
14888.511108398438,556,39.994486525222406
14911.753506660461,557,39.994486525222406
14930.088211774826,558,39.994486525222406
14949.208946228027,559,39.994486525222406
14968.610031843185,560,39.994486525222406
14971.888136148453,561,39.99056698648793
14985.799536705017,562,39.98972752419955
14989.029167890549,563,39.97599899872623
14992.384588718414,564,39.96943548932865
15003.755772590637,565,39.96943548932865
15085.40786409378,566,39.96943548932865
15104.431335687637,567,39.96547847026259
15121.84018611908,568,39.96547847026259
15152.79289984703,569,39.96547847026259
15174.183192968369,570,39.96547847026259
15223.060923337936,571,39.9650677153506
15244.553838729858,572,39.94479975108019
15264.495150089264,573,39.94479975108019
15285.477348804474,574,39.94479975108019
15326.258173465729,575,39.94479975108019
15362.117735624313,576,39.94479975108019
15379.735187768936,577,39.94479975108019
15405.935063362122,578,39.939725750446165
15445.642427682877,579,39.939725750446165
15478.22624540329,580,39.939725750446165
15507.850301980972,581,39.92749441349816
15549.848500967026,582,39.92749441349816
15590.200384140015,583,39.92749441349816
15631.179611682892,584,39.92749441349816
15663.161904335022,585,39.92749441349816
15708.004708528519,586,39.92417825295984
15750.498778104782,587,39.91644819244212
15776.009646892548,588,39.91234694971389
15820.066652297974,589,39.90073262473639
15854.777400016785,590,39.90073262473639
15871.525592803955,591,39.90070268081266
15915.35777592659,592,39.90070268081266
15955.59214925766,593,39.90039772931501
15984.639026165009,594,39.887400828170385
16009.700215816498,595,39.88553353901819
16048.021471500397,596,39.88553353901819
16066.393615484238,597,39.88553353901819
16097.109249830246,598,39.88513754483745
16107.142109394073,599,39.88513754483745
16147.014837026596,600,39.88513754483745
16186.124562978745,601,39.88513754483745
16229.94342637062,602,39.885058151372874
16272.413064956665,603,39.885058151372874
16297.437361240387,604,39.885058151372874
16337.956194162369,605,39.885058151372874
16379.313102722168,606,39.885058151372874
16416.965662240982,607,39.88422109344941
16458.55453968048,608,39.88422109344941
16462.35615491867,609,39.884066958677984
16530.326666116714,610,39.88393137988746
16565.72651028633,611,39.88315513174723
16595.83039188385,612,39.88081920894115
16630.178025722504,613,39.87988832836731
16668.53648686409,614,39.87988832836731
16712.193796873093,615,39.879172502339365
16754.022559165955,616,39.87880410931316
16795.57856464386,617,39.87686510154254
16812.099885225296,618,39.87021712685789
16845.25977039337,619,39.87021712685789
16887.706785440445,620,39.86951864468424
16931.596577882767,621,39.86951864468424
16969.26611995697,622,39.86951864468424
17012.57560992241,623,39.86951864468424
17050.6864631176,624,39.86951864468424
17077.409886837006,625,39.86951864468424
17120.17525100708,626,39.867537400682934
17160.492027044296,627,39.867537400682934
17199.454303741455,628,39.867537400682934
17239.803251743317,629,39.867537400682934
17280.488871097565,630,39.867537400682934
17319.754084587097,631,39.867537400682934
17361.148473978043,632,39.867537400682934
17400.914515018463,633,39.867537400682934
17440.975487947464,634,39.867537400682934
17479.182409763336,635,39.867537400682934
17518.760207891464,636,39.867537400682934
17555.93189740181,637,39.867537400682934
17595.88538837433,638,39.867537400682934
17613.581159353256,639,39.867537400682934
17655.056191444397,640,39.865738557750106
17693.426325798035,641,39.865738557750106
17730.672553777695,642,39.865738557750106
17758.788167476654,643,39.865738557750106
17798.217515468597,644,39.865738557750106
17835.66060256958,645,39.865738557750106
17872.5282933712,646,39.865738557750106
17911.20424556732,647,39.865738557750106
17948.525984048843,648,39.865738557750106
17951.51244187355,649,39.8656738223091
17991.270616531372,650,39.863776376625886
18027.384795188904,651,39.863776376625886
18065.254919052124,652,39.863776376625886
18081.717477798462,653,39.863776376625886
18122.31519460678,654,39.863776376625886
18160.20299935341,655,39.863776376625886
18201.512103557587,656,39.86292826668454
18236.946293115616,657,39.86194519203182
18280.42707848549,658,39.86194519203182
18317.353546857834,659,39.86194519203182
18356.751037836075,660,39.86194519203182
18397.596664905548,661,39.86194519203182
18437.246314287186,662,39.861449241210096
18474.249185562134,663,39.861449241210096
18513.752762556076,664,39.86144475850943
18548.906414031982,665,39.86144475850943
18586.941690206528,666,39.86144475850943
18626.119558095932,667,39.86144475850943
18664.128610610962,668,39.86144475850943
18703.842324972153,669,39.855072500558755
18744.387580633163,670,39.855072500558755
18784.562015771866,671,39.855072500558755
18823.091070652008,672,39.855072500558755
18863.19892001152,673,39.855072500558755
18901.67154765129,674,39.855072500558755
18939.635098695755,675,39.855072500558755
18985.184613227844,676,39.850347214851254
19024.851485967636,677,39.850347214851254
19067.84668135643,678,39.850347214851254
19109.37964773178,679,39.845184889023265
19148.093403816223,680,39.845184889023265
19179.738911151886,681,39.82994471056396
19192.12772679329,682,39.82994471056396
19202.3081741333,683,39.82994471056396
19243.11883854866,684,39.82994471056396
19264.05445623398,685,39.82994471056396
19301.96956539154,686,39.82994471056396
19343.216478824615,687,39.82994471056396
19384.957322835922,688,39.82994471056396
19425.84967970848,689,39.82994471056396
19446.187346696854,690,39.828899933503756
19464.551510095596,691,39.828899933503756
19507.02447962761,692,39.828899933503756
19548.060561656952,693,39.828899933503756
19589.845334768295,694,39.82882818291757
19629.3283765316,695,39.82882818291757
19669.233379602432,696,39.82882818291757
19707.41105079651,697,39.82882818291757
19746.172944545746,698,39.82882818291757
19784.85477399826,699,39.82882818291757
19825.090806245804,700,39.82882818291757
19867.677277088165,701,39.828435857275366
19906.093286514282,702,39.828435857275366
19946.061549425125,703,39.82609807349235
19984.907989025116,704,39.82609807349235
20026.997022628784,705,39.82609807349235
20065.992518663406,706,39.82609807349235
20088.576707601547,707,39.82609807349235
20127.745846271515,708,39.82609807349235
20168.035053491592,709,39.82609807349235
20206.380378723145,710,39.82609807349235
20235.808195590973,711,39.8237066802297
20277.558832645416,712,39.8237066802297
20319.068421125412,713,39.82275013851366
20360.95027565956,714,39.82275013851366
20382.96759724617,715,39.82177987352601
20418.071039438248,716,39.82177987352601
20455.013395786285,717,39.82007732729172
20493.368818998337,718,39.82007732729172
20525.94979119301,719,39.82007732729172
20568.02985739708,720,39.82007732729172
20610.08885192871,721,39.82007732729172
20650.67591190338,722,39.82007732729172
20690.239893436432,723,39.82007732729172
20729.33778476715,724,39.82007732729172
20768.915353298187,725,39.82007732729172
20801.795835494995,726,39.81910746054328
20839.562331438065,727,39.81910746054328
20877.15945792198,728,39.81910746054328
20917.115565538406,729,39.81884387933736
20955.394137620926,730,39.81884387933736
20992.441843748093,731,39.81884387933736
21029.48975777626,732,39.81884387933736
21069.309985637665,733,39.81884387933736
21106.954167366028,734,39.81884387933736
21121.297384023666,735,39.81884387933736
21161.711159467697,736,39.81884387933736
21202.9860663414,737,39.81884387933736
21241.070833206177,738,39.81884387933736
21278.5973842144,739,39.81884387933736
21298.715126514435,740,39.81884387933736
21334.72552371025,741,39.81884387933736
21373.26253414154,742,39.81884387933736
21412.07181119919,743,39.81884387933736
21452.382056236267,744,39.81884387933736
21489.69336462021,745,39.81884387933736
21513.733845710754,746,39.81350811061738
21551.74476313591,747,39.81350811061738
21589.974231004715,748,39.81350811061738
21627.650053024292,749,39.81350811061738
21664.67221045494,750,39.81350811061738
21701.70370912552,751,39.81350811061738
21738.190385341644,752,39.81350811061738
21742.258330106735,753,39.81336101831301
21766.48584008217,754,39.81336101831301
21805.307677268982,755,39.81336101831301
21823.053129911423,756,39.81336101831301
21856.892163276672,757,39.81133461358262
21897.758224487305,758,39.81133461358262
21936.670654773712,759,39.81133461358262
21975.606541395187,760,39.81133461358262
22018.272994995117,761,39.81133461358262
22057.75083208084,762,39.81133461358262
22095.08298254013,763,39.81133461358262
22135.968222379684,764,39.81133461358262
22173.7132833004,765,39.81133461358262
22210.6628677845,766,39.81133461358262
22247.589225053787,767,39.81133461358262
22286.07795524597,768,39.81133461358262
22325.691807746887,769,39.81133461358262
22354.75812959671,770,39.81133461358262
22394.697425603867,771,39.81115719049513
22433.988550662994,772,39.81115719049513
22472.067903518677,773,39.81115719049513
22499.02894973755,774,39.80728066010601
22534.681599855423,775,39.80728066010601
22574.822816371918,776,39.80728066010601
22614.277849912643,777,39.80728066010601
22653.45381116867,778,39.80728066010601
22692.973096609116,779,39.80700110442413
22695.810727119446,780,39.80610735964598
22729.887169599533,781,39.80610735964598
22766.7135078907,782,39.80610735964598
22807.044600248337,783,39.80610735964598
22846.163140296936,784,39.80610735964598
22849.41882419586,785,39.80596923656301
22889.4868516922,786,39.80577897198453
22929.377858400345,787,39.80577897198453
22951.680777311325,788,39.80577897198453
22992.770705461502,789,39.805434268887765
23037.841851711273,790,39.80481303475683
23075.890495300293,791,39.80481303475683
23117.000108242035,792,39.801063060837414
23155.432666301727,793,39.801063060837414
23195.349715471268,794,39.801063060837414
23234.902515888214,795,39.801063060837414
23266.94241833687,796,39.801063060837414
23305.818182706833,797,39.801063060837414
23343.592529058456,798,39.801063060837414
23383.413309574127,799,39.80098939047944
23424.29497528076,800,39.80098939047944
23464.18347811699,801,39.800769470387635
23503.04813027382,802,39.79649002515969
23542.45818042755,803,39.79649002515969
23579.869665384293,804,39.79649002515969
23618.346635341644,805,39.79649002515969
23659.340876340866,806,39.79649002515969
23696.551520586014,807,39.79649002515969
23734.838886976242,808,39.79649002515969
23773.909259557724,809,39.79649002515969
23812.78392791748,810,39.79649002515969
23855.92942404747,811,39.79649002515969
23895.985003471375,812,39.79649002515969
23933.50330543518,813,39.79649002515969
23973.434116125107,814,39.79649002515969
24012.88142800331,815,39.79649002515969
24050.363446712494,816,39.79649002515969
24090.56498169899,817,39.79649002515969
24126.500322818756,818,39.79649002515969
24170.21520090103,819,39.79649002515969
24208.570919275284,820,39.79649002515969
24248.783291101456,821,39.79649002515969
24288.4694108963,822,39.79649002515969
24291.775052547455,823,39.79440358096292
24328.729026317596,824,39.79440358096292
24366.14010119438,825,39.79440358096292
24408.329451084137,826,39.79440358096292
24446.023209810257,827,39.79440358096292
24485.509798049927,828,39.79440358096292
24523.969737052917,829,39.79440358096292
24563.725333929062,830,39.79440358096292
24605.110357522964,831,39.79440358096292
24608.28045272827,832,39.79240391681499
24646.204097509384,833,39.79240391681499
24688.507821559906,834,39.79235732603912
24718.197350263596,835,39.79235732603912
24754.428893089294,836,39.79235732603912
24757.522577285767,837,39.79218592501784
24797.668702840805,838,39.792059723699026
24823.934438705444,839,39.792059723699026
24827.40939426422,840,39.79198705067464
24830.873344182968,841,39.7912259611324
24870.170183181763,842,39.78929613157228
24910.830023288727,843,39.78813443674781
24946.00371837616,844,39.78813443674781
24973.457970380783,845,39.78813443674781
25014.10290455818,846,39.78813443674781
25052.3329102993,847,39.78813443674781
25092.41045975685,848,39.78813443674781
25133.394237995148,849,39.78813443674781
25173.640134096146,850,39.78813443674781
25211.30748796463,851,39.78813443674781
25249.5306289196,852,39.78813443674781
25286.431061029434,853,39.78813443674781
25323.594215631485,854,39.78813443674781
25361.053987264633,855,39.78813443674781
25404.35034108162,856,39.78813443674781
25444.497792720795,857,39.7877498743659
25482.26030111313,858,39.7877498743659
25519.36079287529,859,39.7877498743659
25555.768250226974,860,39.7877498743659
25596.116227149963,861,39.7877498743659
25634.61292886734,862,39.7877498743659
25671.282900571823,863,39.7877498743659
25708.611726760864,864,39.7877498743659
25746.173248767853,865,39.7877498743659
25782.763699293137,866,39.7877498743659
25820.59428858757,867,39.7877498743659
25857.818756341934,868,39.7877498743659
25894.217252969742,869,39.7877498743659
25931.399648427963,870,39.7877498743659
25968.760545253754,871,39.7877498743659
25972.01725411415,872,39.787586302734354
26010.047953367233,873,39.787586302734354
26047.112735509872,874,39.787586302734354
26073.096471071243,875,39.787492223272444
26111.514901161194,876,39.787492223272444
26148.563017606735,877,39.787492223272444
26186.218621730804,878,39.787492223272444
26222.853163957596,879,39.787492223272444
26262.124977111816,880,39.787492223272444
26265.16093635559,881,39.78742355649203
26268.208418130875,882,39.787155079784
26307.600449085236,883,39.786002475373756
26345.499862909317,884,39.786002475373756
26383.164110183716,885,39.786002475373756
26423.842375278473,886,39.786002475373756
26461.898090839386,887,39.786002475373756
26497.406871795654,888,39.786002475373756
26534.352882623672,889,39.786002475373756
26571.51743412018,890,39.786002475373756
26608.47155237198,891,39.786002475373756
26644.242500543594,892,39.786002475373756
26681.359712600708,893,39.786002475373756
26718.682807207108,894,39.786002475373756
26754.542345523834,895,39.786002475373756
26790.259019374847,896,39.786002475373756
26828.356359004974,897,39.786002475373756
26865.35680294037,898,39.786002475373756
26902.73023366928,899,39.786002475373756
26940.17604279518,900,39.786002475373756
26977.404542446136,901,39.786002475373756
27016.389739751816,902,39.786002475373756
27053.91822695732,903,39.786002475373756
27092.10751271248,904,39.786002475373756
27130.953781843185,905,39.786002475373756
27168.74377679825,906,39.786002475373756
27207.15154004097,907,39.786002475373756
27243.94517636299,908,39.786002475373756
27282.054056167603,909,39.786002475373756
27318.567670345306,910,39.786002475373756
27355.703590631485,911,39.786002475373756
27393.20190691948,912,39.786002475373756
27431.55438184738,913,39.786002475373756
27467.894795656204,914,39.786002475373756
27506.063684225082,915,39.786002475373756
27544.302188396454,916,39.786002475373756
27583.146425962448,917,39.786002475373756
27620.402008771896,918,39.786002475373756
27658.641083717346,919,39.786002475373756
27696.338837862015,920,39.786002475373756
27733.35354757309,921,39.786002475373756
27771.076646089554,922,39.786002475373756
27807.4264895916,923,39.786002475373756
27844.777995347977,924,39.786002475373756
27882.212645053864,925,39.786002475373756
27919.035070180893,926,39.786002475373756
27957.49463224411,927,39.786002475373756
27994.38802266121,928,39.786002475373756
28032.055569410324,929,39.786002475373756
28068.916133403778,930,39.786002475373756
28107.656534910202,931,39.785754393756505
28143.47806620598,932,39.785754393756505
28181.058032751083,933,39.785754393756505
28216.80117249489,934,39.785754393756505
28255.737887620926,935,39.785754393756505
28296.274186611176,936,39.78562860699217
28333.300518274307,937,39.78562860699217
28371.79885673523,938,39.78562860699217
28412.58305454254,939,39.78562860699217
28450.479259967804,940,39.78562860699217
28453.746479034424,941,39.785605651969114
28490.97830438614,942,39.785605651969114
28529.993345975876,943,39.785605651969114
28532.949899435043,944,39.785248792758374
28571.16372680664,945,39.785248792758374
28608.98101425171,946,39.785248792758374
28648.38885974884,947,39.785248792758374
28687.700468301773,948,39.785248792758374
28724.862203359604,949,39.785248792758374
28766.123375177383,950,39.785248792758374
28805.12572646141,951,39.78418813470849
28842.016065120697,952,39.78418813470849
28879.356559753418,953,39.78418813470849
28917.562210798264,954,39.78418813470849
28954.585626602173,955,39.78418813470849
28992.916887760162,956,39.78418813470849
29031.133743047714,957,39.78418813470849
29068.02218556404,958,39.78418813470849
29106.333510875702,959,39.78418813470849
29143.959396600723,960,39.78418813470849
29181.071707725525,961,39.78418813470849
29220.194349050522,962,39.78418813470849
29257.447488069534,963,39.78418813470849
29294.894379138947,964,39.78418813470849
29332.212337970734,965,39.78418813470849
29369.30281186104,966,39.78418813470849
29397.015285253525,967,39.78418813470849
29434.59479379654,968,39.78418813470849
29472.664367437363,969,39.784179384063506
29509.830357313156,970,39.784179384063506
29546.834101200104,971,39.784179384063506
29584.654561519623,972,39.784179384063506
29623.61100745201,973,39.784179384063506
29665.10817170143,974,39.78410943954928
29702.470200300217,975,39.78410943954928
29739.361929893494,976,39.78410943954928
29777.970270633698,977,39.78410943954928
29816.134731531143,978,39.78410943954928
29854.3174700737,979,39.78410943954928
29857.57606601715,980,39.78410387711461
29895.82430768013,981,39.78410387711461
29932.71770119667,982,39.78410387711461
29972.862023353577,983,39.78399203271292
30008.45006752014,984,39.78399203271292
30047.327833652496,985,39.78399203271292
30086.173073768616,986,39.78399203271292
30123.923523664474,987,39.78399203271292
30162.40123319626,988,39.78399203271292
30200.68597626686,989,39.78399203271292
30239.228909492493,990,39.78399203271292
30276.439626693726,991,39.78399203271292
30279.5333070755,992,39.783963888278656
30317.401990413666,993,39.783963888278656
30320.76599597931,994,39.78396319700053
30359.01967072487,995,39.78396319700053
30396.953155755997,996,39.78396319700053
30434.69272708893,997,39.78396319700053
30474.42027068138,998,39.782872465913236
30512.94790172577,999,39.779546088473445
30554.188756465912,1000,39.77876409199585
30592.349796533585,1001,39.77876409199585
30628.705724716187,1002,39.77876409199585
30666.1981112957,1003,39.77876409199585
30704.10594511032,1004,39.77876409199585
30739.587948322296,1005,39.77876409199585
30777.08513569832,1006,39.77876409199585
30815.06040620804,1007,39.77876409199585
30852.634393930435,1008,39.77876409199585
30889.410725831985,1009,39.77876409199585
30926.204978466034,1010,39.77876409199585
30964.20159316063,1011,39.77876409199585
31003.90406894684,1012,39.77824931282238
31040.568259954453,1013,39.77824931282238
31077.736204385757,1014,39.77824931282238
31114.97105741501,1015,39.77824931282238
31152.49798631668,1016,39.77824931282238
31189.4439265728,1017,39.77824931282238
31228.334590911865,1018,39.778015011579924
31268.029453754425,1019,39.77702071281503
31304.39110803604,1020,39.77702071281503
31343.889675855637,1021,39.77702071281503
31381.81147003174,1022,39.77702071281503
31418.75138258934,1023,39.77702071281503
31459.008478164673,1024,39.77702071281503
31496.859734773636,1025,39.77702071281503
31534.457592964172,1026,39.77702071281503
31574.944927692413,1027,39.77702071281503
31615.634415626526,1028,39.77702071281503
31654.49205803871,1029,39.77657159470715
31694.2144510746,1030,39.77630408846929
31732.151317834854,1031,39.77630408846929
31773.88422560692,1032,39.77630408846929
31815.434074401855,1033,39.77513336248191
31852.78843998909,1034,39.77513336248191
31891.99369597435,1035,39.77513336248191
31930.07343864441,1036,39.77513336248191
31968.04466485977,1037,39.77513336248191
32004.704132080078,1038,39.77513336248191
32041.421369075775,1039,39.77513336248191
32079.79540514946,1040,39.774382091974395
32117.509130954742,1041,39.774382091974395
32154.86793279648,1042,39.774382091974395
32192.241796016693,1043,39.774382091974395
32230.036812782288,1044,39.774382091974395
32266.62405705452,1045,39.774382091974395
32300.697678804398,1046,39.774382091974395
32313.912044286728,1047,39.77338003684215
32355.445928812027,1048,39.77338003684215
32368.212825536728,1049,39.77338003684215
32407.739626169205,1050,39.77338003684215
32447.079523801804,1051,39.77338003684215
32485.325179338455,1052,39.77012724054057
32525.351215839386,1053,39.77012724054057
32561.66064310074,1054,39.77012724054057
32599.675594091415,1055,39.77012724054057
32637.38717508316,1056,39.77012724054057
32676.89991044998,1057,39.77012724054057
32712.77561044693,1058,39.77012724054057
32750.067405223846,1059,39.77012724054057
32790.755459070206,1060,39.767898480008036
32828.64585351944,1061,39.767898480008036
32865.65418291092,1062,39.767898480008036
32903.231491327286,1063,39.767898480008036
32941.337105989456,1064,39.767898480008036
32977.9799785614,1065,39.767898480008036
33015.63441514969,1066,39.767898480008036
33052.440564870834,1067,39.767898480008036
33092.126670598984,1068,39.764300593741886
33131.25321269035,1069,39.764300593741886
33170.56355381012,1070,39.764300593741886
33207.8000831604,1071,39.764300593741886
33247.09777235985,1072,39.763633970119415
33286.17563724518,1073,39.763633970119415
33323.54297566414,1074,39.763633970119415
33362.0588183403,1075,39.763633970119415
33396.10753560066,1076,39.763633970119415
33434.46825957298,1077,39.762952561651936
33472.17014169693,1078,39.762952561651936
33514.07984161377,1079,39.76194915460113
33549.32346081734,1080,39.76194915460113
33589.489572525024,1081,39.75868946329769
33627.415180921555,1082,39.75868946329769
33665.77945351601,1083,39.75868946329769
33704.44036054611,1084,39.75868946329769
33741.64758181572,1085,39.75868946329769
33779.84132504463,1086,39.75868946329769
33819.51368904114,1087,39.75868946329769
33858.980011701584,1088,39.75868946329769
33901.84473776817,1089,39.75868946329769
33939.99034047127,1090,39.75868946329769
33977.24580836296,1091,39.75868946329769
34016.484956502914,1092,39.75868946329769
34056.857474565506,1093,39.75868946329769
34096.26745533943,1094,39.75868946329769
34135.28327250481,1095,39.75868946329769
34175.50085568428,1096,39.75868946329769
34213.20297551155,1097,39.75868946329769
34251.69404745102,1098,39.75868946329769
34290.27742910385,1099,39.75868946329769
34328.94011425972,1100,39.75868946329769
34367.213495492935,1101,39.75868946329769
34409.86929774284,1102,39.75868946329769
34444.71167588234,1103,39.75868946329769
34483.04384350777,1104,39.75868946329769
34519.77086234093,1105,39.75868946329769
34558.65964818001,1106,39.75868946329769
34598.92031764984,1107,39.75849214891
34636.32100749016,1108,39.75849214891
34639.73690009117,1109,39.75843128393374
34680.09045410156,1110,39.75843128393374
34716.816749334335,1111,39.75790486434169
34754.81279754639,1112,39.75790486434169
34792.15032172203,1113,39.75790486434169
34830.25680208206,1114,39.75790486434169
34867.992589235306,1115,39.75790486434169
34903.993300676346,1116,39.75790486434169
34934.96290898323,1117,39.75790486434169
34972.45778656006,1118,39.75790486434169
35011.33538675308,1119,39.75790486434169
35049.29224944115,1120,39.75790486434169
35088.10866808891,1121,39.75790486434169
35126.77578210831,1122,39.75790486434169
35165.76961803436,1123,39.75790486434169
35204.401408433914,1124,39.75772178170332
35242.28929543495,1125,39.75772178170332
35281.188648462296,1126,39.757401483777805
35319.28708863258,1127,39.757401483777805
35358.60747885704,1128,39.757401483777805
35397.30982327461,1129,39.757401483777805
35434.75165295601,1130,39.757401483777805
35473.520216703415,1131,39.757401483777805
35509.370901823044,1132,39.757401483777805
35547.17684149742,1133,39.757401483777805
35584.125155210495,1134,39.757401483777805
35621.845703840256,1135,39.757401483777805
35658.27482652664,1136,39.757401483777805
35696.38540697098,1137,39.757401483777805
35732.40233540535,1138,39.757401483777805
35770.71658706665,1139,39.757401483777805
35809.038415431976,1140,39.757401483777805
35846.39382123947,1141,39.757401483777805
35885.76712727547,1142,39.75739800111758
35923.3308596611,1143,39.75739800111758
35961.01155805588,1144,39.75739800111758
35998.483166217804,1145,39.75739800111758
36036.30367612839,1146,39.75739800111758
36039.90948033333,1147,39.757382537036904
36075.9168946743,1148,39.757382537036904
36113.176440000534,1149,39.757382537036904
36149.71586179733,1150,39.757382537036904
36153.05224227905,1151,39.75680583142421
36190.93891739845,1152,39.75680583142421
36228.622020721436,1153,39.75680583142421
36264.801975011826,1154,39.75680583142421
36303.93462252617,1155,39.75680583142421
36343.21272659302,1156,39.75680583142421
36380.561784267426,1157,39.75680583142421
36419.37569761276,1158,39.75680583142421
36459.055968523026,1159,39.75680583142421
36496.50088906288,1160,39.75680583142421
36535.210196733475,1161,39.75680583142421
36570.93298006058,1162,39.75680583142421
36608.7466275692,1163,39.75680583142421
36646.841066122055,1164,39.75680583142421
36682.82051849365,1165,39.75680583142421
36719.442683935165,1166,39.75680583142421
36757.526499032974,1167,39.75680583142421
36794.8088517189,1168,39.75680583142421
36831.22573924065,1169,39.75680583142421
36867.924122571945,1170,39.75680583142421
36905.655910015106,1171,39.75680583142421
36944.45928764343,1172,39.75680583142421
36982.297589063644,1173,39.75680583142421
37021.79676651955,1174,39.75680583142421
37058.63587665558,1175,39.75680583142421
37099.23742890358,1176,39.75680583142421
37135.75299787521,1177,39.75680583142421
37172.469641685486,1178,39.75680583142421
37211.32329273224,1179,39.75680583142421
37249.411249637604,1180,39.75680583142421
37287.771555900574,1181,39.75680583142421
37326.12161707878,1182,39.75680583142421
37363.90898633003,1183,39.75680583142421
37400.27913093567,1184,39.75680583142421
37436.841962099075,1185,39.75680583142421
37475.71419286728,1186,39.75680583142421
37511.806064367294,1187,39.75680583142421
37548.71364283562,1188,39.75680583142421
37586.11993122101,1189,39.75680583142421
37624.80938124657,1190,39.75675976598442
37661.56448364258,1191,39.75675976598442
37700.2324757576,1192,39.75675976598442
37737.064554452896,1193,39.75675976598442
37775.20230937004,1194,39.75675976598442
37812.23761057854,1195,39.75675976598442
37850.658307790756,1196,39.75675976598442
37886.901534080505,1197,39.75675976598442
37924.58827471733,1198,39.75675976598442
37927.34698653221,1199,39.756668781112495
37965.4574034214,1200,39.756668781112495
38003.16572642326,1201,39.756668781112495
38041.70807790756,1202,39.756668781112495
38078.089898347855,1203,39.756668781112495
38116.24146580696,1204,39.756668781112495
38154.024609565735,1205,39.756668781112495
38192.48325777054,1206,39.756668781112495
38230.01827764511,1207,39.756668781112495
38267.29902243614,1208,39.756668781112495
38304.470029592514,1209,39.756668781112495
38341.533740758896,1210,39.756668781112495
38378.726959466934,1211,39.756668781112495
38415.503724336624,1212,39.756668781112495
38452.70202112198,1213,39.756668781112495
38490.194878816605,1214,39.756668781112495
38528.44921088219,1215,39.756668781112495
38566.246817827225,1216,39.756668781112495
38569.71519231796,1217,39.75659995916388
38606.65886378288,1218,39.75659995916388
38643.80966114998,1219,39.75659995916388
38680.52179789543,1220,39.75659995916388
38717.59646177292,1221,39.75659995916388
38754.13039159775,1222,39.75659995916388
38790.5066742897,1223,39.75659995916388
38827.07780909538,1224,39.75659995916388
38866.073534965515,1225,39.75659995916388
38902.27626538277,1226,39.75659995916388
38939.83104300499,1227,39.75659995916388
38976.08383727074,1228,39.75659995916388
39013.263991355896,1229,39.75659995916388
39050.505725860596,1230,39.75659995916388
39088.31799340248,1231,39.75659995916388
39128.40616250038,1232,39.75623425847286
39165.41599154472,1233,39.75623425847286
39202.37694144249,1234,39.75623425847286
39240.044316768646,1235,39.75623425847286
39276.84783387184,1236,39.75623425847286
39314.404579401016,1237,39.75623425847286
39350.4957318306,1238,39.75623425847286
39388.00333189964,1239,39.75623425847286
39423.85899090767,1240,39.75623425847286
39462.39615225792,1241,39.75623425847286
39499.0080704689,1242,39.75623425847286
39535.76736474037,1243,39.75623425847286
39572.89369368553,1244,39.75623425847286
39610.32386684418,1245,39.75623425847286
39646.68575000763,1246,39.75623425847286
39683.92805957794,1247,39.75623425847286
39722.50974345207,1248,39.75623425847286
39759.467680454254,1249,39.75623425847286
39796.30904221535,1250,39.75623425847286
39833.501836299896,1251,39.75623425847286
39870.19406795502,1252,39.75623425847286
39908.07623529434,1253,39.75623425847286
39944.87599658966,1254,39.75623425847286
39982.441673994064,1255,39.75623425847286
40019.47508215904,1256,39.75623425847286
40056.02487492561,1257,39.75623425847286
40093.96447825432,1258,39.75623425847286
40130.951671123505,1259,39.75623425847286
40168.40421319008,1260,39.75623425847286
40206.095963954926,1261,39.75623425847286
40244.53173112869,1262,39.75623425847286
40282.326065540314,1263,39.75623425847286
40320.077338933945,1264,39.75623425847286
40356.316621780396,1265,39.75623425847286
40392.79385280609,1266,39.75623425847286
40427.77015590668,1267,39.75623425847286
40464.75144076347,1268,39.75623425847286
40500.30981183052,1269,39.75623425847286
40536.741112709045,1270,39.75623425847286
40574.012016773224,1271,39.75623425847286
40610.54126048088,1272,39.75623425847286
40647.81062102318,1273,39.75623425847286
40683.67211890221,1274,39.75623425847286
40718.59046649933,1275,39.75623425847286
40756.20202279091,1276,39.75623425847286
40793.059525728226,1277,39.75623425847286
40830.7435131073,1278,39.75623425847286
40867.406336307526,1279,39.75623425847286
40905.011434555054,1280,39.75623425847286
40942.71952915192,1281,39.75623425847286
40983.28080320358,1282,39.7556982897713
41020.96139192581,1283,39.7556982897713
41058.27584385872,1284,39.7556982897713
41096.327990055084,1285,39.7556982897713
41133.64669632912,1286,39.7556982897713
41170.38807821274,1287,39.7556982897713
41207.75390982628,1288,39.7556982897713
41244.04574728012,1289,39.7556982897713
41280.8491961956,1290,39.7556982897713
41318.44199728966,1291,39.7556982897713
41355.31811332703,1292,39.7556982897713
41391.79463100433,1293,39.7556982897713
41427.917241334915,1294,39.7556982897713
41464.63691616058,1295,39.7556982897713
41501.3838160038,1296,39.7556982897713
41539.56607174873,1297,39.7556982897713
41576.672483444214,1298,39.7556982897713
41614.2918844223,1299,39.7556982897713
41653.71026134491,1300,39.7556982897713
41692.87538290024,1301,39.7556982897713
41731.10921883583,1302,39.7556982897713
41770.31890678406,1303,39.75561765002822
41807.51759958267,1304,39.75561765002822
41810.93775296211,1305,39.75557576576594
41848.1164124012,1306,39.75512397289941
41886.68931102753,1307,39.75512397289941
41925.87043309212,1308,39.75512397289941
41962.40617465973,1309,39.75512397289941
41999.22699069977,1310,39.75512397289941
42036.798414468765,1311,39.75512397289941
42076.60641384125,1312,39.75495692509283
42114.42067360878,1313,39.75495692509283
42151.89907336235,1314,39.75495692509283
42188.57880496979,1315,39.75495692509283
42225.898715257645,1316,39.75495692509283
42264.46530866623,1317,39.75495692509283
42302.0375790596,1318,39.75495692509283
42339.8550632,1319,39.75495692509283
42377.491119384766,1320,39.75495692509283
42413.285470962524,1321,39.75495692509283
42449.470619916916,1322,39.75495692509283
42487.79640173912,1323,39.75495692509283
42491.096363544464,1324,39.754952611443365
42529.75385642052,1325,39.754952611443365
42567.488666534424,1326,39.754952611443365
42604.25712418556,1327,39.754952611443365
42642.337990522385,1328,39.754952611443365
42645.542835474014,1329,39.75495081409586
42682.71021938324,1330,39.75495081409586
42686.05793261528,1331,39.75492066870063
42723.65124773979,1332,39.75492066870063
42761.79514455795,1333,39.75492066870063
42799.26951050758,1334,39.75492066870063
42837.35135126114,1335,39.75492066870063
42875.59153795242,1336,39.75492066870063
42912.56222510338,1337,39.75492066870063
42949.266036987305,1338,39.75492066870063
42985.7243437767,1339,39.75492066870063
42988.973928928375,1340,39.75489036666304
42992.17426490784,1341,39.75487567470488
43029.58704781532,1342,39.75487567470488
43066.95555281639,1343,39.75487567470488
43102.77323079109,1344,39.75487567470488
43141.209488630295,1345,39.75487567470488
43178.75881910324,1346,39.75487567470488
43216.20628762245,1347,39.75487567470488
43254.1124727726,1348,39.75487567470488
43290.18648862839,1349,39.75487567470488
43327.37300610542,1350,39.75487567470488
43364.277208566666,1351,39.75487567470488
43402.47542524338,1352,39.75487567470488
43439.97609710693,1353,39.75487567470488
43476.453931331635,1354,39.75487567470488
43514.41462135315,1355,39.75487567470488
43517.67184782028,1356,39.75485286498518
43554.16229057312,1357,39.75485286498518
43591.24000072479,1358,39.75485286498518
43628.979879140854,1359,39.75485286498518
43666.85012412071,1360,39.75485286498518
43670.174862623215,1361,39.75485241726109
43706.85885834694,1362,39.75485241726109
43745.247024059296,1363,39.75485241726109
43783.13254070282,1364,39.75485241726109
43820.85760474205,1365,39.75485241726109
43857.56885576248,1366,39.75485241726109
43895.29750967026,1367,39.75485241726109
43933.06790590286,1368,39.75485241726109
43969.46492743492,1369,39.75485241726109
44006.24781394005,1370,39.75485241726109
44009.13828897476,1371,39.754849951147925
44047.124249219894,1372,39.754849951147925
44050.45140361786,1373,39.75484110093391
44086.80754542351,1374,39.75484110093391
44124.89490509033,1375,39.75484110093391
44162.55015707016,1376,39.75484110093391
44198.31242918968,1377,39.75484110093391
44201.72755551338,1378,39.75483835392986
44205.06254816055,1379,39.75483672034818
44242.05901312828,1380,39.75483672034818
44280.41956496239,1381,39.75472369367269
44318.27472496033,1382,39.75472369367269
44356.23323774338,1383,39.75472369367269
44395.1271071434,1384,39.75472369367269
44431.8670027256,1385,39.75472369367269
44469.150681972504,1386,39.75472369367269
44507.70411205292,1387,39.75460094727232
44544.09242415428,1388,39.75460094727232
44580.8435754776,1389,39.75460094727232
44617.73096227646,1390,39.75460094727232
44656.51567316055,1391,39.75460094727232
44694.03254723549,1392,39.75460094727232
44731.91349816322,1393,39.75460094727232
44769.94742560387,1394,39.75460094727232
44807.66991639137,1395,39.75460094727232
44845.357813596725,1396,39.75460094727232
44884.25363302231,1397,39.75460094727232
44922.66974592209,1398,39.75460094727232
44959.450697660446,1399,39.75460094727232
44996.57209300995,1400,39.75460094727232
45033.24767804146,1401,39.75460094727232
45070.16534972191,1402,39.75460094727232
45107.79538106918,1403,39.75460094727232
45145.936566114426,1404,39.75460094727232
45183.87478351593,1405,39.75460094727232
45221.95335483551,1406,39.75460094727232
45260.046877384186,1407,39.75460094727232
45263.42756485939,1408,39.75456488948225
45301.347200632095,1409,39.75456488948225
45340.17112374306,1410,39.75455650905795
45377.44947719574,1411,39.754408788086266
45415.80787611008,1412,39.754408788086266
45453.847452402115,1413,39.754408788086266
45491.39618110657,1414,39.754408788086266
45528.48707342148,1415,39.754408788086266
45566.64344215393,1416,39.754408788086266
45604.26267361641,1417,39.754408788086266
45641.61156487465,1418,39.754408788086266
45677.91634964943,1419,39.754408788086266
45714.63681054115,1420,39.754408788086266
45753.62611293793,1421,39.75025056774003
45790.061587810516,1422,39.75025056774003
45828.75597381592,1423,39.75025056774003
45866.55378341675,1424,39.75025056774003
45869.83617973328,1425,39.74939579338593
45908.069783210754,1426,39.74939579338593
45946.37785363197,1427,39.74939579338593
45986.240941762924,1428,39.74825705449267
46024.41751933098,1429,39.74825705449267
46061.918102025986,1430,39.74825705449267
46097.71514606476,1431,39.74825705449267
46135.029039382935,1432,39.74825705449267
46172.87512540817,1433,39.74825705449267
46210.442788124084,1434,39.74825705449267
46247.384541511536,1435,39.74825705449267
46287.57182431221,1436,39.74807693845393
46325.38043093681,1437,39.74807693845393
46363.8844833374,1438,39.74807693845393
46405.33211231232,1439,39.74807693845393
46442.743549346924,1440,39.74807693845393
46482.80627465248,1441,39.74807693845393
46518.92281651497,1442,39.74807693845393
46555.98174238205,1443,39.74807693845393
46595.095484256744,1444,39.74807693845393
46632.67078971863,1445,39.74807693845393
46669.53858375549,1446,39.74807693845393
46707.21465587616,1447,39.74807693845393
46746.57779669762,1448,39.747126394652376
46786.05998969078,1449,39.747126394652376
46827.122994184494,1450,39.74711090531092
46864.72697806358,1451,39.74711090531092
46901.86025071144,1452,39.74711090531092
46942.02042007446,1453,39.74711090531092
46980.41096806526,1454,39.74711090531092
47019.19661808014,1455,39.74711090531092
47022.66065812111,1456,39.74657285839426
47060.755145549774,1457,39.74657285839426
47099.561467170715,1458,39.74657285839426
47137.13717865944,1459,39.74657285839426
47174.29061436653,1460,39.74657285839426
47210.99686026573,1461,39.74657285839426
47247.76151943207,1462,39.74657285839426
47286.91926956177,1463,39.74657285839426
47324.682721138,1464,39.74657285839426
47364.70106124878,1465,39.74657285839426
47403.42528939247,1466,39.74657285839426
47441.923809051514,1467,39.74657285839426
47480.94433045387,1468,39.74657285839426
47518.56240272522,1469,39.74657285839426
47554.98379468918,1470,39.74657285839426
47594.265436172485,1471,39.7465629152612
47631.486495256424,1472,39.7465629152612
47669.28308939934,1473,39.7465629152612
47707.71061587334,1474,39.7465629152612
47744.77718234062,1475,39.7465629152612
47782.19205617905,1476,39.7465629152612
47820.62663316727,1477,39.7465629152612
47857.89458441734,1478,39.7465629152612
47896.24813747406,1479,39.7465629152612
47899.478868722916,1480,39.74655181629703
47937.850541591644,1481,39.74655181629703
47973.942818164825,1482,39.74655181629703
48012.13531255722,1483,39.74655181629703
48049.33640003204,1484,39.74655181629703
48085.69142317772,1485,39.74655181629703
48124.33378982544,1486,39.74655181629703
48164.141071558,1487,39.746440410694625
48201.262801885605,1488,39.746440410694625
48239.215188741684,1489,39.746440410694625
48276.03254723549,1490,39.746440410694625
48313.658432245255,1491,39.746440410694625
48350.506853580475,1492,39.746440410694625
48387.87562417984,1493,39.746440410694625
48424.75775003433,1494,39.746440410694625
48462.1484413147,1495,39.746440410694625
48499.51738572121,1496,39.746440410694625
48535.964637994766,1497,39.746440410694625
48573.56400060654,1498,39.746440410694625
48611.52438497543,1499,39.746440410694625
48648.48527789116,1500,39.746440410694625
48686.81126308441,1501,39.746440410694625
48723.66551399231,1502,39.746440410694625
48759.53084945679,1503,39.746440410694625
48797.058411598206,1504,39.746440410694625
48833.06092762947,1505,39.746440410694625
48871.12209153175,1506,39.746440410694625
48910.08772325516,1507,39.746440410694625
48948.16620850563,1508,39.746440410694625
48985.97690296173,1509,39.746440410694625
49021.26416873932,1510,39.746440410694625
49059.07729816437,1511,39.746440410694625
49096.1416656971,1512,39.746440410694625
49099.49139094353,1513,39.746407572891904
49137.571643829346,1514,39.746407572891904
49174.63424873352,1515,39.746407572891904
49213.850850343704,1516,39.746407572891904
49251.387041568756,1517,39.746407572891904
49289.50974774361,1518,39.746407572891904
49326.74059295654,1519,39.746407572891904
49363.83360815048,1520,39.746407572891904
49401.82606434822,1521,39.746407572891904
49438.213593006134,1522,39.746407572891904
49477.05879116058,1523,39.746407572891904
49480.46251630783,1524,39.74640670714755
49517.805456876755,1525,39.74640670714755
49556.73758983612,1526,39.74640670714755
49594.85007214546,1527,39.74640670714755
49632.10167264938,1528,39.74640670714755
49669.61669301987,1529,39.74640670714755
49707.58920764923,1530,39.74640670714755
49710.83839869499,1531,39.74640304411243
49714.46796798706,1532,39.74639339138103
49753.63719511032,1533,39.746302073223184
49790.46013593674,1534,39.746302073223184
49828.27417039871,1535,39.746302073223184
49865.57721686363,1536,39.746302073223184
49903.180005550385,1537,39.746302073223184
49941.41766476631,1538,39.746302073223184
49978.330094099045,1539,39.746302073223184
50016.68401193619,1540,39.746302073223184
50054.75303983688,1541,39.746302073223184
50091.01872968674,1542,39.746302073223184
50127.66278266907,1543,39.746302073223184
50164.727462530136,1544,39.746302073223184
50202.86530351639,1545,39.746302073223184
50240.62998723984,1546,39.746302073223184
50278.245312452316,1547,39.746302073223184
50316.80278682709,1548,39.746278274666636
50354.40781879425,1549,39.746278274666636
50392.07249259949,1550,39.746278274666636
50429.38632273674,1551,39.746278274666636
50466.160608530045,1552,39.746278274666636
50504.26679253578,1553,39.746278274666636
50541.85894918442,1554,39.746278274666636
50577.96936297417,1555,39.746278274666636
50615.86555480957,1556,39.746278274666636
50654.10447764397,1557,39.746278274666636
50692.73879957199,1558,39.746278274666636
50696.0717856884,1559,39.746262052761026
50732.650712013245,1560,39.746262052761026
50771.11553859711,1561,39.746262052761026
50774.58064222336,1562,39.74626172323818
50812.6828660965,1563,39.74626172323818
50850.58453917503,1564,39.74626172323818
50887.86608886719,1565,39.74626172323818
50926.040140628815,1566,39.74626172323818
50963.817903995514,1567,39.74626172323818
51000.49163532257,1568,39.74595372206049
51037.03474855423,1569,39.74595372206049
51074.119851112366,1570,39.74595372206049
51111.744165182114,1571,39.74595372206049
51149.64328956604,1572,39.74595372206049
51186.641702890396,1573,39.74595372206049
51223.670991420746,1574,39.74595372206049
51262.05716300011,1575,39.74542035569795
51298.91185569763,1576,39.744669164354434
51334.48522090912,1577,39.744669164354434
51373.36924791336,1578,39.744669164354434
51412.13309431076,1579,39.744669164354434
51448.64149808884,1580,39.744669164354434
51486.22651171684,1581,39.744669164354434
51524.29239201546,1582,39.744669164354434
51558.56866312027,1583,39.744669164354434
51593.459329128265,1584,39.744669164354434
51630.479660987854,1585,39.744669164354434
51666.20721626282,1586,39.744669164354434
51701.26745033264,1587,39.744669164354434
51734.50066781044,1588,39.744669164354434
51768.93450951576,1589,39.744669164354434
51804.36934900284,1590,39.744669164354434
51837.51377224922,1591,39.744669164354434
51873.512538433075,1592,39.744669164354434
51908.45582461357,1593,39.744669164354434
51946.415741443634,1594,39.744669164354434
51984.3456466198,1595,39.744669164354434
52021.0806889534,1596,39.744669164354434
52058.689338207245,1597,39.744669164354434
52095.70698642731,1598,39.744669164354434
52133.92870736122,1599,39.744669164354434
52174.12676405907,1600,39.7437201982859
52211.30908179283,1601,39.7437201982859
52249.985263586044,1602,39.7437201982859
52287.56733083725,1603,39.7437201982859
52325.65044808388,1604,39.7437201982859
52363.25150799751,1605,39.7437201982859
52398.85166501999,1606,39.7437201982859
52436.5582048893,1607,39.7437201982859
52474.44046115875,1608,39.7437201982859
52509.49289703369,1609,39.7437201982859
52543.537288188934,1610,39.7437201982859
52578.46516752243,1611,39.7437201982859
52613.30090522766,1612,39.7437201982859
52646.78966498375,1613,39.7437201982859
52680.425168037415,1614,39.7437201982859
52715.52291703224,1615,39.7437201982859
52750.869183540344,1616,39.7437201982859
52784.887258291245,1617,39.7437201982859
52821.519985198975,1618,39.7437201982859
52858.73256587982,1619,39.7437201982859
52896.40823125839,1620,39.7437201982859
52935.24205780029,1621,39.7437201982859
52969.62121510506,1622,39.7437201982859
53008.08250117302,1623,39.7437201982859
53045.302983522415,1624,39.7437201982859
53084.68809556961,1625,39.7437201982859
53122.05432367325,1626,39.7437201982859
53150.26648378372,1627,39.7437201982859
53186.38663172722,1628,39.7437201982859
53219.897169589996,1629,39.7437201982859
53253.71961760521,1630,39.7437201982859
53289.42814540863,1631,39.7437201982859
53325.68229961395,1632,39.7437201982859
53361.164494514465,1633,39.7437201982859
53363.8497338295,1634,39.74356786889777
53399.09994506836,1635,39.74356786889777
53434.54526925087,1636,39.74356786889777
53468.5959546566,1637,39.74356786889777
53505.96629905701,1638,39.74356786889777
53540.34702849388,1639,39.74356786889777
53578.0899348259,1640,39.74356786889777
53615.62103009224,1641,39.74356786889777
53653.35221862793,1642,39.74356786889777
53690.81392765045,1643,39.74356786889777
53728.56646156311,1644,39.74356786889777
53765.06971383095,1645,39.74356786889777
53802.132940769196,1646,39.74356786889777
53839.85934853554,1647,39.74356786889777
53877.91574001312,1648,39.74356786889777
53915.56691408157,1649,39.74356786889777
53954.45019030571,1650,39.74356786889777
53992.02921080589,1651,39.74356786889777
54029.095163583755,1652,39.74356786889777
54067.31382870674,1653,39.74356786889777
54104.127173900604,1654,39.74356786889777
54141.48370909691,1655,39.74356786889777
54179.15539073944,1656,39.74356786889777
54216.49533510208,1657,39.74356786889777
54253.37831902504,1658,39.74356786889777
54291.674654722214,1659,39.74356786889777
54327.60911822319,1660,39.74356786889777
54363.063521146774,1661,39.74356786889777
54402.153638124466,1662,39.74356786889777
54438.1268389225,1663,39.74356786889777
54476.06830048561,1664,39.74356786889777
54512.46651673317,1665,39.74356786889777
54548.60254526138,1666,39.74356786889777
54585.46354818344,1667,39.74356786889777
54622.7444999218,1668,39.74356786889777
54657.728984832764,1669,39.74356786889777
54696.20981025696,1670,39.74356786889777
54733.562999248505,1671,39.74356786889777
54772.5907804966,1672,39.74356786889777
54809.57044482231,1673,39.74356786889777
54844.71646118164,1674,39.74356786889777
54881.08988189697,1675,39.74356786889777
54916.89862895012,1676,39.74356786889777
54950.82546234131,1677,39.74356786889777
54986.01581430435,1678,39.74356786889777
55022.09214091301,1679,39.74356786889777
55057.44282770157,1680,39.74356786889777
55093.04003095627,1681,39.74356786889777
55128.730043172836,1682,39.74356786889777
55165.03462219238,1683,39.74356786889777
55200.82561969757,1684,39.74356786889777
55238.486615896225,1685,39.74356786889777
55275.642278671265,1686,39.74356786889777
55311.98631262779,1687,39.74356786889777
55349.18923616409,1688,39.743240029812014
55385.529841184616,1689,39.743240029812014
55420.053668022156,1690,39.743240029812014
55455.98499417305,1691,39.743240029812014
55492.55125832558,1692,39.743240029812014
55528.59368467331,1693,39.743240029812014
55563.814858436584,1694,39.743240029812014
55599.91339015961,1695,39.743240029812014
55636.493735551834,1696,39.743240029812014
55670.68559336662,1697,39.743240029812014
55707.06182384491,1698,39.743240029812014
55745.70786046982,1699,39.74284831516833
55782.15760779381,1700,39.74284831516833
55819.12588119507,1701,39.74284831516833
55857.841494083405,1702,39.74201781240271
55892.29396653175,1703,39.74201781240271
55931.7483522892,1704,39.74113302223437
55965.62857198715,1705,39.74113302223437
56000.18010473251,1706,39.74113302223437
56035.28362083435,1707,39.74113302223437
56072.74744486809,1708,39.739953494746096
56110.48504161835,1709,39.739953494746096
56149.0729072094,1710,39.739953494746096
56185.87891936302,1711,39.739953494746096
56222.21718788147,1712,39.739953494746096
56257.69957232475,1713,39.739953494746096
56291.44874739647,1714,39.739953494746096
56327.281792640686,1715,39.739953494746096
56364.763863801956,1716,39.739953494746096
56400.56911468506,1717,39.739953494746096
56436.35279798508,1718,39.739953494746096
56471.70948219299,1719,39.739953494746096
56509.16663527489,1720,39.739953494746096
56545.37814760208,1721,39.739953494746096
56579.10116195679,1722,39.739953494746096
56608.68397426605,1723,39.739953494746096
56643.757838726044,1724,39.739953494746096
56679.769027233124,1725,39.739953494746096
56712.32299184799,1726,39.739953494746096
56748.820840358734,1727,39.739953494746096
56781.76959967613,1728,39.739953494746096
56822.32612657547,1729,39.739953494746096
56838.59967660904,1730,39.739953494746096
56841.830298900604,1731,39.739908381049005
56853.84821653366,1732,39.739908381049005
56889.16216683388,1733,39.739908381049005
56892.47799992561,1734,39.73959813136972
56929.0002450943,1735,39.73959813136972
56964.01525807381,1736,39.73959813136972
56966.916299819946,1737,39.739454755972154
57003.35693836212,1738,39.739454755972154
57040.32565641403,1739,39.739454755972154
57078.30991292,1740,39.73939954476738
57114.00786590576,1741,39.73939954476738
57150.38613939285,1742,39.73939954476738
57187.23529291153,1743,39.73939954476738
57222.94898343086,1744,39.73939954476738
57262.29689836502,1745,39.73806443075916
57297.80574321747,1746,39.73806443075916
57333.5421667099,1747,39.73806443075916
57371.22798347473,1748,39.73806443075916
57407.317070961,1749,39.73806443075916
57443.25763487816,1750,39.73806443075916
57481.04285144806,1751,39.73806443075916
57518.05546307564,1752,39.73806443075916
57553.971015930176,1753,39.73806443075916
57589.98571395874,1754,39.73806443075916
57625.638914346695,1755,39.73806443075916
57660.62010860443,1756,39.73806443075916
57696.99414110184,1757,39.73806443075916
57733.54645609856,1758,39.73806443075916
57736.79377436638,1759,39.7380241925444
57770.51476931572,1760,39.7380241925444
57805.40637779236,1761,39.7380241925444
57841.00388455391,1762,39.7380241925444
57877.705859422684,1763,39.7380241925444
57915.07829761505,1764,39.736854283758866
57950.723259687424,1765,39.736854283758866
57985.931025505066,1766,39.736854283758866
58021.778416872025,1767,39.736854283758866
58057.53875374794,1768,39.736854283758866
58091.63530230522,1769,39.736854283758866
58127.340438604355,1770,39.736854283758866
58163.71551179886,1771,39.736854283758866
58198.26419377327,1772,39.736854283758866
58201.37928843498,1773,39.736619778358424
58236.918736219406,1774,39.736408519993965
58271.942277908325,1775,39.736408519993965
58307.48269867897,1776,39.736408519993965
58343.78338551521,1777,39.736408519993965
58380.40223169327,1778,39.736408519993965
58415.40279984474,1779,39.736408519993965
58451.98375201225,1780,39.736408519993965
58488.15191102028,1781,39.736408519993965
58521.71589803696,1782,39.736408519993965
58559.25238752365,1783,39.736408519993965
58597.667670726776,1784,39.73629901510234
58634.150782346725,1785,39.73629901510234
58671.79319310188,1786,39.73629901510234
58708.40245246887,1787,39.73629901510234
58744.59041619301,1788,39.73629901510234
58781.22850871086,1789,39.73629901510234
58818.10734772682,1790,39.73629901510234
58853.92073607445,1791,39.73629901510234
58890.20305109024,1792,39.73629901510234
58926.21032476425,1793,39.73629901510234
58961.91211247444,1794,39.73629901510234
58995.80973696709,1795,39.73629901510234
59032.1982588768,1796,39.73629901510234
59067.84601974487,1797,39.73629901510234
59102.01885795593,1798,39.73629901510234
59137.63220524788,1799,39.73629901510234
59174.706803798676,1800,39.73629901510234
59209.313478946686,1801,39.73629901510234
59245.81074690819,1802,39.73629901510234
59279.7434155941,1803,39.73629901510234
59314.963820934296,1804,39.73629901510234
59350.77884674072,1805,39.736257880688754
59387.20587325096,1806,39.736257880688754
59424.25999760628,1807,39.736257880688754
59460.86935734749,1808,39.736257880688754
59496.9000852108,1809,39.736257880688754
59532.72244334221,1810,39.736257880688754
59567.70269846916,1811,39.736257880688754
59600.63249826431,1812,39.736257880688754
59634.620146512985,1813,39.736257880688754
59668.45881342888,1814,39.736257880688754
59701.51410937309,1815,39.736257880688754
59734.31848883629,1816,39.736257880688754
59767.527398347855,1817,39.736257880688754
59802.01300740242,1818,39.736257880688754
59835.44286489487,1819,39.736257880688754
59868.992745399475,1820,39.736257880688754
59902.151165008545,1821,39.736257880688754
59935.44665336609,1822,39.736257880688754
59967.72005581856,1823,39.736257880688754
60003.1537091732,1824,39.736257880688754
60036.6520447731,1825,39.736257880688754
60072.45286774635,1826,39.736257880688754
60109.08007621765,1827,39.736257880688754
60146.003627061844,1828,39.736257880688754
60148.65113043785,1829,39.7362465358442
60185.38913941383,1830,39.7362465358442
60220.96180796623,1831,39.7362465358442
60257.44955992699,1832,39.7362465358442
60293.390594244,1833,39.7362465358442
60327.70001888275,1834,39.7362465358442
60363.54849290848,1835,39.7362465358442
60399.8963868618,1836,39.7362465358442
60435.931649923325,1837,39.7362465358442
60472.671174526215,1838,39.7362465358442
60509.14979815483,1839,39.73596349380948
60545.32083892822,1840,39.73596349380948
60581.745458602905,1841,39.73596349380948
60617.50668644905,1842,39.73596349380948
60653.12141633034,1843,39.73596349380948
60689.892169475555,1844,39.73596349380948
60725.834817647934,1845,39.73596349380948
60760.100954294205,1846,39.73596349380948
60795.60654473305,1847,39.73596349380948
60832.81336784363,1848,39.73596349380948
60869.05212807655,1849,39.73596349380948
60904.455505132675,1850,39.73596349380948
60941.16803526878,1851,39.73596349380948
60978.826451301575,1852,39.73596349380948
61013.83290529251,1853,39.73596349380948
61049.28131842613,1854,39.73596349380948
61084.145991802216,1855,39.73596349380948
61120.87813639641,1856,39.73542291270213
61156.17749619484,1857,39.73542291270213
61189.31529521942,1858,39.73542291270213
