Record started (SWARM MUTATION): 2021-02-17 17:51:53.331657
Original fitness from cfg file (reference value): 154.27626632211704

Settings:
['MDEXEC', 'charmm']
['MDINP', 'Molecules/im1/im1.inp']
['MDOUT', 'Molecules/im1/tempfiles/opt.log']
['QMOUT', 'Molecules/im1/im1.log']
['PARAM_FILENAME', 'Molecules/im1/tempfiles/parameters.str']
['POPULATION_FILENAME', 'Molecules/im1/tempfiles/lastPopulation.txt']
['LOG_FILENAME', 'Molecules/im1/tempfiles/convergence.log']
['LOGGING', '1']
['RUNS', '10000']
['POPULATION_SIZE', '100']
['NEW_GENERATION_SIZE', '20']
['CREATE_INITIAL_POPULATION', '1']
['RECOMPUTE_FITNESS', '1']
['FIRST_FREQ_BIAS', '0']
['MUTATION_B_PROBABILITY', '0.1']
['STEP_SIZE_MULTIPLICATOR', '0.01']
['DIRECTION_DROP', '0.5']
['MINIMUM_IMPROVEMENT', '0.9999']
['SINGLE_PARAMETER_OPT', '0']
['PARAMETER', 'im1b1', 'bond', '0', '1000', '322']
['PARAMETER', 'im1b2', 'bond', '0', '1000', '215.8']
['PARAMETER', 'im1b3', 'bond', '0', '1000', '413.37']
['PARAMETER', 'im1b4', 'bond', '0', '1000', '430.13']
['PARAMETER', 'im1b5', 'bond', '0', '1000', '328.03']
['PARAMETER', 'im1b6', 'bond', '0', '1000', '486.48']
['PARAMETER', 'im1b7', 'bond', '0', '1000', '516.27']
['PARAMETER', 'im1b8', 'bond', '0', '1000', '365']
['PARAMETER', 'im1b9', 'bond', '0', '1000', '340']
['PARAMETER', 'im1a1', 'angle', '0', '200', '35.5']
['PARAMETER', 'im1a2', 'angle', '0', '200', '36.42']
['PARAMETER', 'im1a3', 'angle', '0', '200', '79.78']
['PARAMETER', 'im1a4', 'angle', '0', '200', '94.37']
['PARAMETER', 'im1a5', 'angle', '0', '200', '45.91']
['PARAMETER', 'im1a6', 'angle', '0', '200', '42.22']
['PARAMETER', 'im1a7', 'angle', '0', '200', '51.72']
['PARAMETER', 'im1a8', 'angle', '0', '200', '40.89']
['PARAMETER', 'im1a9', 'angle', '0', '200', '45.01']
['PARAMETER', 'im1a10', 'angle', '0', '200', '88.69']
['PARAMETER', 'im1a11', 'angle', '0', '200', '45.44']
['PARAMETER', 'im1a12', 'angle', '0', '200', '44.18']
['PARAMETER', 'im1a13', 'angle', '0', '200', '96.13']
['PARAMETER', 'im1a14', 'angle', '0', '200', '101.77']
['PARAMETER', 'im1d1', 'dihedral', '0', '30', '0.86583']
['PARAMETER', 'im1d2', 'dihedral', '0', '30', '0.19824']
['PARAMETER', 'im1d3', 'dihedral', '0', '30', '3.40614']
['PARAMETER', 'im1d4', 'dihedral', '0', '30', '5.44233']
['PARAMETER', 'im1d5', 'dihedral', '0', '30', '0.1553']
['PARAMETER', 'im1d6', 'dihedral', '0', '30', '3.51991']
['PARAMETER', 'im1d7', 'dihedral', '0', '30', '5.21739']
['PARAMETER', 'im1d8', 'dihedral', '0', '30', '16.78064']
['PARAMETER', 'im1d9', 'dihedral', '0', '30', '15.37087']
['PARAMETER', 'im1d10', 'dihedral', '0', '30', '0.41036']
['PARAMETER', 'im1d11', 'dihedral', '0', '30', '0.39232']
['PARAMETER', 'im1d12', 'dihedral', '0', '30', '2.88761']
['PARAMETER', 'im1d13', 'dihedral', '0', '30', '3.92983']
['PARAMETER', 'im1d14', 'dihedral', '0', '30', '3.84807']
['PARAMETER', 'im1d15', 'dihedral', '0', '30', '20.41265']
['PARAMETER', 'im1d16', 'dihedral', '0', '30', '19.75138']
['PARAMETER', 'im1d17', 'dihedral', '0', '30', '16.20717']
['PARAMETER', 'im1d18', 'dihedral', '0', '30', '4.20182']
['PARAMETER', 'im1i1', 'torsion', '0', '300', '0.500']
['PARAMETER', 'im1i2', 'torsion', '0', '300', '0.500']
['PARAMETER', 'im1i3', 'torsion', '0', '300', '0.500']
['PARAMETER', 'im1i4', 'torsion', '0', '300', '0.450']

Time,Generation,Fitness
50.85731053352356,1,748.9742561033672
76.43916463851929,2,748.9742561033672
104.98522162437439,3,748.9742561033672
131.53171682357788,4,748.9742561033672
140.82457995414734,5,689.9841776691949
167.88373446464539,6,689.9841776691949
193.42112016677856,7,689.9841776691949
215.66313409805298,8,689.9841776691949
242.9917562007904,9,689.9841776691949
252.36066889762878,10,677.9840219173785
280.0434591770172,11,677.9840219173785
304.9542770385742,12,677.9840219173785
328.58797430992126,13,677.9840219173785
361.36245799064636,14,677.9840219173785
371.36735820770264,15,653.3373954677023
406.9457757472992,16,653.3373954677023
437.23321866989136,17,653.3373954677023
447.45788526535034,18,638.1202293401641
473.71781182289124,19,638.1202293401641
499.4765429496765,20,638.1202293401641
526.2662274837494,21,638.1202293401641
551.3702800273895,22,638.1202293401641
582.367344379425,23,638.1202293401641
626.4489870071411,24,638.1202293401641
635.9905385971069,25,633.6066341151455
660.7159128189087,26,633.268722159312
670.9669394493103,27,614.8261795781506
693.4882605075836,28,614.8261795781506
718.8842840194702,29,614.8261795781506
743.3423619270325,30,614.8261795781506
767.74720454216,31,614.8261795781506
777.7454340457916,32,613.0468527757654
787.8139007091522,33,612.7153597643671
797.796781539917,34,605.8441394604355
826.1577336788177,35,605.8441394604355
849.9774281978607,36,600.7146826369052
859.8975903987885,37,581.0819084112838
888.5761096477509,38,581.0819084112838
912.8035168647766,39,581.0819084112838
941.16153216362,40,581.0819084112838
965.9479284286499,41,581.0819084112838
991.2399663925171,42,581.0819084112838
1035.3005952835083,43,581.0819084112838
1068.1768453121185,44,581.0819084112838
1077.5587968826294,45,579.9778397150858
1107.276451587677,46,579.9778397150858
1117.5454413890839,47,574.1227257066992
1143.1521213054657,48,574.1227257066992
1169.2958254814148,49,574.1227257066992
1201.3342761993408,50,574.1227257066992
1246.4866797924042,51,574.1227257066992
1279.3441696166992,52,574.1227257066992
1304.973379611969,53,574.1227257066992
1336.37943816185,54,574.1227257066992
1346.2726786136627,55,567.7300608359994
1380.5933253765106,56,567.7300608359994
1409.9394896030426,57,561.8948817013069
1445.2629868984222,58,561.3824496856106
1455.4887745380402,59,557.8593132579506
1478.8219711780548,60,557.8593132579506
1507.31445145607,61,554.7687985086168
1535.2593350410461,62,554.7687985086168
1563.8231127262115,63,554.7687985086168
1593.353496313095,64,554.7687985086168
1618.2610085010529,65,554.7687985086168
1645.5763759613037,66,554.7687985086168
1673.4107084274292,67,554.7687985086168
1706.2770421504974,68,554.7687985086168
1737.5408191680908,69,554.7687985086168
1769.8150088787079,70,547.0340467787569
1795.8596169948578,71,547.0340467787569
1821.4950242042542,72,547.0340467787569
1847.652910709381,73,547.0340467787569
1858.2444245815277,74,546.6662933957068
1879.160317659378,75,546.6662933957068
1905.9440994262695,76,546.6662933957068
1933.0771007537842,77,537.7552303531584
1965.020025730133,78,535.8861778551748
1998.7840421199799,79,535.8861778551748
2026.3638048171997,80,535.8861778551748
2060.569154024124,81,535.8861778551748
2070.477611064911,82,532.1927418383133
2098.1622772216797,83,532.1927418383133
2125.45751953125,84,532.1927418383133
2158.7835960388184,85,532.1927418383133
2188.8710849285126,86,532.1927418383133
2199.224178314209,87,531.9806859957461
2230.4638533592224,88,531.9806859957461
2263.5393266677856,89,531.9806859957461
2285.779858827591,90,531.9806859957461
2323.953433036804,91,531.9806859957461
2360.8829765319824,92,519.7947912349804
2388.3090436458588,93,519.7947912349804
2414.489369869232,94,519.7947912349804
2443.028459072113,95,519.7947912349804
2469.809430360794,96,519.7947912349804
2504.363662481308,97,519.7947912349804
2532.449526786804,98,519.7947912349804
2586.578454017639,99,519.7947912349804
2617.008073568344,100,519.7220284557346
2653.38858795166,101,517.0581438389698
2679.232659339905,102,517.0581438389698
2705.670644044876,103,517.0581438389698
2730.7185101509094,104,517.0581438389698
2759.3431193828583,105,517.0581438389698
2786.6735286712646,106,515.6629794203043
2796.8988292217255,107,512.9509082545546
2820.703313112259,108,512.9509082545546
2848.7709407806396,109,512.9509082545546
2883.628847837448,110,500.52882284473566
2914.7283997535706,111,500.52882284473566
2942.8035593032837,112,500.52882284473566
2972.43017411232,113,500.52882284473566
3003.7260727882385,114,500.52882284473566
3032.551792383194,115,500.52882284473566
3062.300327062607,116,495.93623272079054
3088.340938091278,117,495.93623272079054
3120.106847047806,118,495.93623272079054
3151.1840879917145,119,495.93623272079054
3186.485281229019,120,495.93623272079054
3220.1732938289642,121,493.7554933247206
3244.782864332199,122,493.7554933247206
3284.7942543029785,123,493.7554933247206
3323.9633252620697,124,491.6278848160864
3351.836732149124,125,491.6278848160864
3380.51376247406,126,491.6278848160864
3404.426917552948,127,491.6278848160864
3429.6640350818634,128,491.6278848160864
3485.688225507736,129,488.1393570834712
3518.14057970047,130,488.1393570834712
3551.920684814453,131,487.14733523091024
3589.822022676468,132,487.14733523091024
3612.4850006103516,133,487.14733523091024
3655.4259741306305,134,487.14733523091024
3679.0469539165497,135,487.14733523091024
3713.857838153839,136,487.14733523091024
3723.8133895397186,137,484.13316895426783
3772.5230197906494,138,484.13316895426783
3800.0238275527954,139,484.13316895426783
3856.37394118309,140,483.6326656377797
3886.7874126434326,141,483.6326656377797
3909.39160823822,142,483.6326656377797
3919.497309923172,143,482.95059041947303
3959.648495197296,144,480.57687061812106
3988.1176698207855,145,480.57687061812106
4016.8840403556824,146,480.57687061812106
4027.297880411148,147,479.9994639684949
4057.320012807846,148,479.9994639684949
4083.125304698944,149,474.41051963783974
4112.349808454514,150,474.41051963783974
4146.453650712967,151,474.41051963783974
4176.908668518066,152,460.2727535228147
4228.199900150299,153,458.2082063704387
4259.101794242859,154,458.2082063704387
4290.567928791046,155,458.2082063704387
4325.254526138306,156,458.2082063704387
4347.9037296772,157,458.2082063704387
4374.520394563675,158,458.2082063704387
4399.996605157852,159,458.2082063704387
4430.822427511215,160,458.2082063704387
4453.088097810745,161,458.2082063704387
4484.7993013858795,162,458.2082063704387
4515.825096607208,163,458.2082063704387
4550.4203498363495,164,456.06422557107203
4584.472257852554,165,456.06422557107203
4622.1151921749115,166,456.06422557107203
4653.787845134735,167,456.06422557107203
4680.716303110123,168,456.06422557107203
4691.322719335556,169,455.55479279464623
4700.662310123444,170,455.44049738575256
4743.332463979721,171,455.44049738575256
4753.607612371445,172,451.78489910049245
4781.315438747406,173,451.78489910049245
4809.998743057251,174,451.78489910049245
4841.267392873764,175,451.74525205328524
4870.640247821808,176,451.74525205328524
4880.821748971939,177,451.4751474424857
4912.333144426346,178,451.4751474424857
4938.694175481796,179,448.24860584356577
4948.650339126587,180,446.77779027852415
4982.462566614151,181,446.77779027852415
5010.26078414917,182,446.77779027852415
5039.981042385101,183,446.77779027852415
5067.386196136475,184,446.77779027852415
5098.259670495987,185,445.89809208217656
5134.251017093658,186,445.89809208217656
5167.718762636185,187,445.89809208217656
5206.146498680115,188,445.89809208217656
5216.015590667725,189,442.6205448694405
5240.958537578583,190,442.6205448694405
5266.19503903389,191,442.6205448694405
5293.740616083145,192,442.6205448694405
5326.224153757095,193,439.8577183583246
5349.060049772263,194,439.8577183583246
5376.200355052948,195,439.8577183583246
5403.223660469055,196,439.8577183583246
5434.068391561508,197,439.8577183583246
5462.657772541046,198,439.66780048338427
5501.961235284805,199,439.66780048338427
5528.195824384689,200,439.4105510806649
5558.063823699951,201,439.4105510806649
5568.201194763184,202,438.13820087486187
5593.4574065208435,203,438.13820087486187
5603.73472905159,204,437.5809450488742
5613.902568101883,205,436.8435159522313
5651.105743408203,206,433.41112992516895
5687.893087148666,207,433.41112992516895
5697.988172292709,208,432.26583103231366
5730.741653680801,209,432.26583103231366
5768.09999871254,210,432.26583103231366
5797.848545789719,211,432.26583103231366
5824.437811374664,212,432.26583103231366
5835.01714348793,213,431.4781906815535
5868.940201282501,214,431.4781906815535
5895.930951833725,215,431.4781906815535
5933.363166332245,216,428.2740432615477
5964.570269346237,217,428.2740432615477
6000.228714704514,218,428.2740432615477
6032.812795162201,219,428.2740432615477
6068.674012899399,220,425.2109423684509
6097.140580654144,221,424.3412890682167
6107.296140432358,222,423.8459847865627
6132.675785541534,223,423.8459847865627
6201.853485822678,224,423.8459847865627
6226.151160001755,225,423.011979794109
6265.61113858223,226,423.011979794109
6294.475201368332,227,423.011979794109
6323.786802530289,228,423.011979794109
6352.312933444977,229,422.88029566773923
6384.32154250145,230,422.88029566773923
6394.810979127884,231,419.64050303675805
6404.75900888443,232,415.2627951841577
6430.476888895035,233,415.2627951841577
6440.661452770233,234,413.1160683962639
6471.976402044296,235,413.1160683962639
6504.714364767075,236,412.0863000173725
6531.802285432816,237,412.0863000173725
6564.56462264061,238,411.7001542559005
6595.830121994019,239,411.7001542559005
6625.1887373924255,240,411.7001542559005
6664.000850439072,241,411.7001542559005
6693.704250574112,242,411.7001542559005
6717.1199378967285,243,411.4294716506754
6748.888800859451,244,411.4294716506754
6771.649121522903,245,411.4294716506754
6800.813005685806,246,409.0527865147856
6853.470226049423,247,397.98416888556585
6884.150557756424,248,397.89611749944874
6921.901463985443,249,397.89611749944874
6950.8914177417755,250,397.89611749944874
6980.8146340847015,251,396.16689717397713
7007.507182836533,252,396.16689717397713
7048.476216077805,253,396.16689717397713
7087.883186340332,254,396.16689717397713
7132.166954755783,255,396.16689717397713
7164.145435094833,256,396.05883395600034
7194.637848854065,257,396.05883395600034
7227.216150760651,258,396.05883395600034
7253.86457157135,259,390.64792042707126
7288.697748422623,260,390.64792042707126
7319.2512810230255,261,390.64792042707126
7344.561302423477,262,390.64792042707126
7378.134154558182,263,390.64792042707126
7402.227421045303,264,390.64792042707126
7426.273816585541,265,390.64792042707126
7454.493083238602,266,387.72216526616876
7484.337820768356,267,387.72216526616876
7522.269280433655,268,387.72216526616876
7549.206215143204,269,382.7164237130499
7576.308787345886,270,382.7164237130499
7604.722455501556,271,382.7164237130499
7642.723684310913,272,382.7164237130499
7673.896799087524,273,381.8057310449846
7708.035920143127,274,381.8057310449846
7739.218006134033,275,381.8057310449846
7769.345747947693,276,381.8057310449846
7805.878207921982,277,381.8057310449846
7834.825719356537,278,381.8057310449846
7867.151017904282,279,381.8057310449846
7897.112727403641,280,381.8057310449846
7907.5130705833435,281,376.31681707238295
7935.108140945435,282,376.31681707238295
7962.16551399231,283,374.5629024949945
7990.930243968964,284,374.5629024949945
8026.928972244263,285,374.5629024949945
8063.541516304016,286,374.5629024949945
8088.839384794235,287,374.5629024949945
8119.994825839996,288,374.5629024949945
8155.436381101608,289,374.224699958799
8190.99312210083,290,370.33152338503834
8200.752997398376,291,369.4070675658498
8229.280617952347,292,366.04121744181884
8256.770272493362,293,366.04121744181884
8288.774191379547,294,365.72124897155567
8323.351886987686,295,365.72124897155567
8456.358077764511,296,365.72124897155567
8489.979481697083,297,365.72124897155567
8513.857729911804,298,361.7707570462707
8539.615419387817,299,361.7707570462707
8569.662774324417,300,361.7707570462707
8621.951355695724,301,359.2986294617082
8645.90896320343,302,355.03943118679734
8678.135368585587,303,355.03943118679734
8706.396884679794,304,355.03943118679734
8730.914328336716,305,355.03943118679734
8763.205307722092,306,355.03943118679734
8799.951182603836,307,355.03943118679734
8833.55284166336,308,355.03943118679734
8863.15390753746,309,346.13955616039925
8897.356487751007,310,346.13955616039925
8907.718831062317,311,343.5464849576482
8932.111686706543,312,343.5464849576482
8972.766359090805,313,343.5464849576482
9007.802886724472,314,343.38630647480596
9017.868568181992,315,342.4876590693406
9043.323586463928,316,342.4876590693406
9070.893444299698,317,338.38919001417514
9130.964329242706,318,338.38919001417514
9181.118093013763,319,338.38919001417514
9210.980113744736,320,338.38919001417514
9235.226380348206,321,338.38919001417514
9256.681482315063,322,338.38919001417514
9293.527948617935,323,338.38919001417514
9346.909962415695,324,338.38919001417514
9377.118330478668,325,338.38919001417514
9387.29426240921,326,338.1899473219355
9418.582656860352,327,338.1899473219355
9428.779909610748,328,337.027864396615
9452.932601451874,329,324.371330964525
9483.710706710815,330,324.371330964525
9523.439755916595,331,324.371330964525
9561.015714883804,332,324.371330964525
9583.812501430511,333,324.371330964525
9606.992205381393,334,324.371330964525
9634.493119239807,335,324.371330964525
9664.908910036087,336,324.371330964525
9693.826933860779,337,324.371330964525
9720.034809350967,338,324.371330964525
9757.839223623276,339,324.371330964525
9801.577855825424,340,324.371330964525
9829.844319581985,341,324.371330964525
9863.648606300354,342,324.30143744720135
9873.299766540527,343,321.5048466833172
9911.491496801376,344,321.5048466833172
9963.843314409256,345,321.5048466833172
9990.074771404266,346,321.5048466833172
10014.407406330109,347,321.5048466833172
10046.931877613068,348,321.5048466833172
10074.140788078308,349,321.5048466833172
10106.553352117538,350,321.4836356071264
10116.452175855637,351,319.39622029564975
10143.323754549026,352,319.308641920427
10178.122997999191,353,313.9571270638871
10210.653777360916,354,313.9571270638871
10234.534746646881,355,313.9571270638871
10272.177183151245,356,313.9571270638871
10305.941191673279,357,313.1078672406863
10333.733082056046,358,313.1078672406863
10364.858861923218,359,313.1078672406863
10404.477154254913,360,313.1078672406863
10439.009591579437,361,313.07842728296094
10472.944505691528,362,313.07842728296094
10498.631523132324,363,313.07842728296094
10530.529079198837,364,310.5049195061705
10556.72055721283,365,310.5049195061705
10590.891829013824,366,309.8766166808469
10640.816716432571,367,309.8766166808469
10671.552505493164,368,309.8766166808469
10697.68540930748,369,309.8766166808469
10731.492655038834,370,309.8766166808469
10760.483180046082,371,305.67587746220306
10786.623947620392,372,305.67587746220306
10825.729988336563,373,305.67587746220306
10864.30672287941,374,305.67587746220306
10902.384925842285,375,305.53194558581754
10912.16486954689,376,305.0022855929159
10938.359611272812,377,305.0022855929159
10973.366701126099,378,305.0022855929159
10983.430140018463,379,303.4992442417854
11015.094938278198,380,303.390875481075
11048.09660744667,381,302.272434631016
11105.474978208542,382,302.272434631016
11137.34632897377,383,302.272434631016
11172.431570768356,384,302.1173163355556
11207.844041347504,385,301.45972402268
11237.721177577972,386,299.9367795011531
11269.302862167358,387,299.9367795011531
11309.31020975113,388,299.9367795011531
11346.211386442184,389,299.9367795011531
11374.94507598877,390,297.7344726229696
11411.148133993149,391,294.6018678560353
11436.385755777359,392,294.6018678560353
11464.515451669693,393,294.6018678560353
11495.434146165848,394,294.6018678560353
11524.855188131332,395,294.6018678560353
11564.335885763168,396,294.1591374008076
11602.38763999939,397,294.1591374008076
11630.216093301773,398,294.1591374008076
11660.864353895187,399,294.1591374008076
11691.883739471436,400,294.1591374008076
11730.953587532043,401,291.28089856047774
11766.763860464096,402,287.06861578348065
11801.435395002365,403,287.06861578348065
11840.703756093979,404,287.06861578348065
11868.345527172089,405,287.06861578348065
11905.383592128754,406,287.06861578348065
11946.397905349731,407,287.06861578348065
11973.917742490768,408,285.756545631898
12008.855551481247,409,285.0755827891047
12037.708299398422,410,285.0755827891047
12079.106129407883,411,285.0755827891047
12110.317452669144,412,285.0755827891047
12143.320084571838,413,285.0755827891047
12172.830584049225,414,280.45322187189987
12200.668598413467,415,280.45322187189987
12245.777650356293,416,280.45322187189987
12277.60212135315,417,280.45322187189987
12320.300808668137,418,280.45322187189987
12354.892623662949,419,280.45322187189987
12376.209298372269,420,261.76900650412654
12408.246927022934,421,261.76900650412654
12432.820846319199,422,261.76900650412654
12478.84480214119,423,261.76900650412654
12506.450855731964,424,261.76900650412654
12552.012910842896,425,261.76900650412654
12574.037254333496,426,261.76900650412654
12604.157061338425,427,261.76900650412654
12634.411361694336,428,261.76900650412654
12668.890137195587,429,261.76900650412654
12699.547387361526,430,261.76900650412654
12735.903768539429,431,261.76900650412654
12767.557243824005,432,261.76900650412654
12798.239799261093,433,261.76900650412654
12824.925809383392,434,261.76900650412654
12835.30182003975,435,256.6150957943954
12868.88635969162,436,256.6150957943954
12899.226012945175,437,256.6141541221378
12932.905401468277,438,256.6141541221378
12959.998596191406,439,251.70171569826698
12969.994332075119,440,251.2251705030938
12995.261723995209,441,251.2251705030938
13017.422265768051,442,251.2251705030938
13053.739971160889,443,251.2251705030938
13091.874310016632,444,251.2251705030938
13117.961657524109,445,251.2251705030938
13149.691904306412,446,251.2251705030938
13183.544036626816,447,251.2251705030938
13208.863965272903,448,246.2946997093407
13234.419647455215,449,246.2946997093407
13258.135998010635,450,246.2946997093407
13284.694176912308,451,246.2946997093407
13295.269539356232,452,245.7124715641265
13305.439677238464,453,244.9476350887868
13334.046564340591,454,244.9476350887868
13360.250772476196,455,242.24384581809085
13392.621332645416,456,242.24384581809085
13420.020993232727,457,242.2267969055194
13448.9606487751,458,242.2267969055194
13483.834345340729,459,241.5869252340431
13510.869180440903,460,232.20214369398053
13540.16660451889,461,232.20214369398053
13567.635516643524,462,230.40256078157003
13613.640474796295,463,230.40256078157003
13647.272240877151,464,230.40256078157003
13678.83748626709,465,228.47508256309027
13721.027032375336,466,228.47508256309027
13762.521106481552,467,228.11665062018898
13796.469604253769,468,227.61375149213407
13842.118746519089,469,227.61375149213407
13873.014211893082,470,227.61375149213407
13895.273814201355,471,227.61375149213407
13929.903218507767,472,227.61375149213407
13961.660645484924,473,227.61375149213407
13992.566328287125,474,227.44653787468653
14021.01291012764,475,224.34237818015689
14049.454232692719,476,223.67451066960732
14059.625324010849,477,221.40554308846967
14092.792765140533,478,217.82088988815147
14122.396540880203,479,217.82088988815147
14149.415097236633,480,217.82088988815147
14176.47813463211,481,217.82088988815147
14205.795743703842,482,217.82088988815147
14216.043320655823,483,216.89469630782935
14244.737743377686,484,215.8237644213823
14274.789030075073,485,214.37587149564962
14309.486474990845,486,214.37587149564962
14338.474130630493,487,214.37587149564962
14374.775297641754,488,214.37587149564962
14402.162712812424,489,214.37587149564962
14433.463927030563,490,213.55319957530386
14512.97047495842,491,211.97295198332205
14539.540955543518,492,211.97295198332205
14586.967101812363,493,195.47305445819487
14625.205579280853,494,195.47305445819487
14658.720737695694,495,195.47305445819487
14693.508527755737,496,188.11378176263125
14727.05238366127,497,188.11378176263125
14750.779666662216,498,188.11378176263125
14788.14717912674,499,188.11378176263125
14822.672135591507,500,188.11378176263125
14851.751316070557,501,188.11378176263125
14881.892545938492,502,188.11378176263125
14907.601555109024,503,185.8604136905569
14930.276084184647,504,185.8604136905569
14964.030329704285,505,185.8604136905569
14995.167892456055,506,185.8604136905569
15027.520401716232,507,185.8604136905569
15077.734447479248,508,185.8604136905569
15117.231205940247,509,185.8604136905569
15151.103670835495,510,185.8604136905569
15179.107123851776,511,185.8604136905569
15208.307760953903,512,183.33126607364665
15239.498462438583,513,183.33126607364665
15275.40960931778,514,183.33126607364665
15305.466693878174,515,183.33126607364665
15315.911062717438,516,181.2347018017222
15343.891731023788,517,181.2347018017222
15377.632424116135,518,177.22353920088875
15406.469038248062,519,177.22353920088875
15436.405573606491,520,177.22353920088875
15466.284390211105,521,171.03488275308231
15501.024797677994,522,171.03488275308231
15522.919592142105,523,171.03488275308231
15558.797199010849,524,171.03488275308231
15594.409331083298,525,171.03488275308231
15629.512238264084,526,171.03488275308231
15658.399445772171,527,171.03488275308231
15688.420425415039,528,171.03488275308231
15722.712244987488,529,171.03488275308231
15757.667004585266,530,171.03488275308231
15767.864594697952,531,170.77494307713613
15798.65418457985,532,170.77494307713613
15807.818316936493,533,169.71359488141545
15828.813720703125,534,169.71359488141545
15866.46773147583,535,169.71359488141545
15898.148248195648,536,169.71359488141545
15922.95574593544,537,169.71359488141545
15933.244050264359,538,169.1785119027251
15959.484056711197,539,169.1785119027251
15969.599110126495,540,168.41546071616486
15979.868886470795,541,167.5581316944521
16013.363088607788,542,167.5581316944521
16038.69928908348,543,167.5581316944521
16066.952991247177,544,165.67447706447763
16077.347777605057,545,160.0072497734894
16109.47483921051,546,160.0072497734894
16138.458487272263,547,160.0072497734894
16167.862468242645,548,157.98361222160617
16196.999509572983,549,157.98361222160617
16221.666646003723,550,157.98361222160617
16247.16543674469,551,157.98361222160617
16322.957823038101,552,157.98361222160617
16353.429534435272,553,157.98361222160617
16389.216381788254,554,156.3746136978272
16422.26091504097,555,156.3746136978272
16474.76305627823,556,156.3746136978272
16499.086240768433,557,156.3746136978272
16600.473953723907,558,155.53220141701289
16631.22929930687,559,155.53220141701289
16641.520051002502,560,154.29882682105807
16670.522010564804,561,154.29882682105807
16702.010320186615,562,154.29882682105807
16712.361062049866,563,153.54116615405593
16741.681761026382,564,153.54116615405593
16793.12374854088,565,152.46307283130022
16836.98482108116,566,150.7913659862757
16874.82571554184,567,150.7913659862757
16901.395655870438,568,150.7913659862757
16935.195748806,569,150.7913659862757
16974.653428077698,570,149.02474302909022
17013.509667634964,571,149.02474302909022
17046.35749077797,572,147.036501497749
17082.740312814713,573,147.036501497749
17125.61287856102,574,147.036501497749
17159.3410718441,575,147.036501497749
17195.69092774391,576,147.036501497749
17242.878007888794,577,144.92620018087882
17286.609001398087,578,144.92620018087882
17322.40860557556,579,144.92620018087882
17363.0751080513,580,144.92620018087882
17400.737327575684,581,144.92620018087882
17431.5372300148,582,144.92620018087882
17497.95627760887,583,142.19645665765725
17544.577212572098,584,142.19645665765725
17585.86722779274,585,142.19645665765725
17629.018906593323,586,142.19645665765725
17662.801219701767,587,142.19645665765725
17705.619865179062,588,142.16877793587503
17715.98263859749,589,141.240788935266
17759.416019439697,590,141.240788935266
17769.754204273224,591,140.7619655296135
17811.76412320137,592,140.7619655296135
17845.696340322495,593,140.7619655296135
17908.82121181488,594,140.4152081983009
17919.34969496727,595,139.6187685614211
17929.4773106575,596,138.9214987519761
17976.66290283203,597,138.9214987519761
18016.05292034149,598,138.9214987519761
18068.752686977386,599,138.9214987519761
18097.32936191559,600,136.994526348659
18151.02289056778,601,135.26160114903942
18181.700488567352,602,135.26160114903942
18247.149760246277,603,135.26160114903942
18281.964532136917,604,135.26160114903942
18329.665546655655,605,135.26160114903942
Record started (SWARM MUTATION): 2021-02-18 09:42:30.099513
Original fitness from cfg file (reference value): 154.27626632211704

Settings:
['MDEXEC', 'charmm']
['MDINP', 'Molecules/im1/im1.inp']
['MDOUT', 'Molecules/im1/tempfiles/opt.log']
['QMOUT', 'Molecules/im1/im1.log']
['PARAM_FILENAME', 'Molecules/im1/tempfiles/parameters.str']
['POPULATION_FILENAME', 'Molecules/im1/tempfiles/lastPopulation.txt']
['LOG_FILENAME', 'Molecules/im1/tempfiles/convergence.log']
['LOGGING', '1']
['RUNS', '10000']
['POPULATION_SIZE', '100']
['NEW_GENERATION_SIZE', '20']
['CREATE_INITIAL_POPULATION', '1']
['RECOMPUTE_FITNESS', '1']
['FIRST_FREQ_BIAS', '0']
['MUTATION_B_PROBABILITY', '0.1']
['STEP_SIZE_MULTIPLICATOR', '0.01']
['DIRECTION_DROP', '0.5']
['MINIMUM_IMPROVEMENT', '0.9999']
['SINGLE_PARAMETER_OPT', '0']
['PARAMETER', 'im1b1', 'bond', '0', '1000', '322']
['PARAMETER', 'im1b2', 'bond', '0', '1000', '215.8']
['PARAMETER', 'im1b3', 'bond', '0', '1000', '413.37']
['PARAMETER', 'im1b4', 'bond', '0', '1000', '430.13']
['PARAMETER', 'im1b5', 'bond', '0', '1000', '328.03']
['PARAMETER', 'im1b6', 'bond', '0', '1000', '486.48']
['PARAMETER', 'im1b7', 'bond', '0', '1000', '516.27']
['PARAMETER', 'im1b8', 'bond', '0', '1000', '365']
['PARAMETER', 'im1b9', 'bond', '0', '1000', '340']
['PARAMETER', 'im1a1', 'angle', '0', '200', '35.5']
['PARAMETER', 'im1a2', 'angle', '0', '200', '36.42']
['PARAMETER', 'im1a3', 'angle', '0', '200', '79.78']
['PARAMETER', 'im1a4', 'angle', '0', '200', '94.37']
['PARAMETER', 'im1a5', 'angle', '0', '200', '45.91']
['PARAMETER', 'im1a6', 'angle', '0', '200', '42.22']
['PARAMETER', 'im1a7', 'angle', '0', '200', '51.72']
['PARAMETER', 'im1a8', 'angle', '0', '200', '40.89']
['PARAMETER', 'im1a9', 'angle', '0', '200', '45.01']
['PARAMETER', 'im1a10', 'angle', '0', '200', '88.69']
['PARAMETER', 'im1a11', 'angle', '0', '200', '45.44']
['PARAMETER', 'im1a12', 'angle', '0', '200', '44.18']
['PARAMETER', 'im1a13', 'angle', '0', '200', '96.13']
['PARAMETER', 'im1a14', 'angle', '0', '200', '101.77']
['PARAMETER', 'im1d1', 'dihedral', '0', '30', '0.86583']
['PARAMETER', 'im1d2', 'dihedral', '0', '30', '0.19824']
['PARAMETER', 'im1d3', 'dihedral', '0', '30', '3.40614']
['PARAMETER', 'im1d4', 'dihedral', '0', '30', '5.44233']
['PARAMETER', 'im1d5', 'dihedral', '0', '30', '0.1553']
['PARAMETER', 'im1d6', 'dihedral', '0', '30', '3.51991']
['PARAMETER', 'im1d7', 'dihedral', '0', '30', '5.21739']
['PARAMETER', 'im1d8', 'dihedral', '0', '30', '16.78064']
['PARAMETER', 'im1d9', 'dihedral', '0', '30', '15.37087']
['PARAMETER', 'im1d10', 'dihedral', '0', '30', '0.41036']
['PARAMETER', 'im1d11', 'dihedral', '0', '30', '0.39232']
['PARAMETER', 'im1d12', 'dihedral', '0', '30', '2.88761']
['PARAMETER', 'im1d13', 'dihedral', '0', '30', '3.92983']
['PARAMETER', 'im1d14', 'dihedral', '0', '30', '3.84807']
['PARAMETER', 'im1d15', 'dihedral', '0', '30', '20.41265']
['PARAMETER', 'im1d16', 'dihedral', '0', '30', '19.75138']
['PARAMETER', 'im1d17', 'dihedral', '0', '30', '16.20717']
['PARAMETER', 'im1d18', 'dihedral', '0', '30', '4.20182']
['PARAMETER', 'im1i1', 'torsion', '0', '300', '0.500']
['PARAMETER', 'im1i2', 'torsion', '0', '300', '0.500']
['PARAMETER', 'im1i3', 'torsion', '0', '300', '0.500']
['PARAMETER', 'im1i4', 'torsion', '0', '300', '0.450']

Time,Generation,Fitness
92.63130235671997,1,135.26160114903942
130.02300667762756,2,135.26160114903942
169.48225593566895,3,133.07787217085192
203.73803806304932,4,133.07787217085192
212.52245235443115,5,130.73258348608417
270.22674775123596,6,129.29429512928257
308.09922099113464,7,129.29429512928257
317.18128418922424,8,126.60860150725108
351.929815530777,9,126.60860150725108
385.6412296295166,10,126.60860150725108
417.2727835178375,11,123.82148372906013
465.8343243598938,12,123.82148372906013
500.07036662101746,13,123.82148372906013
544.0438225269318,14,123.82148372906013
592.8898675441742,15,123.49694971771638
637.1942598819733,16,123.49694971771638
665.6470062732697,17,123.49694971771638
701.947252035141,18,123.49694971771638
711.0499897003174,19,121.73360766662532
750.738137960434,20,121.73360766662532
760.0084955692291,21,120.17369652596497
788.1595022678375,22,120.17369652596497
834.4647781848907,23,119.60711240789585
864.7803645133972,24,119.48434025308983
887.0575454235077,25,119.48434025308983
908.9599664211273,26,119.48434025308983
954.6596970558167,27,119.48434025308983
984.0679230690002,28,119.48434025308983
1026.7781093120575,29,119.48434025308983
1037.1044280529022,30,119.09812008596514
1079.9100167751312,31,119.09812008596514
1137.2354383468628,32,119.09812008596514
1190.6988260746002,33,119.09812008596514
1229.391590833664,34,119.09812008596514
1269.9001379013062,35,118.97880600792469
1279.4002788066864,36,118.66911129468095
1310.0779905319214,37,117.4514363609564
1342.961695432663,38,117.4514363609564
1383.253211736679,39,117.4514363609564
1393.8346798419952,40,116.8688462966662
1441.8814289569855,41,116.8688462966662
1480.5748636722565,42,116.66384400698007
1491.0435194969177,43,116.64662558400853
1544.8974227905273,44,115.47198302336416
1588.2898955345154,45,115.47198302336416
1620.6207993030548,46,115.47198302336416
1659.7611706256866,47,115.47198302336416
1701.5713546276093,48,115.47198302336416
1756.8186869621277,49,114.58166426541727
1792.7117836475372,50,114.58166426541727
1837.844485282898,51,114.58166426541727
1886.4737465381622,52,114.40764119429468
1897.2242186069489,53,114.10092660209209
1947.343689918518,54,113.91455346693985
1983.9551966190338,55,113.91455346693985
1994.3864088058472,56,113.35111410576992
2046.0364484786987,57,113.35111410576992
2088.013223171234,58,113.35111410576992
2098.1620633602142,59,113.31094978087573
2137.5931253433228,60,112.9542923297777
2183.4614198207855,61,111.94029839446304
2193.9527773857117,62,111.37205416466233
2232.49321436882,63,111.37205416466233
2266.8386454582214,64,110.9908285424179
2314.4763646125793,65,107.16253672793046
2345.235577583313,66,107.16253672793046
2390.286984682083,67,107.16253672793046
2422.633002281189,68,107.16253672793046
2459.6859459877014,69,105.14405142067652
2499.8454308509827,70,105.14405142067652
2554.065319299698,71,105.13562895260657
2595.0246403217316,72,105.13562895260657
2648.7489976882935,73,105.13562895260657
2685.798260450363,74,105.13483288555757
2696.312948703766,75,103.26065738052912
2734.8573694229126,76,103.26065738052912
2771.1574568748474,77,103.25948896917981
2808.6464278697968,78,103.25948896917981
2855.5499987602234,79,101.81800323011088
2911.678334712982,80,101.81800323011088
2956.5739998817444,81,101.81800323011088
2998.4067709445953,82,101.81800323011088
3054.1069333553314,83,100.69108204986742
3064.402177333832,84,100.56677316316728
3105.5014078617096,85,100.56677316316728
3114.8350353240967,86,99.35861989890344
3158.5307071208954,87,99.35861989890344
3192.039398431778,88,99.35861989890344
3227.3467502593994,89,99.35861989890344
3270.197602033615,90,99.35861989890344
3321.2692215442657,91,99.35861989890344
3361.9116616249084,92,99.35861989890344
3397.6921610832214,93,99.35861989890344
3407.475264072418,94,98.22625738767904
3456.845083475113,95,97.37452549676307
3495.6393377780914,96,97.37452549676307
3505.9920830726624,97,96.50375314311732
3547.8322057724,98,96.50375314311732
3602.628212451935,99,96.50375314311732
3631.3557693958282,100,96.50375314311732
3684.0023589134216,101,96.50375314311732
3730.193689107895,102,96.50375314311732
3740.728779554367,103,95.75417448002642
3780.8647944927216,104,94.98973349130397
3817.146487236023,105,94.98973349130397
3879.107671737671,106,94.817918150638
3924.9112651348114,107,94.817918150638
3935.498760700226,108,94.68136941886881
3967.846522331238,109,94.68136941886881
3978.3995263576508,110,93.81624010996761
3988.6622352600098,111,93.6996335731946
4043.7660830020905,112,93.6996335731946
4092.1308827400208,113,93.6996335731946
4151.294044017792,114,93.54751027131621
4162.284382581711,115,93.5006508907953
4195.036406755447,116,92.99329161181865
4237.863387823105,117,92.95452576922729
4272.26350569725,118,92.95452576922729
4282.951140403748,119,92.71496169665316
4293.551122903824,120,92.70491424843166
4332.704856157303,121,92.50288470366866
4374.758846759796,122,92.50288470366866
4384.887796640396,123,91.8639568536981
4395.84133887291,124,91.79730661543122
4437.186519384384,125,91.79730661543122
4481.133287191391,126,91.79730661543122
4509.796383142471,127,90.84539793743447
4544.880380392075,128,90.84539793743447
4619.457216024399,129,90.84539793743447
4652.741685152054,130,90.4696217249231
4696.750318288803,131,90.4696217249231
4738.055327177048,132,90.4696217249231
4748.524016618729,133,89.93834197797386
4804.896789312363,134,89.93834197797386
4865.313086509705,135,89.93834197797386
4876.002358913422,136,89.54292875234086
4953.604401111603,137,89.54292875234086
4964.421765089035,138,89.07457528704902
5010.612779855728,139,88.02355877615186
5056.6464285850525,140,88.02355877615186
5108.910367488861,141,88.02355877615186
5154.946321249008,142,88.02355877615186
5223.194875717163,143,88.02355877615186
5264.653717279434,144,88.02355877615186
5307.878265380859,145,88.02355877615186
5366.040946483612,146,88.02355877615186
5441.280494451523,147,88.02355877615186
5506.757035732269,148,87.85688012181974
5546.655626773834,149,87.5368203628445
5581.989891529083,150,87.5368203628445
5592.613281726837,151,87.1096779118199
5602.962367534637,152,87.05731462725072
5654.730049133301,153,87.05731462725072
5709.587518453598,154,87.05731462725072
5760.734570026398,155,86.99704522601138
5814.8457996845245,156,86.44924648527883
5880.975576639175,157,86.44924648527883
5933.20892739296,158,85.97634803619938
5987.522558450699,159,85.97634803619938
6051.031915187836,160,85.7858101233988
6107.715046167374,161,85.7858101233988
6178.434531927109,162,85.46326548150236
6219.565399169922,163,85.46326548150236
6283.841543912888,164,85.46326548150236
6343.975783109665,165,85.46326548150236
6400.187098503113,166,85.46326548150236
6503.667327165604,167,85.07669515350784
6551.823922395706,168,85.07669515350784
6600.810177087784,169,84.84197082514032
6655.892574071884,170,84.56380538076581
6724.310606718063,171,84.56380538076581
6766.854485273361,172,84.38042757370866
6837.4343049526215,173,83.40800496930282
6933.684322834015,174,83.40800496930282
6993.768344640732,175,83.40800496930282
7057.218476772308,176,83.40800496930282
7116.878298044205,177,83.03961422717391
7180.4169380664825,178,83.03961422717391
7246.488825559616,179,82.95273274535607
7340.945161342621,180,82.95273274535607
7443.1852259635925,181,82.95273274535607
7507.371000528336,182,82.87354600596765
7572.249161243439,183,82.87354600596765
7691.792886734009,184,82.7088179142549
7727.381145477295,185,82.7088179142549
7771.953663825989,186,82.7088179142549
7835.877001523972,187,82.7088179142549
7846.823851585388,188,82.68134859779778
7885.461620569229,189,82.65361441068748
7896.284775495529,190,82.48472643971303
7984.28547334671,191,82.48472643971303
8032.7148468494415,192,82.48472643971303
8126.68558883667,193,82.4153769931477
8193.632055997849,194,82.2217040288509
8240.78614115715,195,82.2217040288509
8339.612389802933,196,81.9955909719204
8413.37222480774,197,81.9955909719204
8501.079797506332,198,81.9955909719204
8582.293310880661,199,81.91639264581404
8593.125513076782,200,81.65417168509846
8705.972974777222,201,81.54959784352988
8716.681528568268,202,81.28924995260907
8850.834087610245,203,81.28924995260907
8914.846284151077,204,81.28924995260907
9019.069810390472,205,81.28924995260907
9094.489962816238,206,81.28924995260907
9202.851492881775,207,80.60346215188024
9307.445625066757,208,80.60346215188024
9396.945141077042,209,80.60346215188024
9482.981516122818,210,80.60346215188024
9595.85061120987,211,80.60346215188024
9669.440059900284,212,80.60346215188024
9746.762298822403,213,79.56587738059928
9814.535449504852,214,79.56587738059928
9957.497903347015,215,79.56587738059928
10055.492252588272,216,79.56587738059928
10110.2305393219,217,79.56587738059928
10155.729175567627,218,79.56587738059928
10265.438766241074,219,79.56587738059928
10411.22337937355,220,79.56587738059928
10561.76373744011,221,79.56587738059928
10660.959432601929,222,79.5284517554818
10789.111259937286,223,79.39689780839885
10921.208890914917,224,79.32510258621886
10978.055020332336,225,79.32510258621886
11048.718668222427,226,79.32510258621886
11161.40038228035,227,79.32510258621886
11249.825859069824,228,79.32510258621886
11360.56890130043,229,79.23348840858804
11371.306613206863,230,79.19626111687948
11435.657102108002,231,79.19626111687948
11446.009117126465,232,79.18334020066003
11506.221017360687,233,79.18334020066003
11517.262607097626,234,79.07836463862272
11568.385665893555,235,79.07836463862272
11579.171148061752,236,79.07034334550768
11590.05243730545,237,78.94257158158362
11664.702725887299,238,78.47081756236487
11770.797536611557,239,78.47081756236487
11880.097838640213,240,78.4255416506476
12038.460997581482,241,78.238714465433
12166.481035232544,242,78.238714465433
12301.433234453201,243,78.238714465433
12420.800094127655,244,78.20585682512322
12571.942101716995,245,77.55860299147916
12725.5948574543,246,77.55860299147916
12881.250745296478,247,77.35319248876135
12968.21939945221,248,77.03954877532148
13113.005028486252,249,77.03954877532148
13230.810615301132,250,77.03954877532148
13322.023219585419,251,76.96596572870713
13471.414581537247,252,76.96596572870713
13589.94480586052,253,76.96596572870713
13671.20692062378,254,76.96596572870713
13766.026718378067,255,76.89907896297923
13865.28159070015,256,76.89907896297923
13919.58449101448,257,76.89907896297923
14038.755328416824,258,76.89907896297923
14126.26771903038,259,76.89907896297923
14265.958563566208,260,76.89907896297923
14347.08884716034,261,76.89907896297923
14455.327464818954,262,76.89907896297923
14509.105055570602,263,76.89907896297923
14605.416201591492,264,76.84153487394364
14616.461966753006,265,76.62165971112321
14754.608912706375,266,76.62165971112321
14889.681091308594,267,76.55600337198541
14986.030879497528,268,76.55600337198541
15144.168323755264,269,76.55600337198541
15246.548821687698,270,76.42491433139385
15392.943573951721,271,75.69322559540994
15513.946729421616,272,75.69322559540994
15578.151944160461,273,75.69322559540994
15689.978762865067,274,75.69322559540994
15842.59325504303,275,75.69322559540994
15853.375473737717,276,75.59338368369397
15966.454450845718,277,75.59338368369397
16084.255597114563,278,75.31180871712547
16244.909875392914,279,75.31180871712547
16399.140460968018,280,75.31180871712547
16409.401431560516,281,75.29621566596352
16562.975681066513,282,75.29621566596352
16694.577085733414,283,75.29621566596352
16846.09742641449,284,75.29621566596352
16856.822620630264,285,75.27719280265504
16910.657594442368,286,74.85845585485372
17061.705359220505,287,74.85845585485372
17180.012036323547,288,74.85845585485372
17290.95008802414,289,74.85845585485372
17426.226204156876,290,74.85845585485372
17569.70731472969,291,74.85845585485372
17660.07569169998,292,74.83161742827878
17765.650684833527,293,74.83161742827878
17914.702680826187,294,74.83161742827878
17925.962461709976,295,74.43725807282566
18084.13575553894,296,74.43043254271447
18231.306235551834,297,74.43043254271447
18322.625989437103,298,74.43043254271447
18467.94119334221,299,74.43043254271447
18628.787118434906,300,74.43043254271447
18638.931686401367,301,74.34831521914558
18765.133994579315,302,74.34831521914558
18862.688376426697,303,74.34831521914558
18873.658420562744,304,74.32794520729453
18884.4655585289,305,74.32694515437204
19016.70559167862,306,74.1706034893033
19139.35327744484,307,74.1706034893033
19287.26061153412,308,74.16481611861123
19351.248611450195,309,74.12595652254524
19510.927066087723,310,73.99859146653918
19612.82762861252,311,73.99859146653918
19767.003623485565,312,73.99859146653918
19900.55459666252,313,73.94047821734512
19911.42452454567,314,73.81790569465855
20061.32322382927,315,73.81790569465855
20145.2833840847,316,73.81790569465855
20275.935542345047,317,73.81790569465855
20402.958909273148,318,73.7451718641726
20506.750723838806,319,73.7451718641726
20590.908824682236,320,73.72182336065048
20601.385212659836,321,73.57093245658422
20752.036304473877,322,73.36885889971809
20815.515567541122,323,73.36885889971809
20926.24294734001,324,73.32753793526368
21071.464532136917,325,73.3222718750053
21228.809631109238,326,73.31250116094348
21275.367866277695,327,72.76685132961391
21376.24118065834,328,72.76685132961391
21480.139394521713,329,72.65407724870515
21600.378690719604,330,72.65407724870515
21729.476397752762,331,72.61895894004782
21798.635815382004,332,72.61895894004782
21921.883934020996,333,72.61895894004782
22012.58150100708,334,72.61895894004782
22146.383495807648,335,72.23004682196022
22242.609162807465,336,72.23004682196022
22320.470597028732,337,72.23004682196022
22422.783066749573,338,72.23004682196022
22502.70220732689,339,72.23004682196022
22602.477059841156,340,72.23004682196022
22751.032279729843,341,72.23004682196022
22875.849036455154,342,72.05055987119684
22983.474267482758,343,72.05055987119684
23137.531903266907,344,72.05055987119684
23282.098872184753,345,72.05055987119684
23407.989679574966,346,72.05055987119684
23511.349809646606,347,71.98159434276607
23522.19826889038,348,71.77245609055488
23643.430994272232,349,71.77245609055488
23792.283164978027,350,71.77245609055488
23941.874928236008,351,71.37283271048123
24070.749851703644,352,71.37283271048123
24221.39659500122,353,71.37283271048123
24317.589381217957,354,71.37283271048123
24366.825308084488,355,71.37283271048123
24507.71132516861,356,71.37283271048123
24573.62942457199,357,71.37283271048123
24656.558698654175,358,71.37283271048123
24807.613564014435,359,71.37283271048123
24869.16179728508,360,71.07475009259062
24986.79190969467,361,71.07475009259062
25141.63284778595,362,71.03829304643382
25297.044725894928,363,71.03829304643382
25383.045394182205,364,71.03829304643382
25472.81006383896,365,70.94473165414684
25624.86771965027,366,70.94473165414684
25776.337923288345,367,70.8472925822811
25856.595589876175,368,70.8472925822811
26007.146444559097,369,70.72824676317312
26155.080917835236,370,70.72824676317312
26245.928862810135,371,70.72824676317312
26394.443587064743,372,70.72824676317312
26548.310484409332,373,70.72824676317312
26696.907542705536,374,70.72824676317312
26813.57485628128,375,70.72013893566162
26957.512472629547,376,70.51659685699629
27107.033170223236,377,70.51659685699629
27179.742607355118,378,70.45146874770202
27314.88030409813,379,70.45146874770202
27472.54795908928,380,70.30469366647905
27580.029786109924,381,70.22531062411623
27727.673718452454,382,70.22338316212002
27839.111516475677,383,70.0698587088458
27988.731588840485,384,70.0698587088458
28142.732552289963,385,70.0698587088458
28291.911420583725,386,70.0698587088458
28331.231123209,387,69.95235420034207
28466.019647598267,388,69.95235420034207
28569.382000923157,389,69.95235420034207
28661.386998653412,390,69.90860585936097
28811.50547337532,391,69.58714700481966
28867.34441447258,392,69.58714700481966
28923.12758731842,393,69.58714700481966
29046.534985780716,394,69.58714700481966
29139.483454942703,395,69.58714700481966
29298.54604625702,396,69.58714700481966
29359.26157426834,397,69.58714700481966
29521.721339941025,398,69.58714700481966
29577.40057992935,399,69.38966730918212
29640.978640317917,400,69.38966730918212
29753.627613544464,401,69.38966730918212
29831.441899061203,402,69.38966730918212
29954.087709903717,403,69.38966730918212
30079.666088581085,404,69.26731145743751
30168.71141386032,405,69.26731145743751
30313.177064180374,406,69.26731145743751
30435.09205842018,407,69.26731145743751
30559.422724723816,408,69.26731145743751
30642.37223815918,409,69.26731145743751
30789.44371509552,410,69.26261917601678
30799.970465898514,411,69.22048110609033
30899.415117025375,412,68.8421953012829
31033.06560111046,413,68.83656554176265
31184.949687719345,414,68.83656554176265
31306.343131303787,415,68.83656554176265
31317.067619800568,416,68.74373068651957
31441.606491088867,417,68.74373068651957
31586.576294898987,418,68.74373068651957
31740.875002622604,419,68.74373068651957
31898.778178215027,420,68.74373068651957
32042.130750656128,421,68.74373068651957
32202.343262672424,422,68.74373068651957
32213.23401260376,423,68.68726260359182
32223.917388677597,424,68.59317706383649
32339.112443447113,425,68.53915430697276
32447.798800468445,426,68.53915430697276
32554.232630729675,427,68.52282099209242
32648.199669599533,428,68.52282099209242
32769.25580739975,429,68.4427107064737
32895.14603805542,430,68.43764712771447
32905.30763864517,431,68.43032946795475
33047.10264754295,432,68.42280340342337
33208.0276222229,433,68.42196553980143
33218.81591010094,434,68.3442034099946
33373.98489880562,435,68.3442034099946
33495.73170590401,436,68.3442034099946
33506.61140871048,437,68.26868530638991
33641.571695804596,438,68.26868530638991
33652.17668509483,439,68.2592140176908
33807.603115320206,440,68.2592140176908
33941.14467000961,441,68.23801631239148
34059.89397740364,442,68.17425126955165
34199.26570558548,443,68.17425126955165
34329.7955262661,444,68.11912937105663
34340.17627072334,445,68.11830220624074
34487.47762489319,446,68.08184515808566
34578.631410598755,447,68.08184515808566
34731.86260128021,448,68.03908372659599
34870.21804881096,449,68.03908372659599
34880.61845421791,450,68.01105007383269
34985.146154880524,451,68.01105007383269
35091.70617175102,452,67.97934551178567
35230.391211271286,453,67.8494158879815
35291.84142899513,454,67.83600734821326
35428.38925790787,455,67.83600734821326
35578.10430121422,456,67.80075044071229
35730.05362224579,457,67.74228665154263
35873.89238405228,458,67.73179355977035
35884.71518778801,459,67.72267378127604
36012.86762404442,460,67.71497010907481
36023.51462697983,461,67.59552950052436
36125.12698292732,462,67.59552950052436
36227.56989789009,463,67.3862510237252
36375.62599492073,464,67.3862510237252
36509.28350019455,465,67.3862510237252
36520.01260304451,466,67.32042569121306
36603.7032251358,467,67.32042569121306
36649.29512119293,468,67.32042569121306
36735.02203273773,469,67.32042569121306
36885.8232319355,470,67.32042569121306
37013.69378209114,471,67.32042569121306
37158.51049876213,472,67.32042569121306
37305.53331446648,473,67.32042569121306
37417.13535618782,474,67.32042569121306
37546.54582118988,475,66.73886334018763
37644.9164557457,476,66.73886334018763
37777.59754371643,477,66.73886334018763
37930.650555849075,478,66.73886334018763
37962.814593315125,479,66.73886334018763
38115.45575141907,480,66.73886334018763
38274.53383040428,481,66.73780195900635
38350.916816711426,482,66.73780195900635
38508.27906227112,483,66.73780195900635
38650.671080350876,484,66.73780195900635
38777.4350540638,485,66.73780195900635
38908.61450386047,486,66.73780195900635
39070.39881014824,487,66.62775604799813
39213.76350188255,488,66.62775604799813
39339.11743354797,489,66.62775604799813
39449.77384710312,490,66.52677451673433
39595.38929891586,491,66.52677451673433
39747.39309358597,492,66.52677451673433
39880.89620471001,493,66.52677451673433
40033.986936569214,494,66.52677451673433
40044.75073695183,495,66.4493575085219
40193.71730589867,496,66.4493575085219
40346.29428052902,497,66.4493575085219
40500.395339012146,498,66.4493575085219
40649.03832292557,499,66.41046843214346
40752.75104546547,500,66.28537459447541
40861.75579047203,501,66.28537459447541
41017.934772729874,502,66.22871823995519
41161.42984580994,503,66.22871823995519
41171.69839310646,504,66.09004739377413
41321.89580702782,505,66.05203032119971
41480.67165827751,506,66.00385559691107
41614.52852106094,507,66.00385559691107
41767.141748189926,508,66.00385559691107
41831.538283109665,509,66.00385559691107
41966.82263422012,510,66.00385559691107
42118.72167444229,511,66.00385559691107
42259.425634622574,512,66.00385559691107
42417.98293924332,513,65.98827747293558
42530.38192844391,514,65.98827747293558
42693.82018685341,515,65.890791593905
42704.652250528336,516,65.88148219856208
42854.71575021744,517,65.88148219856208
43005.757452487946,518,65.88148219856208
43016.25758719444,519,65.84730674175435
43113.7024576664,520,65.66397015894859
43123.83616113663,521,65.66283750567332
43236.96032118797,522,65.66283750567332
43384.57436013222,523,65.658922614768
43493.03376984596,524,65.658922614768
43503.6386783123,525,65.62196958403041
43659.531232595444,526,65.57057571469684
43814.64446568489,527,65.57057571469684
43968.942828416824,528,65.53762834345684
44113.78050351143,529,65.53762834345684
44258.995421648026,530,65.45729631083547
44353.66710591316,531,65.45729631083547
44489.99190282822,532,65.45729631083547
44610.244228601456,533,65.35360053709907
44759.12408351898,534,65.34574244388546
44910.232520103455,535,65.28422076809726
45051.17113304138,536,65.2817563152698
45206.6702208519,537,65.2817563152698
45361.17519712448,538,65.2817563152698
45518.4181330204,539,65.22240425216022
45661.38581752777,540,65.22240425216022
45672.06088733673,541,65.18530554872885
45768.9953622818,542,65.18530554872885
45913.711787462234,543,65.18530554872885
46065.24909520149,544,65.18530554872885
46186.14844274521,545,65.17643250707465
46196.55256938934,546,65.16966865604442
46338.30721282959,547,64.93604812972856
46495.430008888245,548,64.93604812972856
46641.299715042114,549,64.93604812972856
46799.46568965912,550,64.93604812972856
46940.82124352455,551,64.93604812972856
47094.54750061035,552,64.93604812972856
47215.319939374924,553,64.83509428740292
47373.6373667717,554,64.83509428740292
47489.18110346794,555,64.73289542567277
47637.898028850555,556,64.73289542567277
47779.66891694069,557,64.73289542567277
47922.909155368805,558,64.70099812302603
48067.31680846214,559,64.70099812302603
48204.494314432144,560,64.70099812302603
48354.88099145889,561,64.70099812302603
48469.11024045944,562,64.64232974360485
48617.492651224136,563,64.48549383420661
48770.59364581108,564,64.48549383420661
48781.36419081688,565,64.46481521208985
48930.56722903252,566,64.46481521208985
49080.588594436646,567,64.45724116411279
49235.53359699249,568,64.45724116411279
49382.431864738464,569,64.45724116411279
49393.42476081848,570,64.31674733969488
49543.93378329277,571,64.31674733969488
49677.06308722496,572,64.31674733969488
49687.59461236,573,64.11568994318458
49843.45291805267,574,64.11568994318458
49933.96199631691,575,64.11568994318458
50079.906011343,576,64.09798570588895
50090.67406654358,577,63.90862758443746
50233.0588657856,578,63.90862758443746
50366.102519750595,579,63.90862758443746
50482.88081431389,580,63.90862758443746
50633.281927108765,581,63.90862758443746
50776.61015892029,582,63.90862758443746
50934.806062459946,583,63.891417931734374
51085.23536872864,584,63.891417931734374
51229.815873384476,585,63.891417931734374
51338.850975990295,586,63.891417931734374
51487.128679037094,587,63.891417931734374
51589.513793706894,588,63.877543906002856
51734.25518465042,589,63.76623809232254
51882.2386136055,590,63.76623809232254
52039.83670401573,591,63.76623809232254
52177.70277571678,592,63.76623809232254
52187.91407132149,593,63.63905229919372
52341.51703286171,594,63.63905229919372
52486.50835084915,595,63.63905229919372
52630.73890066147,596,63.63905229919372
52743.846161842346,597,63.56070541034189
52858.21263694763,598,63.56070541034189
52987.559592962265,599,63.56070541034189
53137.06925535202,600,63.56070541034189
53279.972750902176,601,63.532825613544134
53428.85703396797,602,63.532825613544134
53570.26588869095,603,63.532825613544134
53659.34275126457,604,63.532825613544134
53804.2336909771,605,63.532825613544134
53814.74276828766,606,63.5297791821085
53825.305181741714,607,63.463261888609026
53978.83891224861,608,63.38580819193428
54130.19953775406,609,63.38580819193428
54271.195590257645,610,63.38580819193428
54412.628670454025,611,63.38580819193428
54560.4385972023,612,63.38580819193428
54571.31605100632,613,63.32764306829587
54581.907733917236,614,63.29111969509038
54727.39686012268,615,63.29111969509038
54856.383496046066,616,63.26719380415533
54992.43857741356,617,63.26719380415533
55134.300995349884,618,63.2316714127513
55145.131564855576,619,63.21796752998799
55285.20888710022,620,63.21796752998799
55420.099522829056,621,63.21796752998799
55559.344787836075,622,63.21796752998799
55568.40935111046,623,63.184766410503094
55711.90896630287,624,63.14185450350106
55722.81969881058,625,63.13483104314623
55874.645465135574,626,63.13483104314623
55884.46063017845,627,63.13024544593794
56033.993538856506,628,63.09700984790678
56187.026170015335,629,62.98597657931486
56323.619487047195,630,62.98597657931486
56456.69657659531,631,62.97741379511536
56602.392315626144,632,62.96659264527067
56749.23428106308,633,62.841338124962526
56896.21576523781,634,62.841338124962526
57024.03941440582,635,62.82524942887875
57174.70013976097,636,62.819934543095265
57185.580815792084,637,62.810942039719265
57334.01490068436,638,62.810942039719265
57481.468579769135,639,62.810942039719265
57632.938940286636,640,62.78479770157457
57778.36952829361,641,62.74477341000291
57916.25247550011,642,62.74477341000291
58054.19738793373,643,62.74477341000291
58201.144078969955,644,62.704386071580906
58343.61876320839,645,62.704386071580906
58353.84247493744,646,62.67572799809547
58501.50735330582,647,62.67572799809547
58646.70965909958,648,62.67572799809547
58657.4099047184,649,62.64477049739997
58808.36352992058,650,62.64477049739997
58819.23848223686,651,62.60716861612676
58964.72939634323,652,62.60716861612676
59109.57466006279,653,62.60716861612676
59119.65095949173,654,62.602172082024936
59270.78174209595,655,62.602172082024936
59414.208292007446,656,62.58983787129937
59556.00192284584,657,62.58983787129937
59566.62160539627,658,62.54297828373632
59709.12500882149,659,62.54297828373632
59719.90047121048,660,62.52592816219438
59867.23862481117,661,62.488615122065625
60002.156353235245,662,62.488615122065625
60116.69134044647,663,62.42209246844636
60127.4608836174,664,62.36928910847614
60264.1343433857,665,62.334241556429205
60409.66773223877,666,62.334241556429205
60542.54210329056,667,62.334241556429205
60673.73629641533,668,62.334241556429205
60811.974264621735,669,62.334241556429205
60958.85657596588,670,62.321467226590805
61097.03779602051,671,62.27690510808988
61234.915533065796,672,62.27690510808988
61360.72199559212,673,62.27690510808988
61500.62995815277,674,62.27690510808988
61647.41318202019,675,62.27690510808988
61786.25829744339,676,62.27690510808988
61884.56645131111,677,62.1774079190639
62030.42163038254,678,62.1774079190639
62175.82262134552,679,62.09653028746643
62320.87948465347,680,62.064223068647294
62458.57834291458,681,62.064223068647294
62604.969052791595,682,62.04781223728501
62745.89801740646,683,62.04781223728501
62880.32544231415,684,62.04781223728501
63020.743104457855,685,62.031510271640116
63174.12617516518,686,62.031510271640116
63318.2733809948,687,62.031510271640116
63457.962344646454,688,62.031510271640116
63602.30017018318,689,62.031510271640116
63612.63418364525,690,61.96882701931524
63739.57655978203,691,61.96882701931524
63875.77687215805,692,61.96882701931524
64025.323922634125,693,61.96882701931524
64036.03137803078,694,61.94126184437776
64192.90520262718,695,61.931244059897615
64339.12519264221,696,61.92237523481043
64349.99656891823,697,61.83410759423101
64495.64774918556,698,61.83410759423101
64638.15902924538,699,61.83410759423101
64775.86391091347,700,61.83410759423101
64914.05875134468,701,61.83410759423101
65057.084337711334,702,61.773500589096464
65193.196937561035,703,61.773500589096464
65331.855962991714,704,61.773500589096464
65478.34520173073,705,61.773500589096464
65621.05863523483,706,61.773500589096464
65766.67809081078,707,61.773500589096464
65777.29378199577,708,61.71646445726587
65917.67731285095,709,61.71646445726587
66057.91915798187,710,61.71646445726587
66204.76878929138,711,61.62367680145299
66338.08285832405,712,61.62367680145299
66488.03699684143,713,61.62367680145299
66621.29171204567,714,61.62367680145299
66752.67618179321,715,61.62367680145299
66891.21714305878,716,61.6222452647089
67021.63580083847,717,61.6222452647089
67161.87176299095,718,61.60857947265933
67172.43978238106,719,61.57471756169883
67309.86490225792,720,61.54731331212961
67448.09297204018,721,61.54731331212961
67597.38433122635,722,61.54731331212961
67733.34542107582,723,61.54731331212961
67873.10157418251,724,61.54731331212961
67883.68820691109,725,61.49671704623343
68030.17212152481,726,61.49671704623343
68166.28492355347,727,61.49671704623343
68305.02953124046,728,61.49671704623343
68437.56442260742,729,61.49671704623343
68574.82397699356,730,61.49671704623343
68585.88862514496,731,61.48698017588502
68722.46211457253,732,61.48698017588502
68859.10300970078,733,61.47800979788077
69000.7984175682,734,61.47800979788077
69128.91350007057,735,61.47800979788077
69271.24267435074,736,61.47800979788077
69404.78751826286,737,61.47800979788077
69415.48569059372,738,61.43359325572493
69560.03600001335,739,61.41835778831882
69700.30675435066,740,61.41835778831882
69841.104180336,741,61.3603028558324
69972.45820355415,742,61.3603028558324
70107.53106379509,743,61.3603028558324
70240.95799708366,744,61.3603028558324
70379.26691246033,745,61.3603028558324
70517.40199494362,746,61.3603028558324
70669.81814575195,747,61.358646037854285
70799.61858725548,748,61.358646037854285
70937.3451154232,749,61.358646037854285
71084.68917131424,750,61.35135866317724
71095.2190914154,751,61.34714242794699
71229.2006175518,752,61.34714242794699
71369.97066497803,753,61.30630390872552
71512.16361546516,754,61.30630390872552
71653.10903692245,755,61.29886418814442
71799.18545770645,756,61.29886418814442
71936.30526804924,757,61.29886418814442
72071.2853705883,758,61.29864257256154
72210.1086947918,759,61.26950098639645
72349.18495225906,760,61.26950098639645
72488.7012462616,761,61.190601328261714
72626.2742562294,762,61.190601328261714
72766.09527158737,763,61.190601328261714
72902.66433501244,764,61.190601328261714
73039.09105181694,765,61.190601328261714
73176.57808160782,766,61.190601328261714
73314.61881971359,767,61.190601328261714
73324.88047909737,768,61.19001622845606
73463.96247196198,769,61.19001622845606
73601.95146751404,770,61.19001622845606
73740.92841482162,771,61.19001622845606
73870.0521929264,772,61.19001622845606
74001.68166780472,773,61.13971017846665
74143.9300262928,774,61.13971017846665
74286.33917665482,775,61.10699093947292
74422.85799264908,776,61.10699093947292
74563.35540342331,777,61.10699093947292
74701.0210723877,778,61.10699093947292
74843.8855202198,779,61.03547784303747
74977.54515480995,780,61.03547784303747
75110.1801931858,781,61.03547784303747
75247.03019571304,782,61.03547784303747
75396.45886063576,783,61.03547784303747
75524.91302156448,784,61.03547784303747
75656.32915472984,785,60.91661772134663
75799.89040088654,786,60.91661772134663
75933.9815773964,787,60.91661772134663
76074.28018426895,788,60.89982835333892
76209.84778547287,789,60.89982835333892
76342.48202323914,790,60.89743842614552
76480.63800239563,791,60.89743842614552
76620.57700777054,792,60.89743842614552
76758.70727610588,793,60.89743842614552
76898.09883451462,794,60.882455680121495
77030.68153762817,795,60.882455680121495
77164.2850728035,796,60.882455680121495
77299.649143219,797,60.87848526249682
77448.33494734764,798,60.87848526249682
77588.6827993393,799,60.87848526249682
77727.27696967125,800,60.87848526249682
77873.26663923264,801,60.87848526249682
78012.6648015976,802,60.870127961471354
78151.9257478714,803,60.870127961471354
78287.68008255959,804,60.850226826927106
78298.46516537666,805,60.849349774724146
78442.33173203468,806,60.83426868985621
78576.66956710815,807,60.83426868985621
78722.20087337494,808,60.82742197135766
78864.62256550789,809,60.82742197135766
78998.2238278389,810,60.82742197135766
79131.27492642403,811,60.82742197135766
79266.66571807861,812,60.82742197135766
79277.0432240963,813,60.80837938160135
79414.49699449539,814,60.80837938160135
79550.16155910492,815,60.80828628211397
79686.24886894226,816,60.760637767221105
79829.66204237938,817,60.760637767221105
79968.53976941109,818,60.760637767221105
80108.73745417595,819,60.760637767221105
80119.44138908386,820,60.74766817067459
80262.38098335266,821,60.74766817067459
80395.37722635269,822,60.74654104774598
80532.60871624947,823,60.74654104774598
80672.85409784317,824,60.74615748266726
80824.04685926437,825,60.741538989284635
80834.85419368744,826,60.72206305698492
80972.51155281067,827,60.72206305698492
81115.91551756859,828,60.700963970234035
81126.68907475471,829,60.69454878400359
81268.2251560688,830,60.69454878400359
81399.89050745964,831,60.69454878400359
81410.8191215992,832,60.66646337125971
81547.44974136353,833,60.66646337125971
81689.75037908554,834,60.66646337125971
81827.45116376877,835,60.66646337125971
81966.43748450279,836,60.62877685175422
82100.48255300522,837,60.62877685175422
82237.15913033485,838,60.62877685175422
82382.21704125404,839,60.62877685175422
82512.50213909149,840,60.62877685175422
82649.0579149723,841,60.62877685175422
82780.39826583862,842,60.62751661279056
82910.18282699585,843,60.62751661279056
83041.02252268791,844,60.62751661279056
83051.16612243652,845,60.61399729117455
83183.2569732666,846,60.60377136655904
83318.04553580284,847,60.601075270849016
83445.99863743782,848,60.601075270849016
83456.78053331375,849,60.593364915756084
83594.52200293541,850,60.43705326606506
83727.57855844498,851,60.43705326606506
83860.63649725914,852,60.43705326606506
83993.79229259491,853,60.43588517287878
84124.90737175941,854,60.43588517287878
84252.67043447495,855,60.43588517287878
84377.7993850708,856,60.43588517287878
84511.29282426834,857,60.43588517287878
84645.21159791946,858,60.43588517287878
84777.75031399727,859,60.43588517287878
