Record started: 2022-07-25 16:50:16.188674 (Original fitness from cfg file: 808.5767737220115)
['EXTERN', 'False']
['MDEXEC', 'python3']
['PSF', 'Molecules/dca/dca.psf']
['CRD', 'Molecules/dca/dca.crd']
['PARAMS', 'Molecules/dca/toppar.str']
['VARFILE', 'Molecules/dca/il_pol_04.prm']
['MDINP', 'Molecules/dca/freq.py']
['MDOUT', '/dev/shm/dcaopt.log']
['QMOUT', '/site/raid4/andras/sandbox/students/jonathan/dca_normalmodes.out']
['PARAM_FILENAME', 'FF_GenOpt_results/dca/parameters.str']
['POPULATION_FILENAME', 'FF_GenOpt_results/dca/lastPopulation_dca.txt']
['LOG_FILENAME', 'FF_GenOpt_results/dca/convergence_dca.log']
['GENERATIONS', '10000']
['POPULATION_SIZE', '200']
['MUTATIONS_PER_GENERATION', '50']
['STEP_SIZE', '0.05']
['CROSSOVER_BLX', '0.7']
['CROSSOVER_SBX', '0.25']
['CROSSOVER_UNIFORM', '0.05']
['MINIMUM_IMPROVEMENT', '0.0001']
['MINIMUM_DIVERSITY', '0.0001']
['PARAMETER', 'dcab1', 'bond', '0', '1000', '509.50']
['PARAMETER', 'dcab2', 'bond', '0', '1500', '994.70']
['PARAMETER', 'dcaa1', 'angle', '0', '200', '66.000']
['PARAMETER', 'dcaa2', 'angle', '0', '200', '65.040']
['PARAMETER', 'dcad1', 'dihedral', '-30', '30', '0.000']
['PARAMETER', 'dcad2', 'dihedral', '-30', '30', '0.000']

Gen	BestF	MeanF	TEvals	GEvals	REvals	t	t/eval	Delta	Improv	Divers
Record started: 2022-07-25 17:26:45.204306 (Original fitness from cfg file: 808.5767737220115)
['EXTERN', 'False']
['MDEXEC', 'python3']
['PSF', 'Molecules/dca/dca.psf']
['CRD', 'Molecules/dca/dca.crd']
['PARAMS', 'Molecules/dca/toppar.str']
['VARFILE', 'Molecules/dca/il_pol_04.prm']
['MDINP', 'Molecules/dca/freq.py']
['MDOUT', '/dev/shm/dcaopt.log']
['QMOUT', '/site/raid4/andras/sandbox/students/jonathan/dca_normalmodes.out']
['PARAM_FILENAME', 'FF_GenOpt_results/dca/parameters.str']
['POPULATION_FILENAME', 'FF_GenOpt_results/dca/lastPopulation_dca.txt']
['LOG_FILENAME', 'FF_GenOpt_results/dca/convergence_dca.log']
['GENERATIONS', '10000']
['POPULATION_SIZE', '200']
['MUTATIONS_PER_GENERATION', '50']
['STEP_SIZE', '0.05']
['CROSSOVER_BLX', '0.7']
['CROSSOVER_SBX', '0.25']
['CROSSOVER_UNIFORM', '0.05']
['MINIMUM_IMPROVEMENT', '0.0001']
['MINIMUM_DIVERSITY', '0.0001']
['PARAMETER', 'dcab1', 'bond', '0', '1000', '509.50']
['PARAMETER', 'dcab2', 'bond', '0', '1500', '994.70']
['PARAMETER', 'dcaa1', 'angle', '0', '200', '66.000']
['PARAMETER', 'dcaa2', 'angle', '0', '200', '65.040']
['PARAMETER', 'dcad1', 'dihedral', '-30', '30', '0.000']
['PARAMETER', 'dcad2', 'dihedral', '-30', '30', '0.000']

Gen	BestF	MeanF	TEvals	GEvals	REvals	t	t/eval	Delta	Improv	Divers
Record started: 2022-07-26 08:52:11.954886 (Original fitness from cfg file: 808.5767737220115)
['EXTERN', 'False']
['MDEXEC', 'python3']
['PSF', 'Molecules/dca/dca.psf']
['CRD', 'Molecules/dca/dca.crd']
['PARAMS', 'Molecules/dca/toppar.str']
['VARFILE', 'Molecules/dca/il_pol_04.prm']
['MDINP', 'Molecules/dca/freq.py']
['MDOUT', '/dev/shm/dcaopt.log']
['QMOUT', '/site/raid4/andras/sandbox/students/jonathan/dca_normalmodes.out']
['PARAM_FILENAME', 'FF_GenOpt_results/dca/parameters.str']
['POPULATION_FILENAME', 'FF_GenOpt_results/dca/lastPopulation_dca.txt']
['LOG_FILENAME', 'FF_GenOpt_results/dca/convergence_dca.log']
['GENERATIONS', '10000']
['POPULATION_SIZE', '20']
['MUTATIONS_PER_GENERATION', '50']
['STEP_SIZE', '0.05']
['CROSSOVER_BLX', '0.7']
['CROSSOVER_SBX', '0.25']
['CROSSOVER_UNIFORM', '0.05']
['MINIMUM_IMPROVEMENT', '0.0001']
['MINIMUM_DIVERSITY', '0.0001']
['PARAMETER', 'dcab1', 'bond', '0', '1000', '509.50']
['PARAMETER', 'dcab2', 'bond', '0', '1500', '994.70']
['PARAMETER', 'dcaa1', 'angle', '0', '200', '66.000']
['PARAMETER', 'dcaa2', 'angle', '0', '200', '65.040']
['PARAMETER', 'dcad1', 'dihedral', '-30', '30', '0.000']
['PARAMETER', 'dcad2', 'dihedral', '-30', '30', '0.000']

Gen	BestF	MeanF	TEvals	GEvals	REvals	t	t/eval	Delta	Improv	Divers
1	191.82	465.60	132	131	1	846.28	6.41	139.04	1.05	129661.76
Record started: 2022-07-26 09:16:56.017950 (Original fitness from cfg file: 808.5767737220115)
['EXTERN', 'False']
['MDEXEC', 'python3']
['PSF', 'Molecules/dca/dca.psf']
['CRD', 'Molecules/dca/dca.crd']
['PARAMS', 'Molecules/dca/toppar.str']
['VARFILE', 'Molecules/dca/il_pol_04.prm']
['MDINP', 'Molecules/dca/freq.py']
['MDOUT', '/dev/shm/dcaopt.log']
['QMOUT', '/site/raid4/andras/sandbox/students/jonathan/dca_normalmodes.out']
['PARAM_FILENAME', 'FF_GenOpt_results/dca/parameters.str']
['POPULATION_FILENAME', 'FF_GenOpt_results/dca/lastPopulation_dca.txt']
['LOG_FILENAME', 'FF_GenOpt_results/dca/convergence_dca.log']
['GENERATIONS', '10000']
['POPULATION_SIZE', '20']
['MUTATIONS_PER_GENERATION', '50']
['STEP_SIZE', '0.05']
['CROSSOVER_BLX', '0.7']
['CROSSOVER_SBX', '0.25']
['CROSSOVER_UNIFORM', '0.05']
['MINIMUM_IMPROVEMENT', '0.0001']
['MINIMUM_DIVERSITY', '0.0001']
['PARAMETER', 'dcab1', 'bond', '0', '1000', '509.50']
['PARAMETER', 'dcab2', 'bond', '0', '1500', '994.70']
['PARAMETER', 'dcaa1', 'angle', '0', '200', '66.000']
['PARAMETER', 'dcaa2', 'angle', '0', '200', '65.040']
['PARAMETER', 'dcad1', 'dihedral', '-30', '30', '0.000']
['PARAMETER', 'dcad2', 'dihedral', '-30', '30', '0.000']

Gen	BestF	MeanF	TEvals	GEvals	REvals	t	t/eval	Delta	Improv	Divers
Record started: 2022-07-26 09:28:18.115218 (Original fitness from cfg file: 808.5767737220115)
['EXTERN', 'False']
['MDEXEC', 'python3']
['PSF', 'Molecules/dca/dca.psf']
['CRD', 'Molecules/dca/dca.crd']
['PARAMS', 'Molecules/dca/toppar.str']
['VARFILE', 'Molecules/dca/il_pol_04.prm']
['MDINP', 'Molecules/dca/freq.py']
['MDOUT', '/dev/shm/dcaopt.log']
['QMOUT', '/site/raid4/andras/sandbox/students/jonathan/dca_normalmodes.out']
['PARAM_FILENAME', 'FF_GenOpt_results/dca/parameters.str']
['POPULATION_FILENAME', 'FF_GenOpt_results/dca/lastPopulation_dca.txt']
['LOG_FILENAME', 'FF_GenOpt_results/dca/convergence_dca.log']
['GENERATIONS', '10000']
['POPULATION_SIZE', '20']
['MUTATIONS_PER_GENERATION', '50']
['STEP_SIZE', '0.05']
['CROSSOVER_BLX', '0.7']
['CROSSOVER_SBX', '0.25']
['CROSSOVER_UNIFORM', '0.05']
['MINIMUM_IMPROVEMENT', '0.0001']
['MINIMUM_DIVERSITY', '0.0001']
['PARAMETER', 'dcab1', 'bond', '0', '1000', '509.50']
['PARAMETER', 'dcab2', 'bond', '0', '1500', '994.70']
['PARAMETER', 'dcaa1', 'angle', '0', '200', '66.000']
['PARAMETER', 'dcaa2', 'angle', '0', '200', '65.040']
['PARAMETER', 'dcad1', 'dihedral', '-30', '30', '0.000']
['PARAMETER', 'dcad2', 'dihedral', '-30', '30', '0.000']

Gen	BestF	MeanF	TEvals	GEvals	REvals	t	t/eval	Delta	Improv	Divers
Record started: 2022-07-26 09:38:26.119846 (Original fitness from cfg file: 869.6730977075454)
['EXTERN', 'False']
['MDEXEC', 'python3']
['PSF', 'Molecules/dca/dca.psf']
['CRD', 'Molecules/dca/dca.crd']
['PARAMS', 'Molecules/dca/toppar.str']
['VARFILE', 'Molecules/dca/il_pol_04.prm']
['MDINP', 'Molecules/dca/freq.py']
['MDOUT', '/dev/shm/dcaopt.log']
['QMOUT', '/site/raid4/andras/sandbox/students/jonathan/dca_normalmodes.out']
['PARAM_FILENAME', 'FF_GenOpt_results/dca/parameters.str']
['POPULATION_FILENAME', 'FF_GenOpt_results/dca/lastPopulation_dca.txt']
['LOG_FILENAME', 'FF_GenOpt_results/dca/convergence_dca.log']
['GENERATIONS', '10000']
['POPULATION_SIZE', '20']
['MUTATIONS_PER_GENERATION', '50']
['STEP_SIZE', '0.05']
['CROSSOVER_BLX', '0.7']
['CROSSOVER_SBX', '0.25']
['CROSSOVER_UNIFORM', '0.05']
['MINIMUM_IMPROVEMENT', '0.0001']
['MINIMUM_DIVERSITY', '0.0001']
['PARAMETER', 'dcab1', 'bond', '0', '1000', '509.50']
['PARAMETER', 'dcab2', 'bond', '0', '1500', '994.70']
['PARAMETER', 'dcaa1', 'angle', '0', '200', '66.000']
['PARAMETER', 'dcaa2', 'angle', '0', '200', '65.040']
['PARAMETER', 'dcad1', 'dihedral', '-30', '30', '0.000']
['PARAMETER', 'dcad2', 'dihedral', '-30', '30', '0.000']

Gen	BestF	MeanF	TEvals	GEvals	REvals	t	t/eval	Delta	Improv	Divers
Record started: 2022-07-26 09:48:26.918149 (Original fitness from cfg file: 808.5767737220115)
['EXTERN', 'False']
['MDEXEC', 'python3']
['PSF', 'Molecules/dca/dca.psf']
['CRD', 'Molecules/dca/dca.crd']
['PARAMS', 'Molecules/dca/toppar.str']
['VARFILE', 'Molecules/dca/il_pol_04.prm']
['MDINP', 'Molecules/dca/freq.py']
['MDOUT', '/dev/shm/dcaopt.log']
['QMOUT', '/site/raid4/andras/sandbox/students/jonathan/dca_normalmodes.out']
['PARAM_FILENAME', 'FF_GenOpt_results/dca/parameters.str']
['POPULATION_FILENAME', 'FF_GenOpt_results/dca/lastPopulation_dca.txt']
['LOG_FILENAME', 'FF_GenOpt_results/dca/convergence_dca.log']
['GENERATIONS', '10000']
['POPULATION_SIZE', '20']
['MUTATIONS_PER_GENERATION', '50']
['STEP_SIZE', '0.05']
['CROSSOVER_BLX', '0.7']
['CROSSOVER_SBX', '0.25']
['CROSSOVER_UNIFORM', '0.05']
['MINIMUM_IMPROVEMENT', '0.0001']
['MINIMUM_DIVERSITY', '0.0001']
['PARAMETER', 'dcab1', 'bond', '0', '1000', '509.50']
['PARAMETER', 'dcab2', 'bond', '0', '1500', '994.70']
['PARAMETER', 'dcaa1', 'angle', '0', '200', '66.000']
['PARAMETER', 'dcaa2', 'angle', '0', '200', '65.040']
['PARAMETER', 'dcad1', 'dihedral', '-30', '30', '0.000']
['PARAMETER', 'dcad2', 'dihedral', '-30', '30', '0.000']

Gen	BestF	MeanF	TEvals	GEvals	REvals	t	t/eval	Delta	Improv	Divers
Record started: 2022-07-26 10:05:01.610067 (Original fitness from cfg file: 808.5767737220115)
['EXTERN', 'False']
['MDEXEC', 'python3']
['PSF', 'Molecules/dca/dca.psf']
['CRD', 'Molecules/dca/dca.crd']
['PARAMS', 'Molecules/dca/toppar.str']
['VARFILE', 'Molecules/dca/il_pol_04.prm']
['MDINP', 'Molecules/dca/freq.py']
['MDOUT', '/dev/shm/dcaopt.log']
['QMOUT', '/site/raid4/andras/sandbox/students/jonathan/dca_normalmodes.out']
['PARAM_FILENAME', 'FF_GenOpt_results/dca/parameters.str']
['POPULATION_FILENAME', 'FF_GenOpt_results/dca/lastPopulation_dca.txt']
['LOG_FILENAME', 'FF_GenOpt_results/dca/convergence_dca.log']
['GENERATIONS', '10000']
['POPULATION_SIZE', '20']
['MUTATIONS_PER_GENERATION', '50']
['STEP_SIZE', '0.05']
['CROSSOVER_BLX', '0.7']
['CROSSOVER_SBX', '0.25']
['CROSSOVER_UNIFORM', '0.05']
['MINIMUM_IMPROVEMENT', '0.0001']
['MINIMUM_DIVERSITY', '0.0001']
['PARAMETER', 'dcab1', 'bond', '0', '1000', '509.50']
['PARAMETER', 'dcab2', 'bond', '0', '1500', '994.70']
['PARAMETER', 'dcaa1', 'angle', '0', '200', '66.000']
['PARAMETER', 'dcaa2', 'angle', '0', '200', '65.040']
['PARAMETER', 'dcad1', 'dihedral', '-30', '30', '0.000']
['PARAMETER', 'dcad2', 'dihedral', '-30', '30', '0.000']

Gen	BestF	MeanF	TEvals	GEvals	REvals	t	t/eval	Delta	Improv	Divers
Record started: 2022-07-26 10:10:46.193120 (Original fitness from cfg file: 808.5767737220115)
['EXTERN', 'False']
['MDEXEC', 'python3']
['PSF', 'Molecules/dca/dca.psf']
['CRD', 'Molecules/dca/dca.crd']
['PARAMS', 'Molecules/dca/toppar.str']
['VARFILE', 'Molecules/dca/il_pol_04.prm']
['MDINP', 'Molecules/dca/freq.py']
['MDOUT', '/dev/shm/dcaopt.log']
['QMOUT', '/site/raid4/andras/sandbox/students/jonathan/dca_normalmodes.out']
['PARAM_FILENAME', 'FF_GenOpt_results/dca/parameters.str']
['POPULATION_FILENAME', 'FF_GenOpt_results/dca/lastPopulation_dca.txt']
['LOG_FILENAME', 'FF_GenOpt_results/dca/convergence_dca.log']
['GENERATIONS', '10000']
['POPULATION_SIZE', '20']
['MUTATIONS_PER_GENERATION', '50']
['STEP_SIZE', '0.05']
['CROSSOVER_BLX', '0.7']
['CROSSOVER_SBX', '0.25']
['CROSSOVER_UNIFORM', '0.05']
['MINIMUM_IMPROVEMENT', '0.0001']
['MINIMUM_DIVERSITY', '0.0001']
['PARAMETER', 'dcab1', 'bond', '0', '1000', '509.50']
['PARAMETER', 'dcab2', 'bond', '0', '1500', '994.70']
['PARAMETER', 'dcaa1', 'angle', '0', '200', '66.000']
['PARAMETER', 'dcaa2', 'angle', '0', '200', '65.040']
['PARAMETER', 'dcad1', 'dihedral', '-30', '30', '0.000']
['PARAMETER', 'dcad2', 'dihedral', '-30', '30', '0.000']

Gen	BestF	MeanF	TEvals	GEvals	REvals	t	t/eval	Delta	Improv	Divers
Record started: 2022-07-26 10:17:10.209690 (Original fitness from cfg file: 808.5767737220115)
['EXTERN', 'False']
['MDEXEC', 'python3']
['PSF', 'Molecules/dca/dca.psf']
['CRD', 'Molecules/dca/dca.crd']
['PARAMS', 'Molecules/dca/toppar.str']
['VARFILE', 'Molecules/dca/il_pol_04.prm']
['MDINP', 'Molecules/dca/freq.py']
['MDOUT', '/dev/shm/dcaopt.log']
['QMOUT', '/site/raid4/andras/sandbox/students/jonathan/dca_normalmodes.out']
['PARAM_FILENAME', 'FF_GenOpt_results/dca/parameters.str']
['POPULATION_FILENAME', 'FF_GenOpt_results/dca/lastPopulation_dca.txt']
['LOG_FILENAME', 'FF_GenOpt_results/dca/convergence_dca.log']
['GENERATIONS', '10000']
['POPULATION_SIZE', '20']
['MUTATIONS_PER_GENERATION', '50']
['STEP_SIZE', '0.05']
['CROSSOVER_BLX', '0.7']
['CROSSOVER_SBX', '0.25']
['CROSSOVER_UNIFORM', '0.05']
['MINIMUM_IMPROVEMENT', '0.0001']
['MINIMUM_DIVERSITY', '0.0001']
['PARAMETER', 'dcab1', 'bond', '0', '1000', '509.50']
['PARAMETER', 'dcab2', 'bond', '0', '1500', '994.70']
['PARAMETER', 'dcaa1', 'angle', '0', '200', '66.000']
['PARAMETER', 'dcaa2', 'angle', '0', '200', '65.040']
['PARAMETER', 'dcad1', 'dihedral', '-30', '30', '0.000']
['PARAMETER', 'dcad2', 'dihedral', '-30', '30', '0.000']

Gen	BestF	MeanF	TEvals	GEvals	REvals	t	t/eval	Delta	Improv	Divers
Record started: 2022-07-26 10:27:41.440168 (Original fitness from cfg file: 808.5767737220115)
['EXTERN', 'False']
['MDEXEC', 'python3']
['PSF', 'Molecules/dca/dca.psf']
['CRD', 'Molecules/dca/dca.crd']
['PARAMS', 'Molecules/dca/toppar.str']
['VARFILE', 'Molecules/dca/il_pol_04.prm']
['MDINP', 'Molecules/dca/freq.py']
['MDOUT', '/dev/shm/dcaopt.log']
['QMOUT', '/site/raid4/andras/sandbox/students/jonathan/dca_normalmodes.out']
['PARAM_FILENAME', 'FF_GenOpt_results/dca/parameters.str']
['POPULATION_FILENAME', 'FF_GenOpt_results/dca/lastPopulation_dca.txt']
['LOG_FILENAME', 'FF_GenOpt_results/dca/convergence_dca.log']
['GENERATIONS', '10000']
['POPULATION_SIZE', '20']
['MUTATIONS_PER_GENERATION', '50']
['STEP_SIZE', '0.05']
['CROSSOVER_BLX', '0.7']
['CROSSOVER_SBX', '0.25']
['CROSSOVER_UNIFORM', '0.05']
['MINIMUM_IMPROVEMENT', '0.0001']
['MINIMUM_DIVERSITY', '0.0001']
['PARAMETER', 'dcab1', 'bond', '0', '1000', '509.50']
['PARAMETER', 'dcab2', 'bond', '0', '1500', '994.70']
['PARAMETER', 'dcaa1', 'angle', '0', '200', '66.000']
['PARAMETER', 'dcaa2', 'angle', '0', '200', '65.040']
['PARAMETER', 'dcad1', 'dihedral', '-30', '30', '0.000']
['PARAMETER', 'dcad2', 'dihedral', '-30', '30', '0.000']

Gen	BestF	MeanF	TEvals	GEvals	REvals	t	t/eval	Delta	Improv	Divers
Record started: 2022-07-26 10:36:05.151982 (Original fitness from cfg file: 808.5767737220115)
['EXTERN', 'False']
['MDEXEC', 'python3']
['PSF', 'Molecules/dca/dca.psf']
['CRD', 'Molecules/dca/dca.crd']
['PARAMS', 'Molecules/dca/toppar.str']
['VARFILE', 'Molecules/dca/il_pol_04.prm']
['MDINP', 'Molecules/dca/freq.py']
['MDOUT', '/dev/shm/dcaopt.log']
['QMOUT', '/site/raid4/andras/sandbox/students/jonathan/dca_normalmodes.out']
['PARAM_FILENAME', 'FF_GenOpt_results/dca/parameters.str']
['POPULATION_FILENAME', 'FF_GenOpt_results/dca/lastPopulation_dca.txt']
['LOG_FILENAME', 'FF_GenOpt_results/dca/convergence_dca.log']
['GENERATIONS', '10000']
['POPULATION_SIZE', '20']
['MUTATIONS_PER_GENERATION', '50']
['STEP_SIZE', '0.05']
['CROSSOVER_BLX', '0.7']
['CROSSOVER_SBX', '0.25']
['CROSSOVER_UNIFORM', '0.05']
['MINIMUM_IMPROVEMENT', '0.0001']
['MINIMUM_DIVERSITY', '0.0001']
['PARAMETER', 'dcab1', 'bond', '0', '1000', '509.50']
['PARAMETER', 'dcab2', 'bond', '0', '1500', '994.70']
['PARAMETER', 'dcaa1', 'angle', '0', '200', '66.000']
['PARAMETER', 'dcaa2', 'angle', '0', '200', '65.040']
['PARAMETER', 'dcad1', 'dihedral', '-30', '30', '0.000']
['PARAMETER', 'dcad2', 'dihedral', '-30', '30', '0.000']

Gen	BestF	MeanF	TEvals	GEvals	REvals	t	t/eval	Delta	Improv	Divers
Record started: 2022-07-26 10:40:42.738277 (Original fitness from cfg file: 808.5767737220115)
['EXTERN', 'False']
['MDEXEC', 'python3']
['PSF', 'Molecules/dca/dca.psf']
['CRD', 'Molecules/dca/dca.crd']
['PARAMS', 'Molecules/dca/toppar.str']
['VARFILE', 'Molecules/dca/il_pol_04.prm']
['MDINP', 'Molecules/dca/freq.py']
['MDOUT', '/dev/shm/dcaopt.log']
['QMOUT', '/site/raid4/andras/sandbox/students/jonathan/dca_normalmodes.out']
['PARAM_FILENAME', 'FF_GenOpt_results/dca/parameters.str']
['POPULATION_FILENAME', 'FF_GenOpt_results/dca/lastPopulation_dca.txt']
['LOG_FILENAME', 'FF_GenOpt_results/dca/convergence_dca.log']
['GENERATIONS', '10000']
['POPULATION_SIZE', '20']
['MUTATIONS_PER_GENERATION', '50']
['STEP_SIZE', '0.05']
['CROSSOVER_BLX', '0.7']
['CROSSOVER_SBX', '0.25']
['CROSSOVER_UNIFORM', '0.05']
['MINIMUM_IMPROVEMENT', '0.0001']
['MINIMUM_DIVERSITY', '0.0001']
['PARAMETER', 'dcab1', 'bond', '0', '1000', '509.50']
['PARAMETER', 'dcab2', 'bond', '0', '1500', '994.70']
['PARAMETER', 'dcaa1', 'angle', '0', '200', '66.000']
['PARAMETER', 'dcaa2', 'angle', '0', '200', '65.040']
['PARAMETER', 'dcad1', 'dihedral', '-30', '30', '0.000']
['PARAMETER', 'dcad2', 'dihedral', '-30', '30', '0.000']

Gen	BestF	MeanF	TEvals	GEvals	REvals	t	t/eval	Delta	Improv	Divers
Record started: 2022-07-26 10:45:13.198556 (Original fitness from cfg file: 808.5767737220115)
['EXTERN', 'False']
['MDEXEC', 'python3']
['PSF', 'Molecules/dca/dca.psf']
['CRD', 'Molecules/dca/dca.crd']
['PARAMS', 'Molecules/dca/toppar.str']
['VARFILE', 'Molecules/dca/il_pol_04.prm']
['MDINP', 'Molecules/dca/freq.py']
['MDOUT', '/dev/shm/dcaopt.log']
['QMOUT', '/site/raid4/andras/sandbox/students/jonathan/dca_normalmodes.out']
['PARAM_FILENAME', 'FF_GenOpt_results/dca/parameters.str']
['POPULATION_FILENAME', 'FF_GenOpt_results/dca/lastPopulation_dca.txt']
['LOG_FILENAME', 'FF_GenOpt_results/dca/convergence_dca.log']
['GENERATIONS', '10000']
['POPULATION_SIZE', '20']
['MUTATIONS_PER_GENERATION', '50']
['STEP_SIZE', '0.05']
['CROSSOVER_BLX', '0.7']
['CROSSOVER_SBX', '0.25']
['CROSSOVER_UNIFORM', '0.05']
['MINIMUM_IMPROVEMENT', '0.0001']
['MINIMUM_DIVERSITY', '0.0001']
['PARAMETER', 'dcab1', 'bond', '0', '1000', '509.50']
['PARAMETER', 'dcab2', 'bond', '0', '1500', '994.70']
['PARAMETER', 'dcaa1', 'angle', '0', '200', '66.000']
['PARAMETER', 'dcaa2', 'angle', '0', '200', '65.040']
['PARAMETER', 'dcad1', 'dihedral', '-30', '30', '0.000']
['PARAMETER', 'dcad2', 'dihedral', '-30', '30', '0.000']

Gen	BestF	MeanF	TEvals	GEvals	REvals	t	t/eval	Delta	Improv	Divers
Record started: 2022-07-26 11:15:23.524265 (Original fitness from cfg file: 808.5767737220115)
['EXTERN', 'False']
['MDEXEC', 'python3']
['PSF', 'Molecules/dca/dca.psf']
['CRD', 'Molecules/dca/dca.crd']
['PARAMS', 'Molecules/dca/toppar.str']
['VARFILE', 'Molecules/dca/il_pol_04.prm']
['MDINP', 'Molecules/dca/freq.py']
['MDOUT', '/dev/shm/dcaopt.log']
['QMOUT', '/site/raid4/andras/sandbox/students/jonathan/dca_normalmodes.out']
['PARAM_FILENAME', 'FF_GenOpt_results/dca/parameters.str']
['POPULATION_FILENAME', 'FF_GenOpt_results/dca/lastPopulation_dca.txt']
['LOG_FILENAME', 'FF_GenOpt_results/dca/convergence_dca.log']
['GENERATIONS', '10000']
['POPULATION_SIZE', '20']
['MUTATIONS_PER_GENERATION', '50']
['STEP_SIZE', '0.05']
['CROSSOVER_BLX', '0.7']
['CROSSOVER_SBX', '0.25']
['CROSSOVER_UNIFORM', '0.05']
['MINIMUM_IMPROVEMENT', '0.0001']
['MINIMUM_DIVERSITY', '0.0001']
['PARAMETER', 'dcab1', 'bond', '0', '1000', '509.50']
['PARAMETER', 'dcab2', 'bond', '0', '1500', '994.70']
['PARAMETER', 'dcaa1', 'angle', '0', '200', '66.000']
['PARAMETER', 'dcaa2', 'angle', '0', '200', '65.040']
['PARAMETER', 'dcad1', 'dihedral', '-30', '30', '0.000']
['PARAMETER', 'dcad2', 'dihedral', '-30', '30', '0.000']

Gen	BestF	MeanF	TEvals	GEvals	REvals	t	t/eval	Delta	Improv	Divers
1	260.51	349.68	135	114	21	890.12	6.59	44.84	0.33	3170.22
