1
                 Chemistry at HARvard Macromolecular Mechanics
           (CHARMM) - Developmental Version 43a1     August 15, 2017            
       Copyright(c) 1984-2014  President and Fellows of Harvard College
                              All Rights Reserved
  Current operating system: Linux-4.9.0-14-amd64(x86_64)@chi.mdy.univie.ac.at   
                 Created on  4/27/21 at  7:47:38 by user: aleksandar  

            Maximum number of ATOMS:    360720, and RESidues:      120240
 RDTITL> * CHARMM NORMAL MODE
 RDTITL> *
  
 CHARMM>    !stream bonds.str
 CHARMM>    !stream angles.str
 CHARMM>    !stream dihedrals.str
 CHARMM>    !
 CHARMM>    !stream new.par
 CHARMM>    stream "/home/aleksandar/Project/Molecules/im1h_clap/tempfiles/parameters.str"
 VOPEN> Attempting to open::/home/aleksandar/Project/Molecules/im1h_clap/tempfiles/parameters.str::
 OPNLGU> Unit 99 opened for READONLY access to /home/aleksandar/Project/Molecules/im1h_clap/tempfiles/parameters.str

                    INPUT STREAM SWITCHING TO UNIT    99
 RDTITL> SET IM1HB1 242.94066640254644
 RDTITL> No title read.

      ***** LEVEL  1 WARNING FROM <RDTITL> *****
      ***** Title expected.
      ******************************************
      BOMLEV (  0) IS NOT REACHED. WRNLEV IS  5

 Parameter: IN1 <- "" <empty>
  
 CHARMM>    set im1hb1 242.94066640254644
 Parameter: IM1HB1 <- "242.94066640254644"
  
 CHARMM>    set im1hb2 444.89194819330726
 Parameter: IM1HB2 <- "444.89194819330726"
  
 CHARMM>    set im1hb3 38.05217022535416
 Parameter: IM1HB3 <- "38.05217022535416"
  
 CHARMM>    set im1hb4 496.27334004092177
 Parameter: IM1HB4 <- "496.27334004092177"
  
 CHARMM>    set im1hb5 95.65520709531435
 Parameter: IM1HB5 <- "95.65520709531435"
  
 CHARMM>    set im1hb6 484.53496024353024
 Parameter: IM1HB6 <- "484.53496024353024"
  
 CHARMM>    set im1hb7 304.7248283706699
 Parameter: IM1HB7 <- "304.7248283706699"
  
 CHARMM>    set im1hb8 82.37861722710012
 Parameter: IM1HB8 <- "82.37861722710012"
  
 CHARMM>    set im1ha1 35.951197852530385
 Parameter: IM1HA1 <- "35.951197852530385"
  
 CHARMM>    set im1ha2 48.50428254427983
 Parameter: IM1HA2 <- "48.50428254427983"
  
 CHARMM>    set im1ha3 128.8297877027341
 Parameter: IM1HA3 <- "128.8297877027341"
  
 CHARMM>    set im1ha4 109.80478548319294
 Parameter: IM1HA4 <- "109.80478548319294"
  
 CHARMM>    set im1ha5 92.85341062166823
 Parameter: IM1HA5 <- "92.85341062166823"
  
 CHARMM>    set im1ha6 201.6136486871748
 Parameter: IM1HA6 <- "201.6136486871748"
  
 CHARMM>    set im1ha7 157.1889065622388
 Parameter: IM1HA7 <- "157.1889065622388"
  
 CHARMM>    set im1ha8 165.659546794914
 Parameter: IM1HA8 <- "165.659546794914"
  
 CHARMM>    set im1ha9 40.73757487769286
 Parameter: IM1HA9 <- "40.73757487769286"
  
 CHARMM>    set im1ha10 49.63343238192384
 Parameter: IM1HA10 <- "49.63343238192384"
  
 CHARMM>    set im1ha11 115.34310447240537
 Parameter: IM1HA11 <- "115.34310447240537"
  
 CHARMM>    set im1ha12 127.0998910746309
 Parameter: IM1HA12 <- "127.0998910746309"
  
 CHARMM>    set im1hd1 6.295869155892057
 Parameter: IM1HD1 <- "6.295869155892057"
  
 CHARMM>    set im1hd2 0.032084975124382645
 Parameter: IM1HD2 <- "0.032084975124382645"
  
 CHARMM>    set im1hd3 0.04807650077297261
 Parameter: IM1HD3 <- "0.04807650077297261"
  
 CHARMM>    set im1hd4 2.517738360248565
 Parameter: IM1HD4 <- "2.517738360248565"
  
 CHARMM>    set im1hd5 -1.7374640410944195
 Parameter: IM1HD5 <- "-1.7374640410944195"
  
 CHARMM>    set im1hd6 17.671445494885717
 Parameter: IM1HD6 <- "17.671445494885717"
  
 CHARMM>    set im1hd7 24.03822700335733
 Parameter: IM1HD7 <- "24.03822700335733"
  
 CHARMM>    set im1hd8 14.164814045773372
 Parameter: IM1HD8 <- "14.164814045773372"
  
 CHARMM>    set im1hd9 9.709107468209607
 Parameter: IM1HD9 <- "9.709107468209607"
  
 CHARMM>    set im1hd10 0.8344041382368926
 Parameter: IM1HD10 <- "0.8344041382368926"
  
 CHARMM>    set im1hd11 1.734745553507255
 Parameter: IM1HD11 <- "1.734745553507255"
  
 CHARMM>    set im1hd12 0.7898625148958505
 Parameter: IM1HD12 <- "0.7898625148958505"
  
 CHARMM>    set im1hd13 0.7716982251102426
 Parameter: IM1HD13 <- "0.7716982251102426"
  
 CHARMM>    set im1hd14 -0.025282071095611446
 Parameter: IM1HD14 <- "-0.025282071095611446"
  
 CHARMM>    set im1hd15 5.047815338736969
 Parameter: IM1HD15 <- "5.047815338736969"
  
 CHARMM>    set im1hd16 3.0797586197096063
 Parameter: IM1HD16 <- "3.0797586197096063"
  
 CHARMM>    set im1hd17 -1.2307246449209817
 Parameter: IM1HD17 <- "-1.2307246449209817"
  
 VCLOSE: Closing unit   99 with status "KEEP"

                    RETURNING TO INPUT STREAM     5
  
 CHARMM>     
  
 CHARMM>    ioformat extended
 MISCOM> Expanded I/O format is used.
  
 CHARMM>    bomblev -1
  
 CHARMM>     
  
 CHARMM>    open  unit 10 read form name "/home/aleksandar/Project/Molecules/im1h_clap/pol_mod_Hmim.rtf"
 VOPEN> Attempting to open::/home/aleksandar/Project/Molecules/im1h_clap/pol_mod_Hmim.rtf::
 OPNLGU> Unit 10 opened for READONLY access to /home/aleksandar/Project/Molecules/im1h_clap/pol_mod_Hmim.rtf
  
 CHARMM>    read  unit 10 rtf card
 MAINIO> Residue topology file being read from unit  10.
 TITLE> *.......................................................................
 TITLE> *.              POLARIZABLE CANONGIA LOPES--PADUA
 TITLE> *.......................................................................
 TITLE> *.              LAST CHANGED TIME-STAMP: <2016-01-15 18:36:41 CHRISTIAN>
 TITLE> *.......................................................................
 TITLE> *

 DRUDES PARTICLES WILL BE GENERATED AUTOMATICALLY FOR ALL ATOMS WITH NON-ZERO ALPHA
 Thole-type dipole screening, Slater-Delta shape {S(u) = 1 - (1+u/2)*exp(-u)}, default radius =  1.300000
  
 CHARMM>    close unit 10
 VCLOSE: Closing unit   10 with status "KEEP"
  
 CHARMM>     
  
 CHARMM>    open  unit 10 read form name "/home/aleksandar/Project/Molecules/im1h_clap/pol_mod_Hmim.prm"
 VOPEN> Attempting to open::/home/aleksandar/Project/Molecules/im1h_clap/pol_mod_Hmim.prm::
 OPNLGU> Unit 10 opened for READONLY access to /home/aleksandar/Project/Molecules/im1h_clap/pol_mod_Hmim.prm
  
 CHARMM>    read  unit 10 para card

          PARAMETER FILE BEING READ FROM UNIT 10
 TITLE> *.......................................................................
 TITLE> *.              POLARIZABLE CANONGIA LOPES--PADUA
 TITLE> *.......................................................................
 TITLE> *.              LAST CHANGED TIME-STAMP: <2016-01-18 09:16:53 CHRISTIAN>
 TITLE> *.......................................................................
 TITLE> *

 PARRDR> WARNING: ATOMS IN BOND DRUD     X         500.00000   0.00000 DONT EXIST
 PARMIO> NONBOND, HBOND lists and IMAGE atoms cleared.
  
 CHARMM>    close unit 10
 VCLOSE: Closing unit   10 with status "KEEP"
  
 CHARMM>     
  
 CHARMM>    read sequence IM1H 1
  
 CHARMM>    generate IM1H setup warn drude dmass 0.4
 Drude polarizability will be setup for SEGID: IM1H    mass of Drudes particles =    0.4000
 NO PATCHING WILL BE DONE ON THE FIRST RESIDUE
 NO PATCHING WILL BE DONE ON THE LAST  RESIDUE

 MKDRUDE generate list and setup for drude polarizability

 All okay for      6 added Drude particles 

 GENPSF> Segment   1 has been generated. Its identifier is IM1H.
 PSFSUM> PSF modified: NONBOND lists and IMAGE atoms cleared.
 PSFSUM> Summary of the structure file counters :
         Number of segments      =        1   Number of residues   =        1
         Number of atoms         =       19   Number of groups     =        1
         Number of bonds         =       19   Number of angles     =       21
         Number of dihedrals     =       26   Number of impropers  =        5
         Number of cross-terms   =        0
         Number of HB acceptors  =        0   Number of HB donors  =        4
         Number of NB exclusions =        0   Total charge =    1.00000
         Number of Drudes        =        6
         Number of true-bonds    =       19   Number of zero-bonds =        0
         Number of aniso. terms  =        0   Number of lone-pairs =        0
  
 CHARMM>     
  
 CHARMM>    !=======================================================================
 CHARMM>    ! Optimize new coordinates
 CHARMM>    !=======================================================================
 CHARMM>    read coor card name "/home/aleksandar/Project/Molecules/im1h_clap/im1h_init_frompdb.cor"
 VOPEN> Attempting to open::/home/aleksandar/Project/Molecules/im1h_clap/im1h_init_frompdb.cor::
          SPATIAL COORDINATES BEING READ FROM UNIT 90
 TITLE> * GENERATED BY GAUPY
 TITLE> * GAUSSIAN FILE = IM1H_INIT_FROMPDB.LOG
 TITLE> 13
 ** WARNING ** After reading, there are no coordinates for selected atom:     3     1 IM1H DNA1
 ** WARNING ** After reading, there are no coordinates for selected atom:     5     1 IM1H DCR1
 ** WARNING ** After reading, there are no coordinates for selected atom:     8     1 IM1H DNA2
 ** WARNING ** After reading, there are no coordinates for selected atom:    10     1 IM1H DCW1
 ** WARNING ** After reading, there are no coordinates for selected atom:    13     1 IM1H DCW2
 ** WARNING ** After reading, there are no coordinates for selected atom:    16     1 IM1H DC11

 ** A total of     6 selected atoms have no coordinates
 *** LEVEL  2 WARNING *** BOMLEV IS   -1
 VCLOSE: Closing unit   90 with status "KEEP"
  
 CHARMM>     
  
 CHARMM>    coor sdrude
  
 CHARMM>    !coor shake
 CHARMM>     
  
 CHARMM>     
  
 CHARMM>    energy -
 CHARMM>    nbonds elec atom fswitch vdw vatom vshift cdie eps 1.0 wmin 1.5  -
 CHARMM>           CUTNB 14.0 CTONNB 8.0 CTOFNB 12.0

 NONBOND OPTION FLAGS: 
     ELEC     VDW      ATOMs    CDIElec  FSWItch  VATOm    VSHIft  
     BYGRoup  NOEXtnd  NOEWald 
 CUTNB  = 14.000 CTEXNB =999.000 CTONNB =  8.000 CTOFNB = 12.000
 CGONNB =  0.000 CGOFNB = 10.000
 WMIN   =  1.500 WRNMXD =  0.500 E14FAC =  0.500 EPS    =  1.000
 NBXMOD =      5
 There are        0 atom  pairs and        0 atom  exclusions.
 There are        0 group pairs and        0 group exclusions.
 <MAKINB> with mode   5 found     97 exclusions and     43 interactions(1-4)
 <MAKGRP> found      0 group exclusions.
 Generating nonbond list with Exclusion mode = 5
 == PRIMARY == SPACE FOR      723 ATOM PAIRS AND        0 GROUP PAIRS

 General atom nonbond list generation found:
       74 ATOM PAIRS WERE FOUND FOR ATOM LIST
        0 GROUP PAIRS REQUIRED ATOM SEARCHES

ENER ENR:  Eval#     ENERgy      Delta-E         GRMS
ENER INTERN:          BONDs       ANGLes       UREY-b    DIHEdrals    IMPRopers
ENER EXTERN:        VDWaals         ELEC       HBONds          ASP         USER
 ----------       ---------    ---------    ---------    ---------    ---------
ENER>        0     14.08227      0.00000     10.84868
ENER INTERN>        0.91181      0.60990      0.00000    -10.42413      0.00000
ENER EXTERN>       -0.06615     23.05085      0.00000      0.00000      0.00000
 ----------       ---------    ---------    ---------    ---------    ---------
 **** Warning ****  The following extraneous characters
 were found while command processing in CHARMM
 NBONDS
  
 CHARMM>     
  
 CHARMM>    mini sd   nstep  5000 nprint 50 tolene 0.001

 NONBOND OPTION FLAGS: 
     ELEC     VDW      ATOMs    CDIElec  FSWItch  VATOm    VSHIft  
     BYGRoup  NOEXtnd  NOEWald 
 CUTNB  = 14.000 CTEXNB =999.000 CTONNB =  8.000 CTOFNB = 12.000
 CGONNB =  0.000 CGOFNB = 10.000
 WMIN   =  1.500 WRNMXD =  0.500 E14FAC =  0.500 EPS    =  1.000
 NBXMOD =      5
 There are       74 atom  pairs and      140 atom  exclusions.
 There are        0 group pairs and        0 group exclusions.
 Generating nonbond list with Exclusion mode = 5
 == PRIMARY == SPACE FOR      723 ATOM PAIRS AND        0 GROUP PAIRS

 General atom nonbond list generation found:
       74 ATOM PAIRS WERE FOUND FOR ATOM LIST
        0 GROUP PAIRS REQUIRED ATOM SEARCHES



 STEEPD> An energy minimization has been requested.

 NSTEP  =         5000   NPRINT =           50
 STEP   =    0.0200000   TOLFUN =    0.0010000
 TOLGRD =    0.0000000   TOLSTP =    0.0000000

MINI MIN: Cycle      ENERgy      Delta-E         GRMS    Step-size
MINI INTERN:          BONDs       ANGLes       UREY-b    DIHEdrals    IMPRopers
MINI EXTERN:        VDWaals         ELEC       HBONds          ASP         USER
 ----------       ---------    ---------    ---------    ---------    ---------
MINI>        0     14.08227      0.00000     10.84868      0.02000
MINI INTERN>        0.91181      0.60990      0.00000    -10.42413      0.00000
MINI EXTERN>       -0.06615     23.05085      0.00000      0.00000      0.00000
 ----------       ---------    ---------    ---------    ---------    ---------

 STEEPD> Minimization exiting with function tolerance ( 0.0010000) satisfied.

STPD MIN: Cycle      ENERgy      Delta-E         GRMS    Step-size
STPD INTERN:          BONDs       ANGLes       UREY-b    DIHEdrals    IMPRopers
STPD EXTERN:        VDWaals         ELEC       HBONds          ASP         USER
 ----------       ---------    ---------    ---------    ---------    ---------
STPD>       17     11.38969      2.69258      0.84612      0.00048
STPD INTERN>        1.12313      0.03111      0.00000    -10.42471      0.00000
STPD EXTERN>       -0.15233     20.81249      0.00000      0.00000      0.00000
 ----------       ---------    ---------    ---------    ---------    ---------
  
 CHARMM>    mini abnr nstep 10000 nprint 50 tolene 0.001

 NONBOND OPTION FLAGS: 
     ELEC     VDW      ATOMs    CDIElec  FSWItch  VATOm    VSHIft  
     BYGRoup  NOEXtnd  NOEWald 
 CUTNB  = 14.000 CTEXNB =999.000 CTONNB =  8.000 CTOFNB = 12.000
 CGONNB =  0.000 CGOFNB = 10.000
 WMIN   =  1.500 WRNMXD =  0.500 E14FAC =  0.500 EPS    =  1.000
 NBXMOD =      5
 There are       74 atom  pairs and      140 atom  exclusions.
 There are        0 group pairs and        0 group exclusions.
 Generating nonbond list with Exclusion mode = 5
 == PRIMARY == SPACE FOR      723 ATOM PAIRS AND        0 GROUP PAIRS

 General atom nonbond list generation found:
       74 ATOM PAIRS WERE FOUND FOR ATOM LIST
        0 GROUP PAIRS REQUIRED ATOM SEARCHES



 ABNER> An energy minimization has been requested.

 EIGRNG =    0.0005000   MINDIM =            5
 NPRINT =           50   NSTEP  =        10000
 PSTRCT =    0.0000000   SDSTP  =    0.0200000
 STPLIM =    1.0000000   STRICT =    0.1000000
 TOLFUN =    0.0010000   TOLGRD =    0.0000000
 TOLITR =          100   TOLSTP =    0.0000000
 FMEM   =    0.0000000
MINI MIN: Cycle      ENERgy      Delta-E         GRMS    Step-size
MINI INTERN:          BONDs       ANGLes       UREY-b    DIHEdrals    IMPRopers
MINI EXTERN:        VDWaals         ELEC       HBONds          ASP         USER
 ----------       ---------    ---------    ---------    ---------    ---------
MINI>        0     11.38969      2.69258      0.84612      0.00000
MINI INTERN>        1.12313      0.03111      0.00000    -10.42471      0.00000
MINI EXTERN>       -0.15233     20.81249      0.00000      0.00000      0.00000
 ----------       ---------    ---------    ---------    ---------    ---------

 ABNER> Minimization exiting with function tolerance ( 0.0010000) satisfied.

ABNR MIN: Cycle      ENERgy      Delta-E         GRMS    Step-size
ABNR INTERN:          BONDs       ANGLes       UREY-b    DIHEdrals    IMPRopers
ABNR EXTERN:        VDWaals         ELEC       HBONds          ASP         USER
 ----------       ---------    ---------    ---------    ---------    ---------
ABNR>       15     11.37332      0.01637      1.18105      0.00229
ABNR INTERN>        1.16200      0.06833      0.00000    -10.42478      0.00000
ABNR EXTERN>       -0.18305     20.75082      0.00000      0.00000      0.00000
 ----------       ---------    ---------    ---------    ---------    ---------
  
 CHARMM>     
  
 CHARMM>    ioformat extended
 MISCOM> Expanded I/O format is used.
  
 CHARMM>    !write coor card name "im1h_opt.crd"
 CHARMM>    !write psf  card name "im1h_init_frompdb.psf"
 CHARMM>     
  
 CHARMM>    !=======================================================================
 CHARMM>    ! Normal mode analysis
 CHARMM>    !=======================================================================
 CHARMM>    !define DUMMY sele type LP* .or. type D* end
 CHARMM>     
  
 CHARMM>    drude reset
 DRUDE> Drude particles ready to be deleted

        Call: DELETE ATOMS SELECT TYPE D* END

 PSFSUM> PSF modified: NONBOND lists and IMAGE atoms cleared.
 PSFSUM> Summary of the structure file counters :
         Number of segments      =        1   Number of residues   =        1
         Number of atoms         =       19   Number of groups     =        1
         Number of bonds         =       19   Number of angles     =       21
         Number of dihedrals     =       26   Number of impropers  =        5
         Number of cross-terms   =        0
         Number of HB acceptors  =        0   Number of HB donors  =        4
         Number of NB exclusions =        0   Total charge =    1.00000
  
 CHARMM>    delete atom sele type D* end
 SELRPN>      6 atoms have been selected out of     19

 Message from MAPIC: Atom numbers are changed.
 DELTIC:         6 bonds deleted
 PSFSUM> PSF modified: NONBOND lists and IMAGE atoms cleared.
 PSFSUM> Summary of the structure file counters :
         Number of segments      =        1   Number of residues   =        1
         Number of atoms         =       13   Number of groups     =        1
         Number of bonds         =       13   Number of angles     =       21
         Number of dihedrals     =       26   Number of impropers  =        5
         Number of cross-terms   =        0
         Number of HB acceptors  =        0   Number of HB donors  =        4
         Number of NB exclusions =        0   Total charge =    1.00000
  
 CHARMM>     
  
 CHARMM>    vibran nmod

 NONBOND OPTION FLAGS: 
     ELEC     VDW      ATOMs    CDIElec  FSWItch  VATOm    VSHIft  
     BYGRoup  NOEXtnd  NOEWald 
 CUTNB  = 14.000 CTEXNB =999.000 CTONNB =  8.000 CTOFNB = 12.000
 CGONNB =  0.000 CGOFNB = 10.000
 WMIN   =  1.500 WRNMXD =  0.500 E14FAC =  0.500 EPS    =  1.000
 NBXMOD =      5
 There are        0 atom  pairs and        0 atom  exclusions.
 There are        0 group pairs and        0 group exclusions.
 <MAKINB> with mode   5 found     34 exclusions and     21 interactions(1-4)
 <MAKGRP> found      0 group exclusions.
 Generating nonbond list with Exclusion mode = 5
 == PRIMARY == SPACE FOR      723 ATOM PAIRS AND        0 GROUP PAIRS

 General atom nonbond list generation found:
       44 ATOM PAIRS WERE FOUND FOR ATOM LIST
        0 GROUP PAIRS REQUIRED ATOM SEARCHES

 VIBRAN: Space allocated for    39 vectors of length    39
  
 VIBRAN>    diag  finite step 0.001
 SECOND DERIVATIVE CALCULATED BY FINITE DIFFERENCES
 NUMBER OF ENERGY EVALUATIONS:       79
 TOTAL NUMBER OF CYCLES:             39
VIBR ENR:  Eval#     ENERgy      Delta-E         GRMS
VIBR INTERN:          BONDs       ANGLes       UREY-b    DIHEdrals    IMPRopers
VIBR EXTERN:        VDWaals         ELEC       HBONds          ASP         USER
 ----------       ---------    ---------    ---------    ---------    ---------
VIBR>        1     12.38344     -1.01012      0.98796
VIBR INTERN>        0.19571      0.06833      0.00000    -10.42478      0.00000
VIBR EXTERN>       -0.18305     22.72723      0.00000      0.00000      0.00000
 ----------       ---------    ---------    ---------    ---------    ---------

               DIAGONALIZATION COMPLETED

               FREQUENCIES

   1  -25.969395   2  -19.878730   3  -17.048932   4   -0.000207   5   -0.000037
   6    0.006923   7  235.875498   8  291.909733   9  518.988054  10  533.758741
  11  588.147099  12  624.366717  13  724.347307  14  768.499231  15  872.588923
  16  914.292868  17  983.368606  18 1047.601207  19 1049.679122  20 1094.246185
  21 1153.147952  22 1243.854945  23 1253.008554  24 1428.016812  25 1457.428024
  26 1497.916146  27 1526.450554  28 1533.296257  29 1584.869963  30 1689.330700
  31 1774.775936  32 1789.627452  33 1862.152562  34 2431.470987  35 2442.274551
  36 2468.976740  37 2524.479621  38 2527.684328  39 3122.799717
  
 VIBRAN>    mass
  
 VIBRAN>    !print norm mode 13 thru 33 temp 300.0 vect sele .not. DUMMY end
 VIBRAN>    print norm mode 1 thru 39 vect !sele .not. DUMMY end

               NORMAL MODES

     1    -25.97     2    -19.88     3    -17.05     4     -0.00     5     -0.00
     6      0.01     7    235.88     8    291.91     9    518.99    10    533.76
    11    588.15    12    624.37    13    724.35    14    768.50    15    872.59
    16    914.29    17    983.37    18   1047.60    19   1049.68    20   1094.25
    21   1153.15    22   1243.85    23   1253.01    24   1428.02    25   1457.43
    26   1497.92    27   1526.45    28   1533.30    29   1584.87    30   1689.33
    31   1774.78    32   1789.63    33   1862.15    34   2431.47    35   2442.27
    36   2468.98    37   2524.48    38   2527.68    39   3122.80

  VIBRATION MODE   1  FREQUENCY=  -25.969395  TRANS ROT %=   99.963308
  EIGENVALUE=   -0.057191  ENERGY DERIVATIVE=    0.000000
  TYPE  'FACT'    1.0000   MASS   NORM  STEP=    1.000000

   EIGENVECTOR:
              1    1 IM1H     HNA1      -0.00000   0.00000  -0.23522
              2    1 IM1H     NA1       -0.00000   0.00000  -0.11719
              3    1 IM1H     CR1       -0.00000  -0.00000  -0.13548
              4    1 IM1H     HA1       -0.00000  -0.00000  -0.26280
              5    1 IM1H     NA2        0.00000  -0.00000   0.01634
              6    1 IM1H     CW1        0.00000   0.00000   0.05758
              7    1 IM1H     HA2        0.00000   0.00000   0.10841
              8    1 IM1H     CW2        0.00000  -0.00000   0.14048
              9    1 IM1H     HA3        0.00000  -0.00000   0.28050
             10    1 IM1H     C11        0.00000  -0.00000   0.04922
             11    1 IM1H     H11       -0.00000  -0.00000  -0.06916
             12    1 IM1H     H12        0.02049   0.11131   0.12249
             13    1 IM1H     H13       -0.02049  -0.11131   0.12249

  VIBRATION MODE   2  FREQUENCY=  -19.878730  TRANS ROT %=   99.999937
  EIGENVALUE=   -0.033511  ENERGY DERIVATIVE=    0.000064
  TYPE  'FACT'    1.0000   MASS   NORM  STEP=    1.000000

   EIGENVECTOR:
              1    1 IM1H     HNA1       0.09273  -0.15632   0.00000
              2    1 IM1H     NA1        0.04747  -0.09796   0.00000
              3    1 IM1H     CR1        0.07510  -0.00829  -0.00000
              4    1 IM1H     HA1        0.14941   0.01559  -0.00000
              5    1 IM1H     NA2        0.00004   0.04810   0.00000
              6    1 IM1H     CW1       -0.05080  -0.09946   0.00000
              7    1 IM1H     HA2       -0.09222  -0.16742   0.00000
              8    1 IM1H     CW2       -0.08029  -0.00856   0.00000
              9    1 IM1H     HA3       -0.15338   0.02169   0.00000
             10    1 IM1H     C11        0.00070   0.15281  -0.00000
             11    1 IM1H     H11        0.07269   0.18174  -0.00000
             12    1 IM1H     H12       -0.03533   0.18131  -0.00002
             13    1 IM1H     H13       -0.03533   0.18131   0.00002

  VIBRATION MODE   3  FREQUENCY=  -17.048932  TRANS ROT %=   99.986361
  EIGENVALUE=   -0.024649  ENERGY DERIVATIVE=   -0.000000
  TYPE  'FACT'    1.0000   MASS   NORM  STEP=    1.000000

   EIGENVECTOR:
              1    1 IM1H     HNA1      -0.00000   0.00000   0.11462
              2    1 IM1H     NA1       -0.00000   0.00000   0.08501
              3    1 IM1H     CR1       -0.00000   0.00000  -0.03106
              4    1 IM1H     HA1       -0.00000   0.00000  -0.09854
              5    1 IM1H     NA2        0.00000   0.00000  -0.05382
              6    1 IM1H     CW1        0.00000   0.00000   0.13896
              7    1 IM1H     HA2        0.00000   0.00000   0.23725
              8    1 IM1H     CW2        0.00000   0.00000   0.05316
              9    1 IM1H     HA3        0.00000   0.00000   0.05841
             10    1 IM1H     C11        0.00000  -0.00000  -0.17224
             11    1 IM1H     H11       -0.00000  -0.00000  -0.24373
             12    1 IM1H     H12       -0.07066   0.03382  -0.18496
             13    1 IM1H     H13        0.07066  -0.03382  -0.18496

  VIBRATION MODE   4  FREQUENCY=   -0.000207  TRANS ROT %=  100.000000
  EIGENVALUE=   -0.000000  ENERGY DERIVATIVE=   -0.000000
  TYPE  'FACT'    1.0000   MASS   NORM  STEP=    1.000000

   EIGENVECTOR:
              1    1 IM1H     HNA1      -0.09124  -0.06089  -0.00000
              2    1 IM1H     NA1       -0.09124  -0.06089  -0.00000
              3    1 IM1H     CR1       -0.09124  -0.06089  -0.00000
              4    1 IM1H     HA1       -0.09124  -0.06089  -0.00000
              5    1 IM1H     NA2       -0.09124  -0.06089  -0.00000
              6    1 IM1H     CW1       -0.09124  -0.06089  -0.00000
              7    1 IM1H     HA2       -0.09124  -0.06089  -0.00000
              8    1 IM1H     CW2       -0.09124  -0.06089  -0.00000
              9    1 IM1H     HA3       -0.09124  -0.06089  -0.00000
             10    1 IM1H     C11       -0.09124  -0.06089  -0.00000
             11    1 IM1H     H11       -0.09124  -0.06089  -0.00000
             12    1 IM1H     H12       -0.09124  -0.06089  -0.00000
             13    1 IM1H     H13       -0.09124  -0.06089  -0.00000

  VIBRATION MODE   5  FREQUENCY=   -0.000037  TRANS ROT %=  100.000000
  EIGENVALUE=   -0.000000  ENERGY DERIVATIVE=   -0.000000
  TYPE  'FACT'    1.0000   MASS   NORM  STEP=    1.000000

   EIGENVECTOR:
              1    1 IM1H     HNA1       0.06089  -0.09124  -0.00000
              2    1 IM1H     NA1        0.06089  -0.09124  -0.00000
              3    1 IM1H     CR1        0.06089  -0.09124  -0.00000
              4    1 IM1H     HA1        0.06089  -0.09124  -0.00000
              5    1 IM1H     NA2        0.06089  -0.09124  -0.00000
              6    1 IM1H     CW1        0.06089  -0.09124  -0.00000
              7    1 IM1H     HA2        0.06089  -0.09124  -0.00000
              8    1 IM1H     CW2        0.06089  -0.09124  -0.00000
              9    1 IM1H     HA3        0.06089  -0.09124  -0.00000
             10    1 IM1H     C11        0.06089  -0.09124  -0.00000
             11    1 IM1H     H11        0.06089  -0.09124  -0.00000
             12    1 IM1H     H12        0.06089  -0.09124  -0.00000
             13    1 IM1H     H13        0.06089  -0.09124  -0.00000

  VIBRATION MODE   6  FREQUENCY=    0.006923  TRANS ROT %=  100.000000
  EIGENVALUE=    0.000000  ENERGY DERIVATIVE=    0.000000
  TYPE  'FACT'    1.0000   MASS   NORM  STEP=    1.000000

   EIGENVECTOR:
              1    1 IM1H     HNA1      -0.00000   0.00000  -0.10966
              2    1 IM1H     NA1       -0.00000   0.00000  -0.10967
              3    1 IM1H     CR1       -0.00000   0.00000  -0.10965
              4    1 IM1H     HA1       -0.00000   0.00000  -0.10960
              5    1 IM1H     NA2       -0.00000   0.00000  -0.10968
              6    1 IM1H     CW1       -0.00000   0.00000  -0.10973
              7    1 IM1H     HA2       -0.00000   0.00000  -0.10976
              8    1 IM1H     CW2       -0.00000   0.00000  -0.10974
              9    1 IM1H     HA3       -0.00000   0.00000  -0.10978
             10    1 IM1H     C11       -0.00000   0.00000  -0.10967
             11    1 IM1H     H11       -0.00000   0.00000  -0.10963
             12    1 IM1H     H12        0.00001  -0.00004  -0.10969
             13    1 IM1H     H13       -0.00001   0.00004  -0.10969

  VIBRATION MODE   7  FREQUENCY=  235.875498  TRANS ROT %=    0.041250
  EIGENVALUE=    4.718132  ENERGY DERIVATIVE=   -0.000000
  TYPE  'FACT'    1.0000   MASS   NORM  STEP=    1.000000

   EIGENVECTOR:
              1    1 IM1H     HNA1      -0.00000   0.00000   0.81886
              2    1 IM1H     NA1       -0.00000   0.00000   0.01601
              3    1 IM1H     CR1       -0.00000   0.00000  -0.11050
              4    1 IM1H     HA1       -0.00000   0.00000  -0.07568
              5    1 IM1H     NA2       -0.00000  -0.00000  -0.04453
              6    1 IM1H     CW1       -0.00000   0.00000   0.01683
              7    1 IM1H     HA2       -0.00000   0.00000   0.08240
              8    1 IM1H     CW2       -0.00000  -0.00000  -0.03812
              9    1 IM1H     HA3       -0.00000  -0.00000  -0.02349
             10    1 IM1H     C11       -0.00000  -0.00000   0.07095
             11    1 IM1H     H11       -0.00000  -0.00000   0.06272
             12    1 IM1H     H12        0.07531   0.03898   0.12819
             13    1 IM1H     H13       -0.07531  -0.03898   0.12819

  VIBRATION MODE   8  FREQUENCY=  291.909733  TRANS ROT %=    0.006419
  EIGENVALUE=    7.226060  ENERGY DERIVATIVE=   -0.000000
  TYPE  'FACT'    1.0000   MASS   NORM  STEP=    1.000000

   EIGENVECTOR:
              1    1 IM1H     HNA1      -0.00000   0.00000   0.44227
              2    1 IM1H     NA1       -0.00000   0.00000  -0.06402
              3    1 IM1H     CR1       -0.00000   0.00000   0.04521
              4    1 IM1H     HA1       -0.00000   0.00000   0.16199
              5    1 IM1H     NA2       -0.00000  -0.00000   0.07563
              6    1 IM1H     CW1       -0.00000   0.00000  -0.11769
              7    1 IM1H     HA2       -0.00000   0.00000  -0.22673
              8    1 IM1H     CW2       -0.00000  -0.00000   0.12716
              9    1 IM1H     HA3       -0.00000  -0.00000   0.19337
             10    1 IM1H     C11        0.00000  -0.00000  -0.08200
             11    1 IM1H     H11       -0.00000  -0.00000  -0.17102
             12    1 IM1H     H12       -0.11022   0.02717  -0.11788
             13    1 IM1H     H13        0.11022  -0.02717  -0.11788

  VIBRATION MODE   9  FREQUENCY=  518.988054  TRANS ROT %=    0.001824
  EIGENVALUE=   22.841211  ENERGY DERIVATIVE=   -0.000000
  TYPE  'FACT'    1.0000   MASS   NORM  STEP=    1.000000

   EIGENVECTOR:
              1    1 IM1H     HNA1      -0.00000  -0.00000   0.10926
              2    1 IM1H     NA1       -0.00000   0.00000  -0.15813
              3    1 IM1H     CR1        0.00000   0.00000   0.04223
              4    1 IM1H     HA1        0.00000   0.00000   0.56399
              5    1 IM1H     NA2       -0.00000   0.00000  -0.00533
              6    1 IM1H     CW1       -0.00000   0.00000   0.12844
              7    1 IM1H     HA2       -0.00000  -0.00000   0.20975
              8    1 IM1H     CW2       -0.00000   0.00000  -0.04225
              9    1 IM1H     HA3       -0.00000  -0.00000  -0.03981
             10    1 IM1H     C11        0.00000   0.00000  -0.00588
             11    1 IM1H     H11        0.00000   0.00000   0.08583
             12    1 IM1H     H12       -0.00722  -0.08569  -0.05885
             13    1 IM1H     H13        0.00722   0.08569  -0.05885

  VIBRATION MODE  10  FREQUENCY=  533.758741  TRANS ROT %=    0.000014
  EIGENVALUE=   24.159859  ENERGY DERIVATIVE=    0.004494
  TYPE  'FACT'    1.0000   MASS   NORM  STEP=    1.000000

   EIGENVECTOR:
              1    1 IM1H     HNA1      -0.09576   0.08614   0.00000
              2    1 IM1H     NA1       -0.04008   0.01998  -0.00000
              3    1 IM1H     CR1       -0.05141  -0.08124   0.00000
              4    1 IM1H     HA1       -0.10492  -0.10721  -0.00000
              5    1 IM1H     NA2       -0.01224  -0.07846   0.00000
              6    1 IM1H     CW1        0.07274   0.02908   0.00000
              7    1 IM1H     HA2        0.14797   0.11200   0.00000
              8    1 IM1H     CW2        0.07660  -0.06677  -0.00000
              9    1 IM1H     HA3        0.15706  -0.11219  -0.00000
             10    1 IM1H     C11       -0.03455   0.13003  -0.00000
             11    1 IM1H     H11        0.17729   0.22285   0.00000
             12    1 IM1H     H12       -0.15495   0.23944   0.00453
             13    1 IM1H     H13       -0.15495   0.23944  -0.00453

  VIBRATION MODE  11  FREQUENCY=  588.147099  TRANS ROT %=    0.000276
  EIGENVALUE=   29.334339  ENERGY DERIVATIVE=    0.000000
  TYPE  'FACT'    1.0000   MASS   NORM  STEP=    1.000000

   EIGENVECTOR:
              1    1 IM1H     HNA1       0.00000   0.00000  -0.13612
              2    1 IM1H     NA1        0.00000   0.00000   0.06043
              3    1 IM1H     CR1        0.00000   0.00000  -0.02481
              4    1 IM1H     HA1        0.00000   0.00000   0.62083
              5    1 IM1H     NA2       -0.00000   0.00000  -0.10167
              6    1 IM1H     CW1        0.00000   0.00000  -0.04477
              7    1 IM1H     HA2        0.00000   0.00000  -0.03110
              8    1 IM1H     CW2        0.00000   0.00000   0.04797
              9    1 IM1H     HA3        0.00000   0.00000   0.09933
             10    1 IM1H     C11       -0.00000   0.00000   0.00752
             11    1 IM1H     H11       -0.00000   0.00000  -0.24342
             12    1 IM1H     H12        0.11837   0.26764   0.21568
             13    1 IM1H     H13       -0.11837  -0.26764   0.21568

  VIBRATION MODE  12  FREQUENCY=  624.366717  TRANS ROT %=    0.000003
  EIGENVALUE=   33.058556  ENERGY DERIVATIVE=    0.270283
  TYPE  'FACT'    1.0000   MASS   NORM  STEP=    1.000000

   EIGENVECTOR:
              1    1 IM1H     HNA1       0.11780  -0.01451   0.00000
              2    1 IM1H     NA1        0.09599  -0.01298  -0.00000
              3    1 IM1H     CR1        0.05250   0.00635   0.00000
              4    1 IM1H     HA1        0.09010   0.01331  -0.00000
              5    1 IM1H     NA2       -0.03733   0.01177   0.00000
              6    1 IM1H     CW1        0.07522  -0.00133   0.00000
              7    1 IM1H     HA2        0.10448  -0.04568   0.00000
              8    1 IM1H     CW2        0.03434   0.03003  -0.00000
              9    1 IM1H     HA3        0.06320   0.05972  -0.00000
             10    1 IM1H     C11       -0.20038  -0.02431  -0.00000
             11    1 IM1H     H11       -0.27119  -0.04996   0.00000
             12    1 IM1H     H12       -0.23152  -0.03703  -0.01469
             13    1 IM1H     H13       -0.23152  -0.03703   0.01469

  VIBRATION MODE  13  FREQUENCY=  724.347307  TRANS ROT %=    0.000121
  EIGENVALUE=   44.493656  ENERGY DERIVATIVE=   -0.000000
  TYPE  'FACT'    1.0000   MASS   NORM  STEP=    1.000000

   EIGENVECTOR:
              1    1 IM1H     HNA1       0.00000   0.00000   0.05933
              2    1 IM1H     NA1       -0.00000   0.00000  -0.04606
              3    1 IM1H     CR1       -0.00000   0.00000   0.07355
              4    1 IM1H     HA1       -0.00000  -0.00000  -0.21945
              5    1 IM1H     NA2        0.00000  -0.00000   0.06404
              6    1 IM1H     CW1       -0.00000   0.00000   0.03761
              7    1 IM1H     HA2       -0.00000  -0.00000   0.01638
              8    1 IM1H     CW2       -0.00000  -0.00000  -0.08932
              9    1 IM1H     HA3       -0.00000  -0.00000  -0.18749
             10    1 IM1H     C11        0.00000  -0.00000  -0.00200
             11    1 IM1H     H11        0.00000  -0.00000  -0.50962
             12    1 IM1H     H12       -0.09564   0.38804   0.17739
             13    1 IM1H     H13        0.09564  -0.38804   0.17739

  VIBRATION MODE  14  FREQUENCY=  768.499231  TRANS ROT %=    0.000415
  EIGENVALUE=   50.083108  ENERGY DERIVATIVE=   -0.000000
  TYPE  'FACT'    1.0000   MASS   NORM  STEP=    1.000000

   EIGENVECTOR:
              1    1 IM1H     HNA1      -0.00000  -0.00000  -0.10581
              2    1 IM1H     NA1       -0.00000  -0.00000   0.05481
              3    1 IM1H     CR1       -0.00000  -0.00000  -0.16745
              4    1 IM1H     HA1       -0.00000  -0.00000   0.34058
              5    1 IM1H     NA2        0.00000  -0.00000   0.13811
              6    1 IM1H     CW1        0.00000   0.00000  -0.00042
              7    1 IM1H     HA2       -0.00000   0.00000  -0.02058
              8    1 IM1H     CW2        0.00000  -0.00000  -0.05461
              9    1 IM1H     HA3        0.00000   0.00000  -0.11476
             10    1 IM1H     C11        0.00000   0.00000   0.01673
             11    1 IM1H     H11       -0.00000   0.00000  -0.11515
             12    1 IM1H     H12       -0.26000  -0.01204  -0.10667
             13    1 IM1H     H13        0.26000   0.01204  -0.10667

  VIBRATION MODE  15  FREQUENCY=  872.588923  TRANS ROT %=    0.000000
  EIGENVALUE=   64.568959  ENERGY DERIVATIVE=   -0.218034
  TYPE  'FACT'    1.0000   MASS   NORM  STEP=    1.000000

   EIGENVECTOR:
              1    1 IM1H     HNA1      -0.12473  -0.08285  -0.00000
              2    1 IM1H     NA1       -0.05931  -0.07080  -0.00000
              3    1 IM1H     CR1       -0.07092  -0.02092   0.00000
              4    1 IM1H     HA1       -0.06676  -0.01663   0.00000
              5    1 IM1H     NA2       -0.01480   0.04635  -0.00000
              6    1 IM1H     CW1        0.04996  -0.05271   0.00000
              7    1 IM1H     HA2        0.38289  -0.28371   0.00000
              8    1 IM1H     CW2        0.04497   0.07633  -0.00000
              9    1 IM1H     HA3        0.20258   0.53050  -0.00000
             10    1 IM1H     C11        0.02062   0.02100  -0.00000
             11    1 IM1H     H11       -0.09619  -0.02318  -0.00000
             12    1 IM1H     H12        0.10013  -0.03343   0.00211
             13    1 IM1H     H13        0.10013  -0.03343  -0.00211

  VIBRATION MODE  16  FREQUENCY=  914.292868  TRANS ROT %=    0.000001
  EIGENVALUE=   70.888381  ENERGY DERIVATIVE=   -0.292381
  TYPE  'FACT'    1.0000   MASS   NORM  STEP=    1.000000

   EIGENVECTOR:
              1    1 IM1H     HNA1       0.02812  -0.04117   0.00000
              2    1 IM1H     NA1        0.01322  -0.03108  -0.00000
              3    1 IM1H     CR1        0.02537  -0.06159   0.00000
              4    1 IM1H     HA1        0.04134  -0.09325  -0.00000
              5    1 IM1H     NA2        0.00531  -0.03550  -0.00000
              6    1 IM1H     CW1       -0.03996   0.03781   0.00000
              7    1 IM1H     HA2       -0.54653   0.32321   0.00000
              8    1 IM1H     CW2        0.01394   0.04940  -0.00000
              9    1 IM1H     HA3        0.26181   0.55524  -0.00000
             10    1 IM1H     C11       -0.00084  -0.02052  -0.00000
             11    1 IM1H     H11        0.14457   0.03464   0.00000
             12    1 IM1H     H12       -0.08449   0.04293   0.00116
             13    1 IM1H     H13       -0.08449   0.04293  -0.00116

  VIBRATION MODE  17  FREQUENCY=  983.368606  TRANS ROT %=    0.000000
  EIGENVALUE=   82.004384  ENERGY DERIVATIVE=   -0.112948
  TYPE  'FACT'    1.0000   MASS   NORM  STEP=    1.000000

   EIGENVECTOR:
              1    1 IM1H     HNA1      -0.10276  -0.08343   0.00000
              2    1 IM1H     NA1       -0.04426  -0.05506  -0.00000
              3    1 IM1H     CR1       -0.01316  -0.01430   0.00000
              4    1 IM1H     HA1        0.00991  -0.01309  -0.00000
              5    1 IM1H     NA2        0.01577   0.04363   0.00000
              6    1 IM1H     CW1        0.02773  -0.01337   0.00000
              7    1 IM1H     HA2       -0.33227   0.29817  -0.00000
              8    1 IM1H     CW2        0.07416  -0.01189  -0.00000
              9    1 IM1H     HA3        0.08108  -0.24927  -0.00000
             10    1 IM1H     C11       -0.02054   0.08546  -0.00000
             11    1 IM1H     H11       -0.53479  -0.10147  -0.00000
             12    1 IM1H     H12        0.23107  -0.11953  -0.01196
             13    1 IM1H     H13        0.23107  -0.11953   0.01196

  VIBRATION MODE  18  FREQUENCY= 1047.601207  TRANS ROT %=    0.000001
  EIGENVALUE=   93.067141  ENERGY DERIVATIVE=    0.019449
  TYPE  'FACT'    1.0000   MASS   NORM  STEP=    1.000000

   EIGENVECTOR:
              1    1 IM1H     HNA1       0.11308   0.11969  -0.00000
              2    1 IM1H     NA1        0.06696   0.02831   0.00000
              3    1 IM1H     CR1        0.01497  -0.13687  -0.00000
              4    1 IM1H     HA1        0.01383  -0.27168   0.00000
              5    1 IM1H     NA2       -0.05574  -0.04481   0.00000
              6    1 IM1H     CW1        0.01668   0.08419   0.00000
              7    1 IM1H     HA2        0.19733   0.05317  -0.00000
              8    1 IM1H     CW2       -0.09984   0.04086  -0.00000
              9    1 IM1H     HA3       -0.20464   0.09078  -0.00000
             10    1 IM1H     C11        0.02616   0.04856  -0.00000
             11    1 IM1H     H11       -0.22450  -0.04204   0.00000
             12    1 IM1H     H12        0.22488  -0.07912   0.00832
             13    1 IM1H     H13        0.22488  -0.07912  -0.00832

  VIBRATION MODE  19  FREQUENCY= 1049.679122  TRANS ROT %=    0.000021
  EIGENVALUE=   93.436704  ENERGY DERIVATIVE=    0.000000
  TYPE  'FACT'    1.0000   MASS   NORM  STEP=    1.000000

   EIGENVECTOR:
              1    1 IM1H     HNA1       0.00000   0.00000   0.00859
              2    1 IM1H     NA1        0.00000   0.00000  -0.00246
              3    1 IM1H     CR1        0.00000  -0.00000   0.03769
              4    1 IM1H     HA1        0.00000  -0.00000  -0.04003
              5    1 IM1H     NA2       -0.00000  -0.00000  -0.11687
              6    1 IM1H     CW1        0.00000   0.00000  -0.01018
              7    1 IM1H     HA2        0.00000   0.00000   0.04760
              8    1 IM1H     CW2       -0.00000   0.00000   0.01823
              9    1 IM1H     HA3       -0.00000   0.00000   0.09572
             10    1 IM1H     C11        0.00000   0.00000   0.11419
             11    1 IM1H     H11       -0.00000  -0.00000  -0.12637
             12    1 IM1H     H12       -0.53246  -0.02705  -0.11645
             13    1 IM1H     H13        0.53246   0.02705  -0.11645

  VIBRATION MODE  20  FREQUENCY= 1094.246185  TRANS ROT %=    0.000000
  EIGENVALUE=  101.539373  ENERGY DERIVATIVE=    0.231604
  TYPE  'FACT'    1.0000   MASS   NORM  STEP=    1.000000

   EIGENVECTOR:
              1    1 IM1H     HNA1       0.08425   0.13862  -0.00000
              2    1 IM1H     NA1        0.00305   0.09069   0.00000
              3    1 IM1H     CR1        0.03894   0.05378   0.00000
              4    1 IM1H     HA1       -0.00210   0.08537  -0.00000
              5    1 IM1H     NA2        0.03273  -0.04876  -0.00000
              6    1 IM1H     CW1       -0.06475  -0.02804  -0.00000
              7    1 IM1H     HA2        0.05904  -0.13320   0.00000
              8    1 IM1H     CW2       -0.02448  -0.15543   0.00000
              9    1 IM1H     HA3        0.28536   0.37086   0.00000
             10    1 IM1H     C11       -0.01765   0.05285   0.00000
             11    1 IM1H     H11       -0.29875  -0.04434  -0.00000
             12    1 IM1H     H12        0.09235  -0.04221  -0.01061
             13    1 IM1H     H13        0.09235  -0.04221   0.01061

  VIBRATION MODE  21  FREQUENCY= 1153.147952  TRANS ROT %=    0.000001
  EIGENVALUE=  112.765035  ENERGY DERIVATIVE=    0.242094
  TYPE  'FACT'    1.0000   MASS   NORM  STEP=    1.000000

   EIGENVECTOR:
              1    1 IM1H     HNA1       0.24010   0.16503  -0.00000
              2    1 IM1H     NA1        0.09340   0.02979  -0.00000
              3    1 IM1H     CR1       -0.12235   0.03987  -0.00000
              4    1 IM1H     HA1       -0.25253   0.11022   0.00000
              5    1 IM1H     NA2       -0.08415  -0.00122   0.00000
              6    1 IM1H     CW1        0.09974  -0.09408  -0.00000
              7    1 IM1H     HA2       -0.35083  -0.05305  -0.00000
              8    1 IM1H     CW2       -0.00588  -0.01630  -0.00000
              9    1 IM1H     HA3       -0.04628   0.05971  -0.00000
             10    1 IM1H     C11        0.02702   0.00982  -0.00000
             11    1 IM1H     H11        0.08459   0.03326   0.00000
             12    1 IM1H     H12        0.10707   0.00552   0.02890
             13    1 IM1H     H13        0.10707   0.00552  -0.02890

  VIBRATION MODE  22  FREQUENCY= 1243.854945  TRANS ROT %=    0.000004
  EIGENVALUE=  131.203031  ENERGY DERIVATIVE=    0.138998
  TYPE  'FACT'    1.0000   MASS   NORM  STEP=    1.000000

   EIGENVECTOR:
              1    1 IM1H     HNA1       0.06343  -0.18431   0.00000
              2    1 IM1H     NA1        0.03921  -0.07290  -0.00000
              3    1 IM1H     CR1        0.01674   0.05835  -0.00000
              4    1 IM1H     HA1        0.11866   0.20822  -0.00000
              5    1 IM1H     NA2       -0.13560  -0.00547   0.00000
              6    1 IM1H     CW1       -0.02803   0.06535   0.00000
              7    1 IM1H     HA2        0.23649   0.23615   0.00000
              8    1 IM1H     CW2       -0.00646  -0.04001  -0.00000
              9    1 IM1H     HA3        0.43580  -0.12098   0.00000
             10    1 IM1H     C11        0.01450  -0.00388   0.00000
             11    1 IM1H     H11        0.18866   0.06166  -0.00000
             12    1 IM1H     H12        0.16752  -0.03132   0.05172
             13    1 IM1H     H13        0.16752  -0.03132  -0.05172

  VIBRATION MODE  23  FREQUENCY= 1253.008554  TRANS ROT %=    0.000001
  EIGENVALUE=  133.141200  ENERGY DERIVATIVE=   -0.235971
  TYPE  'FACT'    1.0000   MASS   NORM  STEP=    1.000000

   EIGENVECTOR:
              1    1 IM1H     HNA1      -0.17358  -0.06571   0.00000
              2    1 IM1H     NA1       -0.03251  -0.01608  -0.00000
              3    1 IM1H     CR1        0.01894   0.03902   0.00000
              4    1 IM1H     HA1        0.04853   0.12961  -0.00000
              5    1 IM1H     NA2        0.00863   0.02355   0.00000
              6    1 IM1H     CW1        0.11168  -0.02479   0.00000
              7    1 IM1H     HA2        0.17566   0.55884   0.00000
              8    1 IM1H     CW2       -0.07282  -0.08326  -0.00000
              9    1 IM1H     HA3       -0.37765   0.30670   0.00000
             10    1 IM1H     C11        0.00078  -0.01586  -0.00000
             11    1 IM1H     H11        0.03618  -0.00777   0.00000
             12    1 IM1H     H12       -0.03764  -0.00692  -0.00835
             13    1 IM1H     H13       -0.03764  -0.00692   0.00835

  VIBRATION MODE  24  FREQUENCY= 1428.016812  TRANS ROT %=    0.000007
  EIGENVALUE=  172.930276  ENERGY DERIVATIVE=    0.514863
  TYPE  'FACT'    1.0000   MASS   NORM  STEP=    1.000000

   EIGENVECTOR:
              1    1 IM1H     HNA1       0.44237   0.11405   0.00000
              2    1 IM1H     NA1        0.03296  -0.07609   0.00000
              3    1 IM1H     CR1       -0.07617   0.00196   0.00000
              4    1 IM1H     HA1       -0.23918   0.17019  -0.00000
              5    1 IM1H     NA2        0.05231  -0.00000   0.00000
              6    1 IM1H     CW1       -0.06259   0.03066   0.00000
              7    1 IM1H     HA2        0.22033   0.24219  -0.00000
              8    1 IM1H     CW2       -0.00051   0.00474  -0.00000
              9    1 IM1H     HA3        0.00540  -0.01246  -0.00000
             10    1 IM1H     C11        0.06968   0.00679   0.00000
             11    1 IM1H     H11       -0.28188  -0.14562  -0.00000
             12    1 IM1H     H12       -0.25133   0.08148  -0.12294
             13    1 IM1H     H13       -0.25133   0.08148   0.12294

  VIBRATION MODE  25  FREQUENCY= 1457.428024  TRANS ROT %=    0.000007
  EIGENVALUE=  180.126921  ENERGY DERIVATIVE=   -0.216436
  TYPE  'FACT'    1.0000   MASS   NORM  STEP=    1.000000

   EIGENVECTOR:
              1    1 IM1H     HNA1       0.48409   0.47600   0.00000
              2    1 IM1H     NA1       -0.07894  -0.00962  -0.00000
              3    1 IM1H     CR1        0.01899  -0.01336   0.00000
              4    1 IM1H     HA1        0.22060  -0.33734   0.00000
              5    1 IM1H     NA2       -0.00322   0.08371  -0.00000
              6    1 IM1H     CW1       -0.00075  -0.05286  -0.00000
              7    1 IM1H     HA2        0.08344   0.16277   0.00000
              8    1 IM1H     CW2        0.01126  -0.01802   0.00000
              9    1 IM1H     HA3        0.10129  -0.03552  -0.00000
             10    1 IM1H     C11       -0.03610  -0.01653  -0.00000
             11    1 IM1H     H11        0.21121   0.08119   0.00000
             12    1 IM1H     H12        0.05983  -0.08788   0.01743
             13    1 IM1H     H13        0.05983  -0.08788  -0.01743

  VIBRATION MODE  26  FREQUENCY= 1497.916146  TRANS ROT %=    0.000000
  EIGENVALUE=  190.273978  ENERGY DERIVATIVE=    0.258916
  TYPE  'FACT'    1.0000   MASS   NORM  STEP=    1.000000

   EIGENVECTOR:
              1    1 IM1H     HNA1       0.18746   0.05228  -0.00000
              2    1 IM1H     NA1       -0.00697  -0.03645  -0.00000
              3    1 IM1H     CR1       -0.01008  -0.00175  -0.00000
              4    1 IM1H     HA1       -0.17603   0.31768   0.00000
              5    1 IM1H     NA2        0.07311  -0.05335  -0.00000
              6    1 IM1H     CW1       -0.04734   0.02138  -0.00000
              7    1 IM1H     HA2        0.07111   0.04627   0.00000
              8    1 IM1H     CW2        0.04354   0.02771  -0.00000
              9    1 IM1H     HA3       -0.26577   0.07851   0.00000
             10    1 IM1H     C11       -0.10985  -0.00950  -0.00000
             11    1 IM1H     H11        0.13005   0.10764   0.00000
             12    1 IM1H     H12        0.30423   0.09730   0.28528
             13    1 IM1H     H13        0.30423   0.09730  -0.28528

  VIBRATION MODE  27  FREQUENCY= 1526.450554  TRANS ROT %=    0.000003
  EIGENVALUE=  197.592236  ENERGY DERIVATIVE=    0.000000
  TYPE  'FACT'    1.0000   MASS   NORM  STEP=    1.000000

   EIGENVECTOR:
              1    1 IM1H     HNA1      -0.00000  -0.00000   0.00088
              2    1 IM1H     NA1        0.00000  -0.00000  -0.00082
              3    1 IM1H     CR1       -0.00000   0.00000  -0.00153
              4    1 IM1H     HA1       -0.00000  -0.00000   0.00452
              5    1 IM1H     NA2        0.00000   0.00000   0.00110
              6    1 IM1H     CW1       -0.00000   0.00000   0.00188
              7    1 IM1H     HA2        0.00000   0.00000  -0.01434
              8    1 IM1H     CW2        0.00000  -0.00000   0.00127
              9    1 IM1H     HA3       -0.00000   0.00000  -0.02099
             10    1 IM1H     C11       -0.00000   0.00000  -0.06548
             11    1 IM1H     H11        0.00000   0.00000   0.72490
             12    1 IM1H     H12       -0.20210   0.40686   0.03109
             13    1 IM1H     H13        0.20210  -0.40686   0.03109

  VIBRATION MODE  28  FREQUENCY= 1533.296257  TRANS ROT %=    0.000001
  EIGENVALUE=  199.368502  ENERGY DERIVATIVE=    0.233491
  TYPE  'FACT'    1.0000   MASS   NORM  STEP=    1.000000

   EIGENVECTOR:
              1    1 IM1H     HNA1       0.01596  -0.02154  -0.00000
              2    1 IM1H     NA1        0.00883  -0.00936   0.00000
              3    1 IM1H     CR1       -0.01003  -0.01479   0.00000
              4    1 IM1H     HA1       -0.13162   0.19966  -0.00000
              5    1 IM1H     NA2        0.03051  -0.01987  -0.00000
              6    1 IM1H     CW1       -0.01675   0.01621   0.00000
              7    1 IM1H     HA2        0.00726  -0.01534  -0.00000
              8    1 IM1H     CW2        0.01241   0.00625   0.00000
              9    1 IM1H     HA3       -0.08341   0.02554  -0.00000
             10    1 IM1H     C11       -0.03617   0.07009   0.00000
             11    1 IM1H     H11        0.27812   0.25514  -0.00000
             12    1 IM1H     H12       -0.01541  -0.48189  -0.32518
             13    1 IM1H     H13       -0.01541  -0.48189   0.32518

  VIBRATION MODE  29  FREQUENCY= 1584.869963  TRANS ROT %=    0.000004
  EIGENVALUE=  213.005915  ENERGY DERIVATIVE=    0.479233
  TYPE  'FACT'    1.0000   MASS   NORM  STEP=    1.000000

   EIGENVECTOR:
              1    1 IM1H     HNA1      -0.14208  -0.28703  -0.00000
              2    1 IM1H     NA1        0.09726   0.00719  -0.00000
              3    1 IM1H     CR1       -0.09791   0.02017   0.00000
              4    1 IM1H     HA1       -0.17494  -0.51779   0.00000
              5    1 IM1H     NA2        0.07821   0.07337  -0.00000
              6    1 IM1H     CW1       -0.05259   0.00288  -0.00000
              7    1 IM1H     HA2        0.11356   0.14237   0.00000
              8    1 IM1H     CW2       -0.01603  -0.05206  -0.00000
              9    1 IM1H     HA3        0.09599  -0.00441   0.00000
             10    1 IM1H     C11       -0.04990  -0.01028   0.00000
             11    1 IM1H     H11        0.12757   0.06988  -0.00000
             12    1 IM1H     H12        0.06022  -0.02713   0.06371
             13    1 IM1H     H13        0.06022  -0.02713  -0.06371

  VIBRATION MODE  30  FREQUENCY= 1689.330700  TRANS ROT %=    0.000010
  EIGENVALUE=  242.010240  ENERGY DERIVATIVE=   -0.078645
  TYPE  'FACT'    1.0000   MASS   NORM  STEP=    1.000000

   EIGENVECTOR:
              1    1 IM1H     HNA1      -0.10876   0.08937  -0.00000
              2    1 IM1H     NA1       -0.00008   0.02965  -0.00000
              3    1 IM1H     CR1        0.01922  -0.11729  -0.00000
              4    1 IM1H     HA1       -0.23357   0.37984  -0.00000
              5    1 IM1H     NA2        0.06137   0.07755   0.00000
              6    1 IM1H     CW1        0.04178  -0.03019   0.00000
              7    1 IM1H     HA2        0.00182   0.04767  -0.00000
              8    1 IM1H     CW2       -0.12258   0.01421   0.00000
              9    1 IM1H     HA3        0.43676  -0.16389  -0.00000
             10    1 IM1H     C11       -0.02364  -0.02331  -0.00000
             11    1 IM1H     H11        0.05576  -0.00741   0.00000
             12    1 IM1H     H12        0.00585   0.01524   0.05986
             13    1 IM1H     H13        0.00585   0.01524  -0.05986

  VIBRATION MODE  31  FREQUENCY= 1774.775936  TRANS ROT %=    0.000002
  EIGENVALUE=  267.110806  ENERGY DERIVATIVE=   -0.187870
  TYPE  'FACT'    1.0000   MASS   NORM  STEP=    1.000000

   EIGENVECTOR:
              1    1 IM1H     HNA1       0.09775   0.01809  -0.00000
              2    1 IM1H     NA1       -0.01653  -0.06858  -0.00000
              3    1 IM1H     CR1       -0.02005  -0.02781  -0.00000
              4    1 IM1H     HA1        0.00877   0.05762   0.00000
              5    1 IM1H     NA2        0.00771   0.08831   0.00000
              6    1 IM1H     CW1        0.05645   0.16591  -0.00000
              7    1 IM1H     HA2       -0.22306  -0.39074   0.00000
              8    1 IM1H     CW2       -0.00523  -0.12600  -0.00000
              9    1 IM1H     HA3       -0.11141   0.09683   0.00000
             10    1 IM1H     C11       -0.00229  -0.01667  -0.00000
             11    1 IM1H     H11        0.03624  -0.02052  -0.00000
             12    1 IM1H     H12       -0.01492   0.00950   0.02238
             13    1 IM1H     H13       -0.01492   0.00950  -0.02238

  VIBRATION MODE  32  FREQUENCY= 1789.627452  TRANS ROT %=    0.000002
  EIGENVALUE=  271.599934  ENERGY DERIVATIVE=   -0.000000
  TYPE  'FACT'    1.0000   MASS   NORM  STEP=    1.000000

   EIGENVECTOR:
              1    1 IM1H     HNA1       0.00000  -0.00000   0.01229
              2    1 IM1H     NA1       -0.00000  -0.00000  -0.01138
              3    1 IM1H     CR1       -0.00000   0.00000  -0.01968
              4    1 IM1H     HA1        0.00000   0.00000   0.00528
              5    1 IM1H     NA2       -0.00000   0.00000  -0.03578
              6    1 IM1H     CW1        0.00000   0.00000   0.09149
              7    1 IM1H     HA2       -0.00000  -0.00000  -0.70465
              8    1 IM1H     CW2       -0.00000  -0.00000   0.07577
              9    1 IM1H     HA3        0.00000   0.00000  -0.54783
             10    1 IM1H     C11       -0.00000  -0.00000   0.01066
             11    1 IM1H     H11       -0.00000  -0.00000  -0.00655
             12    1 IM1H     H12       -0.01490  -0.02222   0.00569
             13    1 IM1H     H13        0.01490   0.02222   0.00569

  VIBRATION MODE  33  FREQUENCY= 1862.152562  TRANS ROT %=    0.000006
  EIGENVALUE=  294.059295  ENERGY DERIVATIVE=    0.044921
  TYPE  'FACT'    1.0000   MASS   NORM  STEP=    1.000000

   EIGENVECTOR:
              1    1 IM1H     HNA1       0.10051   0.00937   0.00000
              2    1 IM1H     NA1       -0.03996  -0.06230  -0.00000
              3    1 IM1H     CR1       -0.02346   0.11641   0.00000
              4    1 IM1H     HA1        0.05894  -0.20750   0.00000
              5    1 IM1H     NA2        0.07924  -0.10406  -0.00000
              6    1 IM1H     CW1        0.09744   0.03838  -0.00000
              7    1 IM1H     HA2       -0.08551  -0.09557   0.00000
              8    1 IM1H     CW2       -0.12846   0.05291  -0.00000
              9    1 IM1H     HA3        0.23080  -0.09483   0.00000
             10    1 IM1H     C11       -0.01916   0.01768   0.00000
             11    1 IM1H     H11       -0.02868   0.05366  -0.00000
             12    1 IM1H     H12        0.02777  -0.01945  -0.00191
             13    1 IM1H     H13        0.02777  -0.01945   0.00191

  VIBRATION MODE  34  FREQUENCY= 2431.470987  TRANS ROT %=    0.000000
  EIGENVALUE=  501.351799  ENERGY DERIVATIVE=   -0.553488
  TYPE  'FACT'    1.0000   MASS   NORM  STEP=    1.000000

   EIGENVECTOR:
              1    1 IM1H     HNA1       0.02383  -0.01286   0.00000
              2    1 IM1H     NA1       -0.02055  -0.01221  -0.00000
              3    1 IM1H     CR1        0.07235   0.02149   0.00000
              4    1 IM1H     HA1       -0.40921  -0.13335   0.00000
              5    1 IM1H     NA2       -0.01813   0.00399  -0.00000
              6    1 IM1H     CW1        0.00601   0.00262   0.00000
              7    1 IM1H     HA2       -0.00505  -0.00642  -0.00000
              8    1 IM1H     CW2        0.00275  -0.00059  -0.00000
              9    1 IM1H     HA3       -0.00489   0.00273   0.00000
             10    1 IM1H     C11       -0.05187   0.00169   0.00000
             11    1 IM1H     H11        0.20742  -0.46169  -0.00000
             12    1 IM1H     H12        0.18852   0.21266  -0.37080
             13    1 IM1H     H13        0.18852   0.21266   0.37080

  VIBRATION MODE  35  FREQUENCY= 2442.274551  TRANS ROT %=    0.000000
  EIGENVALUE=  505.816931  ENERGY DERIVATIVE=    0.934382
  TYPE  'FACT'    1.0000   MASS   NORM  STEP=    1.000000

   EIGENVECTOR:
              1    1 IM1H     HNA1      -0.03901   0.01931   0.00000
              2    1 IM1H     NA1        0.03320   0.01905  -0.00000
              3    1 IM1H     CR1       -0.11973  -0.03428  -0.00000
              4    1 IM1H     HA1        0.66166   0.21173  -0.00000
              5    1 IM1H     NA2        0.04482  -0.00714   0.00000
              6    1 IM1H     CW1       -0.00896  -0.00362   0.00000
              7    1 IM1H     HA2        0.00717   0.01028  -0.00000
              8    1 IM1H     CW2       -0.00777   0.00164  -0.00000
              9    1 IM1H     HA3        0.01082  -0.00370   0.00000
             10    1 IM1H     C11       -0.03805  -0.00343  -0.00000
             11    1 IM1H     H11        0.09883  -0.21791   0.00000
             12    1 IM1H     H12        0.12789   0.14388  -0.24783
             13    1 IM1H     H13        0.12789   0.14388   0.24783

  VIBRATION MODE  36  FREQUENCY= 2468.976740  TRANS ROT %=    0.000000
  EIGENVALUE=  516.937920  ENERGY DERIVATIVE=    0.000000
  TYPE  'FACT'    1.0000   MASS   NORM  STEP=    1.000000

   EIGENVECTOR:
              1    1 IM1H     HNA1      -0.00000   0.00000   0.00527
              2    1 IM1H     NA1       -0.00000   0.00000   0.01126
              3    1 IM1H     CR1       -0.00000  -0.00000   0.00110
              4    1 IM1H     HA1        0.00000   0.00000  -0.00030
              5    1 IM1H     NA2        0.00000  -0.00000  -0.00035
              6    1 IM1H     CW1       -0.00000  -0.00000   0.07717
              7    1 IM1H     HA2       -0.00000  -0.00000  -0.55094
              8    1 IM1H     CW2        0.00000   0.00000  -0.09819
              9    1 IM1H     HA3        0.00000   0.00000   0.69159
             10    1 IM1H     C11        0.00000   0.00000   0.00951
             11    1 IM1H     H11       -0.00000   0.00000  -0.00809
             12    1 IM1H     H12        0.03806   0.04955  -0.08256
             13    1 IM1H     H13       -0.03806  -0.04955  -0.08256

  VIBRATION MODE  37  FREQUENCY= 2524.479621  TRANS ROT %=    0.000000
  EIGENVALUE=  540.440805  ENERGY DERIVATIVE=    0.000000
  TYPE  'FACT'    1.0000   MASS   NORM  STEP=    1.000000

   EIGENVECTOR:
              1    1 IM1H     HNA1      -0.00000   0.00000  -0.00087
              2    1 IM1H     NA1        0.00000   0.00000  -0.00159
              3    1 IM1H     CR1       -0.00000  -0.00000   0.00021
              4    1 IM1H     HA1        0.00000   0.00000  -0.00080
              5    1 IM1H     NA2        0.00000   0.00000  -0.00400
              6    1 IM1H     CW1       -0.00000  -0.00000  -0.01056
              7    1 IM1H     HA2        0.00000  -0.00000   0.07473
              8    1 IM1H     CW2       -0.00000  -0.00000   0.01634
              9    1 IM1H     HA3        0.00000  -0.00000  -0.11039
             10    1 IM1H     C11       -0.00000  -0.00000   0.09735
             11    1 IM1H     H11       -0.00000   0.00000  -0.03889
             12    1 IM1H     H12        0.23655   0.28519  -0.53875
             13    1 IM1H     H13       -0.23655  -0.28519  -0.53875

  VIBRATION MODE  38  FREQUENCY= 2527.684328  TRANS ROT %=    0.000000
  EIGENVALUE=  541.813804  ENERGY DERIVATIVE=    0.416222
  TYPE  'FACT'    1.0000   MASS   NORM  STEP=    1.000000

   EIGENVECTOR:
              1    1 IM1H     HNA1      -0.00026  -0.00147   0.00000
              2    1 IM1H     NA1        0.00221   0.00106  -0.00000
              3    1 IM1H     CR1       -0.01168   0.00168  -0.00000
              4    1 IM1H     HA1        0.05194   0.01275   0.00000
              5    1 IM1H     NA2        0.00455  -0.01087   0.00000
              6    1 IM1H     CW1       -0.00040  -0.00068  -0.00000
              7    1 IM1H     HA2        0.00058   0.00100   0.00000
              8    1 IM1H     CW2        0.00028   0.00293   0.00000
              9    1 IM1H     HA3       -0.00011  -0.00088  -0.00000
             10    1 IM1H     C11       -0.00099   0.10060   0.00000
             11    1 IM1H     H11        0.27796  -0.70764  -0.00000
             12    1 IM1H     H12       -0.13583  -0.20656   0.28685
             13    1 IM1H     H13       -0.13583  -0.20656  -0.28685

  VIBRATION MODE  39  FREQUENCY= 3122.799717  TRANS ROT %=    0.000000
  EIGENVALUE=  826.975525  ENERGY DERIVATIVE=   -1.431843
  TYPE  'FACT'    1.0000   MASS   NORM  STEP=    1.000000

   EIGENVECTOR:
              1    1 IM1H     HNA1       0.53907  -0.70659   0.00000
              2    1 IM1H     NA1       -0.06724   0.08588  -0.00000
              3    1 IM1H     CR1       -0.00322  -0.03750   0.00000
              4    1 IM1H     HA1        0.03298   0.02220  -0.00000
              5    1 IM1H     NA2        0.00026   0.00355  -0.00000
              6    1 IM1H     CW1        0.03753  -0.00975   0.00000
              7    1 IM1H     HA2       -0.00812  -0.00525  -0.00000
              8    1 IM1H     CW2       -0.00382   0.00149  -0.00000
              9    1 IM1H     HA3        0.00397  -0.00146  -0.00000
             10    1 IM1H     C11        0.00000  -0.00059   0.00000
             11    1 IM1H     H11       -0.00030   0.00044   0.00000
             12    1 IM1H     H12       -0.00006   0.00009  -0.00015
             13    1 IM1H     H13       -0.00006   0.00009   0.00015
  
 VIBRAN>    end
  
 CHARMM>    !write para used card name "parameters.par"
 CHARMM>     
  
 CHARMM>     
  
      $$$$$$  New timer profile Local node$$$$$
      Heuristic check                 0.00 Other:            0.00
   List time                       0.00 Other:            0.00
      Nonbond force                   0.00 Other:            0.00
         Bond energy                     0.00 Other:            0.00
         Angle energy                    0.00 Other:            0.00
         Dihedral energy                 0.00 Other:            0.00
         Restraints energy               0.00 Other:            0.00
      INTRNL energy                   0.00 Other:            0.00
      Comm energy                     0.00 Other:            0.00
      Comm force                      0.00 Other:            0.00
   Energy time                     0.00 Other:            0.00
 Total time                      0.05 Other:            0.05
         $$$$$$  Average   profile $$$$$
      Heuristic check                 0.00 Other:            0.00
   List time                       0.00 Other:            0.00
      Nonbond force                   0.00 Other:            0.00
         Bond energy                     0.00 Other:            0.00
         Angle energy                    0.00 Other:            0.00
         Dihedral energy                 0.00 Other:            0.00
         Restraints energy               0.00 Other:            0.00
      INTRNL energy                   0.00 Other:            0.00
      Comm energy                     0.00 Other:            0.00
      Comm force                      0.00 Other:            0.00
   Energy time                     0.00 Other:            0.00
 Total time                      0.05 Other:            0.05

                    NORMAL TERMINATION BY END OF FILE
                    MOST SEVERE WARNING WAS AT LEVEL  1

                    $$$$$ JOB ACCOUNTING INFORMATION $$$$$
                     ELAPSED TIME:     0.06  SECONDS 
                         CPU TIME:     0.02  SECONDS 
