Record started (SWARM MUTATION): 2021-02-16 16:00:40.921078
Original fitness from cfg file (reference value): 166.56137742766853

Settings:
['MDEXEC', 'charmm']
['MDINP', 'Molecules/im1h/im1h.inp']
['MDOUT', 'Molecules/im1h/tempfiles/opt.log']
['QMOUT', 'Molecules/im1h/im1h.log']
['PARAM_FILENAME', 'Molecules/im1h/tempfiles/parameters.str']
['POPULATION_FILENAME', 'Molecules/im1h/tempfiles/lastPopulation.txt']
['LOG_FILENAME', 'Molecules/im1h/tempfiles/convergence.log']
['LOGGING', '1']
['RUNS', '10000']
['POPULATION_SIZE', '100']
['NEW_GENERATION_SIZE', '20']
['CREATE_INITIAL_POPULATION', '1']
['RECOMPUTE_FITNESS', '1']
['FIRST_FREQ_BIAS', '0']
['MUTATION_B_PROBABILITY', '0.1']
['STEP_SIZE_MULTIPLICATOR', '0.01']
['DIRECTION_DROP', '0.5']
['MINIMUM_IMPROVEMENT', '0.9999']
['PARAMETER', 'im1hb1', 'bond', '0', '1000', '322']
['PARAMETER', 'im1hb2', 'bond', '0', '1000', '548.04']
['PARAMETER', 'im1hb3', 'bond', '0', '1000', '365']
['PARAMETER', 'im1hb4', 'bond', '0', '1000', '394.47']
['PARAMETER', 'im1hb5', 'bond', '0', '1000', '340']
['PARAMETER', 'im1hb6', 'bond', '0', '1000', '500.39']
['PARAMETER', 'im1hb7', 'bond', '0', '1000', '260.13']
['PARAMETER', 'im1hb8', 'bond', '0', '1000', '466']
['PARAMETER', 'im1ha1', 'angle', '0', '200', '35.5']
['PARAMETER', 'im1ha2', 'angle', '0', '200', '36.73']
['PARAMETER', 'im1ha3', 'angle', '0', '200', '97.52']
['PARAMETER', 'im1ha4', 'angle', '0', '200', '94']
['PARAMETER', 'im1ha5', 'angle', '0', '200', '49.24']
['PARAMETER', 'im1ha6', 'angle', '0', '200', '28.72']
['PARAMETER', 'im1ha7', 'angle', '0', '200', '49.11']
['PARAMETER', 'im1ha8', 'angle', '0', '200', '27.82']
['PARAMETER', 'im1ha9', 'angle', '0', '200', '56.76']
['PARAMETER', 'im1ha10', 'angle', '0', '200', '43.35']
['PARAMETER', 'im1ha11', 'angle', '0', '200', '39.84']
['PARAMETER', 'im1ha12', 'angle', '0', '200', '111.97']
['PARAMETER', 'im1hd1', 'dihedral', '0', '30', '14']
['PARAMETER', 'im1hd2', 'dihedral', '0', '30', '2.9']
['PARAMETER', 'im1hd3', 'dihedral', '0', '30', '1.1']
['PARAMETER', 'im1hd4', 'dihedral', '0', '30', '0']
['PARAMETER', 'im1hd5', 'dihedral', '0', '30', '0']
['PARAMETER', 'im1hd6', 'dihedral', '0', '30', '2']
['PARAMETER', 'im1hd7', 'dihedral', '0', '30', '3']
['PARAMETER', 'im1hd8', 'dihedral', '0', '30', '3']
['PARAMETER', 'im1hd9', 'dihedral', '0', '30', '0.8']
['PARAMETER', 'im1hd10', 'dihedral', '0', '30', '0']
['PARAMETER', 'im1hd11', 'dihedral', '0', '30', '3']
['PARAMETER', 'im1hd12', 'dihedral', '0', '30', '1']
['PARAMETER', 'im1hd13', 'dihedral', '0', '30', '0.9']
['PARAMETER', 'im1hd14', 'dihedral', '0', '30', '14']
['PARAMETER', 'im1hd15', 'dihedral', '0', '30', '14']
['PARAMETER', 'im1hd16', 'dihedral', '0', '30', '2.4']
['PARAMETER', 'im1hd17', 'dihedral', '0', '30', '1.1']
['PARAMETER', 'im1hi1', 'torsion', '0', '300', '0.45']
['PARAMETER', 'im1hi2', 'torsion', '0', '300', '0.50']
['PARAMETER', 'im1hi3', 'torsion', '0', '300', '0.50']
['PARAMETER', 'im1hi4', 'torsion', '0', '300', '0.45']

Time,Generation,Fitness
33.92179822921753,1,811.4000206933162
39.92340350151062,2,800.1439944280772
45.77120280265808,3,717.0328635152619
60.8061740398407,4,717.0328635152619
75.1730363368988,5,717.0328635152619
81.30609464645386,6,705.5458892227291
99.18478775024414,7,705.5458892227291
105.0670862197876,8,649.708710803387
130.6410617828369,9,649.708710803387
150.46723747253418,10,649.708710803387
165.41936349868774,11,649.708710803387
181.49921798706055,12,649.708710803387
212.12478232383728,13,649.708710803387
217.85499811172485,14,648.5413608058016
242.2080147266388,15,648.5413608058016
248.12473678588867,16,645.8799463426942
254.2470052242279,17,611.6182007590246
271.5961742401123,18,611.6182007590246
277.60904359817505,19,590.4536138017362
296.22605657577515,20,590.4536138017362
314.5560700893402,21,590.4536138017362
331.1832971572876,22,590.4536138017362
350.1792013645172,23,590.4536138017362
365.69807147979736,24,590.4536138017362
393.3852844238281,25,590.4536138017362
409.9791054725647,26,590.4536138017362
426.2851986885071,27,590.4536138017362
432.3971781730652,28,590.3333431127556
438.56226444244385,29,583.6705868811256
454.3993022441864,30,583.6705868811256
460.7605142593384,31,569.1149710984307
478.1739604473114,32,564.108185757164
484.2292149066925,33,560.1632782792343
501.5438516139984,34,554.1053404078714
540.2509911060333,35,554.1053404078714
555.5764985084534,36,554.1053404078714
572.2254531383514,37,554.1053404078714
587.4040155410767,38,550.8902051282437
603.562750339508,39,550.8902051282437
619.8848345279694,40,550.8902051282437
634.5806474685669,41,550.8902051282437
652.0604572296143,42,550.8902051282437
658.186137676239,43,544.0536212968707
676.641007900238,44,544.0536212968707
692.961333990097,45,544.0536212968707
710.8637397289276,46,544.0536212968707
728.2327523231506,47,544.0536212968707
743.6590750217438,48,544.0536212968707
759.7279450893402,49,544.0536212968707
775.679940700531,50,540.9332618440063
792.2650430202484,51,540.9332618440063
806.4128303527832,52,540.9332618440063
822.9810864925385,53,540.9332618440063
845.2232773303986,54,540.8964600517995
858.2340438365936,55,534.7929654650762
878.8502428531647,56,515.002764002185
903.6597201824188,57,515.002764002185
923.1451251506805,58,515.002764002185
929.0791974067688,59,509.6077476519648
946.6682891845703,60,509.6077476519648
963.0994672775269,61,509.6077476519648
981.2978687286377,62,509.6077476519648
997.2652485370636,63,509.6077476519648
1014.9473099708557,64,509.6077476519648
1032.3681852817535,65,509.6077476519648
1047.4439730644226,66,509.6077476519648
1053.2571074962616,67,506.2299572118354
1059.2300758361816,68,503.8329576469242
1073.0073459148407,69,503.01192255062097
1088.2787997722626,70,503.01192255062097
1101.6973991394043,71,503.01192255062097
1118.8165168762207,72,503.01192255062097
1149.1861026287079,73,503.01192255062097
1155.2772636413574,74,496.4845943965327
1175.656950712204,75,496.4845943965327
1196.3407082557678,76,496.4845943965327
1211.901918888092,77,496.4845943965327
1228.5197615623474,78,496.4845943965327
1245.3614475727081,79,495.4431863814123
1251.5379021167755,80,491.6336081354801
1272.2141995429993,81,491.6336081354801
1293.0055162906647,82,460.6446122873706
1314.964602470398,83,460.6446122873706
1338.844071149826,84,460.6446122873706
1355.9039196968079,85,460.6446122873706
1370.453087568283,86,460.6446122873706
1399.524008989334,87,460.6446122873706
1416.0445153713226,88,460.6446122873706
1445.5442547798157,89,460.6446122873706
1462.0511465072632,90,460.6446122873706
1480.270500421524,91,460.6446122873706
1497.6815495491028,92,460.6446122873706
1520.8604564666748,93,451.5787632894423
1540.5750379562378,94,451.5787632894423
1555.9057574272156,95,451.5787632894423
1570.03559756279,96,451.5787632894423
1588.5886676311493,97,451.5787632894423
1606.8389506340027,98,451.5787632894423
1626.4683907032013,99,451.5787632894423
1641.3503322601318,100,451.5787632894423
1663.6955246925354,101,444.77139341503465
1680.5501625537872,102,444.77139341503465
1700.7614414691925,103,444.77139341503465
1716.3674461841583,104,444.77139341503465
1735.9602262973785,105,444.77139341503465
1753.1370034217834,106,444.77139341503465
1772.1173660755157,107,444.77139341503465
1793.5028402805328,108,444.77139341503465
1817.0120425224304,109,444.77139341503465
1846.83869099617,110,444.77139341503465
1863.133151292801,111,444.77139341503465
1882.7230353355408,112,444.77139341503465
1909.5200510025024,113,427.6872905068838
1927.4393527507782,114,427.6872905068838
1941.4006724357605,115,427.6872905068838
1955.5332057476044,116,427.6872905068838
1969.9823184013367,117,427.6872905068838
1986.6077275276184,118,427.6872905068838
2000.256263256073,119,427.6872905068838
2027.2773940563202,120,427.6872905068838
2045.3148174285889,121,427.6872905068838
2065.802463054657,122,427.6872905068838
2086.984503030777,123,427.6872905068838
2107.1274507045746,124,427.6872905068838
2125.6695992946625,125,427.6872905068838
2141.8594472408295,126,427.6872905068838
2155.8752517700195,127,427.6872905068838
2173.9443843364716,128,427.6872905068838
2194.129955291748,129,427.6872905068838
2210.4676425457,130,427.6872905068838
2226.946568965912,131,427.6872905068838
2246.1689558029175,132,427.6872905068838
2266.502838373184,133,427.6872905068838
2307.6636300086975,134,427.6872905068838
2321.8712627887726,135,427.6872905068838
2344.380146741867,136,427.6872905068838
2387.442024707794,137,427.6872905068838
2406.9034423828125,138,427.6872905068838
2423.79621219635,139,427.6872905068838
2448.3420839309692,140,427.6872905068838
2464.7564520835876,141,427.6872905068838
2487.7722430229187,142,427.6872905068838
2507.2100336551666,143,427.6872905068838
2541.0092103481293,144,427.6872905068838
2556.671855688095,145,427.6872905068838
2574.2138776779175,146,427.6872905068838
2593.2190775871277,147,427.6872905068838
2599.1816425323486,148,426.9175591148127
2604.84357380867,149,424.74779004275945
2623.27242064476,150,424.74779004275945
2646.698040008545,151,424.74779004275945
2673.8288140296936,152,422.72347906539795
2690.127864599228,153,422.72347906539795
2710.4917578697205,154,422.72347906539795
2727.4760518074036,155,422.72347906539795
2746.5820801258087,156,419.03809878154823
2764.50496506691,157,419.03809878154823
2781.2511463165283,158,419.03809878154823
2800.999047756195,159,419.03809878154823
2816.1215150356293,160,419.03809878154823
2835.8991413116455,161,419.03809878154823
2841.897353887558,162,419.00729234323137
2846.9748759269714,163,418.5804604995337
2867.546593427658,164,418.5804604995337
2873.3071126937866,165,417.0761220591168
2879.4766585826874,166,415.54302104726395
2893.4130663871765,167,415.54302104726395
2909.652223110199,168,388.38146191626606
2933.2241978645325,169,388.38146191626606
2958.133034467697,170,388.38146191626606
2974.750094652176,171,388.38146191626606
2996.870845079422,172,388.38146191626606
3022.2397186756134,173,388.38146191626606
3041.266007900238,174,388.38146191626606
3060.4370720386505,175,388.38146191626606
3079.9645099639893,176,388.38146191626606
3096.9730818271637,177,388.38146191626606
3118.3458483219147,178,388.38146191626606
3136.9917385578156,179,388.38146191626606
3159.60516166687,180,388.38146191626606
3178.930507659912,181,388.38146191626606
3194.646899700165,182,388.38146191626606
3216.901547193527,183,388.38146191626606
3234.384261369705,184,388.38146191626606
3257.742746114731,185,388.38146191626606
3288.502074956894,186,388.38146191626606
3309.418285369873,187,388.38146191626606
3328.3847682476044,188,388.38146191626606
3344.05939912796,189,388.38146191626606
3364.20432806015,190,388.38146191626606
3370.3588316440582,191,384.8059219411237
3394.702969312668,192,384.8059219411237
3410.1108026504517,193,384.08556513717997
3426.875265598297,194,377.198562627963
3444.245885372162,195,377.198562627963
3463.8784770965576,196,377.198562627963
3479.2933003902435,197,377.198562627963
3503.7805275917053,198,377.198562627963
3521.894463777542,199,377.198562627963
3535.6127626895905,200,377.198562627963
3550.693145751953,201,377.198562627963
3568.0438137054443,202,364.7277073979389
3582.8893644809723,203,364.7277073979389
3600.559420824051,204,364.7157157611539
3617.4721128940582,205,364.7157157611539
3623.356978416443,206,363.1506974906005
3638.7565274238586,207,363.1506974906005
3654.7140057086945,208,363.1506974906005
3674.0987029075623,209,363.1506974906005
3700.59042429924,210,363.1506974906005
3714.513554096222,211,363.1506974906005
3728.5775356292725,212,363.1506974906005
3752.3004865646362,213,363.1506974906005
3758.416358947754,214,361.06173049196457
3773.2384440898895,215,361.06173049196457
3779.3876485824585,216,360.7194907076262
3796.660573720932,217,354.97024481807904
3813.976746559143,218,315.1774520918908
3832.959584712982,219,314.8810177469375
3848.751566886902,220,314.8810177469375
3869.6474525928497,221,314.8810177469375
3889.752190351486,222,314.8810177469375
3895.587230205536,223,314.5410551643492
3912.141301393509,224,314.5410551643492
3931.092628955841,225,314.5410551643492
3947.685313463211,226,313.79769834591156
3969.023638010025,227,313.10336115934064
3984.290899991989,228,313.10336115934064
4013.7866559028625,229,313.10336115934064
4039.1063537597656,230,313.10336115934064
4055.918384075165,231,298.86453051741046
4072.1215229034424,232,298.01168713662094
4093.35511469841,233,298.01168713662094
4110.762313365936,234,298.01168713662094
4129.218189954758,235,298.01168713662094
4145.134132385254,236,298.01168713662094
4161.163385152817,237,298.01168713662094
4177.541504144669,238,298.01168713662094
4197.296216011047,239,298.01168713662094
4212.75292134285,240,298.01168713662094
4230.818138122559,241,298.01168713662094
4251.115280389786,242,298.01168713662094
4257.201483249664,243,295.8156021285228
4263.286630868912,244,292.9468582432841
4279.623281240463,245,292.9468582432841
4293.398645401001,246,292.9468582432841
4299.620320081711,247,289.34808472918456
4315.304761171341,248,289.34808472918456
4340.285583257675,249,289.34808472918456
4356.238399982452,250,289.34808472918456
4371.911906719208,251,289.34808472918456
4388.038586854935,252,272.6988924685894
4402.56364774704,253,272.6988924685894
4416.191237449646,254,272.6988924685894
4434.746495246887,255,272.6988924685894
4453.396887540817,256,270.4584432603436
4469.677968978882,257,270.4584432603436
4489.196306467056,258,270.4584432603436
4512.192755937576,259,270.4584432603436
4528.141890048981,260,270.4584432603436
4542.50323009491,261,270.4584432603436
4557.910699605942,262,270.4584432603436
4574.43833065033,263,270.4584432603436
4593.091881752014,264,270.4584432603436
4611.506491661072,265,270.4584432603436
4630.747881412506,266,270.4584432603436
4644.637279748917,267,267.21125491209625
4650.71315574646,268,265.6339355480615
4665.188315868378,269,265.6339355480615
4682.015485048294,270,265.6339355480615
4696.014668226242,271,265.6339355480615
4713.9030594825745,272,265.6339355480615
4735.481616735458,273,265.6339355480615
4752.897834062576,274,262.8614730243657
4759.349529743195,275,259.7528880061037
4779.233174800873,276,259.7528880061037
4807.351881504059,277,259.7528880061037
4822.694045305252,278,259.7528880061037
4840.620391368866,279,259.7528880061037
4856.304701089859,280,259.7528880061037
4876.774569272995,281,259.7528880061037
4882.708275079727,282,259.1533910703283
4898.916337490082,283,259.1533910703283
4923.5065059661865,284,259.1533910703283
4948.739554405212,285,256.6801283962007
4965.45031952858,286,254.36285747611672
4981.446221590042,287,254.36285747611672
4997.396652698517,288,250.13844813413093
5016.733906507492,289,250.13844813413093
5034.6647772789,290,250.13844813413093
5049.274662733078,291,250.13844813413093
5068.168927669525,292,250.13844813413093
5083.430646181107,293,249.5559834483719
5099.597700595856,294,249.5559834483719
5117.104345321655,295,249.5559834483719
5150.041526079178,296,246.7265191751887
5169.452344894409,297,243.54523322830036
5186.335886478424,298,243.54523322830036
5208.728465795517,299,243.54523322830036
5225.671452760696,300,243.54523322830036
5261.413423538208,301,243.54523322830036
5279.609164714813,302,243.54523322830036
5297.247017145157,303,243.54523322830036
5314.609432458878,304,243.54523322830036
5331.8152549266815,305,230.96466012759547
5349.090361356735,306,230.96466012759547
5377.49732708931,307,230.96466012759547
5383.917709827423,308,230.19991769607918
5407.307008266449,309,230.19991769607918
5426.075268030167,310,230.19991769607918
5452.638331651688,311,230.19991769607918
5475.477884054184,312,230.19991769607918
5494.458574056625,313,230.19991769607918
5512.326587438583,314,230.19991769607918
5518.727334737778,315,225.05615373988996
5538.615838766098,316,225.05615373988996
5560.453713178635,317,224.25788312961967
5578.487662315369,318,224.0919732845958
5603.792786598206,319,224.0919732845958
5610.161972045898,320,222.66383113344526
5624.170550584793,321,222.66383113344526
5639.341536998749,322,221.83215585332144
5660.102624177933,323,221.83215585332144
5675.980783939362,324,219.03917545317944
5691.140927553177,325,217.53197110012886
5711.894900560379,326,217.53197110012886
5718.1859130859375,327,216.59871610250076
5737.436950683594,328,216.59871610250076
5767.657648563385,329,216.59871610250076
5785.071290016174,330,216.16423803516165
5800.2005450725555,331,216.16423803516165
5806.2271320819855,332,214.51300317416457
5823.0631268024445,333,214.51300317416457
5839.554571390152,334,214.51300317416457
5845.838719844818,335,211.53878411222513
5869.245807886124,336,206.78811561387735
5893.180568933487,337,206.78811561387735
5911.877113580704,338,206.78811561387735
5929.907195568085,339,206.78811561387735
5948.007746458054,340,206.1626708409955
5964.40586066246,341,206.1626708409955
5984.766718864441,342,206.1626708409955
6001.33854341507,343,206.1626708409955
6007.590858459473,344,206.07983318559127
6013.983682632446,345,204.3880321794613
6027.671744823456,346,204.3880321794613
6045.630066871643,347,204.3880321794613
6068.733820676804,348,197.7660909484097
6084.4480566978455,349,197.7660909484097
6102.852186203003,350,197.7660909484097
6120.874034166336,351,197.7660909484097
6143.563360691071,352,197.7660909484097
6161.57868885994,353,197.7660909484097
6180.293522357941,354,197.7660909484097
6200.326901435852,355,197.7660909484097
6217.330574274063,356,197.7660909484097
6234.70156955719,357,197.7660909484097
6250.719548225403,358,197.7660909484097
6269.676393032074,359,196.71417674962643
6286.255548477173,360,196.71417674962643
6307.677828788757,361,196.71417674962643
6325.583404302597,362,194.43892452943223
6343.472440242767,363,188.00550100636988
6358.566376686096,364,188.00550100636988
6364.255834817886,365,184.83853873171748
6380.409940004349,366,184.83853873171748
6398.019611358643,367,184.83853873171748
6416.639919519424,368,184.83853873171748
6432.457503318787,369,184.83853873171748
6450.381908893585,370,184.83853873171748
6473.0525777339935,371,184.83853873171748
6493.091068506241,372,184.83853873171748
6507.20266699791,373,184.83853873171748
6526.273286819458,374,172.2392229929491
6542.552407979965,375,172.2392229929491
6559.127615451813,376,172.2392229929491
6578.737299203873,377,172.2392229929491
6593.165166854858,378,172.2392229929491
6610.472254753113,379,172.2392229929491
6633.63556933403,380,172.2392229929491
6653.0521829128265,381,172.2392229929491
6670.544664382935,382,172.2392229929491
6687.03783249855,383,172.2392229929491
6705.694030284882,384,172.2392229929491
6727.978273868561,385,172.2392229929491
6744.038552045822,386,172.2392229929491
6760.638473749161,387,172.2392229929491
6777.276630401611,388,172.2392229929491
6793.470037698746,389,172.2392229929491
6810.646549940109,390,172.2392229929491
6828.398547410965,391,172.2392229929491
6849.805821180344,392,172.2392229929491
6866.125403165817,393,172.2392229929491
6892.957323551178,394,172.2392229929491
6910.054272174835,395,172.2392229929491
6916.607817649841,396,170.38512512040106
6934.36496758461,397,167.93038966116083
6950.667452812195,398,167.93038966116083
6967.2263879776,399,167.93038966116083
6985.958895206451,400,167.93038966116083
7003.78459239006,401,167.93038966116083
7009.942167758942,402,167.25584277052073
7027.628116607666,403,167.25584277052073
7034.04719543457,404,166.4510881099922
7058.780771970749,405,162.78383883505782
7079.336030960083,406,162.78383883505782
7101.699269533157,407,162.78383883505782
7120.6075394153595,408,161.9540149341991
7143.711424827576,409,161.462628925828
7164.131577730179,410,161.462628925828
7206.038421630859,411,160.44754648790953
7228.676732540131,412,160.44754648790953
7250.298279047012,413,160.44754648790953
7273.83606505394,414,160.26615370594246
7310.728258371353,415,160.1898596210983
7317.187764406204,416,159.2384514302286
7333.443135023117,417,156.25067535101073
7355.677138328552,418,156.25067535101073
7375.594158411026,419,156.25067535101073
7393.791816234589,420,156.25067535101073
7400.136466741562,421,154.04557133720095
7419.75677895546,422,154.04557133720095
7436.2332372665405,423,151.53083878710459
7456.999817609787,424,151.53083878710459
7477.074106931686,425,151.53083878710459
7497.54350399971,426,151.53083878710459
7514.772262096405,427,151.5012203192672
7535.907626390457,428,151.5012203192672
7557.537386417389,429,151.5012203192672
7578.076230287552,430,149.3058697622315
7597.0300879478455,431,142.52008737736276
7614.217121601105,432,142.52008737736276
7637.386197090149,433,142.52008737736276
7657.558253526688,434,142.52008737736276
7677.702888011932,435,142.52008737736276
7695.2219388484955,436,142.52008737736276
7701.860493659973,437,140.5829898141049
7720.961497545242,438,140.5829898141049
7738.569437503815,439,140.5829898141049
7756.671952486038,440,140.5829898141049
7778.525504827499,441,140.5829898141049
7798.759985208511,442,140.5829898141049
7821.074345827103,443,140.50215204498838
7827.137430906296,444,138.20446356886936
7846.657026052475,445,138.20446356886936
7902.743527889252,446,136.31709902323382
7919.244673252106,447,136.31709902323382
7938.584679365158,448,134.65195969236333
7958.2041556835175,449,132.14490500098415
7989.459953069687,450,132.14490500098415
8009.303026199341,451,132.14490500098415
8028.112291812897,452,132.14490500098415
8050.227465391159,453,132.14490500098415
8065.556920051575,454,132.14490500098415
8088.570549249649,455,132.14490500098415
8112.850921630859,456,132.14490500098415
8130.117316246033,457,131.57436307973066
8145.864207267761,458,131.57436307973066
8165.391880750656,459,131.57436307973066
8182.81346321106,460,130.02037586301026
8202.343252658844,461,130.02037586301026
8208.367518663406,462,129.75206391726564
8214.711835384369,463,127.93044825042041
8233.169746875763,464,127.93044825042041
8252.088157892227,465,127.93044825042041
8272.712279558182,466,127.93044825042041
8279.338084697723,467,127.86138906820727
8285.021753311157,468,126.17912049310254
8301.444127559662,469,116.88114182084662
8320.459477424622,470,116.88114182084662
8345.997257709503,471,115.93696004391734
8365.608057260513,472,115.93696004391734
8389.403483629227,473,115.93696004391734
8409.87728214264,474,115.93696004391734
8431.601751327515,475,115.93696004391734
8446.579968214035,476,115.93696004391734
8462.616162538528,477,114.81634135313186
8480.985120296478,478,114.81634135313186
8497.788709163666,479,114.81634135313186
8525.238060951233,480,114.81634135313186
8541.241888046265,481,114.81634135313186
8561.328911066055,482,114.81634135313186
8582.445487737656,483,114.81634135313186
8605.924854278564,484,114.81634135313186
8611.947033166885,485,114.47951008632235
8630.15033197403,486,114.47951008632235
8661.372374773026,487,114.47951008632235
8667.76171040535,488,110.67774355143385
8687.936982154846,489,110.67774355143385
8709.05109167099,490,106.57302397327935
8724.61112999916,491,106.57302397327935
8744.793196678162,492,106.57302397327935
8768.145018815994,493,106.57302397327935
8790.238172769547,494,106.57302397327935
8812.637738704681,495,106.57302397327935
8837.78688955307,496,106.57302397327935
8860.646753549576,497,106.57302397327935
8886.343514442444,498,106.57302397327935
8913.284414768219,499,106.57302397327935
8930.857988119125,500,106.57302397327935
8954.114470481873,501,106.57302397327935
8978.255744218826,502,106.57302397327935
8996.832501649857,503,106.57302397327935
9029.614933490753,504,106.57302397327935
9051.621443748474,505,106.57302397327935
9075.992578029633,506,105.06018595735141
9099.005870342255,507,105.06018595735141
9105.569257974625,508,104.77425225991745
9126.645762681961,509,104.77425225991745
9154.436037778854,510,104.77425225991745
9178.609448194504,511,104.7527748564313
9200.509439945221,512,104.7527748564313
9207.078775882721,513,104.58665662958265
9235.583597660065,514,102.83937380238699
9256.234029769897,515,102.83937380238699
9273.442015171051,516,102.83937380238699
9299.089499950409,517,102.83937380238699
9322.145515441895,518,102.83937380238699
9346.878656864166,519,102.83937380238699
9364.298957109451,520,102.83937380238699
9370.901242017746,521,102.14409750262452
9398.615491390228,522,102.14409750262452
9425.167652606964,523,101.66589666535748
9448.91540145874,524,101.66589666535748
9478.48345375061,525,101.66589666535748
9485.137930393219,526,101.62678761553222
9511.607546329498,527,101.52490858325474
9541.119915246964,528,100.76252713874558
9561.835374832153,529,100.76252713874558
9591.349321603775,530,100.76252713874558
9614.845832109451,531,100.76252713874558
9638.062668323517,532,100.76252713874558
9644.384697437286,533,100.1657016441202
9672.462569475174,534,100.1657016441202
9697.091557979584,535,100.1657016441202
9721.333493232727,536,100.11493334348145
9747.101755857468,537,100.11493334348145
9752.822679281235,538,99.88541650062771
9780.38017988205,539,99.88541650062771
9810.660989522934,540,99.78757452047036
9834.462086200714,541,90.01222359172338
9867.081895112991,542,90.01222359172338
9899.501585960388,543,90.01222359172338
9937.048211812973,544,89.91093528803688
9965.778146982193,545,89.91093528803688
10004.016310930252,546,88.53344122856954
10026.63202214241,547,87.62797319006127
10055.233733415604,548,87.62797319006127
10089.602115869522,549,87.62797319006127
10121.140795230865,550,86.87468044613546
10127.203823804855,551,86.51491837699798
10147.79719543457,552,86.51491837699798
10174.481934785843,553,86.51491837699798
10204.274785280228,554,86.22750699693592
10239.143622636795,555,86.22750699693592
10265.086703538895,556,86.22750699693592
10283.530165672302,557,86.22750699693592
10326.024381399155,558,85.95330816571645
10362.365441560745,559,85.95330816571645
10397.83440542221,560,85.95330816571645
10431.36405301094,561,85.86026546011111
10437.769803285599,562,85.10372705453757
10461.03295326233,563,85.10372705453757
10486.854380369186,564,85.10372705453757
10519.042186498642,565,85.10372705453757
10546.894794225693,566,85.10372705453757
10574.205807685852,567,84.88354241876218
10604.18433380127,568,84.6567080398223
10623.021173238754,569,84.6567080398223
10647.85588979721,570,84.6567080398223
10676.351721048355,571,84.5354911755998
10701.005182027817,572,84.5354911755998
10726.276401042938,573,84.5354911755998
10732.575746059418,574,84.30020041528347
10738.937215566635,575,84.07292903618699
10781.322945833206,576,84.04794635026681
10799.81954240799,577,83.69074634587129
10824.022660017014,578,83.50419994705666
10857.631338596344,579,83.50419994705666
10887.394956827164,580,83.36721944986748
10893.651161670685,581,83.30394799370696
10927.015007972717,582,83.10573682325426
10956.710941314697,583,83.10573682325426
10988.61623454094,584,83.10573682325426
10995.173506736755,585,82.89662518778059
11001.80098581314,586,82.67360660912239
11023.465663194656,587,82.67360660912239
11059.189837217331,588,82.14106493673827
11078.686386108398,589,82.14106493673827
11102.414079904556,590,82.14106493673827
11126.29099535942,591,82.14106493673827
11160.200394630432,592,82.14106493673827
11186.870005846024,593,82.14106493673827
11193.155079126358,594,81.81837044109889
11224.08734035492,595,81.81837044109889
11268.381071090698,596,81.81837044109889
11274.66564297676,597,81.75825228836354
11303.498817920685,598,81.44137616514273
11322.412960290909,599,81.36384475100876
11355.298296451569,600,81.36384475100876
11379.721389770508,601,81.36384475100876
11416.513313770294,602,81.36384475100876
11438.721497774124,603,81.36019984990216
11445.478793382645,604,81.28277496628563
11451.669429302216,605,81.13094155188404
11492.203409910202,606,81.13094155188404
11498.814944028854,607,80.98337136738294
11517.123096227646,608,80.637885038594
11550.060247421265,609,80.637885038594
11574.033382415771,610,80.637885038594
11606.972439289093,611,80.50123225812676
11612.985618114471,612,80.10814161231406
11639.993373632431,613,80.10814161231406
11672.984711408615,614,80.10814161231406
11703.60102891922,615,80.10814161231406
11741.082485198975,616,80.10814161231406
11773.796096086502,617,80.10814161231406
11788.830804109573,618,80.10814161231406
11815.936053037643,619,80.10814161231406
11822.115641355515,620,80.08303520014726
11828.313778162003,621,80.0785717462402
11865.461724758148,622,79.89289128990416
11871.978969573975,623,79.77485153975887
11892.630627393723,624,79.77485153975887
11930.857171297073,625,79.74373042089465
11956.498756885529,626,79.74373042089465
11962.541516542435,627,79.66381751782845
12006.637347459793,628,79.4898580948221
12046.918709516525,629,79.4898580948221
12053.405435800552,630,79.435570732205
12060.020241498947,631,79.42323239993637
12103.554309606552,632,79.33149643692869
12150.915965795517,633,79.21698357953383
12181.62292265892,634,79.21698357953383
12228.173341274261,635,79.15019700752298
12257.377264261246,636,78.96135983062919
12263.8717815876,637,78.85987068003956
12300.519854784012,638,78.84358837384221
12339.58193230629,639,78.84358837384221
12387.507547855377,640,78.84358837384221
12426.701655387878,641,78.84358837384221
12477.69305729866,642,78.83769127707495
12483.95732331276,643,78.79658841980927
12522.083086252213,644,78.79658841980927
12528.18832063675,645,78.59576527700905
12571.832351922989,646,78.59576527700905
12591.538811922073,647,78.59576527700905
12674.050351142883,648,78.55299393529539
12720.309344768524,649,78.55299393529539
12726.835877418518,650,78.48983392857085
12733.061197042465,651,78.39895217789233
12813.430120944977,652,78.39895217789233
12873.075254678726,653,78.3219304667129
12930.43259358406,654,78.30691325047998
12936.938775062561,655,78.20988648070197
12943.567100286484,656,78.20704117567928
12950.12548327446,657,78.16828656674613
12982.974538564682,658,78.14348693822647
13055.034604787827,659,78.14348693822647
13112.878131389618,660,78.00998833150447
13171.368087291718,661,78.00998833150447
13229.03036737442,662,78.00998833150447
13268.761973381042,663,77.98412257896572
13336.78876709938,664,77.940581516178
13428.53174161911,665,77.83504052937421
13501.551715612411,666,77.75999607572868
13530.167618513107,667,77.36484210201975
13587.069705486298,668,77.36484210201975
13633.793268680573,669,77.36484210201975
13673.83880019188,670,77.1656063334496
13750.02998328209,671,77.1656063334496
13785.362030267715,672,77.1656063334496
13855.562415122986,673,77.1656063334496
13911.529098033905,674,77.1656063334496
13960.339089632034,675,77.14025219232221
14022.573350429535,676,77.14025219232221
14090.958726882935,677,77.14025219232221
14156.163856506348,678,77.0742799315853
14248.571188688278,679,77.0742799315853
14301.378952026367,680,77.0742799315853
14377.591412305832,681,77.0742799315853
14383.955557584763,682,77.04524180282465
14440.146595478058,683,77.04524180282465
14499.880863189697,684,77.0020213340431
14506.277950048447,685,76.99314758694527
14552.507529973984,686,76.9789893595715
14558.775995492935,687,76.94017212674719
14617.46514582634,688,76.94017212674719
14690.901005268097,689,76.66876156475891
14773.45558834076,690,76.66876156475891
14823.394503355026,691,76.66876156475891
14879.989807605743,692,76.44506271982834
14935.131264209747,693,76.44506271982834
15027.392973899841,694,76.38777820231032
15083.329741477966,695,76.38777820231032
15159.476396083832,696,76.3368366058141
15207.950907707214,697,76.23736123757271
15259.836205244064,698,76.23736123757271
15330.848352432251,699,76.23736123757271
15337.007144927979,700,75.99048615236951
15383.99749326706,701,75.99048615236951
15440.118985652924,702,75.99048615236951
15529.36382317543,703,75.99048615236951
15600.90916109085,704,75.87720764179224
15654.950345516205,705,75.87720764179224
15716.171648025513,706,75.87720764179224
15780.68112874031,707,75.87720764179224
15861.329630851746,708,75.84619604221884
15892.140712022781,709,75.84619604221884
15898.757479190826,710,75.81550782283344
15905.287163257599,711,75.7957583968082
15973.31800031662,712,75.75168583446876
16039.991687774658,713,75.75168583446876
16046.342262983322,714,75.60553353308376
16107.401368618011,715,75.60553353308376
16178.711703777313,716,75.60553353308376
16184.914575099945,717,75.57287393662705
16281.249858379364,718,75.57287393662705
16365.688243627548,719,75.57287393662705
16458.53157544136,720,75.54055829683132
16523.165430784225,721,75.46618548479123
16613.313464164734,722,75.46618548479123
16700.352653980255,723,75.44939229364101
16766.8924536705,724,75.44939229364101
16773.161613702774,725,75.43638220799596
16838.534700870514,726,75.42939070378223
16844.886105298996,727,75.40488190399458
16931.126122951508,728,75.39007248547955
17021.338615179062,729,75.39007248547955
17027.777133464813,730,75.32515528732971
17107.014795541763,731,75.32515528732971
17195.500026464462,732,75.24805084012456
17201.990667819977,733,75.21013079103827
17289.267520189285,734,75.13282930707041
17375.79353928566,735,75.13282930707041
17465.803384780884,736,75.13282930707041
17546.877960443497,737,75.13282930707041
17636.67096567154,738,75.13282930707041
17729.51690888405,739,75.1118869686209
17808.680282115936,740,75.07541973020709
17895.24357676506,741,75.05557865593217
17980.385212183,742,75.03383154605535
18069.640667438507,743,74.9071316638265
18121.09464454651,744,74.78798747668425
18205.08715558052,745,74.04744892308645
18294.758803606033,746,74.04545526498262
18384.80128121376,747,74.04545526498262
18460.169733285904,748,73.08248298863248
18510.56423139572,749,73.08248298863248
18569.42848277092,750,72.99264186319012
18658.493178367615,751,72.40446942922497
18664.96440720558,752,71.80948650828851
18705.67492890358,753,71.80948650828851
18745.35566520691,754,71.7742575730014
18751.64104294777,755,71.50915061908088
18769.744558811188,756,71.50915061908088
18813.73206973076,757,71.50915061908088
18862.179676294327,758,71.50915061908088
18868.305740594864,759,71.39549823151688
18895.28856611252,760,71.39549823151688
18936.37268471718,761,71.39549823151688
18978.387672662735,762,71.39549823151688
19022.208425283432,763,71.37790889875637
19058.889887809753,764,71.37244113608841
19087.487213611603,765,71.37244113608841
19120.143986940384,766,71.37244113608841
19126.5208466053,767,71.30936024149906
19181.276446819305,768,71.30936024149906
19187.811365365982,769,71.25891474644828
19244.42700457573,770,71.2005104558761
19291.118457078934,771,71.2005104558761
19361.93180346489,772,71.2005104558761
19368.409581661224,773,71.19888614133409
19374.733716726303,774,71.1736864249712
19381.47004199028,775,71.12002442778136
19423.331241607666,776,71.09644645139166
19472.18342447281,777,71.09644645139166
19537.07995080948,778,71.09644645139166
19543.60391831398,779,71.03144753846097
19549.787487268448,780,70.96274585231335
19616.95772576332,781,70.96274585231335
19679.31118774414,782,70.86353515120172
19743.2264816761,783,70.86353515120172
19749.527735471725,784,70.8495861247963
19803.99591612816,785,70.81483360646548
19863.88835453987,786,70.81483360646548
19951.828183174133,787,70.81483360646548
19958.420140504837,788,70.71430858151082
20047.367550849915,789,70.71430858151082
20137.22341966629,790,70.71430858151082
20198.355142593384,791,70.71430858151082
20204.93483233452,792,70.61576489985161
20290.04550433159,793,70.61576489985161
20296.478766679764,794,70.6156262174219
20362.85768342018,795,70.44807389192654
20455.303619861603,796,70.44807389192654
20547.010838985443,797,70.44807389192654
20634.722998142242,798,70.44807389192654
20700.55213713646,799,70.43006891781305
20791.202585220337,800,70.43006891781305
20864.070108652115,801,70.43006891781305
20945.447190761566,802,70.43006891781305
21032.92756819725,803,70.4174473298462
21069.836316108704,804,70.40632471489127
21076.478977680206,805,70.35196377576484
21107.237668275833,806,70.33321722355309
21168.57637810707,807,70.33321722355309
21251.69963002205,808,70.3028777318208
21325.935717344284,809,70.2899299523465
21407.861839532852,810,70.2899299523465
21414.098136901855,811,70.2718726269583
21502.25617337227,812,70.2718726269583
21508.097096920013,813,70.25213541325309
21593.234488010406,814,70.16534777810311
21681.70210313797,815,70.16534777810311
21770.848852157593,816,70.16534777810311
21856.518077373505,817,70.16534777810311
21938.87072968483,818,70.14927554632845
21945.01505088806,819,70.11423345493645
22011.818876743317,820,70.1058183289164
22018.531393766403,821,70.06754294185265
22102.9093708992,822,70.04839605920985
22177.065707445145,823,69.98422192543757
22269.256998062134,824,69.98422192543757
22358.01580309868,825,69.98422192543757
22443.706144571304,826,69.87962148127141
22450.13379406929,827,69.85159998712092
22534.31702852249,828,69.85159998712092
22602.459310293198,829,69.85159998712092
22690.143142938614,830,69.85159998712092
22696.641994714737,831,69.84196589046509
22777.816440343857,832,69.84196589046509
22836.472383975983,833,69.80302915611792
22904.932656288147,834,69.80302915611792
22992.280385494232,835,69.78529920116554
23075.52400946617,836,69.78529920116554
23159.957844495773,837,69.78529920116554
23166.231185913086,838,69.70677608766013
23254.696082115173,839,69.61322550243156
23344.295882463455,840,69.61255201912742
23391.278245210648,841,69.56490355709465
23470.172336816788,842,69.56490355709465
23555.2321331501,843,69.56490355709465
23642.76280260086,844,69.56490355709465
23715.699870586395,845,69.56490355709465
23801.494279384613,846,69.56490355709465
23807.842681884766,847,69.55955513516115
23895.060450315475,848,69.55955513516115
23985.80236673355,849,69.45366096639935
24073.391258955002,850,69.45366096639935
24166.738571166992,851,69.45366096639935
24254.953189134598,852,69.42389784891546
24343.326946496964,853,69.42389784891546
24430.255979299545,854,69.37601073118398
24516.88046169281,855,69.37542738455615
24601.809192419052,856,69.37542738455615
24608.320259809494,857,69.33108488733978
24694.85606789589,858,69.33108488733978
24783.03636956215,859,69.33108488733978
24789.509994268417,860,69.32018082443356
24871.701764583588,861,69.32018082443356
24952.430814743042,862,69.32018082443356
25036.746277332306,863,69.282548370484
25041.946315526962,864,69.26090555733873
25125.16806268692,865,69.26090555733873
25190.625345230103,866,69.26090555733873
25280.28735589981,867,69.17802067382047
25369.094560861588,868,69.17802067382047
25451.77241587639,869,69.17802067382047
25458.228384017944,870,69.13775116775561
25538.460970401764,871,69.13775116775561
25605.943106889725,872,69.13775116775561
25695.268621444702,873,69.13775116775561
25783.858168125153,874,69.13775116775561
25868.755734205246,875,69.02636573687347
25951.630385160446,876,69.02636573687347
26034.737858057022,877,69.02636573687347
26118.540549755096,878,69.02636573687347
26196.479736566544,879,69.00475118457568
26284.127131462097,880,69.00475118457568
26372.70283150673,881,69.00475118457568
26457.541176319122,882,69.00475118457568
26544.915130853653,883,68.91102250300027
26630.84645986557,884,68.91102250300027
26711.77665901184,885,68.91102250300027
26800.931166410446,886,68.91102250300027
26884.97086954117,887,68.91102250300027
26963.495753526688,888,68.91102250300027
27046.418547153473,889,68.91102250300027
27120.488135576248,890,68.8655475410287
27157.662120580673,891,68.83860346161696
27235.479882717133,892,68.83860346161696
27320.938678741455,893,68.81509922699334
27410.516400814056,894,68.81509922699334
27494.084210395813,895,68.81509922699334
27582.272751808167,896,68.81509922699334
27665.274390935898,897,68.69609806193974
27758.642127513885,898,68.69609806193974
27846.412384986877,899,68.69609806193974
27933.690569639206,900,68.65398715534688
28017.138456106186,901,68.65398715534688
28092.7445435524,902,68.65398715534688
28178.826557159424,903,68.65398715534688
28256.74037671089,904,68.65398715534688
28339.557862758636,905,68.65398715534688
28424.500252485275,906,68.65398715534688
28505.21030664444,907,68.65398715534688
28591.76077771187,908,68.65398715534688
28674.263697385788,909,68.58064501910125
28758.81710743904,910,68.58064501910125
28837.454117536545,911,68.58064501910125
28920.303379535675,912,68.58064501910125
28999.532341241837,913,68.58064501910125
29081.70958852768,914,68.58064501910125
29164.31439757347,915,68.58064501910125
29245.413509607315,916,68.58064501910125
29331.120081424713,917,68.58064501910125
29336.893384218216,918,68.56925787523002
29342.854966402054,919,68.53894264026957
29429.0188100338,920,68.51365731640185
29510.734747886658,921,68.51365731640185
29593.862776517868,922,68.51365731640185
29680.937159776688,923,68.48854196999702
29760.906185150146,924,68.48854196999702
29845.55368757248,925,68.4565203857279
29926.86870932579,926,68.45622463841457
30003.14072227478,927,68.45622463841457
30086.15554356575,928,68.36950539277629
30175.033944368362,929,68.36950539277629
30258.921133995056,930,68.36950539277629
30344.914921998978,931,68.36950539277629
30435.724694252014,932,68.35852434628404
30515.92114019394,933,68.35852434628404
30599.013442993164,934,68.35852434628404
30681.62736749649,935,68.35852434628404
30766.722106695175,936,68.32555706340123
30852.12012553215,937,68.32555706340123
30934.87677383423,938,68.32555706340123
31016.561581611633,939,68.32555706340123
31097.775876522064,940,68.32555706340123
31180.53853869438,941,68.29344667564096
31267.844371795654,942,68.29344667564096
31351.993818044662,943,68.29344667564096
31434.294811964035,944,68.29344667564096
31510.047157287598,945,68.29344667564096
31588.731788635254,946,68.29344667564096
31671.906821012497,947,68.25640637365807
31756.73995947838,948,68.25492420561488
31839.296802282333,949,68.25492420561488
31925.7021484375,950,68.2493846796219
32006.616503238678,951,68.2148409506502
32092.41352081299,952,68.2148409506502
32174.802902936935,953,68.2148409506502
32256.905176877975,954,68.19161217288351
32334.642342329025,955,68.19161217288351
32413.42510342598,956,68.15947653378326
32493.408440828323,957,68.15947653378326
32570.0821993351,958,68.15947653378326
32647.610194444656,959,68.15947653378326
32730.20183777809,960,68.12354784882085
32812.89831161499,961,68.12354784882085
32885.767622470856,962,68.12354784882085
32965.00266957283,963,68.11930470102517
33046.00627040863,964,68.11930470102517
33052.04172921181,965,68.1142547449292
33130.55809044838,966,68.1142547449292
33209.98594594002,967,68.08573540127271
33293.38448381424,968,68.08573540127271
33372.40275263786,969,68.08573540127271
33454.21504116058,970,68.08573540127271
33536.61317038536,971,68.08573540127271
33617.12534761429,972,68.08573540127271
33623.24499320984,973,68.06754738712146
33702.54594254494,974,68.06754738712146
33780.3199095726,975,68.06754738712146
33786.690850019455,976,68.06556837954872
33792.19942355156,977,68.00363746905478
33871.280242204666,978,68.00363746905478
33945.45158433914,979,68.00363746905478
34025.836419820786,980,68.00363746905478
34103.658400297165,981,68.00363746905478
34189.41154932976,982,68.00363746905478
34195.70055580139,983,68.00289805852358
34274.24909114838,984,68.00289805852358
34352.30359125137,985,68.00289805852358
34358.6173658371,986,67.99512555898677
34440.24941635132,987,67.99512555898677
34446.629866838455,988,67.93798668790917
34525.93059587479,989,67.93798668790917
34606.70051550865,990,67.93798668790917
34682.86485481262,991,67.93798668790917
34762.310648202896,992,67.93798668790917
34842.18194150925,993,67.93798668790917
34919.00190663338,994,67.93798668790917
34995.950634002686,995,67.93798668790917
35073.55916810036,996,67.93798668790917
35154.3417930603,997,67.93798668790917
35238.40560340881,998,67.91500961201186
35316.46964287758,999,67.91484487808461
35395.43520760536,1000,67.91484487808461
35472.917750597,1001,67.91484487808461
35549.653765916824,1002,67.91484487808461
35626.58465003967,1003,67.91484487808461
35705.198018074036,1004,67.88745179797628
35711.55701088905,1005,67.79205512091691
35789.060401678085,1006,67.79205512091691
35869.189947366714,1007,67.79205512091691
35953.97411561012,1008,67.79205512091691
36034.13785433769,1009,67.79205512091691
36110.808135032654,1010,67.79205512091691
36189.18947672844,1011,67.79205512091691
36263.25698518753,1012,67.79205512091691
36343.713530540466,1013,67.79205512091691
36430.046313762665,1014,67.69849628883256
36510.710186719894,1015,67.69849628883256
36590.982600450516,1016,67.69849628883256
36670.8383538723,1017,67.69849628883256
36748.23372578621,1018,67.69849628883256
36826.04581165314,1019,67.69849628883256
36903.53185248375,1020,67.69849628883256
36987.1313700676,1021,67.69849628883256
37072.111777067184,1022,67.69849628883256
37152.53310799599,1023,67.69849628883256
37232.23949432373,1024,67.69849628883256
37314.638761520386,1025,67.69849628883256
37394.19101238251,1026,67.68980381947678
37469.35963344574,1027,67.68980381947678
37475.44967865944,1028,67.5291541306316
37552.61429429054,1029,67.5291541306316
37634.22136425972,1030,67.5291541306316
37709.21842312813,1031,67.5291541306316
37791.241822719574,1032,67.5291541306316
37874.52207517624,1033,67.5291541306316
37951.87583374977,1034,67.5291541306316
38037.7374522686,1035,67.5291541306316
38113.94013571739,1036,67.5291541306316
38196.0620162487,1037,67.5291541306316
38274.833809137344,1038,67.5291541306316
38353.88741493225,1039,67.5291541306316
38432.45795559883,1040,67.5291541306316
38509.248406648636,1041,67.5289531723065
38585.442482471466,1042,67.5289531723065
38667.251401901245,1043,67.5289531723065
38752.99563097954,1044,67.5289531723065
38831.346393585205,1045,67.5289531723065
38906.23583126068,1046,67.5289531723065
38988.53310275078,1047,67.5289531723065
39062.99591445923,1048,67.5289531723065
39141.0083425045,1049,67.5289531723065
39219.82820034027,1050,67.5289531723065
39299.14636993408,1051,67.5289531723065
39381.2991631031,1052,67.5289531723065
39457.242277145386,1053,67.5289531723065
39529.57098674774,1054,67.5289531723065
39606.87516927719,1055,67.5289531723065
39684.71895956993,1056,67.47803056221127
39763.7963821888,1057,67.45710130056617
39840.072216272354,1058,67.45710130056617
39846.365909338,1059,67.44766865917127
39924.41944217682,1060,67.44766865917127
40000.2630944252,1061,67.44766865917127
40077.66740942001,1062,67.44766865917127
40153.82841658592,1063,67.44766865917127
40230.852229356766,1064,67.44766865917127
40308.37313961983,1065,67.44766865917127
40385.82022500038,1066,67.44766865917127
40464.13370895386,1067,67.44766865917127
40540.92537307739,1068,67.44051115743378
40614.97193527222,1069,67.44051115743378
40691.50908565521,1070,67.42968413905001
40762.875145196915,1071,67.42968413905001
40842.00617146492,1072,67.42527626088072
40921.98057413101,1073,67.42527626088072
40999.84228134155,1074,67.42527626088072
41005.981880664825,1075,67.39068366911879
41081.26148581505,1076,67.39068366911879
41159.73279905319,1077,67.39068366911879
41237.17104387283,1078,67.39068366911879
41315.032308101654,1079,67.39068366911879
41394.64084434509,1080,67.35390144574129
41400.9542863369,1081,67.34608823832298
41477.72083353996,1082,67.34608823832298
41556.739454746246,1083,67.34608823832298
41637.0829603672,1084,67.33587945665023
41714.0103058815,1085,67.33587945665023
41796.22883892059,1086,67.33587945665023
41873.38280749321,1087,67.33587945665023
41960.02409648895,1088,67.3067306878771
42038.39829015732,1089,67.3067306878771
42116.39011454582,1090,67.3067306878771
42197.798830509186,1091,67.3067306878771
42279.2082092762,1092,67.3067306878771
42358.70537495613,1093,67.30145944159345
42444.022580862045,1094,67.28032228268722
42527.027485370636,1095,67.28032228268722
42607.284741163254,1096,67.28032228268722
42685.66503190994,1097,67.28032228268722
42766.279230594635,1098,67.28032228268722
42843.42823290825,1099,67.27132406880034
42923.710738658905,1100,67.24683865809695
43001.84342622757,1101,67.24683865809695
43082.22956109047,1102,67.20630520710355
43162.997863054276,1103,67.20630520710355
43241.52227306366,1104,67.19659471770896
43317.36643457413,1105,67.19659471770896
43398.883201122284,1106,67.19659471770896
43476.20514297485,1107,67.19659471770896
43559.63221693039,1108,67.19659471770896
43565.920008182526,1109,67.19317715311574
43643.6952996254,1110,67.19317715311574
43720.951585292816,1111,67.17836119072011
43797.79840874672,1112,67.17836119072011
43877.67179751396,1113,67.09067171048008
43960.65284156799,1114,67.09067171048008
44037.787459373474,1115,67.09067171048008
44123.81948304176,1116,67.09067171048008
44203.51529455185,1117,67.09067171048008
44281.52896404266,1118,67.09067171048008
44359.82885527611,1119,67.09067171048008
44442.38069629669,1120,67.09067171048008
44448.94538760185,1121,67.04022175789564
44528.01602602005,1122,67.04022175789564
44601.461223602295,1123,67.04022175789564
44678.594630241394,1124,67.04022175789564
44757.68497657776,1125,67.04022175789564
44838.694717645645,1126,67.04022175789564
44919.53125452995,1127,67.04022175789564
44999.69807100296,1128,67.04022175789564
45005.65966320038,1129,67.0174389870393
45090.73281168938,1130,67.0174389870393
45169.92422866821,1131,67.00881636372759
45250.58558988571,1132,67.00881636372759
45336.84195351601,1133,67.00881636372759
45416.93199324608,1134,67.00881636372759
45493.68819785118,1135,67.00881636372759
45573.902976989746,1136,66.9968830151321
45654.855998039246,1137,66.9968830151321
45734.33052635193,1138,66.9968830151321
45815.806560754776,1139,66.9968830151321
45822.0582575798,1140,66.95987873650375
45828.28990769386,1141,66.94907716578945
45906.440423965454,1142,66.94907716578945
45987.81563901901,1143,66.94907716578945
46066.22136211395,1144,66.94907716578945
46072.28167057037,1145,66.94426364626389
46079.02002644539,1146,66.94259384172528
46158.52037501335,1147,66.94259384172528
46240.2106192112,1148,66.93590547582188
46320.06263780594,1149,66.93590547582188
46400.65451717377,1150,66.91532882866191
46478.95797085762,1151,66.91532882866191
46559.29017853737,1152,66.91532882866191
46639.71951723099,1153,66.91532882866191
46721.90319442749,1154,66.89968986496228
46798.63809084892,1155,66.89968986496228
46877.03615784645,1156,66.89968986496228
46955.941845178604,1157,66.8939713317378
47033.35881280899,1158,66.8939713317378
47039.673329114914,1159,66.87082508311842
47117.734011650085,1160,66.87082508311842
47197.23195433617,1161,66.87082508311842
47278.04998779297,1162,66.85249986283365
47357.56098461151,1163,66.85249986283365
47436.76336979866,1164,66.85249986283365
47443.25000476837,1165,66.8258276588947
47521.83687520027,1166,66.8258276588947
47597.828048467636,1167,66.78466310899749
47675.64470267296,1168,66.78466310899749
47756.79416823387,1169,66.78466310899749
47832.83673143387,1170,66.78466310899749
47912.10358476639,1171,66.78466310899749
47989.87409448624,1172,66.78466310899749
47996.30128741264,1173,66.77546727516733
48077.48794007301,1174,66.77546727516733
48155.212703704834,1175,66.77546727516733
48238.03421616554,1176,66.77546727516733
48317.84542775154,1177,66.77546727516733
48324.12978029251,1178,66.77458774785293
48400.65518307686,1179,66.75982970338075
48482.14603257179,1180,66.74585896969137
48559.569902420044,1181,66.71612781451753
48635.92404842377,1182,66.71612781451753
48713.48289489746,1183,66.71612781451753
48797.40495586395,1184,66.71612781451753
48882.12292480469,1185,66.71612781451753
48960.95781850815,1186,66.71612781451753
49037.77456879616,1187,66.71612781451753
49112.30028319359,1188,66.71612781451753
49118.5736451149,1189,66.70052040748803
49196.02856063843,1190,66.70052040748803
49271.04162812233,1191,66.70052040748803
49352.202471256256,1192,66.70052040748803
49434.600106954575,1193,66.68827798179981
49513.20513725281,1194,66.68827798179981
49590.04371714592,1195,66.68827798179981
49666.213079214096,1196,66.68827798179981
49745.9902882576,1197,66.65488422903738
49821.34618282318,1198,66.65488422903738
49898.97482228279,1199,66.65488422903738
49981.26041460037,1200,66.6381468591953
50064.386553525925,1201,66.62888152355312
50138.841210365295,1202,66.62888152355312
50216.09731841087,1203,66.6054314100871
50295.571905612946,1204,66.6054314100871
50375.51938223839,1205,66.6054314100871
50453.180528879166,1206,66.6054314100871
50530.83998584747,1207,66.6054314100871
50609.52300000191,1208,66.6054314100871
50688.684253931046,1209,66.60411343518868
50763.98132443428,1210,66.60411343518868
50845.042932510376,1211,66.60411343518868
50924.20173740387,1212,66.60411343518868
50930.86430001259,1213,66.58962917215555
51006.95935487747,1214,66.58962917215555
51087.24296975136,1215,66.58115125957622
51163.71842455864,1216,66.57432985162453
51240.47623491287,1217,66.57432985162453
51317.502928972244,1218,66.57432985162453
51391.03157520294,1219,66.57432985162453
51469.968801021576,1220,66.57432985162453
51548.32144713402,1221,66.56554262810326
51624.22863101959,1222,66.56554262810326
51699.73434495926,1223,66.56554262810326
51777.80742788315,1224,66.56554262810326
51784.27137756348,1225,66.55495029123702
51863.00512886047,1226,66.55495029123702
51940.04363679886,1227,66.54049993366266
52018.7803914547,1228,66.54049993366266
52097.16989469528,1229,66.54049993366266
52171.62714600563,1230,66.54049993366266
52247.70686793327,1231,66.54049993366266
52253.88381481171,1232,66.5365959358009
52335.93116879463,1233,66.53403993698416
52416.56056189537,1234,66.52388639645531
52496.18395781517,1235,66.52388639645531
52573.034672021866,1236,66.52388639645531
52652.12328052521,1237,66.45582251167771
52728.63256597519,1238,66.45582251167771
52808.95983052254,1239,66.45582251167771
52884.76383948326,1240,66.45582251167771
52967.111392736435,1241,66.45582251167771
53043.83533000946,1242,66.45582251167771
53120.9368994236,1243,66.45582251167771
53197.94345641136,1244,66.45582251167771
53277.28308200836,1245,66.45582251167771
53358.105859041214,1246,66.44784142344758
53435.831357479095,1247,66.44784142344758
53516.698254585266,1248,66.44784142344758
53594.56310725212,1249,66.44784142344758
53668.37599635124,1250,66.44784142344758
53745.77056193352,1251,66.44784142344758
53752.14673113823,1252,66.44431798091057
53835.80650472641,1253,66.383187933487
53914.019635915756,1254,66.36544456811976
53997.79462790489,1255,66.32528885709382
54077.52911949158,1256,66.32528885709382
54161.888736248016,1257,66.32528885709382
54240.57348847389,1258,66.32528885709382
54320.386090278625,1259,66.32528885709382
54399.686635017395,1260,66.32528885709382
54475.92918968201,1261,66.32528885709382
54551.98989343643,1262,66.32528885709382
54632.19887804985,1263,66.32528885709382
54717.178920030594,1264,66.31335378556973
54798.51077628136,1265,66.31335378556973
54877.764664411545,1266,66.31042355279656
54962.12737202644,1267,66.31042355279656
54968.75248503685,1268,66.28805058122683
55046.915150642395,1269,66.28805058122683
55053.409242391586,1270,66.2753255475393
55133.15343761444,1271,66.2753255475393
55211.547392606735,1272,66.2753255475393
55295.32749247551,1273,66.2645956725587
55376.00564146042,1274,66.26438051443301
55455.71049666405,1275,66.26438051443301
55535.27001070976,1276,66.26438051443301
55541.56044578552,1277,66.25753882542514
55616.61357331276,1278,66.24147291940552
55693.079372644424,1279,66.24147291940552
55771.61830186844,1280,66.24147291940552
55852.66684103012,1281,66.24147291940552
55930.51653122902,1282,66.24147291940552
56008.47154378891,1283,66.24147291940552
56015.08286523819,1284,66.23960850019104
56096.58646130562,1285,66.22606392512247
56175.21598362923,1286,66.22606392512247
56260.296701431274,1287,66.18396854874786
56338.446592092514,1288,66.18396854874786
56417.07347869873,1289,66.18396854874786
56496.8820605278,1290,66.17763151246676
56577.357773303986,1291,66.17670703412635
56655.75339746475,1292,66.17670703412635
56739.584785699844,1293,66.17670703412635
56816.49301624298,1294,66.17670703412635
56896.34200525284,1295,66.17073826998467
56972.02201938629,1296,66.17073826998467
57048.784775972366,1297,66.17073826998467
57125.300303697586,1298,66.17073826998467
57131.81620502472,1299,66.14625870637242
57208.91218686104,1300,66.14625870637242
57287.77321243286,1301,66.14625870637242
57364.415210962296,1302,66.14625870637242
57442.34533953667,1303,66.14625870637242
57522.32783126831,1304,66.13305471047312
57603.710498809814,1305,66.13305471047312
57681.528352975845,1306,66.13305471047312
57759.386083602905,1307,66.12769419664411
57840.94691324234,1308,66.12769419664411
57922.66151666641,1309,66.12181620647651
58008.50482916832,1310,66.05034510278745
58084.110709667206,1311,66.05034510278745
58156.91494202614,1312,66.05034510278745
58234.307451963425,1313,66.05034510278745
58311.02784991264,1314,66.05034510278745
58387.70686221123,1315,66.05034510278745
58461.5702586174,1316,66.05034510278745
58540.958020448685,1317,66.05034510278745
58616.58258891106,1318,66.05034510278745
58692.37160611153,1319,66.05034510278745
58768.119181871414,1320,66.05034510278745
58843.76326107979,1321,66.05034510278745
58915.739389419556,1322,66.05034510278745
58989.552277565,1323,66.05034510278745
59061.76824975014,1324,66.05034510278745
59136.1781334877,1325,66.05034510278745
59210.86722970009,1326,66.05034510278745
59288.610736608505,1327,66.03309305894207
59367.202280282974,1328,66.03309305894207
59447.325996637344,1329,66.01898029502658
59521.67947483063,1330,66.01898029502658
59599.71924185753,1331,66.01898029502658
59605.501423597336,1332,66.01389197903279
59683.014041662216,1333,66.01389197903279
59755.46203446388,1334,66.01389197903279
59824.85940051079,1335,66.01389197903279
59899.78421616554,1336,66.01389197903279
59973.45322394371,1337,66.01357068380787
60050.669867277145,1338,66.01357068380787
60126.20805978775,1339,66.01357068380787
60199.56450533867,1340,66.01357068380787
60205.92958402634,1341,66.01141645509902
60290.70508337021,1342,66.01141645509902
60296.62363934517,1343,66.00411080578596
60367.249730587006,1344,66.00411080578596
60442.30593085289,1345,66.00411080578596
60447.88186597824,1346,66.00307489929013
60454.082325935364,1347,65.98014112639585
60529.88231754303,1348,65.98014112639585
60602.84173512459,1349,65.98014112639585
60676.376967430115,1350,65.98014112639585
60751.63483047485,1351,65.98014112639585
60831.06642079353,1352,65.97167534901068
60837.33408355713,1353,65.96056144577587
60916.46267700195,1354,65.96056144577587
60990.12457680702,1355,65.96056144577587
61068.46126437187,1356,65.96056144577587
61145.61124062538,1357,65.96056144577587
61223.01654839516,1358,65.96056144577587
61229.66433310509,1359,65.95973524960604
61306.102217674255,1360,65.95973524960604
61382.94679021835,1361,65.95973524960604
61460.32532787323,1362,65.95973524960604
61539.49264073372,1363,65.95973524960604
61615.32034492493,1364,65.95973524960604
61691.49653124809,1365,65.95973524960604
61767.73211312294,1366,65.95973524960604
61774.211008787155,1367,65.95810199707148
61780.984350442886,1368,65.94718473490944
61855.24451684952,1369,65.94718473490944
61932.3421523571,1370,65.94718473490944
62010.498896598816,1371,65.94718473490944
62016.58208823204,1372,65.93493182431143
62089.074075460434,1373,65.93493182431143
62160.16075634956,1374,65.93493182431143
62231.95202898979,1375,65.93493182431143
62304.43627476692,1376,65.93493182431143
62380.08712434769,1377,65.93493182431143
62454.94018936157,1378,65.93493182431143
62527.20877313614,1379,65.93493182431143
62599.262838840485,1380,65.93493182431143
62672.774040699005,1381,65.93493182431143
62745.946432352066,1382,65.91724526236717
62819.60013103485,1383,65.91724526236717
62892.94546175003,1384,65.91724526236717
62969.41730260849,1385,65.91724526236717
63041.40025186539,1386,65.91724526236717
63115.066174030304,1387,65.91724526236717
63186.79745411873,1388,65.91724526236717
63258.17146539688,1389,65.91724526236717
63264.40798830986,1390,65.91372884668135
63339.3853802681,1391,65.91372884668135
63345.5021378994,1392,65.901986870256
63418.01521706581,1393,65.901986870256
63489.03603672981,1394,65.901986870256
63564.838696956635,1395,65.901986870256
63637.89113163948,1396,65.901986870256
63713.04349184036,1397,65.901986870256
63782.91601395607,1398,65.901986870256
63789.22006893158,1399,65.89572476586994
63859.616564035416,1400,65.89572476586994
63931.07468390465,1401,65.89572476586994
64003.97382545471,1402,65.89572476586994
64076.210185050964,1403,65.89572476586994
64147.3098487854,1404,65.89572476586994
64219.62022614479,1405,65.89572476586994
64290.93990778923,1406,65.89572476586994
64360.18907213211,1407,65.89572476586994
64435.61587691307,1408,65.89572476586994
64509.08429503441,1409,65.89572476586994
64515.29279708862,1410,65.8914883534093
64590.14731955528,1411,65.8914883534093
64663.25115251541,1412,65.8914883534093
64736.94662117958,1413,65.89129154594988
64810.543399333954,1414,65.89129154594988
64883.765666007996,1415,65.89129154594988
64955.14898562431,1416,65.88739401982653
65027.62005710602,1417,65.88739401982653
65033.46440386772,1418,65.88709477155555
65105.99490118027,1419,65.88709477155555
65178.19591832161,1420,65.88709477155555
65249.79518508911,1421,65.88709477155555
65321.90531873703,1422,65.88709477155555
65328.24834394455,1423,65.88542460578712
65397.561233997345,1424,65.88542460578712
65403.485206604004,1425,65.8736425921065
65475.736546993256,1426,65.8736425921065
65481.89205932617,1427,65.87201418753567
65555.04443979263,1428,65.87201418753567
65627.6007900238,1429,65.87094581368038
65698.70204925537,1430,65.87094581368038
65771.57270383835,1431,65.87094581368038
65842.25362896919,1432,65.87094581368038
65915.3055319786,1433,65.87094581368038
65989.36596179008,1434,65.87094581368038
66060.52345609665,1435,65.87094581368038
66134.48368811607,1436,65.87094581368038
66205.64952325821,1437,65.86640213255923
66278.55556297302,1438,65.86640213255923
66353.37366819382,1439,65.85906352833446
66424.59384775162,1440,65.85906352833446
66495.58624601364,1441,65.85906352833446
66568.5396912098,1442,65.85906352833446
66641.57714533806,1443,65.85906352833446
66713.17806220055,1444,65.85906352833446
66783.25214934349,1445,65.85906352833446
66789.15090632439,1446,65.85863304560151
66854.61736822128,1447,65.85863304560151
66922.44556093216,1448,65.85863304560151
66990.3786072731,1449,65.85863304560151
67057.7357647419,1450,65.85863304560151
67126.46687054634,1451,65.85863304560151
67193.38618183136,1452,65.85863304560151
67199.52208709717,1453,65.85859393639686
67272.28356432915,1454,65.85859393639686
67345.88042235374,1455,65.85859393639686
67417.97861790657,1456,65.85859393639686
67423.8401851654,1457,65.85532420458216
67429.93037009239,1458,65.85460747072915
67503.30610013008,1459,65.85460747072915
67576.46264505386,1460,65.85460747072915
67648.91301631927,1461,65.85460747072915
67720.20502233505,1462,65.85460747072915
67792.79493641853,1463,65.85460747072915
67799.0265674591,1464,65.85436495170462
67871.98743963242,1465,65.85436495170462
67878.02286148071,1466,65.85206772201153
67949.72691226006,1467,65.85206772201153
68022.35374546051,1468,65.85206772201153
68097.3440630436,1469,65.80746671688689
68172.92372941971,1470,65.80746671688689
68244.20395231247,1471,65.80746671688689
68314.61609053612,1472,65.80746671688689
