Record started (SWARM MUTATION): 2021-02-18 08:41:35.293829
Original fitness from cfg file (reference value): 175.46096400062538

Settings:
['MDEXEC', 'charmm']
['MDINP', 'Molecules/oac/oac.inp']
['MDOUT', 'Molecules/oac/tempfiles/opt.log']
['QMOUT', 'Molecules/oac/oac.log']
['PARAM_FILENAME', 'Molecules/oac/tempfiles/parameters.str']
['POPULATION_FILENAME', 'Molecules/oac/tempfiles/lastPopulation.txt']
['LOG_FILENAME', 'Molecules/oac/tempfiles/convergence.log']
['LOGGING', '1']
['RUNS', '10000']
['POPULATION_SIZE', '30']
['NEW_GENERATION_SIZE', '10']
['CREATE_INITIAL_POPULATION', '1']
['RECOMPUTE_FITNESS', '0']
['FIRST_FREQ_BIAS', '0']
['MUTATION_B_PROBABILITY', '0.1']
['STEP_SIZE_MULTIPLICATOR', '0.01']
['DIRECTION_DROP', '0.8']
['MINIMUM_IMPROVEMENT', '0.9999']
['PARAMETER', 'oacb1', 'bond', '0', '600', '340']
['PARAMETER', 'oacb2', 'bond', '0', '600', '655.5162']
['PARAMETER', 'oacb3', 'bond', '0', '600', '316.83']
['PARAMETER', 'oaca1', 'angle', '0', '200', '33.0']
['PARAMETER', 'oaca2', 'angle', '0', '200', '79.9417']
['PARAMETER', 'oaca3', 'angle', '0', '200', '70.0']
['PARAMETER', 'oaca4', 'angle', '0', '200', '35.7']
['PARAMETER', 'oacd1', 'dihedral', '0', '30', '0.0']
['PARAMETER', 'oaci1', 'improper', '0', '200', '71.000']

Time,Generation,Fitness
17.80453658103943,1,472.59757649987205
21.68380093574524,2,471.5830638178582
40.04744243621826,3,471.5830638178582
44.64477276802063,4,313.4549641642064
93.48629403114319,5,296.69065468102576
118.30360651016235,6,296.69065468102576
122.90194749832153,7,290.04842181917195
127.36167550086975,8,265.36889231298665
147.4472782611847,9,265.36889231298665
151.71751952171326,10,230.21483096596785
174.104656457901,11,230.21483096596785
228.6885964870453,12,230.21483096596785
246.702410697937,13,230.21483096596785
273.41036343574524,14,230.21483096596785
278.12037801742554,15,208.39362871907684
295.27358198165894,16,208.39362871907684
312.4698495864868,17,208.39362871907684
Record started (SWARM MUTATION): 2021-02-18 08:49:46.251492
Original fitness from cfg file (reference value): 175.46096400062538

Settings:
['MDEXEC', 'charmm']
['MDINP', 'Molecules/oac/oac.inp']
['MDOUT', 'Molecules/oac/tempfiles/opt.log']
['QMOUT', 'Molecules/oac/oac.log']
['PARAM_FILENAME', 'Molecules/oac/tempfiles/parameters.str']
['POPULATION_FILENAME', 'Molecules/oac/tempfiles/lastPopulation.txt']
['LOG_FILENAME', 'Molecules/oac/tempfiles/convergence.log']
['LOGGING', '1']
['RUNS', '10000']
['POPULATION_SIZE', '30']
['NEW_GENERATION_SIZE', '10']
['CREATE_INITIAL_POPULATION', '1']
['RECOMPUTE_FITNESS', '1']
['FIRST_FREQ_BIAS', '0']
['MUTATION_B_PROBABILITY', '0.1']
['STEP_SIZE_MULTIPLICATOR', '0.01']
['DIRECTION_DROP', '0.8']
['MINIMUM_IMPROVEMENT', '0.9999']
['PARAMETER', 'oacb1', 'bond', '0', '600', '340']
['PARAMETER', 'oacb2', 'bond', '0', '600', '655.5162']
['PARAMETER', 'oacb3', 'bond', '0', '600', '316.83']
['PARAMETER', 'oaca1', 'angle', '0', '200', '33.0']
['PARAMETER', 'oaca2', 'angle', '0', '200', '79.9417']
['PARAMETER', 'oaca3', 'angle', '0', '200', '70.0']
['PARAMETER', 'oaca4', 'angle', '0', '200', '35.7']
['PARAMETER', 'oacd1', 'dihedral', '0', '30', '0.0']
['PARAMETER', 'oaci1', 'improper', '0', '200', '71.000']

Time,Generation,Fitness
32.11296463012695,1,50.7704224137702
48.501901149749756,2,50.7704224137702
65.60273480415344,3,50.7704224137702
119.81244707107544,4,50.7704224137702
143.90149688720703,5,50.7704224137702
181.4373037815094,6,50.7704224137702
201.07584404945374,7,50.7704224137702
226.13678574562073,8,50.7704224137702
239.99037981033325,9,50.7704224137702
257.95341444015503,10,50.7704224137702
269.83095383644104,11,50.7704224137702
281.31286215782166,12,50.7704224137702
307.4072847366333,13,50.7704224137702
330.5531051158905,14,50.7704224137702
367.88700318336487,15,50.7704224137702
391.9954574108124,16,50.7704224137702
408.96571230888367,17,50.7704224137702
431.5042636394501,18,50.7704224137702
457.6245331764221,19,50.7704224137702
470.51468682289124,20,50.7704224137702
484.8680295944214,21,50.7704224137702
503.0709364414215,22,50.7704224137702
508.6362020969391,23,50.385517905847415
523.258460521698,24,49.44334592397354
529.537917137146,25,47.1462292162505
551.2057824134827,26,47.1462292162505
567.5511331558228,27,47.039111696622754
585.8094666004181,28,46.5200737512919
598.7295024394989,29,42.015696513322204
614.1673333644867,30,42.015696513322204
631.2241683006287,31,42.015696513322204
645.3324258327484,32,42.015696513322204
706.0652692317963,33,40.81367145719399
729.4851336479187,34,40.81367145719399
756.2474637031555,35,40.81367145719399
804.336156129837,36,40.81367145719399
947.9296703338623,37,36.26617498002195
965.5361874103546,38,36.26617498002195
982.8384630680084,39,36.26617498002195
989.1055498123169,40,32.84449638462214
1004.4198100566864,41,32.84449638462214
1028.458520412445,42,32.84449638462214
1049.3623213768005,43,32.215110764889836
1054.6592283248901,44,31.32979696732386
1076.5566103458405,45,31.32979696732386
1093.3288388252258,46,30.570976007551813
1110.1516275405884,47,30.570976007551813
1129.719661474228,48,30.570976007551813
1154.0119569301605,49,30.128482587145676
1173.6477081775665,50,29.904163655009487
1198.0146923065186,51,29.904163655009487
1203.5388827323914,52,29.793080483361063
1224.5267658233643,53,29.776135985209294
1242.8626418113708,54,29.776135985209294
1247.6296334266663,55,29.655689685194954
1252.1885824203491,56,29.298984972419177
1267.6913075447083,57,28.665161645760712
1284.7280683517456,58,28.665161645760712
1326.157544374466,59,28.665161645760712
1350.4559512138367,60,28.466765363577444
1373.2607793807983,61,28.377479317220487
1378.6147480010986,62,28.312021513151283
1399.064713716507,63,28.312021513151283
1424.1261179447174,64,28.312021513151283
1429.504395723343,65,28.305183300702296
1435.1405062675476,66,28.27596032153713
1440.991363286972,67,28.239101075103292
1473.1246976852417,68,28.239101075103292
1494.966031551361,69,28.211030468063754
1536.7146127223969,70,28.107617039494
1554.8010351657867,71,27.98688157774338
1575.3935358524323,72,27.978368993014556
1581.1203517913818,73,27.932596239600546
1603.7800724506378,74,27.834018082284064
1625.1830458641052,75,27.834018082284064
1643.4405331611633,76,27.834018082284064
1663.3840725421906,77,27.834018082284064
1682.5661549568176,78,27.834018082284064
1702.380307674408,79,27.831319956623624
1725.8057808876038,80,27.831319956623624
1757.9302833080292,81,27.79652619267854
1801.8484184741974,82,27.79111975920535
1820.403983592987,83,27.789017551563795
1826.3337695598602,84,27.75246459656354
1877.4950904846191,85,27.75246459656354
1883.3226099014282,86,27.749440555894566
1889.188066482544,87,27.743393150302225
1938.1774063110352,88,27.743393150302225
1943.8121309280396,89,27.74279209267031
2028.27210855484,90,27.74084881721848
2034.4560561180115,91,27.736854615787728
2040.2126955986023,92,27.730018279590144
2045.6198225021362,93,27.729376028198857
2051.656661272049,94,27.72278505788917
2141.153840303421,95,27.72278505788917
2213.6739292144775,96,27.71666181704029
2287.7123284339905,97,27.716148843618445
2293.3788633346558,98,27.715861354945023
2366.218859910965,99,27.7121799266982
2370.6653592586517,100,27.71121027346995
2436.0627596378326,101,27.709761519834803
2504.325829267502,102,27.709189953705607
2510.1058933734894,103,27.7091626986283
2516.1217017173767,104,27.708048759467047
2521.3857431411743,105,27.707647168214756
2587.6958298683167,106,27.707647168214756
2658.5340361595154,107,27.70650171132497
2738.9565966129303,108,27.70650171132497
2745.32963681221,109,27.705764295144643
2810.333173274994,110,27.705764295144643
2875.5967774391174,111,27.705764295144643
2945.1266214847565,112,27.705380278796092
2951.2047810554504,113,27.70522910153529
3028.4469866752625,114,27.70522910153529
3034.0890877246857,115,27.70512989538104
3100.5740818977356,116,27.704623356215954
3162.0912823677063,117,27.704623356215954
3167.8857519626617,118,27.704425691703747
3233.8982462882996,119,27.704233022836632
3299.3745234012604,120,27.70420714733903
3304.2886548042297,121,27.704171413753777
3309.7910804748535,122,27.704018958449904
3315.333238840103,123,27.703621532891162
3375.860412836075,124,27.70353875650431
3442.3330533504486,125,27.70353875650431
3448.1161947250366,126,27.70334824722918
3509.7936363220215,127,27.70334824722918
3566.3937187194824,128,27.703314367583292
3572.5811989307404,129,27.703084872405896
3630.849537372589,130,27.703084872405896
3636.263043642044,131,27.70299513979087
3699.432256937027,132,27.70299513979087
3704.484124183655,133,27.702989650083353
3768.242063522339,134,27.702849765844487
3826.2302837371826,135,27.702849765844487
3831.511953353882,136,27.702709261535105
3892.577525615692,137,27.702709261535105
3958.69744849205,138,27.702383488212487
4024.9044547080994,139,27.702383488212487
4098.918363809586,140,27.702359116420457
4104.943476200104,141,27.702321085559674
4176.029139995575,142,27.702321085559674
4249.519131422043,143,27.70231153059573
4255.641020536423,144,27.702231135152022
4329.762684345245,145,27.702231135152022
4403.4751925468445,146,27.702165901052872
4409.086822748184,147,27.70213337460636
4485.658106327057,148,27.702117914489993
4560.325620889664,149,27.702078463279705
4628.225265264511,150,27.702078463279705
4634.012036561966,151,27.702034699294142
4640.608563899994,152,27.702020657960613
Record started (SWARM MUTATION): 2021-02-18 10:07:59.168022
Original fitness from cfg file (reference value): 175.46096400062538

Settings:
['MDEXEC', 'charmm']
['MDINP', 'Molecules/oac/oac.inp']
['MDOUT', 'Molecules/oac/tempfiles/opt.log']
['QMOUT', 'Molecules/oac/oac.log']
['PARAM_FILENAME', 'Molecules/oac/tempfiles/parameters.str']
['POPULATION_FILENAME', 'Molecules/oac/tempfiles/lastPopulation.txt']
['LOG_FILENAME', 'Molecules/oac/tempfiles/convergence.log']
['LOGGING', '1']
['RUNS', '10000']
['POPULATION_SIZE', '100']
['NEW_GENERATION_SIZE', '20']
['CREATE_INITIAL_POPULATION', '1']
['RECOMPUTE_FITNESS', '0']
['FIRST_FREQ_BIAS', '0']
['MUTATION_B_PROBABILITY', '0.1']
['STEP_SIZE_MULTIPLICATOR', '0.01']
['DIRECTION_DROP', '0.5']
['MINIMUM_IMPROVEMENT', '0.99999']
['PARAMETER', 'oacb1', 'bond', '0', '600', '340']
['PARAMETER', 'oacb2', 'bond', '0', '600', '655.5162']
['PARAMETER', 'oacb3', 'bond', '0', '600', '316.83']
['PARAMETER', 'oaca1', 'angle', '0', '200', '33.0']
['PARAMETER', 'oaca2', 'angle', '0', '200', '79.9417']
['PARAMETER', 'oaca3', 'angle', '0', '200', '70.0']
['PARAMETER', 'oaca4', 'angle', '0', '200', '35.7']
['PARAMETER', 'oacd1', 'dihedral', '0', '30', '0.0']
['PARAMETER', 'oaci1', 'improper', '0', '200', '71.000']

Time,Generation,Fitness
57.061283111572266,1,27.702020657960613
86.67966556549072,2,27.702020657960613
97.75897479057312,3,27.702012127539028
129.6386399269104,4,27.702012127539028
183.02773809432983,5,27.702012127539028
193.5411880016327,6,27.702010081213913
775.6151502132416,7,27.702010081213913
810.4801089763641,8,27.702010081213913
853.5174932479858,9,27.702010081213913
923.65092253685,10,27.702010081213913
1086.3170804977417,11,27.702010081213913
1227.2095165252686,12,27.702010081213913
1240.4385857582092,13,27.701988097331462
1379.9463047981262,14,27.701988097331462
1525.9016675949097,15,27.701988097331462
1666.4490435123444,16,27.701988097331462
1808.0586977005005,17,27.701988097331462
1949.6362810134888,18,27.701915632551827
2091.155304670334,19,27.701915632551827
2231.688219308853,20,27.701915632551827
2371.0450143814087,21,27.701915632551827
2512.8333871364594,22,27.70190111043954
2656.398861646652,23,27.70190111043954
2798.5835568904877,24,27.70190111043954
2811.2183685302734,25,27.70186091953178
2954.0078337192535,26,27.70186091953178
3095.3707954883575,27,27.70186091953178
3238.0859003067017,28,27.70186091953178
3375.0081853866577,29,27.70186091953178
3514.354288339615,30,27.70186091953178
3655.680617570877,31,27.70186091953178
3799.456746339798,32,27.70186091953178
3811.636740207672,33,27.70182730311698
3951.056167125702,34,27.70182730311698
4094.338641166687,35,27.70182730311698
4235.714315414429,36,27.70182730311698
4376.42592716217,37,27.70182730311698
4514.85075211525,38,27.70182730311698
4656.5076994895935,39,27.70182730311698
4796.812694549561,40,27.70182730311698
4933.1618666648865,41,27.70182730311698
4944.976017713547,42,27.701824996040706
5088.196985244751,43,27.701824996040706
5099.922227859497,44,27.701822725805062
5238.0352947711945,45,27.701822725805062
5249.502233982086,46,27.701821108254215
5385.525639533997,47,27.701821108254215
5396.6224620342255,48,27.70181898446925
5535.382526874542,49,27.70181898446925
5546.425961256027,50,27.701804681675654
5558.846076726913,51,27.701801991220353
5696.454463005066,52,27.701801991220353
5707.993008136749,53,27.701800675223588
5848.418577194214,54,27.701800675223588
5986.58154630661,55,27.701800675223588
6125.9082617759705,56,27.701800675223588
6137.902731657028,57,27.70179136512637
6281.277058362961,58,27.70179136512637
6425.675895929337,59,27.70179136512637
6562.730415344238,60,27.70179136512637
6700.892345666885,61,27.70179136512637
6843.4972150325775,62,27.70179136512637
6855.340854644775,63,27.701788127305452
6994.90705037117,64,27.70178304413747
7131.896539926529,65,27.70178304413747
7274.038388490677,66,27.70178304413747
7421.063033819199,67,27.70178304413747
7561.633758068085,68,27.70178304413747
7699.4480447769165,69,27.70178304413747
7841.529225826263,70,27.701779751736158
7984.968691587448,71,27.701779751736158
8124.390060901642,72,27.701779751736158
8136.455482721329,73,27.701777745780547
8148.445462942123,74,27.701767191727743
8289.018956184387,75,27.701767191727743
8429.03501200676,76,27.701767191727743
8567.31429195404,77,27.701767191727743
8704.492772817612,78,27.701767191727743
8848.540117740631,79,27.701767191727743
8994.154945373535,80,27.701767191727743
9134.984597921371,81,27.701767191727743
9276.748492717743,82,27.701767191727743
9419.653376340866,83,27.701767191727743
9560.454876184464,84,27.701767191727743
9573.154112577438,85,27.701756868555858
9715.611504554749,86,27.701756868555858
9855.739403009415,87,27.701756868555858
9996.737615346909,88,27.701756868555858
10141.160051584244,89,27.701755034271404
10278.040081262589,90,27.701755034271404
10422.515724420547,91,27.701755034271404
10567.280869960785,92,27.701755034271404
10704.299657821655,93,27.701755034271404
10845.353182792664,94,27.701755034271404
10857.511186599731,95,27.701748860828506
10995.19801735878,96,27.701748860828506
11140.821083307266,97,27.701748860828506
11283.454535007477,98,27.701748860828506
11426.14575767517,99,27.701748860828506
11568.813624382019,100,27.701748860828506
11711.372807502747,101,27.701748860828506
11850.755226135254,102,27.701748860828506
11990.89034485817,103,27.701748860828506
12134.266040325165,104,27.701748860828506
12272.337713003159,105,27.701748860828506
12412.296245336533,106,27.701748860828506
12423.383409023285,107,27.70174835397029
12435.681153774261,108,27.70174761777773
12448.255120038986,109,27.70174703743669
12585.440490961075,110,27.70174703743669
12597.076679706573,111,27.70174662405069
12608.43676328659,112,27.701743015329004
12753.03127360344,113,27.701743015329004
12892.433387517929,114,27.701743015329004
13032.432573080063,115,27.701743015329004
13045.166850328445,116,27.701742508483182
13057.336238861084,117,27.701739177138865
13196.250855207443,118,27.701739177138865
13335.05490899086,119,27.701739177138865
13478.842152357101,120,27.701739177138865
13620.657286405563,121,27.701739177138865
13761.250222444534,122,27.701739177138865
13900.713208436966,123,27.701739177138865
14040.386305570602,124,27.701739177138865
14182.34859919548,125,27.701739177138865
14323.232062101364,126,27.701739177138865
14466.411571025848,127,27.701739177138865
14606.2005610466,128,27.701739177138865
14618.361842393875,129,27.70173867789564
14630.917735815048,130,27.701738062894037
14773.393167972565,131,27.701738062894037
14916.29258966446,132,27.701738062894037
15060.452000379562,133,27.701738062894037
15073.160737752914,134,27.701738035137407
15213.777973890305,135,27.701738035137407
15356.36123919487,136,27.701738035137407
15367.806986093521,137,27.70173680908753
15512.593487024307,138,27.70173680908753
15524.941556692123,139,27.70172991077264
15664.638092517853,140,27.70172991077264
15677.184794187546,141,27.70172844313212
15820.461342573166,142,27.70172844313212
15962.13186264038,143,27.70172844313212
15974.417092084885,144,27.7017282020314
16113.903406143188,145,27.7017282020314
16125.392285585403,146,27.701726660404628
16267.977839946747,147,25.94066772188727
16412.486951828003,148,25.94066772188727
16560.388753652573,149,25.651175407253596
16698.102197885513,150,25.651175407253596
16808.32072162628,151,25.352984850595785
16949.233553409576,152,25.352984850595785
17092.670766830444,153,25.352984850595785
17187.733090639114,154,25.13478336423243
17341.2451236248,155,25.13478336423243
17498.078786849976,156,25.13478336423243
17647.91841840744,157,25.13478336423243
17800.352125883102,158,25.13478336423243
17896.008351802826,159,25.111189048732736
18049.611568450928,160,25.111189048732736
18200.913395643234,161,25.111189048732736
18281.70867037773,162,25.111189048732736
18429.772382974625,163,25.111189048732736
18580.84111571312,164,25.111189048732736
18684.110312461853,165,24.909109840849286
18785.8915040493,166,24.909109840849286
18853.82015132904,167,24.909109840849286
18920.444558382034,168,24.854731899358313
19039.67256474495,169,24.8303953175067
19174.203327655792,170,24.740840983012887
19258.467814922333,171,24.740840983012887
19346.926386594772,172,24.740840983012887
19433.074024915695,173,24.716658766974717
19467.219414711,174,24.33415919127822
19549.16939640045,175,24.33415919127822
19637.453586101532,176,24.33415919127822
19745.932547092438,177,24.33415919127822
19821.544306516647,178,24.33415919127822
19904.626195669174,179,24.33415919127822
20069.014532089233,180,24.33415919127822
20207.378273248672,181,24.33415919127822
20297.38979768753,182,24.33415919127822
20353.535222530365,183,24.33415919127822
20518.97992515564,184,24.33415919127822
20589.64726305008,185,24.33415919127822
20684.029547691345,186,24.33415919127822
20850.62689757347,187,24.33415919127822
20964.337832212448,188,24.33415919127822
21117.56418442726,189,24.33415919127822
21183.872745752335,190,24.33415919127822
21304.061864376068,191,24.33415919127822
21395.16537284851,192,23.944240448208614
21462.655438661575,193,23.944240448208614
21534.889621257782,194,23.944240448208614
21652.355263710022,195,23.944240448208614
21766.820325613022,196,23.944240448208614
21924.43066239357,197,23.944240448208614
22001.14321565628,198,23.944240448208614
22115.065112113953,199,23.574041785707728
22153.825956106186,200,23.574041785707728
22233.200199127197,201,23.574041785707728
22359.787795066833,202,23.574041785707728
22470.297388792038,203,23.574041785707728
22568.9172437191,204,23.568807096623065
22626.92555809021,205,23.402917332940753
22733.251655817032,206,23.402917332940753
22798.62005519867,207,23.402917332940753
22923.77088522911,208,23.402917332940753
22957.84191250801,209,23.402917332940753
23033.808681488037,210,23.402917332940753
23091.98932480812,211,23.402917332940753
23229.789771080017,212,23.402917332940753
23291.152183055878,213,23.402917332940753
23336.206592082977,214,23.402917332940753
23417.49519634247,215,23.402917332940753
23482.876775979996,216,23.35227950950358
23543.58815765381,217,23.35227950950358
23695.344751119614,218,23.35227950950358
23843.45816898346,219,23.35227950950358
23925.73199748993,220,23.35227950950358
24004.99264240265,221,23.302104696316892
24075.75044941902,222,23.302104696316892
24147.178228378296,223,23.302104696316892
24218.36869955063,224,23.302104696316892
24317.55454683304,225,23.302104696316892
24478.7879986763,226,23.139893307285888
24600.556958675385,227,23.139893307285888
24725.140817165375,228,23.139893307285888
24791.314596414566,229,23.139893307285888
24880.7608127594,230,23.139893307285888
24979.586838006973,231,23.139893307285888
25035.93162918091,232,23.139893307285888
25107.560973882675,233,23.139893307285888
25156.938735485077,234,23.139893307285888
25296.089537858963,235,23.139893307285888
25459.71897792816,236,23.139893307285888
25471.150388002396,237,23.11095909098085
25542.98464488983,238,23.11095909098085
25705.26011776924,239,23.11095909098085
25860.87798023224,240,23.11095909098085
26015.561385393143,241,23.11095909098085
26074.65057349205,242,23.11095909098085
26228.62565469742,243,23.11095909098085
26385.09818792343,244,23.11095909098085
26540.170291900635,245,23.11095909098085
26693.213948965073,246,23.11095909098085
26826.365443706512,247,23.11095909098085
26985.607280492783,248,23.064582766532773
27136.06641125679,249,23.064582766532773
27304.231378555298,250,23.04264297681403
27467.88303422928,251,23.04264297681403
27617.553590536118,252,23.034957803423705
27681.551939725876,253,23.034957803423705
27729.767416238785,254,23.034957803423705
27881.25289583206,255,23.034957803423705
28032.498735904694,256,23.034957803423705
28093.240960359573,257,23.034957803423705
28229.608960866928,258,23.005056966673735
28387.111098766327,259,23.005056966673735
28504.422621250153,260,23.005056966673735
28559.911826133728,261,23.005056966673735
28639.89874958992,262,22.952570210829688
28679.45364356041,263,22.952570210829688
28837.373059988022,264,22.952570210829688
28985.505794286728,265,22.952570210829688
29114.28138232231,266,22.952570210829688
29269.662702560425,267,22.952570210829688
29379.67038345337,268,22.85469509174031
29507.627746343613,269,22.85469509174031
29669.544276475906,270,22.816540778740162
29819.89313673973,271,22.816540778740162
29956.323090553284,272,22.816540778740162
30109.389100551605,273,22.75249191642086
30162.488727092743,274,22.75249191642086
30283.556439638138,275,22.75249191642086
30442.148325681686,276,22.75249191642086
30535.35552573204,277,22.75249191642086
30680.733149766922,278,22.75249191642086
30714.576518774033,279,22.75249191642086
30865.465007543564,280,22.75249191642086
30985.42205476761,281,22.75249191642086
31059.067460775375,282,22.75249191642086
31213.19787144661,283,22.75249191642086
31374.628148555756,284,22.75249191642086
31506.594809532166,285,22.75249191642086
31684.044589281082,286,22.75249191642086
31830.685687065125,287,22.75249191642086
31911.147463798523,288,22.748800208547443
32063.000740528107,289,22.748800208547443
32140.01383972168,290,22.748800208547443
32192.91206383705,291,22.748800208547443
32343.747428417206,292,22.748800208547443
32396.99556660652,293,22.748800208547443
32540.737769126892,294,22.748800208547443
32649.734224557877,295,22.746530332273966
32698.079800128937,296,22.746530332273966
32709.70924139023,297,22.73702390542624
32858.14186954498,298,22.73702390542624
32871.11062860489,299,22.706920769851124
33008.62989902496,300,22.706920769851124
33158.86659026146,301,22.706920769851124
33319.8621404171,302,22.706920769851124
33480.21808052063,303,22.64924018020504
33623.2332110405,304,22.64924018020504
33767.964587926865,305,22.64924018020504
33912.871458530426,306,22.628608388031402
34061.46251678467,307,22.628608388031402
34208.14749765396,308,22.628608388031402
34366.363224983215,309,22.628608388031402
34379.173589468,310,22.628455280823527
34532.0595536232,311,22.628455280823527
34645.522699832916,312,22.628455280823527
34792.42014884949,313,22.628455280823527
34944.630033016205,314,22.628455280823527
35091.61764025688,315,22.628455280823527
35236.092217206955,316,22.628455280823527
35377.342983961105,317,22.628455280823527
35528.55163049698,318,22.628455280823527
35647.7460463047,319,22.628455280823527
35796.94101071358,320,22.628455280823527
35944.236429691315,321,22.628455280823527
36097.960344314575,322,22.628455280823527
36245.716718912125,323,22.628455280823527
36393.145760536194,324,22.62099325053986
36483.382724523544,325,22.598904840195058
36644.815143823624,326,22.598904840195058
36795.13576459885,327,22.598904840195058
36930.2282307148,328,22.598904840195058
37080.641719818115,329,22.598904840195058
37232.38078522682,330,22.598904840195058
37363.63740444183,331,22.54957686348803
37491.41973257065,332,22.54957686348803
37641.41197061539,333,22.54957686348803
37753.43853378296,334,22.54957686348803
37903.917580366135,335,22.54957686348803
38053.241401195526,336,22.54957686348803
38214.45425724983,337,22.54957686348803
38360.835716724396,338,22.54957686348803
38519.101644039154,339,22.535306646204578
38668.450726270676,340,22.515131910689973
38767.86309957504,341,22.515131910689973
38916.86959886551,342,22.515131910689973
39064.251633405685,343,22.515131910689973
39215.86768627167,344,22.515131910689973
39336.15632176399,345,22.515131910689973
39485.29386687279,346,22.515131910689973
39629.394592285156,347,22.514936460254162
39782.63650393486,348,22.514936460254162
39892.991027116776,349,22.514936460254162
39994.751938819885,350,22.514936460254162
40146.746240615845,351,22.514936460254162
40289.66328883171,352,22.514936460254162
40440.586176633835,353,22.514936460254162
40601.89834904671,354,22.514936460254162
40757.0805876255,355,22.514936460254162
40902.45212030411,356,22.514936460254162
41050.316101551056,357,22.514170570013796
41201.1525452137,358,22.512439662082567
41304.03510141373,359,22.512430804692745
41466.99462199211,360,22.512430804692745
41478.76482462883,361,22.50858228780527
41629.03656387329,362,22.492596732059425
41725.98515343666,363,22.492596732059425
41868.142850875854,364,22.492596732059425
41944.96964478493,365,22.47851389673272
42092.141125679016,366,22.47851389673272
42234.69683599472,367,22.47851389673272
42320.03584289551,368,22.47851389673272
42465.656475543976,369,22.460045777428693
42500.35926556587,370,22.460045777428693
42577.07970738411,371,22.460045777428693
42723.671852350235,372,22.460045777428693
42874.00172448158,373,22.460045777428693
42950.03599715233,374,22.460045777428693
43102.55655121803,375,22.460045777428693
43247.52201604843,376,22.460045777428693
43402.91316604614,377,22.460045777428693
43538.92754936218,378,22.45891885299745
43682.22290110588,379,22.456803689145406
43838.165546417236,380,22.456803689145406
43983.90560054779,381,22.456803689145406
44120.95857191086,382,22.456803689145406
44269.93346619606,383,22.452102577436868
44408.881304979324,384,22.452102577436868
44550.798979997635,385,22.452102577436868
44705.27903652191,386,22.452102577436868
44848.700293540955,387,22.452102577436868
44995.15264940262,388,22.446779725078823
45134.56007695198,389,22.446779725078823
45273.358793497086,390,22.446779725078823
45412.639167785645,391,22.445418045871655
45566.18483257294,392,22.445418045871655
45713.260981082916,393,22.445418045871655
45857.755511045456,394,22.445418045871655
45868.61142921448,395,22.442575213737545
46013.92513871193,396,22.442575213737545
46159.08601474762,397,22.442575213737545
46303.70587396622,398,22.442575213737545
46441.55100059509,399,22.442575213737545
46582.114443302155,400,22.442575213737545
46730.36906170845,401,22.442575213737545
46873.94517612457,402,22.442575213737545
47016.10020637512,403,22.442575213737545
47152.234484910965,404,22.442575213737545
47301.100544691086,405,22.442575213737545
47455.91018342972,406,22.438462571675597
47602.159353494644,407,22.438462571675597
47741.72952127457,408,22.438462571675597
47888.81422519684,409,22.438462571675597
48031.343553066254,410,22.438462571675597
48175.57160162926,411,22.438462571675597
48320.36230278015,412,22.438462571675597
48471.507182598114,413,22.438462571675597
48621.32526063919,414,22.438462571675597
48764.83316731453,415,22.43340250297739
48908.202579021454,416,22.43340250297739
49046.52492594719,417,22.43340250297739
49194.79333639145,418,22.43340250297739
49285.77118849754,419,22.421263289931584
49437.340919971466,420,22.406804050488955
49573.67610955238,421,22.406804050488955
49637.24527263641,422,22.406804050488955
49784.773981809616,423,22.406804050488955
49925.365086078644,424,22.406804050488955
50071.359654188156,425,22.406804050488955
50214.2913172245,426,22.406804050488955
50357.79522871971,427,22.406804050488955
50510.41910362244,428,22.406804050488955
50651.78956604004,429,22.406804050488955
50800.215994119644,430,22.406804050488955
50941.41243839264,431,22.406804050488955
51076.771490097046,432,22.406804050488955
51217.98552656174,433,22.406804050488955
51363.98333835602,434,22.406804050488955
51509.18822431564,435,22.406804050488955
51652.63744902611,436,22.406804050488955
51799.803842544556,437,22.406804050488955
51938.356355428696,438,22.406804050488955
51976.49212598801,439,22.406804050488955
51988.476455926895,440,22.405967047279443
52134.879117012024,441,22.405967047279443
52274.364262104034,442,22.405967047279443
52413.63373231888,443,22.405967047279443
52553.979003190994,444,22.405967047279443
52695.63569569588,445,22.405967047279443
52788.08393597603,446,22.405967047279443
52936.701360464096,447,22.405967047279443
53072.37433719635,448,22.405967047279443
53214.04321503639,449,22.405967047279443
53355.427835941315,450,22.405967047279443
53496.840052604675,451,22.405967047279443
53642.68980765343,452,22.405752439554185
53785.3081972599,453,22.405752439554185
53929.74032783508,454,22.405752439554185
54070.98861837387,455,22.405752439554185
54209.64365649223,456,22.405752439554185
54354.11076760292,457,22.405752439554185
54490.098261356354,458,22.405752439554185
54634.70575714111,459,22.405752439554185
54773.187113046646,460,22.405752439554185
54911.681636333466,461,22.405752439554185
54923.37157535553,462,22.405220526149492
55060.870156764984,463,22.405220526149492
55203.66210389137,464,22.405220526149492
55346.98094248772,465,22.405220526149492
55485.18849158287,466,22.405220526149492
55624.775158166885,467,22.405220526149492
55762.148133039474,468,22.405220526149492
55895.09891152382,469,22.405220526149492
56035.71260738373,470,22.405220526149492
56178.0532913208,471,22.405220526149492
56319.29434967041,472,22.405220526149492
56468.72997546196,473,22.40032122256359
56609.59389901161,474,22.40032122256359
56753.8451962471,475,22.40032122256359
56892.55245733261,476,22.40032122256359
57036.13586640358,477,22.40032122256359
57174.10601234436,478,22.40032122256359
57324.338767290115,479,22.400110051866214
57465.8181912899,480,22.400110051866214
57608.59775567055,481,22.400110051866214
57749.37874698639,482,22.400110051866214
57890.589972257614,483,22.400110051866214
58028.08886361122,484,22.400110051866214
58166.32742738724,485,22.400110051866214
58317.16887021065,486,22.400110051866214
58470.60506463051,487,22.400110051866214
58605.52198791504,488,22.400110051866214
58747.276775836945,489,22.400110051866214
58890.59760904312,490,22.400110051866214
59029.064621925354,491,22.400110051866214
59167.71666789055,492,22.400110051866214
59310.60814118385,493,22.400110051866214
59451.87792944908,494,22.400110051866214
59596.936119794846,495,22.400110051866214
59734.31105661392,496,22.400110051866214
59870.89458703995,497,22.400110051866214
60008.712143182755,498,22.400110051866214
60020.160418987274,499,22.39801576126807
60160.68069124222,500,22.39801576126807
60298.81070446968,501,22.39801576126807
60440.6391749382,502,22.39801576126807
60576.90596008301,503,22.39801576126807
60723.463161468506,504,22.39801576126807
60863.31386113167,505,22.39801576126807
61006.45043134689,506,22.39801576126807
61143.099635362625,507,22.39801576126807
61284.80945253372,508,22.39801576126807
61421.86922812462,509,22.39801576126807
61558.83353304863,510,22.39801576126807
61698.709004879,511,22.39801576126807
61835.280379772186,512,22.39801576126807
61972.619468450546,513,22.39801576126807
62118.56525564194,514,22.39801576126807
62261.60413503647,515,22.39801576126807
62395.85716176033,516,22.39801576126807
62534.29524040222,517,22.39801576126807
62676.18407988548,518,22.39801576126807
62814.59687399864,519,22.39801576126807
62955.898508787155,520,22.39801576126807
63093.453243494034,521,22.39801576126807
63230.62179517746,522,22.39801576126807
63370.26171374321,523,22.39801576126807
63506.07623076439,524,22.39801576126807
63643.60474586487,525,22.39801576126807
63783.63340330124,526,22.39801576126807
63796.219840049744,527,22.39690072603949
63936.412085056305,528,22.39690072603949
64074.01942181587,529,22.39690072603949
64207.00933289528,530,22.39690072603949
64345.54977107048,531,22.39690072603949
64489.9365708828,532,22.39690072603949
64628.57454800606,533,22.39690072603949
64766.722131729126,534,22.39690072603949
64902.22794389725,535,22.39690072603949
65042.84915995598,536,22.39690072603949
65182.37932443619,537,22.39690072603949
65321.98663544655,538,22.39690072603949
65462.354908943176,539,22.39690072603949
65604.8031463623,540,22.39690072603949
65743.97486257553,541,22.39690072603949
65886.69235801697,542,22.39690072603949
66028.33637046814,543,22.39690072603949
66168.3475329876,544,22.39690072603949
66308.9501709938,545,22.39690072603949
66443.33547234535,546,22.39690072603949
66580.64021873474,547,22.39690072603949
66718.62136793137,548,22.39690072603949
66856.78556919098,549,22.39690072603949
66994.47868466377,550,22.39690072603949
67132.67485260963,551,22.39690072603949
67275.37765097618,552,22.39690072603949
67411.9255695343,553,22.396830108561158
67556.55053329468,554,22.396830108561158
67698.05295729637,555,22.396830108561158
67836.07436203957,556,22.396830108561158
67974.53657126427,557,22.396830108561158
68116.92038154602,558,22.396830108561158
68252.96901082993,559,22.396830108561158
68391.92986178398,560,22.396830108561158
68533.5465080738,561,22.396830108561158
68672.09414339066,562,22.396830108561158
68810.78254532814,563,22.396830108561158
68951.88946962357,564,22.396830108561158
69095.64307665825,565,22.396197230551753
69236.78440666199,566,22.396197230551753
69375.7702255249,567,22.396197230551753
69519.13382554054,568,22.396197230551753
69658.4422609806,569,22.396197230551753
69796.47548604012,570,22.396197230551753
69935.33735704422,571,22.396197230551753
70073.87343335152,572,22.396197230551753
70210.88975000381,573,22.396197230551753
70350.68558621407,574,22.396197230551753
70491.95072937012,575,22.396197230551753
70627.12523961067,576,22.396197230551753
70764.69750857353,577,22.396197230551753
70903.21214580536,578,22.396197230551753
71042.2549071312,579,22.396197230551753
71179.95103549957,580,22.396197230551753
71191.80750727654,581,22.395988247718932
71332.41466093063,582,22.395988247718932
71474.12905144691,583,22.395988247718932
71614.67602467537,584,22.395988247718932
71626.32187318802,585,22.39556277730352
71765.44867610931,586,22.39556277730352
71905.63278985023,587,22.39556277730352
72042.1023671627,588,22.39556277730352
72181.49400138855,589,22.39556277730352
72319.7214038372,590,22.39556277730352
72456.82189130783,591,22.39556277730352
72598.92669081688,592,22.39556277730352
72738.07704997063,593,22.39556277730352
72880.54640722275,594,22.39556277730352
73020.04318213463,595,22.39556277730352
73156.83140873909,596,22.39556277730352
73298.42948079109,597,22.39536009448768
73440.09103798866,598,22.39536009448768
73578.77398490906,599,22.39536009448768
73716.98438811302,600,22.39536009448768
73858.16840600967,601,22.39536009448768
73995.03694438934,602,22.39536009448768
74129.81707930565,603,22.39536009448768
74269.211632967,604,22.39536009448768
74410.91500377655,605,22.39536009448768
74547.08340167999,606,22.39536009448768
74683.28834915161,607,22.39536009448768
74824.02890658379,608,22.39536009448768
74968.85273432732,609,22.39536009448768
75108.2559993267,610,22.39536009448768
75249.3284099102,611,22.39536009448768
75389.67463254929,612,22.39536009448768
75527.77509331703,613,22.39536009448768
75666.65944552422,614,22.39536009448768
75806.67294335365,615,22.39536009448768
75945.0858490467,616,22.39536009448768
76085.98735785484,617,22.39536009448768
76223.68154644966,618,22.39536009448768
76364.55539917946,619,22.39536009448768
76505.18807601929,620,22.39536009448768
76644.01155281067,621,22.39536009448768
76780.9779241085,622,22.39536009448768
76922.7234454155,623,22.39470260821162
77058.7004480362,624,22.39470260821162
77198.63860726357,625,22.39470260821162
77337.85974502563,626,22.39470260821162
77479.71967983246,627,22.39470260821162
77625.07712316513,628,22.39470260821162
77763.09610676765,629,22.39470260821162
77902.8770480156,630,22.39470260821162
78040.82841897011,631,22.39470260821162
78180.75958871841,632,22.39470260821162
78317.4593167305,633,22.39470260821162
78453.92302966118,634,22.39470260821162
78592.74493765831,635,22.39470260821162
78731.54091000557,636,22.39470260821162
78872.70661258698,637,22.39470260821162
79011.01964521408,638,22.39470260821162
79151.28178286552,639,22.39470260821162
79292.09615445137,640,22.39470260821162
79431.64024066925,641,22.39470260821162
79571.37505173683,642,22.39470260821162
79710.28313970566,643,22.39470260821162
79852.52617883682,644,22.39470260821162
79864.62721252441,645,22.39467675319572
80004.99774646759,646,22.39467675319572
80143.26611351967,647,22.39467675319572
80278.53113627434,648,22.39467675319572
80418.64869403839,649,22.39467675319572
80557.56393146515,650,22.39467675319572
80699.27129817009,651,22.39467675319572
80837.54697656631,652,22.39467675319572
80979.14679169655,653,22.394641749284286
81122.14291572571,654,22.394641749284286
81263.50487184525,655,22.394641749284286
81401.13619852066,656,22.394641749284286
81539.90541934967,657,22.394641749284286
81551.72356772423,658,22.394532673111485
81689.65157938004,659,22.394532673111485
81828.83345103264,660,22.394532673111485
81968.56737208366,661,22.394532673111485
82108.02917408943,662,22.394532673111485
82251.02814269066,663,22.394532673111485
82388.19079256058,664,22.394532673111485
82530.51033830643,665,22.394532673111485
82671.50086021423,666,22.394532673111485
